<?xml version="1.0" encoding="UTF-8"?>
<coverage generated="1527495503836" clover="3.2.0">
  <project timestamp="1527495503836" name="All files">
    <metrics statements="964" coveredstatements="577" conditionals="456" coveredconditionals="260" methods="266" coveredmethods="164" elements="1686" coveredelements="1001" complexity="0" loc="964" ncloc="964" packages="8" files="33" classes="33">
      <package name="src">
        <metrics statements="161" coveredstatements="78" conditionals="40" coveredconditionals="12" methods="29" coveredmethods="17"/>
        <file name="BuildingNavigator.js" path="/usr/src/app/src/BuildingNavigator.js">
          <metrics statements="62" coveredstatements="37" conditionals="12" coveredconditionals="2" methods="17" coveredmethods="12"/>
          <line num="23" count="7" type="stmt"/>
          <line num="26" count="7" type="stmt"/>
          <line num="30" count="7" type="stmt"/>
          <line num="31" count="7" type="stmt"/>
          <line num="32" count="7" type="stmt"/>
          <line num="33" count="7" type="stmt"/>
          <line num="37" count="7" type="stmt"/>
          <line num="38" count="10" type="stmt"/>
          <line num="39" count="10" type="stmt"/>
          <line num="40" count="5" type="stmt"/>
          <line num="41" count="0" type="stmt"/>
          <line num="46" count="7" type="stmt"/>
          <line num="49" count="7" type="stmt"/>
          <line num="50" count="7" type="stmt"/>
          <line num="51" count="7" type="stmt"/>
          <line num="59" count="7" type="stmt"/>
          <line num="60" count="7" type="stmt"/>
          <line num="63" count="7" type="stmt"/>
          <line num="66" count="7" type="stmt"/>
          <line num="69" count="7" type="cond" truecount="1" falsecount="1"/>
          <line num="70" count="0" type="stmt"/>
          <line num="77" count="7" type="stmt"/>
          <line num="78" count="2" type="stmt"/>
          <line num="80" count="2" type="stmt"/>
          <line num="84" count="7" type="stmt"/>
          <line num="91" count="7" type="stmt"/>
          <line num="92" count="7" type="stmt"/>
          <line num="100" count="1" type="stmt"/>
          <line num="101" count="1" type="stmt"/>
          <line num="111" count="24" type="stmt"/>
          <line num="113" count="24" type="stmt"/>
          <line num="115" count="9" type="stmt"/>
          <line num="116" count="9" type="stmt"/>
          <line num="119" count="0" type="stmt"/>
          <line num="120" count="0" type="stmt"/>
          <line num="121" count="0" type="stmt"/>
          <line num="131" count="0" type="stmt"/>
          <line num="134" count="0" type="cond" truecount="0" falsecount="2"/>
          <line num="135" count="0" type="stmt"/>
          <line num="136" count="0" type="cond" truecount="0" falsecount="2"/>
          <line num="137" count="0" type="cond" truecount="0" falsecount="2"/>
          <line num="138" count="0" type="stmt"/>
          <line num="144" count="0" type="cond" truecount="0" falsecount="2"/>
          <line num="145" count="0" type="stmt"/>
          <line num="158" count="0" type="stmt"/>
          <line num="159" count="0" type="stmt"/>
          <line num="160" count="0" type="stmt"/>
          <line num="161" count="0" type="stmt"/>
          <line num="163" count="0" type="stmt"/>
          <line num="164" count="0" type="stmt"/>
          <line num="167" count="0" type="stmt"/>
          <line num="171" count="0" type="stmt"/>
          <line num="173" count="0" type="stmt"/>
          <line num="174" count="0" type="stmt"/>
          <line num="175" count="0" type="stmt"/>
          <line num="180" count="0" type="stmt"/>
          <line num="187" count="2" type="stmt"/>
          <line num="188" count="2" type="cond" truecount="1" falsecount="1"/>
          <line num="189" count="2" type="stmt"/>
          <line num="191" count="2" type="stmt"/>
          <line num="207" count="16" type="stmt"/>
          <line num="211" count="6" type="stmt"/>
        </file>
        <file name="EventHandler.js" path="/usr/src/app/src/EventHandler.js">
          <metrics statements="97" coveredstatements="39" conditionals="28" coveredconditionals="10" methods="12" coveredmethods="5"/>
          <line num="13" count="16" type="stmt"/>
          <line num="14" count="16" type="stmt"/>
          <line num="27" count="52" type="stmt"/>
          <line num="28" count="52" type="stmt"/>
          <line num="30" count="52" type="stmt"/>
          <line num="32" count="52" type="stmt"/>
          <line num="33" count="52" type="cond" truecount="10" falsecount="18"/>
          <line num="38" count="7" type="stmt"/>
          <line num="39" count="7" type="stmt"/>
          <line num="40" count="0" type="stmt"/>
          <line num="42" count="7" type="stmt"/>
          <line num="44" count="1" type="stmt"/>
          <line num="45" count="1" type="stmt"/>
          <line num="46" count="0" type="stmt"/>
          <line num="48" count="1" type="stmt"/>
          <line num="50" count="0" type="stmt"/>
          <line num="51" count="0" type="stmt"/>
          <line num="52" count="0" type="stmt"/>
          <line num="53" count="0" type="stmt"/>
          <line num="56" count="0" type="stmt"/>
          <line num="58" count="0" type="stmt"/>
          <line num="59" count="0" type="stmt"/>
          <line num="60" count="0" type="stmt"/>
          <line num="62" count="0" type="stmt"/>
          <line num="64" count="4" type="stmt"/>
          <line num="65" count="4" type="stmt"/>
          <line num="66" count="4" type="stmt"/>
          <line num="68" count="0" type="stmt"/>
          <line num="69" count="0" type="stmt"/>
          <line num="70" count="0" type="stmt"/>
          <line num="71" count="0" type="stmt"/>
          <line num="73" count="1" type="stmt"/>
          <line num="74" count="1" type="stmt"/>
          <line num="75" count="1" type="stmt"/>
          <line num="77" count="0" type="stmt"/>
          <line num="78" count="0" type="stmt"/>
          <line num="79" count="0" type="stmt"/>
          <line num="81" count="0" type="stmt"/>
          <line num="82" count="0" type="stmt"/>
          <line num="83" count="0" type="stmt"/>
          <line num="85" count="0" type="stmt"/>
          <line num="86" count="0" type="stmt"/>
          <line num="87" count="0" type="stmt"/>
          <line num="89" count="0" type="stmt"/>
          <line num="90" count="0" type="stmt"/>
          <line num="91" count="0" type="stmt"/>
          <line num="96" count="6" type="stmt"/>
          <line num="97" count="6" type="stmt"/>
          <line num="98" count="6" type="stmt"/>
          <line num="100" count="3" type="stmt"/>
          <line num="101" count="3" type="stmt"/>
          <line num="102" count="3" type="stmt"/>
          <line num="107" count="21" type="stmt"/>
          <line num="108" count="21" type="stmt"/>
          <line num="109" count="21" type="stmt"/>
          <line num="111" count="1" type="stmt"/>
          <line num="112" count="1" type="stmt"/>
          <line num="113" count="1" type="stmt"/>
          <line num="114" count="1" type="stmt"/>
          <line num="116" count="0" type="stmt"/>
          <line num="117" count="0" type="stmt"/>
          <line num="118" count="0" type="stmt"/>
          <line num="120" count="0" type="stmt"/>
          <line num="121" count="0" type="stmt"/>
          <line num="122" count="0" type="stmt"/>
          <line num="124" count="0" type="stmt"/>
          <line num="125" count="0" type="stmt"/>
          <line num="126" count="0" type="stmt"/>
          <line num="128" count="0" type="stmt"/>
          <line num="129" count="0" type="stmt"/>
          <line num="130" count="0" type="stmt"/>
          <line num="132" count="0" type="stmt"/>
          <line num="133" count="0" type="stmt"/>
          <line num="134" count="0" type="stmt"/>
          <line num="139" count="0" type="stmt"/>
          <line num="140" count="0" type="stmt"/>
          <line num="141" count="0" type="stmt"/>
          <line num="143" count="0" type="stmt"/>
          <line num="144" count="0" type="stmt"/>
          <line num="145" count="0" type="stmt"/>
          <line num="147" count="0" type="stmt"/>
          <line num="148" count="0" type="stmt"/>
          <line num="149" count="0" type="stmt"/>
          <line num="151" count="0" type="stmt"/>
          <line num="152" count="0" type="stmt"/>
          <line num="153" count="0" type="stmt"/>
          <line num="155" count="1" type="stmt"/>
          <line num="156" count="1" type="stmt"/>
          <line num="157" count="1" type="stmt"/>
          <line num="162" count="7" type="stmt"/>
          <line num="163" count="7" type="stmt"/>
          <line num="164" count="7" type="stmt"/>
          <line num="166" count="0" type="stmt"/>
          <line num="167" count="0" type="stmt"/>
          <line num="168" count="0" type="stmt"/>
          <line num="172" count="0" type="stmt"/>
          <line num="175" count="52" type="stmt"/>
        </file>
        <file name="config.js" path="/usr/src/app/src/config.js">
          <metrics statements="2" coveredstatements="2" conditionals="0" coveredconditionals="0" methods="0" coveredmethods="0"/>
          <line num="2" count="8" type="stmt"/>
          <line num="35" count="8" type="stmt"/>
        </file>
      </package>
      <package name="src.components">
        <metrics statements="151" coveredstatements="109" conditionals="88" coveredconditionals="64" methods="50" coveredmethods="33"/>
        <file name="A11yIcon.js" path="/usr/src/app/src/components/A11yIcon.js">
          <metrics statements="42" coveredstatements="37" conditionals="29" coveredconditionals="25" methods="11" coveredmethods="10"/>
          <line num="18" count="133" type="stmt"/>
          <line num="21" count="133" type="stmt"/>
          <line num="59" count="133" type="stmt"/>
          <line num="60" count="133" type="stmt"/>
          <line num="70" count="1447" type="cond" truecount="1" falsecount="1"/>
          <line num="71" count="1447" type="stmt"/>
          <line num="73" count="0" type="stmt"/>
          <line num="74" count="0" type="stmt"/>
          <line num="84" count="162" type="stmt"/>
          <line num="85" count="162" type="stmt"/>
          <line num="86" count="1134" type="stmt"/>
          <line num="88" count="162" type="stmt"/>
          <line num="98" count="1405" type="stmt"/>
          <line num="108" count="14" type="stmt"/>
          <line num="118" count="28" type="stmt"/>
          <line num="129" count="481" type="stmt"/>
          <line num="139" count="663" type="cond" truecount="2" falsecount="0"/>
          <line num="151" count="133" type="stmt"/>
          <line num="154" count="133" type="cond" truecount="2" falsecount="0"/>
          <line num="155" count="78" type="stmt"/>
          <line num="164" count="55" type="cond" truecount="2" falsecount="0"/>
          <line num="165" count="39" type="stmt"/>
          <line num="176" count="133" type="cond" truecount="2" falsecount="0"/>
          <line num="177" count="65" type="stmt"/>
          <line num="187" count="68" type="cond" truecount="2" falsecount="0"/>
          <line num="188" count="39" type="stmt"/>
          <line num="195" count="133" type="cond" truecount="2" falsecount="0"/>
          <line num="196" count="39" type="stmt"/>
          <line num="206" count="94" type="cond" truecount="2" falsecount="0"/>
          <line num="207" count="39" type="stmt"/>
          <line num="217" count="55" type="cond" truecount="1" falsecount="1"/>
          <line num="218" count="0" type="stmt"/>
          <line num="225" count="133" type="cond" truecount="2" falsecount="0"/>
          <line num="226" count="65" type="stmt"/>
          <line num="231" count="68" type="cond" truecount="1" falsecount="1"/>
          <line num="232" count="0" type="stmt"/>
          <line num="239" count="133" type="cond" truecount="2" falsecount="0"/>
          <line num="240" count="13" type="stmt"/>
          <line num="247" count="133" type="cond" truecount="1" falsecount="1"/>
          <line num="248" count="0" type="stmt"/>
          <line num="255" count="133" type="cond" truecount="2" falsecount="0"/>
          <line num="256" count="104" type="stmt"/>
        </file>
        <file name="Main.js" path="/usr/src/app/src/components/Main.js">
          <metrics statements="6" coveredstatements="6" conditionals="11" coveredconditionals="9" methods="4" coveredmethods="4"/>
          <line num="16" count="10" type="stmt"/>
          <line num="18" count="10" type="stmt"/>
          <line num="24" count="11" type="stmt"/>
          <line num="30" count="21" type="stmt"/>
          <line num="32" count="21" type="stmt"/>
          <line num="38" count="1" type="stmt"/>
        </file>
        <file name="Map.js" path="/usr/src/app/src/components/Map.js">
          <metrics statements="73" coveredstatements="38" conditionals="36" coveredconditionals="19" methods="23" coveredmethods="9"/>
          <line num="12" count="8" type="stmt"/>
          <line num="15" count="8" type="stmt"/>
          <line num="18" count="8" type="stmt"/>
          <line num="26" count="8" type="stmt"/>
          <line num="27" count="8" type="stmt"/>
          <line num="28" count="8" type="stmt"/>
          <line num="29" count="8" type="stmt"/>
          <line num="30" count="8" type="stmt"/>
          <line num="31" count="8" type="stmt"/>
          <line num="32" count="8" type="stmt"/>
          <line num="39" count="12" type="stmt"/>
          <line num="40" count="12" type="stmt"/>
          <line num="49" count="12" type="stmt"/>
          <line num="50" count="12" type="stmt"/>
          <line num="51" count="12" type="stmt"/>
          <line num="52" count="100" type="stmt"/>
          <line num="53" count="100" type="stmt"/>
          <line num="60" count="100" type="stmt"/>
          <line num="61" count="450" type="cond" truecount="2" falsecount="2"/>
          <line num="62" count="0" type="stmt"/>
          <line num="63" count="0" type="stmt"/>
          <line num="64" count="0" type="stmt"/>
          <line num="65" count="0" type="stmt"/>
          <line num="69" count="100" type="cond" truecount="1" falsecount="1"/>
          <line num="70" count="100" type="stmt"/>
          <line num="71" count="100" type="stmt"/>
          <line num="74" count="12" type="stmt"/>
          <line num="78" count="12" type="stmt"/>
          <line num="85" count="12" type="cond" truecount="1" falsecount="1"/>
          <line num="86" count="12" type="stmt"/>
          <line num="90" count="12" type="cond" truecount="4" falsecount="0"/>
          <line num="93" count="1" type="stmt"/>
          <line num="94" count="0" type="stmt"/>
          <line num="100" count="8" type="cond" truecount="1" falsecount="1"/>
          <line num="102" count="8" type="stmt"/>
          <line num="106" count="0" type="stmt"/>
          <line num="110" count="0" type="stmt"/>
          <line num="111" count="0" type="stmt"/>
          <line num="115" count="0" type="stmt"/>
          <line num="119" count="0" type="stmt"/>
          <line num="120" count="0" type="stmt"/>
          <line num="127" count="0" type="stmt"/>
          <line num="133" count="0" type="cond" truecount="0" falsecount="4"/>
          <line num="134" count="0" type="stmt"/>
          <line num="144" count="0" type="cond" truecount="0" falsecount="2"/>
          <line num="145" count="0" type="stmt"/>
          <line num="147" count="0" type="stmt"/>
          <line num="149" count="0" type="stmt"/>
          <line num="150" count="0" type="stmt"/>
          <line num="151" count="0" type="stmt"/>
          <line num="159" count="0" type="stmt"/>
          <line num="160" count="0" type="stmt"/>
          <line num="167" count="0" type="cond" truecount="0" falsecount="2"/>
          <line num="168" count="0" type="stmt"/>
          <line num="175" count="0" type="cond" truecount="0" falsecount="2"/>
          <line num="176" count="0" type="stmt"/>
          <line num="179" count="0" type="stmt"/>
          <line num="180" count="0" type="stmt"/>
          <line num="203" count="0" type="stmt"/>
          <line num="204" count="0" type="stmt"/>
          <line num="205" count="0" type="stmt"/>
          <line num="213" count="0" type="stmt"/>
          <line num="222" count="0" type="stmt"/>
          <line num="223" count="0" type="stmt"/>
          <line num="228" count="0" type="stmt"/>
          <line num="241" count="20" type="cond" truecount="2" falsecount="0"/>
          <line num="246" count="20" type="stmt"/>
          <line num="252" count="20" type="cond" truecount="1" falsecount="1"/>
          <line num="256" count="20" type="cond" truecount="1" falsecount="1"/>
          <line num="261" count="20" type="stmt"/>
          <line num="263" count="20" type="stmt"/>
          <line num="279" count="33" type="stmt"/>
          <line num="299" count="100" type="stmt"/>
        </file>
        <file name="NotFound.js" path="/usr/src/app/src/components/NotFound.js">
          <metrics statements="2" coveredstatements="0" conditionals="0" coveredconditionals="0" methods="2" coveredmethods="0"/>
          <line num="10" count="0" type="stmt"/>
          <line num="14" count="0" type="stmt"/>
        </file>
        <file name="Sidebar.js" path="/usr/src/app/src/components/Sidebar.js">
          <metrics statements="9" coveredstatements="9" conditionals="6" coveredconditionals="6" methods="4" coveredmethods="4"/>
          <line num="15" count="9" type="stmt"/>
          <line num="17" count="9" type="stmt"/>
          <line num="21" count="9" type="stmt"/>
          <line num="25" count="11" type="stmt"/>
          <line num="31" count="1" type="stmt"/>
          <line num="34" count="1" type="stmt"/>
          <line num="42" count="20" type="stmt"/>
          <line num="44" count="20" type="cond" truecount="2" falsecount="0"/>
          <line num="83" count="20" type="stmt"/>
        </file>
        <file name="Sponsors.js" path="/usr/src/app/src/components/Sponsors.js">
          <metrics statements="2" coveredstatements="2" conditionals="0" coveredconditionals="0" methods="2" coveredmethods="2"/>
          <line num="9" count="19" type="stmt"/>
          <line num="13" count="39" type="stmt"/>
        </file>
        <file name="Welcome.js" path="/usr/src/app/src/components/Welcome.js">
          <metrics statements="17" coveredstatements="17" conditionals="6" coveredconditionals="5" methods="4" coveredmethods="4"/>
          <line num="22" count="12" type="stmt"/>
          <line num="24" count="12" type="stmt"/>
          <line num="25" count="12" type="stmt"/>
          <line num="33" count="3" type="stmt"/>
          <line num="41" count="3" type="stmt"/>
          <line num="43" count="3" type="cond" truecount="2" falsecount="0"/>
          <line num="44" count="1" type="stmt"/>
          <line num="48" count="1" type="stmt"/>
          <line num="52" count="1" type="stmt"/>
          <line num="58" count="2" type="cond" truecount="2" falsecount="0"/>
          <line num="59" count="1" type="stmt"/>
          <line num="65" count="1" type="cond" truecount="1" falsecount="1"/>
          <line num="66" count="1" type="stmt"/>
          <line num="72" count="3" type="stmt"/>
          <line num="81" count="1" type="stmt"/>
          <line num="82" count="1" type="stmt"/>
          <line num="95" count="22" type="stmt"/>
        </file>
      </package>
      <package name="src.components.map">
        <metrics statements="85" coveredstatements="41" conditionals="41" coveredconditionals="21" methods="20" coveredmethods="7"/>
        <file name="Marker.js" path="/usr/src/app/src/components/map/Marker.js">
          <metrics statements="51" coveredstatements="22" conditionals="27" coveredconditionals="15" methods="18" coveredmethods="5"/>
          <line num="14" count="30" type="stmt"/>
          <line num="16" count="30" type="stmt"/>
          <line num="24" count="30" type="stmt"/>
          <line num="25" count="30" type="stmt"/>
          <line num="26" count="30" type="stmt"/>
          <line num="27" count="30" type="stmt"/>
          <line num="31" count="70" type="stmt"/>
          <line num="32" count="70" type="stmt"/>
          <line num="33" count="70" type="cond" truecount="1" falsecount="1"/>
          <line num="34" count="0" type="stmt"/>
          <line num="38" count="70" type="stmt"/>
          <line num="51" count="0" type="stmt"/>
          <line num="54" count="0" type="stmt"/>
          <line num="60" count="0" type="stmt"/>
          <line num="63" count="0" type="stmt"/>
          <line num="78" count="0" type="stmt"/>
          <line num="82" count="0" type="cond" truecount="0" falsecount="2"/>
          <line num="84" count="0" type="stmt"/>
          <line num="89" count="0" type="stmt"/>
          <line num="91" count="0" type="stmt"/>
          <line num="104" count="0" type="stmt"/>
          <line num="105" count="0" type="stmt"/>
          <line num="106" count="0" type="stmt"/>
          <line num="113" count="0" type="stmt"/>
          <line num="114" count="0" type="stmt"/>
          <line num="115" count="0" type="stmt"/>
          <line num="125" count="0" type="stmt"/>
          <line num="129" count="0" type="stmt"/>
          <line num="133" count="0" type="stmt"/>
          <line num="134" count="0" type="stmt"/>
          <line num="135" count="0" type="stmt"/>
          <line num="137" count="0" type="stmt"/>
          <line num="138" count="0" type="stmt"/>
          <line num="143" count="0" type="stmt"/>
          <line num="146" count="0" type="stmt"/>
          <line num="155" count="0" type="stmt"/>
          <line num="156" count="0" type="stmt"/>
          <line num="168" count="100" type="stmt"/>
          <line num="169" count="100" type="stmt"/>
          <line num="170" count="100" type="stmt"/>
          <line num="171" count="100" type="stmt"/>
          <line num="173" count="100" type="stmt"/>
          <line num="174" count="100" type="stmt"/>
          <line num="182" count="100" type="stmt"/>
          <line num="186" count="100" type="stmt"/>
          <line num="207" count="100" type="stmt"/>
          <line num="211" count="0" type="stmt"/>
          <line num="231" count="700" type="cond" truecount="2" falsecount="0"/>
          <line num="232" count="330" type="stmt"/>
          <line num="234" count="370" type="stmt"/>
          <line num="240" count="0" type="stmt"/>
        </file>
        <file name="MarkerIcon.js" path="/usr/src/app/src/components/map/MarkerIcon.js">
          <metrics statements="34" coveredstatements="19" conditionals="14" coveredconditionals="6" methods="2" coveredmethods="2"/>
          <line num="8" count="100" type="stmt"/>
          <line num="9" count="100" type="stmt"/>
          <line num="10" count="100" type="stmt"/>
          <line num="11" count="100" type="stmt"/>
          <line num="13" count="100" type="cond" truecount="3" falsecount="5"/>
          <line num="15" count="30" type="stmt"/>
          <line num="16" count="30" type="stmt"/>
          <line num="18" count="0" type="stmt"/>
          <line num="19" count="0" type="stmt"/>
          <line num="21" count="10" type="stmt"/>
          <line num="22" count="10" type="stmt"/>
          <line num="24" count="60" type="stmt"/>
          <line num="25" count="60" type="stmt"/>
          <line num="27" count="0" type="stmt"/>
          <line num="28" count="0" type="stmt"/>
          <line num="30" count="0" type="stmt"/>
          <line num="31" count="0" type="stmt"/>
          <line num="33" count="0" type="stmt"/>
          <line num="34" count="0" type="stmt"/>
          <line num="36" count="0" type="stmt"/>
          <line num="39" count="100" type="cond" truecount="1" falsecount="1"/>
          <line num="40" count="100" type="stmt"/>
          <line num="41" count="100" type="stmt"/>
          <line num="42" count="100" type="stmt"/>
          <line num="45" count="100" type="cond" truecount="1" falsecount="1"/>
          <line num="46" count="0" type="stmt"/>
          <line num="47" count="0" type="stmt"/>
          <line num="48" count="0" type="stmt"/>
          <line num="51" count="100" type="cond" truecount="1" falsecount="1"/>
          <line num="52" count="0" type="stmt"/>
          <line num="53" count="0" type="stmt"/>
          <line num="54" count="0" type="stmt"/>
          <line num="58" count="100" type="stmt"/>
          <line num="66" count="100" type="stmt"/>
        </file>
      </package>
      <package name="src.components.sidebar">
        <metrics statements="157" coveredstatements="95" conditionals="83" coveredconditionals="58" methods="57" coveredmethods="32"/>
        <file name="Results.js" path="/usr/src/app/src/components/sidebar/Results.js">
          <metrics statements="53" coveredstatements="29" conditionals="33" coveredconditionals="23" methods="16" coveredmethods="8"/>
          <line num="13" count="3" type="stmt"/>
          <line num="15" count="3" type="stmt"/>
          <line num="21" count="3" type="stmt"/>
          <line num="22" count="3" type="stmt"/>
          <line num="26" count="0" type="stmt"/>
          <line num="34" count="3" type="stmt"/>
          <line num="35" count="0" type="stmt"/>
          <line num="46" count="3" type="stmt"/>
          <line num="47" count="3" type="stmt"/>
          <line num="58" count="0" type="stmt"/>
          <line num="62" count="0" type="stmt"/>
          <line num="66" count="0" type="stmt"/>
          <line num="74" count="0" type="stmt"/>
          <line num="78" count="0" type="stmt"/>
          <line num="83" count="0" type="stmt"/>
          <line num="86" count="0" type="stmt"/>
          <line num="94" count="0" type="stmt"/>
          <line num="98" count="0" type="stmt"/>
          <line num="103" count="0" type="stmt"/>
          <line num="107" count="0" type="stmt"/>
          <line num="108" count="0" type="stmt"/>
          <line num="109" count="0" type="stmt"/>
          <line num="110" count="0" type="stmt"/>
          <line num="113" count="0" type="stmt"/>
          <line num="120" count="3" type="stmt"/>
          <line num="121" count="3" type="stmt"/>
          <line num="122" count="3" type="stmt"/>
          <line num="123" count="3" type="stmt"/>
          <line num="124" count="3" type="stmt"/>
          <line num="125" count="3" type="stmt"/>
          <line num="129" count="3" type="stmt"/>
          <line num="154" count="3" type="stmt"/>
          <line num="160" count="3" type="stmt"/>
          <line num="161" count="3" type="stmt"/>
          <line num="165" count="3" type="stmt"/>
          <line num="166" count="24" type="cond" truecount="2" falsecount="0"/>
          <line num="167" count="12" type="stmt"/>
          <line num="168" count="12" type="stmt"/>
          <line num="170" count="24" type="cond" truecount="2" falsecount="0"/>
          <line num="171" count="9" type="stmt"/>
          <line num="174" count="3" type="stmt"/>
          <line num="176" count="3" type="stmt"/>
          <line num="206" count="24" type="cond" truecount="3" falsecount="1"/>
          <line num="214" count="0" type="cond" truecount="0" falsecount="2"/>
          <line num="215" count="0" type="stmt"/>
          <line num="217" count="0" type="stmt"/>
          <line num="234" count="30" type="cond" truecount="3" falsecount="1"/>
          <line num="235" count="0" type="stmt"/>
          <line num="236" count="0" type="stmt"/>
          <line num="247" count="30" type="cond" truecount="3" falsecount="1"/>
          <line num="248" count="0" type="stmt"/>
          <line num="249" count="0" type="stmt"/>
          <line num="260" count="30" type="stmt"/>
        </file>
        <file name="ResultsEntry.js" path="/usr/src/app/src/components/sidebar/ResultsEntry.js">
          <metrics statements="64" coveredstatements="31" conditionals="36" coveredconditionals="25" methods="25" coveredmethods="10"/>
          <line num="12" count="6" type="stmt"/>
          <line num="13" count="6" type="stmt"/>
          <line num="20" count="30" type="stmt"/>
          <line num="22" count="30" type="stmt"/>
          <line num="31" count="30" type="stmt"/>
          <line num="32" count="210" type="stmt"/>
          <line num="35" count="30" type="stmt"/>
          <line num="36" count="30" type="stmt"/>
          <line num="37" count="30" type="stmt"/>
          <line num="38" count="30" type="stmt"/>
          <line num="39" count="30" type="stmt"/>
          <line num="40" count="30" type="stmt"/>
          <line num="41" count="30" type="stmt"/>
          <line num="45" count="0" type="stmt"/>
          <line num="57" count="1" type="stmt"/>
          <line num="60" count="1" type="stmt"/>
          <line num="66" count="1" type="cond" truecount="1" falsecount="1"/>
          <line num="67" count="1" type="stmt"/>
          <line num="74" count="0" type="stmt"/>
          <line num="82" count="1" type="stmt"/>
          <line num="83" count="1" type="stmt"/>
          <line num="84" count="0" type="stmt"/>
          <line num="87" count="1" type="stmt"/>
          <line num="94" count="0" type="stmt"/>
          <line num="100" count="0" type="stmt"/>
          <line num="109" count="0" type="stmt"/>
          <line num="111" count="0" type="cond" truecount="0" falsecount="2"/>
          <line num="113" count="0" type="stmt"/>
          <line num="114" count="0" type="stmt"/>
          <line num="118" count="0" type="cond" truecount="0" falsecount="2"/>
          <line num="119" count="0" type="stmt"/>
          <line num="124" count="0" type="stmt"/>
          <line num="133" count="0" type="stmt"/>
          <line num="135" count="0" type="stmt"/>
          <line num="136" count="0" type="stmt"/>
          <line num="137" count="0" type="stmt"/>
          <line num="143" count="0" type="stmt"/>
          <line num="151" count="0" type="stmt"/>
          <line num="153" count="0" type="stmt"/>
          <line num="159" count="0" type="stmt"/>
          <line num="166" count="0" type="cond" truecount="0" falsecount="4"/>
          <line num="167" count="0" type="stmt"/>
          <line num="171" count="0" type="stmt"/>
          <line num="178" count="0" type="stmt"/>
          <line num="179" count="0" type="stmt"/>
          <line num="180" count="0" type="stmt"/>
          <line num="181" count="0" type="stmt"/>
          <line num="188" count="32" type="stmt"/>
          <line num="189" count="32" type="stmt"/>
          <line num="190" count="32" type="cond" truecount="1" falsecount="1"/>
          <line num="192" count="32" type="stmt"/>
          <line num="194" count="0" type="stmt"/>
          <line num="195" count="0" type="stmt"/>
          <line num="197" count="0" type="stmt"/>
          <line num="201" count="210" type="cond" truecount="2" falsecount="0"/>
          <line num="202" count="99" type="stmt"/>
          <line num="204" count="111" type="stmt"/>
          <line num="214" count="14" type="stmt"/>
          <line num="220" count="0" type="stmt"/>
          <line num="244" count="6" type="stmt"/>
          <line num="268" count="18" type="stmt"/>
          <line num="278" count="1" type="stmt"/>
          <line num="287" count="0" type="stmt"/>
          <line num="291" count="0" type="stmt"/>
        </file>
        <file name="Search.js" path="/usr/src/app/src/components/sidebar/Search.js">
          <metrics statements="40" coveredstatements="35" conditionals="14" coveredconditionals="10" methods="16" coveredmethods="14"/>
          <line num="19" count="8" type="stmt"/>
          <line num="21" count="8" type="stmt"/>
          <line num="27" count="8" type="stmt"/>
          <line num="28" count="8" type="stmt"/>
          <line num="32" count="10" type="stmt"/>
          <line num="40" count="8" type="cond" truecount="1" falsecount="1"/>
          <line num="41" count="0" type="stmt"/>
          <line num="42" count="0" type="stmt"/>
          <line num="52" count="2" type="stmt"/>
          <line num="55" count="2" type="stmt"/>
          <line num="58" count="1" type="stmt"/>
          <line num="63" count="2" type="stmt"/>
          <line num="70" count="1" type="stmt"/>
          <line num="71" count="1" type="stmt"/>
          <line num="72" count="1" type="stmt"/>
          <line num="75" count="1" type="cond" truecount="1" falsecount="1"/>
          <line num="76" count="0" type="stmt"/>
          <line num="78" count="1" type="cond" truecount="1" falsecount="1"/>
          <line num="79" count="0" type="stmt"/>
          <line num="83" count="1" type="stmt"/>
          <line num="84" count="8" type="cond" truecount="2" falsecount="0"/>
          <line num="85" count="1" type="stmt"/>
          <line num="86" count="1" type="stmt"/>
          <line num="89" count="1" type="stmt"/>
          <line num="92" count="1" type="stmt"/>
          <line num="97" count="1" type="stmt"/>
          <line num="104" count="0" type="stmt"/>
          <line num="108" count="1" type="stmt"/>
          <line num="116" count="21" type="stmt"/>
          <line num="119" count="21" type="stmt"/>
          <line num="120" count="21" type="stmt"/>
          <line num="124" count="21" type="stmt"/>
          <line num="125" count="168" type="stmt"/>
          <line num="129" count="21" type="stmt"/>
          <line num="130" count="168" type="stmt"/>
          <line num="134" count="21" type="stmt"/>
          <line num="144" count="21" type="stmt"/>
          <line num="174" count="84" type="stmt"/>
          <line num="190" count="273" type="stmt"/>
          <line num="208" count="63" type="stmt"/>
        </file>
      </package>
      <package name="src.stores">
        <metrics statements="245" coveredstatements="167" conditionals="127" coveredconditionals="76" methods="72" coveredmethods="47"/>
        <file name="BuildingStore.js" path="/usr/src/app/src/stores/BuildingStore.js">
          <metrics statements="176" coveredstatements="112" conditionals="112" coveredconditionals="68" methods="39" coveredmethods="22"/>
          <line num="15" count="24" type="stmt"/>
          <line num="18" count="24" type="stmt"/>
          <line num="21" count="24" type="stmt"/>
          <line num="23" count="24" type="stmt"/>
          <line num="56" count="24" type="stmt"/>
          <line num="58" count="24" type="stmt"/>
          <line num="69" count="12" type="stmt"/>
          <line num="71" count="12" type="stmt"/>
          <line num="116" count="12" type="stmt"/>
          <line num="117" count="912" type="cond" truecount="2" falsecount="0"/>
          <line num="118" count="108" type="stmt"/>
          <line num="120" count="804" type="cond" truecount="4" falsecount="0"/>
          <line num="121" count="288" type="stmt"/>
          <line num="124" count="516" type="stmt"/>
          <line num="129" count="12" type="stmt"/>
          <line num="130" count="12" type="stmt"/>
          <line num="131" count="120" type="stmt"/>
          <line num="154" count="120" type="stmt"/>
          <line num="155" count="120" type="stmt"/>
          <line num="158" count="12" type="stmt"/>
          <line num="159" count="12" type="stmt"/>
          <line num="163" count="12" type="stmt"/>
          <line num="164" count="12" type="cond" truecount="2" falsecount="2"/>
          <line num="165" count="0" type="stmt"/>
          <line num="166" count="0" type="cond" truecount="0" falsecount="2"/>
          <line num="167" count="0" type="stmt"/>
          <line num="169" count="0" type="stmt"/>
          <line num="170" count="0" type="stmt"/>
          <line num="174" count="12" type="stmt"/>
          <line num="176" count="12" type="stmt"/>
          <line num="177" count="12" type="cond" truecount="1" falsecount="1"/>
          <line num="178" count="0" type="stmt"/>
          <line num="180" count="12" type="stmt"/>
          <line num="182" count="12" type="stmt"/>
          <line num="183" count="12" type="stmt"/>
          <line num="186" count="0" type="stmt"/>
          <line num="198" count="2" type="stmt"/>
          <line num="200" count="2" type="stmt"/>
          <line num="208" count="2" type="stmt"/>
          <line num="209" count="2" type="stmt"/>
          <line num="210" count="2" type="cond" truecount="1" falsecount="1"/>
          <line num="211" count="0" type="stmt"/>
          <line num="213" count="2" type="stmt"/>
          <line num="214" count="2" type="stmt"/>
          <line num="215" count="150" type="cond" truecount="13" falsecount="0"/>
          <line num="217" count="2" type="stmt"/>
          <line num="218" count="2" type="stmt"/>
          <line num="220" count="2" type="stmt"/>
          <line num="221" count="2" type="stmt"/>
          <line num="223" count="2" type="stmt"/>
          <line num="224" count="2" type="stmt"/>
          <line num="226" count="2" type="stmt"/>
          <line num="227" count="2" type="stmt"/>
          <line num="229" count="2" type="stmt"/>
          <line num="230" count="2" type="stmt"/>
          <line num="232" count="2" type="stmt"/>
          <line num="233" count="2" type="stmt"/>
          <line num="235" count="2" type="stmt"/>
          <line num="236" count="2" type="stmt"/>
          <line num="238" count="2" type="stmt"/>
          <line num="239" count="2" type="stmt"/>
          <line num="241" count="2" type="stmt"/>
          <line num="242" count="2" type="stmt"/>
          <line num="245" count="2" type="stmt"/>
          <line num="246" count="2" type="stmt"/>
          <line num="248" count="2" type="stmt"/>
          <line num="249" count="2" type="stmt"/>
          <line num="251" count="2" type="stmt"/>
          <line num="252" count="2" type="stmt"/>
          <line num="255" count="126" type="stmt"/>
          <line num="256" count="126" type="stmt"/>
          <line num="259" count="2" type="stmt"/>
          <line num="263" count="2" type="stmt"/>
          <line num="264" count="2" type="cond" truecount="1" falsecount="1"/>
          <line num="265" count="0" type="stmt"/>
          <line num="266" count="0" type="cond" truecount="0" falsecount="2"/>
          <line num="267" count="0" type="stmt"/>
          <line num="269" count="0" type="stmt"/>
          <line num="273" count="2" type="stmt"/>
          <line num="275" count="2" type="stmt"/>
          <line num="276" count="2" type="cond" truecount="1" falsecount="1"/>
          <line num="277" count="0" type="stmt"/>
          <line num="280" count="2" type="stmt"/>
          <line num="281" count="2" type="stmt"/>
          <line num="284" count="0" type="stmt"/>
          <line num="295" count="1" type="stmt"/>
          <line num="296" count="1" type="cond" truecount="1" falsecount="1"/>
          <line num="297" count="1" type="stmt"/>
          <line num="299" count="0" type="stmt"/>
          <line num="310" count="120" type="stmt"/>
          <line num="312" count="120" type="cond" truecount="2" falsecount="0"/>
          <line num="313" count="96" type="stmt"/>
          <line num="315" count="120" type="cond" truecount="2" falsecount="0"/>
          <line num="316" count="12" type="stmt"/>
          <line num="318" count="120" type="cond" truecount="1" falsecount="1"/>
          <line num="319" count="0" type="stmt"/>
          <line num="322" count="120" type="cond" truecount="2" falsecount="0"/>
          <line num="323" count="60" type="stmt"/>
          <line num="324" count="60" type="cond" truecount="1" falsecount="1"/>
          <line num="325" count="0" type="stmt"/>
          <line num="329" count="120" type="cond" truecount="2" falsecount="0"/>
          <line num="330" count="36" type="stmt"/>
          <line num="331" count="84" type="cond" truecount="2" falsecount="0"/>
          <line num="332" count="36" type="stmt"/>
          <line num="333" count="48" type="cond" truecount="1" falsecount="1"/>
          <line num="334" count="0" type="stmt"/>
          <line num="338" count="120" type="cond" truecount="2" falsecount="0"/>
          <line num="339" count="60" type="stmt"/>
          <line num="340" count="60" type="cond" truecount="2" falsecount="0"/>
          <line num="341" count="36" type="stmt"/>
          <line num="345" count="120" type="cond" truecount="2" falsecount="0"/>
          <line num="346" count="72" type="stmt"/>
          <line num="347" count="48" type="cond" truecount="2" falsecount="0"/>
          <line num="348" count="36" type="stmt"/>
          <line num="351" count="120" type="stmt"/>
          <line num="361" count="5" type="stmt"/>
          <line num="362" count="5" type="stmt"/>
          <line num="372" count="7" type="stmt"/>
          <line num="381" count="20" type="stmt"/>
          <line num="382" count="170" type="cond" truecount="2" falsecount="0"/>
          <line num="395" count="0" type="stmt"/>
          <line num="396" count="0" type="stmt"/>
          <line num="402" count="0" type="stmt"/>
          <line num="409" count="0" type="cond" truecount="0" falsecount="2"/>
          <line num="410" count="0" type="stmt"/>
          <line num="412" count="0" type="cond" truecount="0" falsecount="2"/>
          <line num="413" count="0" type="stmt"/>
          <line num="415" count="0" type="stmt"/>
          <line num="417" count="0" type="stmt"/>
          <line num="426" count="4" type="stmt"/>
          <line num="427" count="4" type="stmt"/>
          <line num="428" count="0" type="stmt"/>
          <line num="429" count="0" type="stmt"/>
          <line num="430" count="0" type="stmt"/>
          <line num="432" count="0" type="cond" truecount="0" falsecount="2"/>
          <line num="433" count="0" type="stmt"/>
          <line num="434" count="0" type="stmt"/>
          <line num="435" count="0" type="stmt"/>
          <line num="436" count="0" type="cond" truecount="0" falsecount="2"/>
          <line num="437" count="0" type="stmt"/>
          <line num="438" count="0" type="stmt"/>
          <line num="440" count="0" type="cond" truecount="0" falsecount="2"/>
          <line num="441" count="0" type="cond" truecount="0" falsecount="2"/>
          <line num="442" count="0" type="stmt"/>
          <line num="446" count="0" type="cond" truecount="0" falsecount="2"/>
          <line num="447" count="0" type="stmt"/>
          <line num="448" count="0" type="cond" truecount="0" falsecount="2"/>
          <line num="449" count="0" type="stmt"/>
          <line num="450" count="0" type="stmt"/>
          <line num="453" count="0" type="cond" truecount="0" falsecount="2"/>
          <line num="454" count="0" type="cond" truecount="0" falsecount="2"/>
          <line num="455" count="0" type="stmt"/>
          <line num="456" count="0" type="stmt"/>
          <line num="461" count="0" type="stmt"/>
          <line num="462" count="0" type="stmt"/>
          <line num="464" count="4" type="cond" truecount="2" falsecount="2"/>
          <line num="466" count="0" type="stmt"/>
          <line num="467" count="0" type="cond" truecount="0" falsecount="2"/>
          <line num="470" count="4" type="stmt"/>
          <line num="481" count="0" type="stmt"/>
          <line num="482" count="0" type="stmt"/>
          <line num="483" count="0" type="cond" truecount="0" falsecount="6"/>
          <line num="488" count="0" type="stmt"/>
          <line num="490" count="0" type="stmt"/>
          <line num="500" count="1" type="stmt"/>
          <line num="501" count="1" type="stmt"/>
          <line num="510" count="1" type="stmt"/>
          <line num="511" count="1" type="stmt"/>
          <line num="520" count="0" type="stmt"/>
          <line num="521" count="0" type="stmt"/>
          <line num="530" count="0" type="stmt"/>
          <line num="531" count="0" type="stmt"/>
          <line num="541" count="0" type="stmt"/>
          <line num="542" count="0" type="stmt"/>
          <line num="551" count="16" type="stmt"/>
          <line num="552" count="252" type="stmt"/>
        </file>
        <file name="FilterStore.js" path="/usr/src/app/src/stores/FilterStore.js">
          <metrics statements="20" coveredstatements="20" conditionals="2" coveredconditionals="2" methods="8" coveredmethods="8"/>
          <line num="8" count="27" type="stmt"/>
          <line num="9" count="27" type="stmt"/>
          <line num="28" count="27" type="stmt"/>
          <line num="41" count="27" type="stmt"/>
          <line num="58" count="27" type="stmt"/>
          <line num="75" count="27" type="stmt"/>
          <line num="93" count="27" type="stmt"/>
          <line num="110" count="27" type="stmt"/>
          <line num="122" count="27" type="stmt"/>
          <line num="134" count="27" type="stmt"/>
          <line num="151" count="46" type="stmt"/>
          <line num="161" count="12" type="stmt"/>
          <line num="162" count="48" type="stmt"/>
          <line num="172" count="216" type="stmt"/>
          <line num="182" count="6" type="stmt"/>
          <line num="183" count="48" type="cond" truecount="2" falsecount="0"/>
          <line num="184" count="6" type="stmt"/>
          <line num="185" count="6" type="stmt"/>
          <line num="194" count="3" type="stmt"/>
          <line num="195" count="3" type="stmt"/>
        </file>
        <file name="MapStore.js" path="/usr/src/app/src/stores/MapStore.js">
          <metrics statements="16" coveredstatements="7" conditionals="4" coveredconditionals="2" methods="10" coveredmethods="5"/>
          <line num="9" count="24" type="stmt"/>
          <line num="11" count="24" type="stmt"/>
          <line num="13" count="24" type="stmt"/>
          <line num="42" count="12" type="stmt"/>
          <line num="47" count="2" type="stmt"/>
          <line num="57" count="0" type="stmt"/>
          <line num="68" count="0" type="stmt"/>
          <line num="69" count="0" type="stmt"/>
          <line num="70" count="0" type="stmt"/>
          <line num="80" count="0" type="stmt"/>
          <line num="92" count="0" type="stmt"/>
          <line num="96" count="0" type="stmt"/>
          <line num="108" count="0" type="stmt"/>
          <line num="118" count="162" type="stmt"/>
          <line num="125" count="1" type="cond" truecount="1" falsecount="1"/>
          <line num="127" count="0" type="stmt"/>
        </file>
        <file name="RouterStore.js" path="/usr/src/app/src/stores/RouterStore.js">
          <metrics statements="29" coveredstatements="24" conditionals="9" coveredconditionals="4" methods="12" coveredmethods="9"/>
          <line num="10" count="24" type="stmt"/>
          <line num="11" count="24" type="stmt"/>
          <line num="14" count="24" type="stmt"/>
          <line num="16" count="24" type="stmt"/>
          <line num="26" count="24" type="stmt"/>
          <line num="43" count="96" type="stmt"/>
          <line num="52" count="24" type="stmt"/>
          <line num="53" count="96" type="stmt"/>
          <line num="65" count="7" type="stmt"/>
          <line num="67" count="7" type="stmt"/>
          <line num="70" count="7" type="stmt"/>
          <line num="78" count="7" type="stmt"/>
          <line num="81" count="7" type="stmt"/>
          <line num="91" count="46" type="stmt"/>
          <line num="93" count="46" type="cond" truecount="1" falsecount="1"/>
          <line num="94" count="0" type="stmt"/>
          <line num="96" count="46" type="stmt"/>
          <line num="105" count="0" type="stmt"/>
          <line num="114" count="0" type="stmt"/>
          <line num="123" count="55" type="cond" truecount="2" falsecount="0"/>
          <line num="124" count="46" type="stmt"/>
          <line num="127" count="55" type="stmt"/>
          <line num="128" count="58" type="stmt"/>
          <line num="138" count="0" type="stmt"/>
          <line num="148" count="46" type="stmt"/>
          <line num="149" count="46" type="stmt"/>
          <line num="150" count="46" type="cond" truecount="1" falsecount="1"/>
          <line num="151" count="0" type="stmt"/>
          <line num="153" count="46" type="stmt"/>
        </file>
        <file name="UIStore.js" path="/usr/src/app/src/stores/UIStore.js">
          <metrics statements="4" coveredstatements="4" conditionals="0" coveredconditionals="0" methods="3" coveredmethods="3"/>
          <line num="8" count="24" type="stmt"/>
          <line num="10" count="24" type="stmt"/>
          <line num="39" count="22" type="stmt"/>
          <line num="49" count="298" type="stmt"/>
        </file>
        <file name="index.js" path="/usr/src/app/src/stores/index.js">
          <metrics statements="0" coveredstatements="0" conditionals="0" coveredconditionals="0" methods="0" coveredmethods="0"/>
        </file>
      </package>
      <package name="src.utils">
        <metrics statements="117" coveredstatements="46" conditionals="64" coveredconditionals="21" methods="26" coveredmethods="18"/>
        <file name="DetectMobile.js" path="/usr/src/app/src/utils/DetectMobile.js">
          <metrics statements="6" coveredstatements="5" conditionals="7" coveredconditionals="4" methods="2" coveredmethods="2"/>
          <line num="5" count="6" type="stmt"/>
          <line num="6" count="7" type="stmt"/>
          <line num="7" count="7" type="stmt"/>
          <line num="9" count="7" type="cond" truecount="3" falsecount="1"/>
          <line num="11" count="0" type="stmt"/>
          <line num="15" count="7" type="stmt"/>
        </file>
        <file name="GeoUtils.js" path="/usr/src/app/src/utils/GeoUtils.js">
          <metrics statements="6" coveredstatements="1" conditionals="0" coveredconditionals="0" methods="1" coveredmethods="0"/>
          <line num="12" count="8" type="stmt"/>
          <line num="13" count="0" type="stmt"/>
          <line num="14" count="0" type="stmt"/>
          <line num="15" count="0" type="stmt"/>
          <line num="16" count="0" type="stmt"/>
          <line num="17" count="0" type="stmt"/>
        </file>
        <file name="GuiUtils.js" path="/usr/src/app/src/utils/GuiUtils.js">
          <metrics statements="49" coveredstatements="6" conditionals="20" coveredconditionals="1" methods="7" coveredmethods="2"/>
          <line num="12" count="6" type="stmt"/>
          <line num="14" count="4" type="stmt"/>
          <line num="17" count="4" type="stmt"/>
          <line num="18" count="4" type="cond" truecount="1" falsecount="1"/>
          <line num="19" count="0" type="stmt"/>
          <line num="22" count="4" type="stmt"/>
          <line num="23" count="0" type="stmt"/>
          <line num="24" count="0" type="cond" truecount="0" falsecount="2"/>
          <line num="25" count="0" type="stmt"/>
          <line num="26" count="0" type="stmt"/>
          <line num="28" count="0" type="stmt"/>
          <line num="29" count="0" type="stmt"/>
          <line num="41" count="6" type="stmt"/>
          <line num="42" count="0" type="stmt"/>
          <line num="43" count="0" type="stmt"/>
          <line num="44" count="0" type="cond" truecount="0" falsecount="2"/>
          <line num="45" count="0" type="stmt"/>
          <line num="47" count="0" type="cond" truecount="0" falsecount="2"/>
          <line num="48" count="0" type="stmt"/>
          <line num="49" count="0" type="stmt"/>
          <line num="52" count="0" type="stmt"/>
          <line num="53" count="0" type="stmt"/>
          <line num="55" count="0" type="stmt"/>
          <line num="56" count="0" type="stmt"/>
          <line num="59" count="0" type="stmt"/>
          <line num="60" count="0" type="cond" truecount="0" falsecount="2"/>
          <line num="61" count="0" type="cond" truecount="0" falsecount="2"/>
          <line num="62" count="0" type="stmt"/>
          <line num="63" count="0" type="stmt"/>
          <line num="66" count="0" type="stmt"/>
          <line num="69" count="0" type="stmt"/>
          <line num="72" count="0" type="stmt"/>
          <line num="73" count="0" type="cond" truecount="0" falsecount="2"/>
          <line num="74" count="0" type="stmt"/>
          <line num="75" count="0" type="stmt"/>
          <line num="76" count="0" type="stmt"/>
          <line num="80" count="0" type="stmt"/>
          <line num="81" count="0" type="stmt"/>
          <line num="82" count="0" type="stmt"/>
          <line num="83" count="0" type="stmt"/>
          <line num="86" count="0" type="cond" truecount="0" falsecount="2"/>
          <line num="87" count="0" type="stmt"/>
          <line num="88" count="0" type="stmt"/>
          <line num="94" count="0" type="cond" truecount="0" falsecount="4"/>
          <line num="96" count="0" type="stmt"/>
          <line num="97" count="0" type="stmt"/>
          <line num="99" count="0" type="stmt"/>
          <line num="102" count="0" type="stmt"/>
          <line num="106" count="0" type="stmt"/>
        </file>
        <file name="HttpRequest.js" path="/usr/src/app/src/utils/HttpRequest.js">
          <metrics statements="5" coveredstatements="4" conditionals="2" coveredconditionals="1" methods="3" coveredmethods="2"/>
          <line num="5" count="8" type="cond" truecount="1" falsecount="1"/>
          <line num="6" count="8" type="stmt"/>
          <line num="21" count="14" type="stmt"/>
          <line num="23" count="14" type="stmt"/>
          <line num="32" count="0" type="stmt"/>
        </file>
        <file name="LocalCache.js" path="/usr/src/app/src/utils/LocalCache.js">
          <metrics statements="26" coveredstatements="7" conditionals="19" coveredconditionals="3" methods="4" coveredmethods="3"/>
          <line num="1" count="8" type="cond" truecount="1" falsecount="1"/>
          <line num="2" count="8" type="stmt"/>
          <line num="11" count="24" type="stmt"/>
          <line num="13" count="24" type="stmt"/>
          <line num="16" count="24" type="stmt"/>
          <line num="26" count="14" type="cond" truecount="1" falsecount="1"/>
          <line num="28" count="0" type="stmt"/>
          <line num="29" count="0" type="stmt"/>
          <line num="34" count="0" type="stmt"/>
          <line num="44" count="14" type="cond" truecount="1" falsecount="1"/>
          <line num="46" count="0" type="stmt"/>
          <line num="47" count="0" type="cond" truecount="0" falsecount="2"/>
          <line num="48" count="0" type="stmt"/>
          <line num="52" count="0" type="stmt"/>
          <line num="53" count="0" type="stmt"/>
          <line num="56" count="0" type="stmt"/>
          <line num="59" count="0" type="cond" truecount="0" falsecount="5"/>
          <line num="63" count="0" type="stmt"/>
          <line num="64" count="0" type="stmt"/>
          <line num="67" count="0" type="stmt"/>
          <line num="68" count="0" type="cond" truecount="0" falsecount="4"/>
          <line num="71" count="0" type="stmt"/>
          <line num="72" count="0" type="stmt"/>
          <line num="74" count="0" type="stmt"/>
          <line num="82" count="0" type="cond" truecount="0" falsecount="2"/>
          <line num="84" count="0" type="stmt"/>
        </file>
        <file name="Logger.js" path="/usr/src/app/src/utils/Logger.js">
          <metrics statements="18" coveredstatements="16" conditionals="16" coveredconditionals="12" methods="6" coveredmethods="6"/>
          <line num="10" count="26" type="stmt"/>
          <line num="11" count="26" type="stmt"/>
          <line num="12" count="26" type="stmt"/>
          <line num="20" count="105" type="cond" truecount="2" falsecount="0"/>
          <line num="21" count="104" type="stmt"/>
          <line num="24" count="105" type="cond" truecount="3" falsecount="1"/>
          <line num="28" count="105" type="stmt"/>
          <line num="30" count="0" type="stmt"/>
          <line num="33" count="105" type="stmt"/>
          <line num="35" count="105" type="cond" truecount="1" falsecount="1"/>
          <line num="36" count="105" type="cond" truecount="2" falsecount="0"/>
          <line num="37" count="1" type="stmt"/>
          <line num="38" count="104" type="cond" truecount="1" falsecount="1"/>
          <line num="39" count="0" type="stmt"/>
          <line num="48" count="21" type="stmt"/>
          <line num="49" count="121" type="stmt"/>
          <line num="57" count="1" type="stmt"/>
          <line num="58" count="1" type="stmt"/>
        </file>
        <file name="RDF.js" path="/usr/src/app/src/utils/RDF.js">
          <metrics statements="7" coveredstatements="7" conditionals="0" coveredconditionals="0" methods="3" coveredmethods="3"/>
          <line num="5" count="8" type="stmt"/>
          <line num="6" count="14" type="stmt"/>
          <line num="9" count="8" type="stmt"/>
          <line num="10" count="942" type="stmt"/>
          <line num="22" count="942" type="stmt"/>
          <line num="25" count="8" type="stmt"/>
          <line num="26" count="942" type="stmt"/>
        </file>
      </package>
      <package name="test.assets">
        <metrics statements="4" coveredstatements="4" conditionals="0" coveredconditionals="0" methods="0" coveredmethods="0"/>
        <file name="10-buildungs-index.js" path="/usr/src/app/test/assets/10-buildungs-index.js">
          <metrics statements="2" coveredstatements="2" conditionals="0" coveredconditionals="0" methods="0" coveredmethods="0"/>
          <line num="1" count="7" type="stmt"/>
          <line num="16" count="7" type="stmt"/>
        </file>
        <file name="buildingDataNew.js" path="/usr/src/app/test/assets/buildingDataNew.js">
          <metrics statements="2" coveredstatements="2" conditionals="0" coveredconditionals="0" methods="0" coveredmethods="0"/>
          <line num="1" count="1" type="stmt"/>
          <line num="79" count="1" type="stmt"/>
        </file>
      </package>
      <package name="test.utils">
        <metrics statements="44" coveredstatements="37" conditionals="13" coveredconditionals="8" methods="12" coveredmethods="10"/>
        <file name="pushState.js" path="/usr/src/app/test/utils/pushState.js">
          <metrics statements="3" coveredstatements="3" conditionals="0" coveredconditionals="0" methods="2" coveredmethods="2"/>
          <line num="2" count="6" type="stmt"/>
          <line num="3" count="7" type="stmt"/>
          <line num="4" count="7" type="stmt"/>
        </file>
        <file name="utils.js" path="/usr/src/app/test/utils/utils.js">
          <metrics statements="11" coveredstatements="9" conditionals="9" coveredconditionals="5" methods="3" coveredmethods="3"/>
          <line num="8" count="26" type="stmt"/>
          <line num="15" count="8" type="cond" truecount="1" falsecount="0"/>
          <line num="16" count="24" type="cond" truecount="2" falsecount="0"/>
          <line num="17" count="7" type="stmt"/>
          <line num="19" count="24" type="stmt"/>
          <line num="34" count="8" type="cond" truecount="0" falsecount="2"/>
          <line num="35" count="16" type="cond" truecount="1" falsecount="1"/>
          <line num="36" count="0" type="stmt"/>
          <line num="38" count="16" type="cond" truecount="1" falsecount="1"/>
          <line num="39" count="0" type="stmt"/>
          <line num="41" count="16" type="stmt"/>
        </file>
        <file name="wrapComponents.js" path="/usr/src/app/test/utils/wrapComponents.js">
          <metrics statements="30" coveredstatements="25" conditionals="4" coveredconditionals="3" methods="7" coveredmethods="5"/>
          <line num="5" count="6" type="stmt"/>
          <line num="20" count="6" type="stmt"/>
          <line num="21" count="6" type="stmt"/>
          <line num="22" count="0" type="stmt"/>
          <line num="24" count="6" type="stmt"/>
          <line num="25" count="0" type="stmt"/>
          <line num="30" count="7" type="stmt"/>
          <line num="31" count="2282" type="stmt"/>
          <line num="32" count="3" type="stmt"/>
          <line num="36" count="7" type="stmt"/>
          <line num="46" count="6" type="cond" truecount="1" falsecount="0"/>
          <line num="55" count="7" type="stmt"/>
          <line num="56" count="7" type="stmt"/>
          <line num="58" count="7" type="stmt"/>
          <line num="59" count="7" type="stmt"/>
          <line num="60" count="7" type="stmt"/>
          <line num="63" count="7" type="stmt"/>
          <line num="65" count="7" type="stmt"/>
          <line num="66" count="7" type="stmt"/>
          <line num="67" count="7" type="stmt"/>
          <line num="70" count="7" type="stmt"/>
          <line num="72" count="7" type="stmt"/>
          <line num="77" count="7" type="stmt"/>
          <line num="78" count="7" type="stmt"/>
          <line num="81" count="7" type="cond" truecount="2" falsecount="1"/>
          <line num="83" count="2" type="stmt"/>
          <line num="84" count="0" type="stmt"/>
          <line num="86" count="5" type="stmt"/>
          <line num="90" count="0" type="stmt"/>
          <line num="93" count="0" type="stmt"/>
        </file>
      </package>
    </metrics>
  </project>
</coverage>
