{"/usr/src/app/src/BuildingNavigator.js": {"path":"/usr/src/app/src/BuildingNavigator.js","statementMap":{"0":{"start":{"line":23,"column":8},"end":{"line":23,"column":16}},"1":{"start":{"line":26,"column":8},"end":{"line":28,"column":10}},"2":{"start":{"line":30,"column":8},"end":{"line":30,"column":35}},"3":{"start":{"line":31,"column":8},"end":{"line":31,"column":47}},"4":{"start":{"line":32,"column":8},"end":{"line":32,"column":55}},"5":{"start":{"line":33,"column":8},"end":{"line":33,"column":33}},"6":{"start":{"line":37,"column":8},"end":{"line":44,"column":10}},"7":{"start":{"line":38,"column":12},"end":{"line":43,"column":15}},"8":{"start":{"line":39,"column":16},"end":{"line":42,"column":18}},"9":{"start":{"line":40,"column":32},"end":{"line":40,"column":49}},"10":{"start":{"line":41,"column":29},"end":{"line":41,"column":42}},"11":{"start":{"line":46,"column":8},"end":{"line":46,"column":55}},"12":{"start":{"line":49,"column":8},"end":{"line":49,"column":69}},"13":{"start":{"line":50,"column":8},"end":{"line":50,"column":61}},"14":{"start":{"line":51,"column":8},"end":{"line":51,"column":63}},"15":{"start":{"line":59,"column":21},"end":{"line":59,"column":25}},"16":{"start":{"line":60,"column":8},"end":{"line":60,"column":32}},"17":{"start":{"line":63,"column":8},"end":{"line":63,"column":67}},"18":{"start":{"line":66,"column":8},"end":{"line":66,"column":72}},"19":{"start":{"line":69,"column":8},"end":{"line":74,"column":9}},"20":{"start":{"line":70,"column":12},"end":{"line":73,"column":15}},"21":{"start":{"line":77,"column":8},"end":{"line":81,"column":11}},"22":{"start":{"line":78,"column":12},"end":{"line":78,"column":35}},"23":{"start":{"line":80,"column":12},"end":{"line":80,"column":56}},"24":{"start":{"line":84,"column":8},"end":{"line":87,"column":11}},"25":{"start":{"line":91,"column":28},"end":{"line":91,"column":75}},"26":{"start":{"line":92,"column":8},"end":{"line":95,"column":11}},"27":{"start":{"line":100,"column":8},"end":{"line":100,"column":70}},"28":{"start":{"line":101,"column":8},"end":{"line":101,"column":68}},"29":{"start":{"line":111,"column":8},"end":{"line":124,"column":11}},"30":{"start":{"line":113,"column":12},"end":{"line":123,"column":14}},"31":{"start":{"line":115,"column":20},"end":{"line":115,"column":46}},"32":{"start":{"line":116,"column":20},"end":{"line":116,"column":38}},"33":{"start":{"line":119,"column":20},"end":{"line":119,"column":59}},"34":{"start":{"line":120,"column":20},"end":{"line":120,"column":46}},"35":{"start":{"line":121,"column":20},"end":{"line":121,"column":34}},"36":{"start":{"line":131,"column":28},"end":{"line":131,"column":72}},"37":{"start":{"line":134,"column":8},"end":{"line":151,"column":9}},"38":{"start":{"line":135,"column":26},"end":{"line":135,"column":104}},"39":{"start":{"line":136,"column":12},"end":{"line":150,"column":13}},"40":{"start":{"line":137,"column":16},"end":{"line":142,"column":17}},"41":{"start":{"line":138,"column":20},"end":{"line":141,"column":23}},"42":{"start":{"line":144,"column":16},"end":{"line":149,"column":17}},"43":{"start":{"line":145,"column":20},"end":{"line":148,"column":23}},"44":{"start":{"line":158,"column":26},"end":{"line":158,"column":43}},"45":{"start":{"line":159,"column":8},"end":{"line":159,"column":62}},"46":{"start":{"line":160,"column":8},"end":{"line":160,"column":54}},"47":{"start":{"line":161,"column":8},"end":{"line":161,"column":52}},"48":{"start":{"line":163,"column":8},"end":{"line":163,"column":43}},"49":{"start":{"line":164,"column":8},"end":{"line":164,"column":45}},"50":{"start":{"line":167,"column":8},"end":{"line":170,"column":11}},"51":{"start":{"line":171,"column":8},"end":{"line":171,"column":53}},"52":{"start":{"line":173,"column":8},"end":{"line":176,"column":16}},"53":{"start":{"line":174,"column":12},"end":{"line":174,"column":35}},"54":{"start":{"line":175,"column":12},"end":{"line":175,"column":56}},"55":{"start":{"line":180,"column":8},"end":{"line":180,"column":45}},"56":{"start":{"line":187,"column":24},"end":{"line":187,"column":60}},"57":{"start":{"line":188,"column":8},"end":{"line":203,"column":9}},"58":{"start":{"line":189,"column":30},"end":{"line":189,"column":99}},"59":{"start":{"line":191,"column":12},"end":{"line":202,"column":15}},"60":{"start":{"line":207,"column":8},"end":{"line":207,"column":51}},"61":{"start":{"line":211,"column":0},"end":{"line":215,"column":2}}},"fnMap":{"0":{"name":"(anonymous_0)","decl":{"start":{"line":22,"column":4},"end":{"line":22,"column":5}},"loc":{"start":{"line":22,"column":23},"end":{"line":52,"column":5}},"line":22},"1":{"name":"(anonymous_1)","decl":{"start":{"line":37,"column":48},"end":{"line":37,"column":49}},"loc":{"start":{"line":37,"column":59},"end":{"line":44,"column":9}},"line":37},"2":{"name":"(anonymous_2)","decl":{"start":{"line":38,"column":31},"end":{"line":38,"column":32}},"loc":{"start":{"line":38,"column":52},"end":{"line":43,"column":13}},"line":38},"3":{"name":"(anonymous_3)","decl":{"start":{"line":40,"column":20},"end":{"line":40,"column":21}},"loc":{"start":{"line":40,"column":32},"end":{"line":40,"column":49}},"line":40},"4":{"name":"(anonymous_4)","decl":{"start":{"line":41,"column":20},"end":{"line":41,"column":21}},"loc":{"start":{"line":41,"column":29},"end":{"line":41,"column":42}},"line":41},"5":{"name":"(anonymous_5)","decl":{"start":{"line":58,"column":4},"end":{"line":58,"column":5}},"loc":{"start":{"line":58,"column":24},"end":{"line":97,"column":5}},"line":58},"6":{"name":"(anonymous_6)","decl":{"start":{"line":77,"column":58},"end":{"line":77,"column":59}},"loc":{"start":{"line":77,"column":64},"end":{"line":81,"column":9}},"line":77},"7":{"name":"(anonymous_7)","decl":{"start":{"line":99,"column":4},"end":{"line":99,"column":5}},"loc":{"start":{"line":99,"column":27},"end":{"line":102,"column":5}},"line":99},"8":{"name":"(anonymous_8)","decl":{"start":{"line":110,"column":4},"end":{"line":110,"column":5}},"loc":{"start":{"line":110,"column":23},"end":{"line":125,"column":5}},"line":110},"9":{"name":"(anonymous_9)","decl":{"start":{"line":111,"column":27},"end":{"line":111,"column":28}},"loc":{"start":{"line":111,"column":48},"end":{"line":124,"column":9}},"line":111},"10":{"name":"(anonymous_10)","decl":{"start":{"line":114,"column":16},"end":{"line":114,"column":17}},"loc":{"start":{"line":114,"column":28},"end":{"line":117,"column":17}},"line":114},"11":{"name":"(anonymous_11)","decl":{"start":{"line":118,"column":16},"end":{"line":118,"column":17}},"loc":{"start":{"line":118,"column":25},"end":{"line":122,"column":17}},"line":118},"12":{"name":"(anonymous_12)","decl":{"start":{"line":130,"column":4},"end":{"line":130,"column":5}},"loc":{"start":{"line":130,"column":26},"end":{"line":152,"column":5}},"line":130},"13":{"name":"(anonymous_13)","decl":{"start":{"line":157,"column":4},"end":{"line":157,"column":5}},"loc":{"start":{"line":157,"column":22},"end":{"line":181,"column":5}},"line":157},"14":{"name":"(anonymous_14)","decl":{"start":{"line":173,"column":26},"end":{"line":173,"column":27}},"loc":{"start":{"line":173,"column":32},"end":{"line":176,"column":9}},"line":173},"15":{"name":"(anonymous_15)","decl":{"start":{"line":186,"column":4},"end":{"line":186,"column":5}},"loc":{"start":{"line":186,"column":22},"end":{"line":204,"column":5}},"line":186},"16":{"name":"(anonymous_16)","decl":{"start":{"line":206,"column":4},"end":{"line":206,"column":5}},"loc":{"start":{"line":206,"column":13},"end":{"line":208,"column":5}},"line":206}},"branchMap":{"0":{"loc":{"start":{"line":69,"column":8},"end":{"line":74,"column":9}},"type":"if","locations":[{"start":{"line":69,"column":8},"end":{"line":74,"column":9}},{"start":{"line":69,"column":8},"end":{"line":74,"column":9}}],"line":69},"1":{"loc":{"start":{"line":134,"column":8},"end":{"line":151,"column":9}},"type":"if","locations":[{"start":{"line":134,"column":8},"end":{"line":151,"column":9}},{"start":{"line":134,"column":8},"end":{"line":151,"column":9}}],"line":134},"2":{"loc":{"start":{"line":136,"column":12},"end":{"line":150,"column":13}},"type":"if","locations":[{"start":{"line":136,"column":12},"end":{"line":150,"column":13}},{"start":{"line":136,"column":12},"end":{"line":150,"column":13}}],"line":136},"3":{"loc":{"start":{"line":137,"column":16},"end":{"line":142,"column":17}},"type":"if","locations":[{"start":{"line":137,"column":16},"end":{"line":142,"column":17}},{"start":{"line":137,"column":16},"end":{"line":142,"column":17}}],"line":137},"4":{"loc":{"start":{"line":144,"column":16},"end":{"line":149,"column":17}},"type":"if","locations":[{"start":{"line":144,"column":16},"end":{"line":149,"column":17}},{"start":{"line":144,"column":16},"end":{"line":149,"column":17}}],"line":144},"5":{"loc":{"start":{"line":188,"column":8},"end":{"line":203,"column":9}},"type":"if","locations":[{"start":{"line":188,"column":8},"end":{"line":203,"column":9}},{"start":{"line":188,"column":8},"end":{"line":203,"column":9}}],"line":188}},"s":{"0":7,"1":7,"2":7,"3":7,"4":7,"5":7,"6":7,"7":10,"8":10,"9":5,"10":0,"11":7,"12":7,"13":7,"14":7,"15":7,"16":7,"17":7,"18":7,"19":7,"20":0,"21":7,"22":2,"23":2,"24":7,"25":7,"26":7,"27":1,"28":1,"29":24,"30":24,"31":9,"32":9,"33":0,"34":0,"35":0,"36":0,"37":0,"38":0,"39":0,"40":0,"41":0,"42":0,"43":0,"44":0,"45":0,"46":0,"47":0,"48":0,"49":0,"50":0,"51":0,"52":0,"53":0,"54":0,"55":0,"56":2,"57":2,"58":2,"59":2,"60":16,"61":6},"f":{"0":7,"1":10,"2":10,"3":5,"4":0,"5":7,"6":2,"7":1,"8":24,"9":24,"10":9,"11":0,"12":0,"13":0,"14":0,"15":2,"16":16},"b":{"0":[0,7],"1":[0,0],"2":[0,0],"3":[0,0],"4":[0,0],"5":[2,0]},"_coverageSchema":"332fd63041d2c1bcb487cc26dd0d5f7d97098a6c","hash":"fca7a35d72cf5a073595160020325a10ba908a69"}
,"/usr/src/app/src/EventHandler.js": {"path":"/usr/src/app/src/EventHandler.js","statementMap":{"0":{"start":{"line":13,"column":8},"end":{"line":13,"column":29}},"1":{"start":{"line":14,"column":8},"end":{"line":14,"column":29}},"2":{"start":{"line":27,"column":23},"end":{"line":27,"column":35}},"3":{"start":{"line":28,"column":24},"end":{"line":28,"column":37}},"4":{"start":{"line":30,"column":8},"end":{"line":30,"column":49}},"5":{"start":{"line":32,"column":8},"end":{"line":172,"column":11}},"6":{"start":{"line":33,"column":12},"end":{"line":169,"column":13}},"7":{"start":{"line":38,"column":20},"end":{"line":41,"column":22}},"8":{"start":{"line":39,"column":36},"end":{"line":39,"column":53}},"9":{"start":{"line":40,"column":33},"end":{"line":40,"column":46}},"10":{"start":{"line":42,"column":20},"end":{"line":42,"column":26}},"11":{"start":{"line":44,"column":20},"end":{"line":47,"column":22}},"12":{"start":{"line":45,"column":36},"end":{"line":45,"column":53}},"13":{"start":{"line":46,"column":33},"end":{"line":46,"column":46}},"14":{"start":{"line":48,"column":20},"end":{"line":48,"column":26}},"15":{"start":{"line":50,"column":20},"end":{"line":55,"column":22}},"16":{"start":{"line":51,"column":24},"end":{"line":54,"column":26}},"17":{"start":{"line":52,"column":40},"end":{"line":52,"column":57}},"18":{"start":{"line":53,"column":37},"end":{"line":53,"column":50}},"19":{"start":{"line":56,"column":20},"end":{"line":56,"column":26}},"20":{"start":{"line":58,"column":20},"end":{"line":61,"column":22}},"21":{"start":{"line":59,"column":36},"end":{"line":59,"column":53}},"22":{"start":{"line":60,"column":33},"end":{"line":60,"column":46}},"23":{"start":{"line":62,"column":20},"end":{"line":62,"column":26}},"24":{"start":{"line":64,"column":20},"end":{"line":64,"column":93}},"25":{"start":{"line":65,"column":20},"end":{"line":65,"column":34}},"26":{"start":{"line":66,"column":20},"end":{"line":66,"column":26}},"27":{"start":{"line":68,"column":35},"end":{"line":68,"column":69}},"28":{"start":{"line":69,"column":20},"end":{"line":69,"column":95}},"29":{"start":{"line":70,"column":20},"end":{"line":70,"column":34}},"30":{"start":{"line":71,"column":20},"end":{"line":71,"column":26}},"31":{"start":{"line":73,"column":20},"end":{"line":73,"column":92}},"32":{"start":{"line":74,"column":20},"end":{"line":74,"column":34}},"33":{"start":{"line":75,"column":20},"end":{"line":75,"column":26}},"34":{"start":{"line":77,"column":20},"end":{"line":77,"column":86}},"35":{"start":{"line":78,"column":20},"end":{"line":78,"column":34}},"36":{"start":{"line":79,"column":20},"end":{"line":79,"column":26}},"37":{"start":{"line":81,"column":20},"end":{"line":81,"column":86}},"38":{"start":{"line":82,"column":20},"end":{"line":82,"column":34}},"39":{"start":{"line":83,"column":20},"end":{"line":83,"column":26}},"40":{"start":{"line":85,"column":20},"end":{"line":85,"column":83}},"41":{"start":{"line":86,"column":20},"end":{"line":86,"column":34}},"42":{"start":{"line":87,"column":20},"end":{"line":87,"column":26}},"43":{"start":{"line":92,"column":20},"end":{"line":92,"column":84}},"44":{"start":{"line":93,"column":20},"end":{"line":93,"column":34}},"45":{"start":{"line":94,"column":20},"end":{"line":94,"column":26}},"46":{"start":{"line":96,"column":20},"end":{"line":96,"column":55}},"47":{"start":{"line":97,"column":20},"end":{"line":97,"column":34}},"48":{"start":{"line":98,"column":20},"end":{"line":98,"column":26}},"49":{"start":{"line":103,"column":20},"end":{"line":103,"column":75}},"50":{"start":{"line":104,"column":20},"end":{"line":104,"column":34}},"51":{"start":{"line":105,"column":20},"end":{"line":105,"column":26}},"52":{"start":{"line":107,"column":43},"end":{"line":107,"column":86}},"53":{"start":{"line":108,"column":20},"end":{"line":108,"column":84}},"54":{"start":{"line":109,"column":20},"end":{"line":109,"column":34}},"55":{"start":{"line":110,"column":20},"end":{"line":110,"column":26}},"56":{"start":{"line":112,"column":20},"end":{"line":112,"column":73}},"57":{"start":{"line":113,"column":20},"end":{"line":113,"column":34}},"58":{"start":{"line":114,"column":20},"end":{"line":114,"column":26}},"59":{"start":{"line":116,"column":20},"end":{"line":116,"column":74}},"60":{"start":{"line":117,"column":20},"end":{"line":117,"column":34}},"61":{"start":{"line":118,"column":20},"end":{"line":118,"column":26}},"62":{"start":{"line":120,"column":20},"end":{"line":120,"column":77}},"63":{"start":{"line":121,"column":20},"end":{"line":121,"column":34}},"64":{"start":{"line":122,"column":20},"end":{"line":122,"column":26}},"65":{"start":{"line":124,"column":20},"end":{"line":124,"column":146}},"66":{"start":{"line":125,"column":20},"end":{"line":125,"column":34}},"67":{"start":{"line":126,"column":20},"end":{"line":126,"column":26}},"68":{"start":{"line":128,"column":20},"end":{"line":128,"column":146}},"69":{"start":{"line":129,"column":20},"end":{"line":129,"column":34}},"70":{"start":{"line":130,"column":20},"end":{"line":130,"column":26}},"71":{"start":{"line":135,"column":20},"end":{"line":135,"column":103}},"72":{"start":{"line":136,"column":20},"end":{"line":136,"column":34}},"73":{"start":{"line":137,"column":20},"end":{"line":137,"column":26}},"74":{"start":{"line":139,"column":20},"end":{"line":139,"column":92}},"75":{"start":{"line":140,"column":20},"end":{"line":140,"column":34}},"76":{"start":{"line":141,"column":20},"end":{"line":141,"column":26}},"77":{"start":{"line":143,"column":20},"end":{"line":143,"column":91}},"78":{"start":{"line":144,"column":20},"end":{"line":144,"column":34}},"79":{"start":{"line":145,"column":20},"end":{"line":145,"column":26}},"80":{"start":{"line":147,"column":20},"end":{"line":147,"column":66}},"81":{"start":{"line":148,"column":20},"end":{"line":148,"column":34}},"82":{"start":{"line":149,"column":20},"end":{"line":149,"column":26}},"83":{"start":{"line":151,"column":20},"end":{"line":151,"column":54}},"84":{"start":{"line":152,"column":20},"end":{"line":152,"column":34}},"85":{"start":{"line":153,"column":20},"end":{"line":153,"column":26}},"86":{"start":{"line":158,"column":20},"end":{"line":158,"column":87}},"87":{"start":{"line":159,"column":20},"end":{"line":159,"column":34}},"88":{"start":{"line":160,"column":20},"end":{"line":160,"column":26}},"89":{"start":{"line":162,"column":38},"end":{"line":162,"column":79}},"90":{"start":{"line":163,"column":20},"end":{"line":163,"column":39}},"91":{"start":{"line":164,"column":20},"end":{"line":164,"column":26}},"92":{"start":{"line":168,"column":20},"end":{"line":168,"column":89}},"93":{"start":{"line":171,"column":12},"end":{"line":171,"column":61}}},"fnMap":{"0":{"name":"(anonymous_0)","decl":{"start":{"line":12,"column":4},"end":{"line":12,"column":5}},"loc":{"start":{"line":12,"column":32},"end":{"line":15,"column":5}},"line":12},"1":{"name":"(anonymous_1)","decl":{"start":{"line":26,"column":4},"end":{"line":26,"column":5}},"loc":{"start":{"line":26,"column":23},"end":{"line":173,"column":5}},"line":26},"2":{"name":"(anonymous_2)","decl":{"start":{"line":32,"column":27},"end":{"line":32,"column":28}},"loc":{"start":{"line":32,"column":48},"end":{"line":172,"column":9}},"line":32},"3":{"name":"(anonymous_3)","decl":{"start":{"line":39,"column":24},"end":{"line":39,"column":25}},"loc":{"start":{"line":39,"column":36},"end":{"line":39,"column":53}},"line":39},"4":{"name":"(anonymous_4)","decl":{"start":{"line":40,"column":24},"end":{"line":40,"column":25}},"loc":{"start":{"line":40,"column":33},"end":{"line":40,"column":46}},"line":40},"5":{"name":"(anonymous_5)","decl":{"start":{"line":45,"column":24},"end":{"line":45,"column":25}},"loc":{"start":{"line":45,"column":36},"end":{"line":45,"column":53}},"line":45},"6":{"name":"(anonymous_6)","decl":{"start":{"line":46,"column":24},"end":{"line":46,"column":25}},"loc":{"start":{"line":46,"column":33},"end":{"line":46,"column":46}},"line":46},"7":{"name":"(anonymous_7)","decl":{"start":{"line":50,"column":42},"end":{"line":50,"column":43}},"loc":{"start":{"line":50,"column":54},"end":{"line":55,"column":21}},"line":50},"8":{"name":"(anonymous_8)","decl":{"start":{"line":52,"column":28},"end":{"line":52,"column":29}},"loc":{"start":{"line":52,"column":40},"end":{"line":52,"column":57}},"line":52},"9":{"name":"(anonymous_9)","decl":{"start":{"line":53,"column":28},"end":{"line":53,"column":29}},"loc":{"start":{"line":53,"column":37},"end":{"line":53,"column":50}},"line":53},"10":{"name":"(anonymous_10)","decl":{"start":{"line":59,"column":24},"end":{"line":59,"column":25}},"loc":{"start":{"line":59,"column":36},"end":{"line":59,"column":53}},"line":59},"11":{"name":"(anonymous_11)","decl":{"start":{"line":60,"column":24},"end":{"line":60,"column":25}},"loc":{"start":{"line":60,"column":33},"end":{"line":60,"column":46}},"line":60}},"branchMap":{"0":{"loc":{"start":{"line":33,"column":12},"end":{"line":169,"column":13}},"type":"switch","locations":[{"start":{"line":37,"column":16},"end":{"line":42,"column":26}},{"start":{"line":43,"column":16},"end":{"line":48,"column":26}},{"start":{"line":49,"column":16},"end":{"line":56,"column":26}},{"start":{"line":57,"column":16},"end":{"line":62,"column":26}},{"start":{"line":63,"column":16},"end":{"line":66,"column":26}},{"start":{"line":67,"column":16},"end":{"line":71,"column":26}},{"start":{"line":72,"column":16},"end":{"line":75,"column":26}},{"start":{"line":76,"column":16},"end":{"line":79,"column":26}},{"start":{"line":80,"column":16},"end":{"line":83,"column":26}},{"start":{"line":84,"column":16},"end":{"line":87,"column":26}},{"start":{"line":91,"column":16},"end":{"line":94,"column":26}},{"start":{"line":95,"column":16},"end":{"line":98,"column":26}},{"start":{"line":102,"column":16},"end":{"line":105,"column":26}},{"start":{"line":106,"column":16},"end":{"line":110,"column":26}},{"start":{"line":111,"column":16},"end":{"line":114,"column":26}},{"start":{"line":115,"column":16},"end":{"line":118,"column":26}},{"start":{"line":119,"column":16},"end":{"line":122,"column":26}},{"start":{"line":123,"column":16},"end":{"line":126,"column":26}},{"start":{"line":127,"column":16},"end":{"line":130,"column":26}},{"start":{"line":134,"column":16},"end":{"line":137,"column":26}},{"start":{"line":138,"column":16},"end":{"line":141,"column":26}},{"start":{"line":142,"column":16},"end":{"line":145,"column":26}},{"start":{"line":146,"column":16},"end":{"line":149,"column":26}},{"start":{"line":150,"column":16},"end":{"line":153,"column":26}},{"start":{"line":157,"column":16},"end":{"line":160,"column":26}},{"start":{"line":161,"column":16},"end":{"line":164,"column":26}},{"start":{"line":166,"column":16},"end":{"line":168,"column":89}}],"line":33}},"s":{"0":16,"1":16,"2":52,"3":52,"4":52,"5":52,"6":52,"7":7,"8":7,"9":0,"10":7,"11":1,"12":1,"13":0,"14":1,"15":0,"16":0,"17":0,"18":0,"19":0,"20":0,"21":0,"22":0,"23":0,"24":4,"25":4,"26":4,"27":0,"28":0,"29":0,"30":0,"31":1,"32":1,"33":1,"34":0,"35":0,"36":0,"37":0,"38":0,"39":0,"40":0,"41":0,"42":0,"43":6,"44":6,"45":6,"46":3,"47":3,"48":3,"49":21,"50":21,"51":21,"52":1,"53":1,"54":1,"55":1,"56":0,"57":0,"58":0,"59":0,"60":0,"61":0,"62":0,"63":0,"64":0,"65":0,"66":0,"67":0,"68":0,"69":0,"70":0,"71":0,"72":0,"73":0,"74":0,"75":0,"76":0,"77":0,"78":0,"79":0,"80":0,"81":0,"82":0,"83":1,"84":1,"85":1,"86":7,"87":7,"88":7,"89":0,"90":0,"91":0,"92":0,"93":52},"f":{"0":16,"1":52,"2":52,"3":7,"4":0,"5":1,"6":0,"7":0,"8":0,"9":0,"10":0,"11":0},"b":{"0":[7,1,0,0,4,0,1,0,0,0,6,3,21,1,0,0,0,0,0,0,0,0,0,1,7,0,0]},"_coverageSchema":"332fd63041d2c1bcb487cc26dd0d5f7d97098a6c","hash":"e37e94ae0e9b9840d0bf3ca3795aea4b7e73d43e"}
,"/usr/src/app/src/config.js": {"path":"/usr/src/app/src/config.js","statementMap":{"0":{"start":{"line":2,"column":13},"end":{"line":33,"column":1}},"1":{"start":{"line":35,"column":0},"end":{"line":35,"column":24}}},"fnMap":{},"branchMap":{},"s":{"0":8,"1":8},"f":{},"b":{},"_coverageSchema":"332fd63041d2c1bcb487cc26dd0d5f7d97098a6c","hash":"2e254bfa3df3f5ab22aeaa3bfb03d54401d4d771"}
,"/usr/src/app/src/components/A11yIcon.js": {"path":"/usr/src/app/src/components/A11yIcon.js","statementMap":{"0":{"start":{"line":17,"column":8},"end":{"line":17,"column":16}},"1":{"start":{"line":19,"column":8},"end":{"line":21,"column":10}},"2":{"start":{"line":24,"column":8},"end":{"line":60,"column":10}},"3":{"start":{"line":62,"column":8},"end":{"line":62,"column":63}},"4":{"start":{"line":63,"column":8},"end":{"line":63,"column":27}},"5":{"start":{"line":73,"column":8},"end":{"line":78,"column":9}},"6":{"start":{"line":74,"column":12},"end":{"line":74,"column":36}},"7":{"start":{"line":76,"column":12},"end":{"line":76,"column":67}},"8":{"start":{"line":77,"column":12},"end":{"line":77,"column":66}},"9":{"start":{"line":87,"column":17},"end":{"line":87,"column":19}},"10":{"start":{"line":88,"column":8},"end":{"line":90,"column":11}},"11":{"start":{"line":89,"column":12},"end":{"line":89,"column":24}},"12":{"start":{"line":91,"column":8},"end":{"line":91,"column":18}},"13":{"start":{"line":101,"column":8},"end":{"line":101,"column":35}},"14":{"start":{"line":111,"column":8},"end":{"line":111,"column":36}},"15":{"start":{"line":121,"column":8},"end":{"line":121,"column":38}},"16":{"start":{"line":132,"column":8},"end":{"line":143,"column":9}},"17":{"start":{"line":142,"column":60},"end":{"line":142,"column":84}},"18":{"start":{"line":154,"column":25},"end":{"line":154,"column":44}},"19":{"start":{"line":157,"column":8},"end":{"line":176,"column":9}},"20":{"start":{"line":158,"column":12},"end":{"line":165,"column":14}},"21":{"start":{"line":167,"column":13},"end":{"line":176,"column":9}},"22":{"start":{"line":168,"column":12},"end":{"line":175,"column":14}},"23":{"start":{"line":179,"column":8},"end":{"line":195,"column":9}},"24":{"start":{"line":180,"column":12},"end":{"line":188,"column":14}},"25":{"start":{"line":190,"column":13},"end":{"line":195,"column":9}},"26":{"start":{"line":191,"column":12},"end":{"line":194,"column":14}},"27":{"start":{"line":198,"column":8},"end":{"line":225,"column":9}},"28":{"start":{"line":199,"column":12},"end":{"line":207,"column":14}},"29":{"start":{"line":209,"column":13},"end":{"line":225,"column":9}},"30":{"start":{"line":210,"column":12},"end":{"line":218,"column":14}},"31":{"start":{"line":220,"column":13},"end":{"line":225,"column":9}},"32":{"start":{"line":221,"column":12},"end":{"line":224,"column":14}},"33":{"start":{"line":228,"column":8},"end":{"line":239,"column":9}},"34":{"start":{"line":229,"column":12},"end":{"line":232,"column":14}},"35":{"start":{"line":234,"column":13},"end":{"line":239,"column":9}},"36":{"start":{"line":235,"column":12},"end":{"line":238,"column":14}},"37":{"start":{"line":242,"column":8},"end":{"line":247,"column":9}},"38":{"start":{"line":243,"column":12},"end":{"line":246,"column":14}},"39":{"start":{"line":250,"column":8},"end":{"line":255,"column":9}},"40":{"start":{"line":251,"column":12},"end":{"line":254,"column":14}},"41":{"start":{"line":258,"column":8},"end":{"line":263,"column":9}},"42":{"start":{"line":259,"column":12},"end":{"line":262,"column":14}},"43":{"start":{"line":268,"column":8},"end":{"line":268,"column":22}}},"fnMap":{"0":{"name":"(anonymous_0)","decl":{"start":{"line":16,"column":4},"end":{"line":16,"column":5}},"loc":{"start":{"line":16,"column":23},"end":{"line":64,"column":5}},"line":16},"1":{"name":"(anonymous_1)","decl":{"start":{"line":72,"column":4},"end":{"line":72,"column":5}},"loc":{"start":{"line":72,"column":14},"end":{"line":79,"column":5}},"line":72},"2":{"name":"(anonymous_2)","decl":{"start":{"line":86,"column":4},"end":{"line":86,"column":5}},"loc":{"start":{"line":86,"column":13},"end":{"line":92,"column":5}},"line":86},"3":{"name":"(anonymous_3)","decl":{"start":{"line":88,"column":40},"end":{"line":88,"column":41}},"loc":{"start":{"line":88,"column":49},"end":{"line":90,"column":9}},"line":88},"4":{"name":"(anonymous_4)","decl":{"start":{"line":100,"column":4},"end":{"line":100,"column":5}},"loc":{"start":{"line":100,"column":15},"end":{"line":102,"column":5}},"line":100},"5":{"name":"(anonymous_5)","decl":{"start":{"line":110,"column":4},"end":{"line":110,"column":5}},"loc":{"start":{"line":110,"column":16},"end":{"line":112,"column":5}},"line":110},"6":{"name":"(anonymous_6)","decl":{"start":{"line":120,"column":4},"end":{"line":120,"column":5}},"loc":{"start":{"line":120,"column":18},"end":{"line":122,"column":5}},"line":120},"7":{"name":"(anonymous_7)","decl":{"start":{"line":131,"column":4},"end":{"line":131,"column":5}},"loc":{"start":{"line":131,"column":42},"end":{"line":144,"column":5}},"line":131},"8":{"name":"(anonymous_8)","decl":{"start":{"line":142,"column":50},"end":{"line":142,"column":51}},"loc":{"start":{"line":142,"column":60},"end":{"line":142,"column":84}},"line":142},"9":{"name":"(anonymous_9)","decl":{"start":{"line":146,"column":4},"end":{"line":146,"column":5}},"loc":{"start":{"line":146,"column":23},"end":{"line":148,"column":5}},"line":146},"10":{"name":"(anonymous_10)","decl":{"start":{"line":153,"column":4},"end":{"line":153,"column":5}},"loc":{"start":{"line":153,"column":18},"end":{"line":264,"column":5}},"line":153},"11":{"name":"(anonymous_11)","decl":{"start":{"line":267,"column":4},"end":{"line":267,"column":5}},"loc":{"start":{"line":267,"column":13},"end":{"line":269,"column":5}},"line":267}},"branchMap":{"0":{"loc":{"start":{"line":73,"column":8},"end":{"line":78,"column":9}},"type":"if","locations":[{"start":{"line":73,"column":8},"end":{"line":78,"column":9}},{"start":{"line":73,"column":8},"end":{"line":78,"column":9}}],"line":73},"1":{"loc":{"start":{"line":131,"column":26},"end":{"line":131,"column":40}},"type":"default-arg","locations":[{"start":{"line":131,"column":36},"end":{"line":131,"column":40}}],"line":131},"2":{"loc":{"start":{"line":142,"column":21},"end":{"line":142,"column":102}},"type":"cond-expr","locations":[{"start":{"line":142,"column":32},"end":{"line":142,"column":92}},{"start":{"line":142,"column":97},"end":{"line":142,"column":101}}],"line":142},"3":{"loc":{"start":{"line":157,"column":8},"end":{"line":176,"column":9}},"type":"if","locations":[{"start":{"line":157,"column":8},"end":{"line":176,"column":9}},{"start":{"line":157,"column":8},"end":{"line":176,"column":9}}],"line":157},"4":{"loc":{"start":{"line":167,"column":13},"end":{"line":176,"column":9}},"type":"if","locations":[{"start":{"line":167,"column":13},"end":{"line":176,"column":9}},{"start":{"line":167,"column":13},"end":{"line":176,"column":9}}],"line":167},"5":{"loc":{"start":{"line":179,"column":8},"end":{"line":195,"column":9}},"type":"if","locations":[{"start":{"line":179,"column":8},"end":{"line":195,"column":9}},{"start":{"line":179,"column":8},"end":{"line":195,"column":9}}],"line":179},"6":{"loc":{"start":{"line":190,"column":13},"end":{"line":195,"column":9}},"type":"if","locations":[{"start":{"line":190,"column":13},"end":{"line":195,"column":9}},{"start":{"line":190,"column":13},"end":{"line":195,"column":9}}],"line":190},"7":{"loc":{"start":{"line":198,"column":8},"end":{"line":225,"column":9}},"type":"if","locations":[{"start":{"line":198,"column":8},"end":{"line":225,"column":9}},{"start":{"line":198,"column":8},"end":{"line":225,"column":9}}],"line":198},"8":{"loc":{"start":{"line":209,"column":13},"end":{"line":225,"column":9}},"type":"if","locations":[{"start":{"line":209,"column":13},"end":{"line":225,"column":9}},{"start":{"line":209,"column":13},"end":{"line":225,"column":9}}],"line":209},"9":{"loc":{"start":{"line":220,"column":13},"end":{"line":225,"column":9}},"type":"if","locations":[{"start":{"line":220,"column":13},"end":{"line":225,"column":9}},{"start":{"line":220,"column":13},"end":{"line":225,"column":9}}],"line":220},"10":{"loc":{"start":{"line":228,"column":8},"end":{"line":239,"column":9}},"type":"if","locations":[{"start":{"line":228,"column":8},"end":{"line":239,"column":9}},{"start":{"line":228,"column":8},"end":{"line":239,"column":9}}],"line":228},"11":{"loc":{"start":{"line":234,"column":13},"end":{"line":239,"column":9}},"type":"if","locations":[{"start":{"line":234,"column":13},"end":{"line":239,"column":9}},{"start":{"line":234,"column":13},"end":{"line":239,"column":9}}],"line":234},"12":{"loc":{"start":{"line":242,"column":8},"end":{"line":247,"column":9}},"type":"if","locations":[{"start":{"line":242,"column":8},"end":{"line":247,"column":9}},{"start":{"line":242,"column":8},"end":{"line":247,"column":9}}],"line":242},"13":{"loc":{"start":{"line":250,"column":8},"end":{"line":255,"column":9}},"type":"if","locations":[{"start":{"line":250,"column":8},"end":{"line":255,"column":9}},{"start":{"line":250,"column":8},"end":{"line":255,"column":9}}],"line":250},"14":{"loc":{"start":{"line":258,"column":8},"end":{"line":263,"column":9}},"type":"if","locations":[{"start":{"line":258,"column":8},"end":{"line":263,"column":9}},{"start":{"line":258,"column":8},"end":{"line":263,"column":9}}],"line":258}},"s":{"0":133,"1":133,"2":133,"3":133,"4":133,"5":1447,"6":1447,"7":0,"8":0,"9":162,"10":162,"11":1134,"12":162,"13":1405,"14":14,"15":28,"16":481,"17":663,"18":133,"19":133,"20":78,"21":55,"22":39,"23":133,"24":65,"25":68,"26":39,"27":133,"28":39,"29":94,"30":39,"31":55,"32":0,"33":133,"34":65,"35":68,"36":0,"37":133,"38":13,"39":133,"40":0,"41":133,"42":104,"43":0},"f":{"0":133,"1":1447,"2":162,"3":1134,"4":1405,"5":14,"6":28,"7":481,"8":663,"9":0,"10":133,"11":0},"b":{"0":[1447,0],"1":[221],"2":[260,221],"3":[78,55],"4":[39,16],"5":[65,68],"6":[39,29],"7":[39,94],"8":[39,55],"9":[0,55],"10":[65,68],"11":[0,68],"12":[13,120],"13":[0,133],"14":[104,29]},"_coverageSchema":"332fd63041d2c1bcb487cc26dd0d5f7d97098a6c","hash":"f64316858a88d2c0148a6c877e7663fa4bc1285c"}
,"/usr/src/app/src/components/Main.js": {"path":"/usr/src/app/src/components/Main.js","statementMap":{"0":{"start":{"line":16,"column":8},"end":{"line":16,"column":16}},"1":{"start":{"line":18,"column":8},"end":{"line":20,"column":10}},"2":{"start":{"line":24,"column":8},"end":{"line":26,"column":11}},"3":{"start":{"line":30,"column":29},"end":{"line":30,"column":76}},"4":{"start":{"line":32,"column":8},"end":{"line":71,"column":10}},"5":{"start":{"line":38,"column":28},"end":{"line":43,"column":30}}},"fnMap":{"0":{"name":"(anonymous_0)","decl":{"start":{"line":15,"column":4},"end":{"line":15,"column":5}},"loc":{"start":{"line":15,"column":23},"end":{"line":21,"column":5}},"line":15},"1":{"name":"(anonymous_1)","decl":{"start":{"line":23,"column":4},"end":{"line":23,"column":5}},"loc":{"start":{"line":23,"column":41},"end":{"line":27,"column":5}},"line":23},"2":{"name":"(anonymous_2)","decl":{"start":{"line":29,"column":4},"end":{"line":29,"column":5}},"loc":{"start":{"line":29,"column":13},"end":{"line":72,"column":5}},"line":29},"3":{"name":"(anonymous_3)","decl":{"start":{"line":37,"column":54},"end":{"line":37,"column":55}},"loc":{"start":{"line":37,"column":70},"end":{"line":44,"column":25}},"line":37}},"branchMap":{"0":{"loc":{"start":{"line":34,"column":17},"end":{"line":45,"column":28}},"type":"binary-expr","locations":[{"start":{"line":34,"column":17},"end":{"line":34,"column":40}},{"start":{"line":35,"column":20},"end":{"line":45,"column":28}}],"line":34},"1":{"loc":{"start":{"line":48,"column":17},"end":{"line":51,"column":26}},"type":"binary-expr","locations":[{"start":{"line":48,"column":17},"end":{"line":48,"column":56}},{"start":{"line":49,"column":20},"end":{"line":51,"column":26}}],"line":48},"2":{"loc":{"start":{"line":54,"column":17},"end":{"line":55,"column":31}},"type":"binary-expr","locations":[{"start":{"line":54,"column":17},"end":{"line":54,"column":61}},{"start":{"line":55,"column":20},"end":{"line":55,"column":31}}],"line":54},"3":{"loc":{"start":{"line":58,"column":17},"end":{"line":62,"column":26}},"type":"binary-expr","locations":[{"start":{"line":58,"column":18},"end":{"line":58,"column":53}},{"start":{"line":58,"column":57},"end":{"line":58,"column":93}},{"start":{"line":59,"column":20},"end":{"line":62,"column":26}}],"line":58},"4":{"loc":{"start":{"line":65,"column":17},"end":{"line":68,"column":26}},"type":"binary-expr","locations":[{"start":{"line":65,"column":17},"end":{"line":65,"column":54}},{"start":{"line":66,"column":20},"end":{"line":68,"column":26}}],"line":65}},"s":{"0":10,"1":10,"2":11,"3":21,"4":21,"5":1},"f":{"0":10,"1":11,"2":21,"3":1},"b":{"0":[21,1],"1":[21,12],"2":[21,18],"3":[21,0,21],"4":[21,0]},"_coverageSchema":"332fd63041d2c1bcb487cc26dd0d5f7d97098a6c","hash":"69b03cd597a69afd2fbf031065cae48370ddb862"}
,"/usr/src/app/src/components/Map.js": {"path":"/usr/src/app/src/components/Map.js","statementMap":{"0":{"start":{"line":11,"column":8},"end":{"line":11,"column":16}},"1":{"start":{"line":14,"column":8},"end":{"line":14,"column":28}},"2":{"start":{"line":17,"column":8},"end":{"line":22,"column":9}},"3":{"start":{"line":25,"column":8},"end":{"line":25,"column":63}},"4":{"start":{"line":26,"column":8},"end":{"line":26,"column":59}},"5":{"start":{"line":27,"column":8},"end":{"line":27,"column":62}},"6":{"start":{"line":28,"column":8},"end":{"line":28,"column":59}},"7":{"start":{"line":29,"column":8},"end":{"line":29,"column":55}},"8":{"start":{"line":30,"column":8},"end":{"line":30,"column":73}},"9":{"start":{"line":31,"column":8},"end":{"line":31,"column":71}},"10":{"start":{"line":38,"column":24},"end":{"line":38,"column":68}},"11":{"start":{"line":39,"column":8},"end":{"line":42,"column":10}},"12":{"start":{"line":48,"column":30},"end":{"line":74,"column":9}},"13":{"start":{"line":49,"column":28},"end":{"line":49,"column":30}},"14":{"start":{"line":50,"column":12},"end":{"line":72,"column":15}},"15":{"start":{"line":51,"column":36},"end":{"line":51,"column":44}},"16":{"start":{"line":52,"column":34},"end":{"line":57,"column":17}},"17":{"start":{"line":59,"column":16},"end":{"line":66,"column":19}},"18":{"start":{"line":60,"column":20},"end":{"line":65,"column":21}},"19":{"start":{"line":61,"column":24},"end":{"line":61,"column":48}},"20":{"start":{"line":62,"column":24},"end":{"line":62,"column":48}},"21":{"start":{"line":63,"column":24},"end":{"line":63,"column":56}},"22":{"start":{"line":64,"column":24},"end":{"line":64,"column":31}},"23":{"start":{"line":68,"column":16},"end":{"line":71,"column":17}},"24":{"start":{"line":69,"column":20},"end":{"line":69,"column":55}},"25":{"start":{"line":70,"column":20},"end":{"line":70,"column":44}},"26":{"start":{"line":73,"column":12},"end":{"line":73,"column":27}},"27":{"start":{"line":77,"column":8},"end":{"line":81,"column":11}},"28":{"start":{"line":84,"column":8},"end":{"line":86,"column":9}},"29":{"start":{"line":85,"column":12},"end":{"line":85,"column":76}},"30":{"start":{"line":89,"column":8},"end":{"line":95,"column":9}},"31":{"start":{"line":92,"column":12},"end":{"line":94,"column":18}},"32":{"start":{"line":93,"column":16},"end":{"line":93,"column":61}},"33":{"start":{"line":99,"column":8},"end":{"line":99,"column":41}},"34":{"start":{"line":99,"column":34},"end":{"line":99,"column":41}},"35":{"start":{"line":101,"column":8},"end":{"line":101,"column":45}},"36":{"start":{"line":105,"column":8},"end":{"line":105,"column":26}},"37":{"start":{"line":109,"column":8},"end":{"line":109,"column":31}},"38":{"start":{"line":110,"column":8},"end":{"line":110,"column":27}},"39":{"start":{"line":114,"column":8},"end":{"line":114,"column":26}},"40":{"start":{"line":118,"column":8},"end":{"line":118,"column":31}},"41":{"start":{"line":119,"column":8},"end":{"line":119,"column":27}},"42":{"start":{"line":126,"column":8},"end":{"line":131,"column":11}},"43":{"start":{"line":132,"column":8},"end":{"line":136,"column":9}},"44":{"start":{"line":133,"column":12},"end":{"line":135,"column":15}},"45":{"start":{"line":143,"column":8},"end":{"line":143,"column":41}},"46":{"start":{"line":143,"column":34},"end":{"line":143,"column":41}},"47":{"start":{"line":144,"column":30},"end":{"line":144,"column":34}},"48":{"start":{"line":146,"column":8},"end":{"line":146,"column":79}},"49":{"start":{"line":148,"column":8},"end":{"line":151,"column":33}},"50":{"start":{"line":149,"column":12},"end":{"line":149,"column":35}},"51":{"start":{"line":150,"column":12},"end":{"line":150,"column":31}},"52":{"start":{"line":158,"column":8},"end":{"line":158,"column":26}},"53":{"start":{"line":159,"column":8},"end":{"line":159,"column":45}},"54":{"start":{"line":166,"column":8},"end":{"line":166,"column":41}},"55":{"start":{"line":166,"column":34},"end":{"line":166,"column":41}},"56":{"start":{"line":167,"column":8},"end":{"line":167,"column":49}},"57":{"start":{"line":174,"column":8},"end":{"line":174,"column":41}},"58":{"start":{"line":174,"column":34},"end":{"line":174,"column":41}},"59":{"start":{"line":175,"column":22},"end":{"line":175,"column":49}},"60":{"start":{"line":178,"column":23},"end":{"line":178,"column":90}},"61":{"start":{"line":179,"column":8},"end":{"line":198,"column":11}},"62":{"start":{"line":202,"column":8},"end":{"line":202,"column":41}},"63":{"start":{"line":203,"column":8},"end":{"line":205,"column":17}},"64":{"start":{"line":204,"column":12},"end":{"line":204,"column":36}},"65":{"start":{"line":212,"column":8},"end":{"line":214,"column":11}},"66":{"start":{"line":221,"column":24},"end":{"line":221,"column":69}},"67":{"start":{"line":222,"column":8},"end":{"line":225,"column":10}},"68":{"start":{"line":227,"column":8},"end":{"line":232,"column":11}},"69":{"start":{"line":240,"column":25},"end":{"line":242,"column":44}},"70":{"start":{"line":245,"column":26},"end":{"line":248,"column":9}},"71":{"start":{"line":251,"column":32},"end":{"line":252,"column":64}},"72":{"start":{"line":255,"column":25},"end":{"line":257,"column":76}},"73":{"start":{"line":260,"column":21},"end":{"line":260,"column":59}},"74":{"start":{"line":262,"column":8},"end":{"line":308,"column":10}},"75":{"start":{"line":278,"column":35},"end":{"line":278,"column":54}},"76":{"start":{"line":298,"column":24},"end":{"line":304,"column":26}}},"fnMap":{"0":{"name":"(anonymous_0)","decl":{"start":{"line":10,"column":4},"end":{"line":10,"column":5}},"loc":{"start":{"line":10,"column":23},"end":{"line":32,"column":5}},"line":10},"1":{"name":"(anonymous_1)","decl":{"start":{"line":37,"column":4},"end":{"line":37,"column":5}},"loc":{"start":{"line":37,"column":41},"end":{"line":96,"column":5}},"line":37},"2":{"name":"(anonymous_2)","decl":{"start":{"line":48,"column":30},"end":{"line":48,"column":31}},"loc":{"start":{"line":48,"column":36},"end":{"line":74,"column":9}},"line":48},"3":{"name":"(anonymous_3)","decl":{"start":{"line":50,"column":26},"end":{"line":50,"column":27}},"loc":{"start":{"line":50,"column":45},"end":{"line":72,"column":13}},"line":50},"4":{"name":"(anonymous_4)","decl":{"start":{"line":59,"column":28},"end":{"line":59,"column":29}},"loc":{"start":{"line":59,"column":40},"end":{"line":66,"column":17}},"line":59},"5":{"name":"(anonymous_5)","decl":{"start":{"line":92,"column":30},"end":{"line":92,"column":31}},"loc":{"start":{"line":92,"column":36},"end":{"line":94,"column":13}},"line":92},"6":{"name":"(anonymous_6)","decl":{"start":{"line":98,"column":4},"end":{"line":98,"column":5}},"loc":{"start":{"line":98,"column":24},"end":{"line":102,"column":5}},"line":98},"7":{"name":"(anonymous_7)","decl":{"start":{"line":104,"column":4},"end":{"line":104,"column":5}},"loc":{"start":{"line":104,"column":23},"end":{"line":106,"column":5}},"line":104},"8":{"name":"(anonymous_8)","decl":{"start":{"line":108,"column":4},"end":{"line":108,"column":5}},"loc":{"start":{"line":108,"column":21},"end":{"line":111,"column":5}},"line":108},"9":{"name":"(anonymous_9)","decl":{"start":{"line":113,"column":4},"end":{"line":113,"column":5}},"loc":{"start":{"line":113,"column":22},"end":{"line":115,"column":5}},"line":113},"10":{"name":"(anonymous_10)","decl":{"start":{"line":117,"column":4},"end":{"line":117,"column":5}},"loc":{"start":{"line":117,"column":21},"end":{"line":120,"column":5}},"line":117},"11":{"name":"(anonymous_11)","decl":{"start":{"line":125,"column":4},"end":{"line":125,"column":5}},"loc":{"start":{"line":125,"column":19},"end":{"line":137,"column":5}},"line":125},"12":{"name":"(anonymous_12)","decl":{"start":{"line":142,"column":4},"end":{"line":142,"column":5}},"loc":{"start":{"line":142,"column":27},"end":{"line":152,"column":5}},"line":142},"13":{"name":"(anonymous_13)","decl":{"start":{"line":148,"column":26},"end":{"line":148,"column":27}},"loc":{"start":{"line":148,"column":32},"end":{"line":151,"column":9}},"line":148},"14":{"name":"(anonymous_14)","decl":{"start":{"line":157,"column":4},"end":{"line":157,"column":5}},"loc":{"start":{"line":157,"column":28},"end":{"line":160,"column":5}},"line":157},"15":{"name":"(anonymous_15)","decl":{"start":{"line":165,"column":4},"end":{"line":165,"column":5}},"loc":{"start":{"line":165,"column":17},"end":{"line":168,"column":5}},"line":165},"16":{"name":"(anonymous_16)","decl":{"start":{"line":173,"column":4},"end":{"line":173,"column":5}},"loc":{"start":{"line":173,"column":22},"end":{"line":206,"column":5}},"line":173},"17":{"name":"(anonymous_17)","decl":{"start":{"line":203,"column":40},"end":{"line":203,"column":41}},"loc":{"start":{"line":203,"column":46},"end":{"line":205,"column":9}},"line":203},"18":{"name":"(anonymous_18)","decl":{"start":{"line":211,"column":4},"end":{"line":211,"column":5}},"loc":{"start":{"line":211,"column":18},"end":{"line":215,"column":5}},"line":211},"19":{"name":"(anonymous_19)","decl":{"start":{"line":220,"column":4},"end":{"line":220,"column":5}},"loc":{"start":{"line":220,"column":23},"end":{"line":233,"column":5}},"line":220},"20":{"name":"(anonymous_20)","decl":{"start":{"line":238,"column":4},"end":{"line":238,"column":5}},"loc":{"start":{"line":238,"column":13},"end":{"line":309,"column":5}},"line":238},"21":{"name":"(anonymous_21)","decl":{"start":{"line":278,"column":25},"end":{"line":278,"column":26}},"loc":{"start":{"line":278,"column":35},"end":{"line":278,"column":54}},"line":278},"22":{"name":"(anonymous_22)","decl":{"start":{"line":297,"column":44},"end":{"line":297,"column":45}},"loc":{"start":{"line":297,"column":61},"end":{"line":305,"column":21}},"line":297}},"branchMap":{"0":{"loc":{"start":{"line":60,"column":20},"end":{"line":65,"column":21}},"type":"if","locations":[{"start":{"line":60,"column":20},"end":{"line":65,"column":21}},{"start":{"line":60,"column":20},"end":{"line":65,"column":21}}],"line":60},"1":{"loc":{"start":{"line":60,"column":24},"end":{"line":60,"column":102}},"type":"binary-expr","locations":[{"start":{"line":60,"column":24},"end":{"line":60,"column":60}},{"start":{"line":60,"column":64},"end":{"line":60,"column":102}}],"line":60},"2":{"loc":{"start":{"line":68,"column":16},"end":{"line":71,"column":17}},"type":"if","locations":[{"start":{"line":68,"column":16},"end":{"line":71,"column":17}},{"start":{"line":68,"column":16},"end":{"line":71,"column":17}}],"line":68},"3":{"loc":{"start":{"line":84,"column":8},"end":{"line":86,"column":9}},"type":"if","locations":[{"start":{"line":84,"column":8},"end":{"line":86,"column":9}},{"start":{"line":84,"column":8},"end":{"line":86,"column":9}}],"line":84},"4":{"loc":{"start":{"line":89,"column":8},"end":{"line":95,"column":9}},"type":"if","locations":[{"start":{"line":89,"column":8},"end":{"line":95,"column":9}},{"start":{"line":89,"column":8},"end":{"line":95,"column":9}}],"line":89},"5":{"loc":{"start":{"line":89,"column":12},"end":{"line":90,"column":91}},"type":"binary-expr","locations":[{"start":{"line":89,"column":12},"end":{"line":89,"column":33}},{"start":{"line":90,"column":12},"end":{"line":90,"column":91}}],"line":89},"6":{"loc":{"start":{"line":99,"column":8},"end":{"line":99,"column":41}},"type":"if","locations":[{"start":{"line":99,"column":8},"end":{"line":99,"column":41}},{"start":{"line":99,"column":8},"end":{"line":99,"column":41}}],"line":99},"7":{"loc":{"start":{"line":132,"column":8},"end":{"line":136,"column":9}},"type":"if","locations":[{"start":{"line":132,"column":8},"end":{"line":136,"column":9}},{"start":{"line":132,"column":8},"end":{"line":136,"column":9}}],"line":132},"8":{"loc":{"start":{"line":132,"column":12},"end":{"line":132,"column":109}},"type":"binary-expr","locations":[{"start":{"line":132,"column":12},"end":{"line":132,"column":56}},{"start":{"line":132,"column":60},"end":{"line":132,"column":109}}],"line":132},"9":{"loc":{"start":{"line":143,"column":8},"end":{"line":143,"column":41}},"type":"if","locations":[{"start":{"line":143,"column":8},"end":{"line":143,"column":41}},{"start":{"line":143,"column":8},"end":{"line":143,"column":41}}],"line":143},"10":{"loc":{"start":{"line":166,"column":8},"end":{"line":166,"column":41}},"type":"if","locations":[{"start":{"line":166,"column":8},"end":{"line":166,"column":41}},{"start":{"line":166,"column":8},"end":{"line":166,"column":41}}],"line":166},"11":{"loc":{"start":{"line":174,"column":8},"end":{"line":174,"column":41}},"type":"if","locations":[{"start":{"line":174,"column":8},"end":{"line":174,"column":41}},{"start":{"line":174,"column":8},"end":{"line":174,"column":41}}],"line":174},"12":{"loc":{"start":{"line":240,"column":25},"end":{"line":242,"column":44}},"type":"cond-expr","locations":[{"start":{"line":241,"column":14},"end":{"line":241,"column":27}},{"start":{"line":242,"column":14},"end":{"line":242,"column":44}}],"line":240},"13":{"loc":{"start":{"line":251,"column":32},"end":{"line":252,"column":64}},"type":"binary-expr","locations":[{"start":{"line":251,"column":32},"end":{"line":251,"column":76}},{"start":{"line":252,"column":15},"end":{"line":252,"column":64}}],"line":251},"14":{"loc":{"start":{"line":255,"column":25},"end":{"line":257,"column":76}},"type":"cond-expr","locations":[{"start":{"line":256,"column":14},"end":{"line":256,"column":77}},{"start":{"line":257,"column":14},"end":{"line":257,"column":76}}],"line":255},"15":{"loc":{"start":{"line":266,"column":25},"end":{"line":273,"column":37}},"type":"binary-expr","locations":[{"start":{"line":266,"column":25},"end":{"line":266,"column":41}},{"start":{"line":267,"column":28},"end":{"line":273,"column":37}}],"line":266},"16":{"loc":{"start":{"line":291,"column":21},"end":{"line":292,"column":58}},"type":"binary-expr","locations":[{"start":{"line":291,"column":21},"end":{"line":291,"column":37}},{"start":{"line":292,"column":24},"end":{"line":292,"column":58}}],"line":291},"17":{"loc":{"start":{"line":294,"column":21},"end":{"line":295,"column":95}},"type":"binary-expr","locations":[{"start":{"line":294,"column":21},"end":{"line":294,"column":37}},{"start":{"line":295,"column":24},"end":{"line":295,"column":95}}],"line":294}},"s":{"0":8,"1":8,"2":8,"3":8,"4":8,"5":8,"6":8,"7":8,"8":8,"9":8,"10":12,"11":12,"12":12,"13":12,"14":12,"15":100,"16":100,"17":100,"18":450,"19":0,"20":0,"21":0,"22":0,"23":100,"24":100,"25":100,"26":12,"27":12,"28":12,"29":12,"30":12,"31":1,"32":0,"33":8,"34":0,"35":8,"36":0,"37":0,"38":0,"39":0,"40":0,"41":0,"42":0,"43":0,"44":0,"45":0,"46":0,"47":0,"48":0,"49":0,"50":0,"51":0,"52":0,"53":0,"54":0,"55":0,"56":0,"57":0,"58":0,"59":0,"60":0,"61":0,"62":0,"63":0,"64":0,"65":0,"66":0,"67":0,"68":0,"69":20,"70":20,"71":20,"72":20,"73":20,"74":20,"75":33,"76":100},"f":{"0":8,"1":12,"2":12,"3":100,"4":450,"5":0,"6":8,"7":0,"8":0,"9":0,"10":0,"11":0,"12":0,"13":0,"14":0,"15":0,"16":0,"17":0,"18":0,"19":0,"20":20,"21":33,"22":100},"b":{"0":[0,450],"1":[450,0],"2":[100,0],"3":[12,0],"4":[1,11],"5":[12,12],"6":[0,8],"7":[0,0],"8":[0,0],"9":[0,0],"10":[0,0],"11":[0,0],"12":[19,1],"13":[20,0],"14":[0,20],"15":[20,20],"16":[20,20],"17":[20,20]},"_coverageSchema":"332fd63041d2c1bcb487cc26dd0d5f7d97098a6c","hash":"2663f0bcb79bb773f073a9524da895972a730c27"}
,"/usr/src/app/src/components/NotFound.js": {"path":"/usr/src/app/src/components/NotFound.js","statementMap":{"0":{"start":{"line":10,"column":8},"end":{"line":10,"column":16}},"1":{"start":{"line":14,"column":8},"end":{"line":26,"column":10}}},"fnMap":{"0":{"name":"(anonymous_0)","decl":{"start":{"line":9,"column":4},"end":{"line":9,"column":5}},"loc":{"start":{"line":9,"column":23},"end":{"line":11,"column":5}},"line":9},"1":{"name":"(anonymous_1)","decl":{"start":{"line":13,"column":4},"end":{"line":13,"column":5}},"loc":{"start":{"line":13,"column":13},"end":{"line":27,"column":5}},"line":13}},"branchMap":{},"s":{"0":0,"1":0},"f":{"0":0,"1":0},"b":{},"_coverageSchema":"332fd63041d2c1bcb487cc26dd0d5f7d97098a6c","hash":"e8f92577de85164bbc08f9e1411ff6798b68d842"}
,"/usr/src/app/src/components/Sidebar.js": {"path":"/usr/src/app/src/components/Sidebar.js","statementMap":{"0":{"start":{"line":15,"column":8},"end":{"line":15,"column":16}},"1":{"start":{"line":17,"column":8},"end":{"line":19,"column":10}},"2":{"start":{"line":21,"column":8},"end":{"line":21,"column":71}},"3":{"start":{"line":25,"column":8},"end":{"line":27,"column":11}},"4":{"start":{"line":31,"column":8},"end":{"line":33,"column":11}},"5":{"start":{"line":34,"column":8},"end":{"line":34,"column":27}},"6":{"start":{"line":42,"column":29},"end":{"line":42,"column":76}},"7":{"start":{"line":44,"column":28},"end":{"line":81,"column":13}},"8":{"start":{"line":83,"column":8},"end":{"line":83,"column":29}}},"fnMap":{"0":{"name":"(anonymous_0)","decl":{"start":{"line":14,"column":4},"end":{"line":14,"column":5}},"loc":{"start":{"line":14,"column":23},"end":{"line":22,"column":5}},"line":14},"1":{"name":"(anonymous_1)","decl":{"start":{"line":24,"column":4},"end":{"line":24,"column":5}},"loc":{"start":{"line":24,"column":41},"end":{"line":28,"column":5}},"line":24},"2":{"name":"(anonymous_2)","decl":{"start":{"line":30,"column":4},"end":{"line":30,"column":5}},"loc":{"start":{"line":30,"column":27},"end":{"line":35,"column":5}},"line":30},"3":{"name":"(anonymous_3)","decl":{"start":{"line":40,"column":4},"end":{"line":40,"column":5}},"loc":{"start":{"line":40,"column":13},"end":{"line":84,"column":5}},"line":40}},"branchMap":{"0":{"loc":{"start":{"line":44,"column":28},"end":{"line":81,"column":13}},"type":"cond-expr","locations":[{"start":{"line":45,"column":15},"end":{"line":67,"column":28}},{"start":{"line":68,"column":15},"end":{"line":80,"column":22}}],"line":44},"1":{"loc":{"start":{"line":47,"column":25},"end":{"line":48,"column":65}},"type":"binary-expr","locations":[{"start":{"line":47,"column":25},"end":{"line":47,"column":60}},{"start":{"line":48,"column":28},"end":{"line":48,"column":65}}],"line":47},"2":{"loc":{"start":{"line":50,"column":25},"end":{"line":51,"column":66}},"type":"binary-expr","locations":[{"start":{"line":50,"column":25},"end":{"line":50,"column":61}},{"start":{"line":51,"column":28},"end":{"line":51,"column":66}}],"line":50}},"s":{"0":9,"1":9,"2":9,"3":11,"4":1,"5":1,"6":20,"7":20,"8":20},"f":{"0":9,"1":11,"2":1,"3":20},"b":{"0":[19,1],"1":[19,18],"2":[19,1]},"_coverageSchema":"332fd63041d2c1bcb487cc26dd0d5f7d97098a6c","hash":"2d56b01f44e9e6f20fab64703d8c02923fe6604e"}
,"/usr/src/app/src/components/Sponsors.js": {"path":"/usr/src/app/src/components/Sponsors.js","statementMap":{"0":{"start":{"line":9,"column":8},"end":{"line":9,"column":16}},"1":{"start":{"line":13,"column":8},"end":{"line":47,"column":10}}},"fnMap":{"0":{"name":"(anonymous_0)","decl":{"start":{"line":8,"column":4},"end":{"line":8,"column":5}},"loc":{"start":{"line":8,"column":23},"end":{"line":10,"column":5}},"line":8},"1":{"name":"(anonymous_1)","decl":{"start":{"line":12,"column":4},"end":{"line":12,"column":5}},"loc":{"start":{"line":12,"column":13},"end":{"line":48,"column":5}},"line":12}},"branchMap":{},"s":{"0":19,"1":39},"f":{"0":19,"1":39},"b":{},"_coverageSchema":"332fd63041d2c1bcb487cc26dd0d5f7d97098a6c","hash":"3ce9bd697da2fe2508724aa8a991b66cd3711f44"}
,"/usr/src/app/src/components/Welcome.js": {"path":"/usr/src/app/src/components/Welcome.js","statementMap":{"0":{"start":{"line":22,"column":8},"end":{"line":22,"column":16}},"1":{"start":{"line":24,"column":8},"end":{"line":24,"column":67}},"2":{"start":{"line":25,"column":8},"end":{"line":25,"column":49}},"3":{"start":{"line":33,"column":8},"end":{"line":39,"column":11}},"4":{"start":{"line":41,"column":8},"end":{"line":41,"column":57}},"5":{"start":{"line":43,"column":8},"end":{"line":70,"column":9}},"6":{"start":{"line":44,"column":12},"end":{"line":47,"column":15}},"7":{"start":{"line":48,"column":12},"end":{"line":51,"column":15}},"8":{"start":{"line":52,"column":12},"end":{"line":55,"column":15}},"9":{"start":{"line":58,"column":13},"end":{"line":70,"column":9}},"10":{"start":{"line":59,"column":12},"end":{"line":62,"column":15}},"11":{"start":{"line":65,"column":13},"end":{"line":70,"column":9}},"12":{"start":{"line":66,"column":12},"end":{"line":69,"column":15}},"13":{"start":{"line":72,"column":8},"end":{"line":74,"column":11}},"14":{"start":{"line":81,"column":8},"end":{"line":81,"column":58}},"15":{"start":{"line":82,"column":8},"end":{"line":88,"column":11}},"16":{"start":{"line":95,"column":8},"end":{"line":139,"column":10}}},"fnMap":{"0":{"name":"(anonymous_0)","decl":{"start":{"line":21,"column":4},"end":{"line":21,"column":5}},"loc":{"start":{"line":21,"column":23},"end":{"line":26,"column":5}},"line":21},"1":{"name":"(anonymous_1)","decl":{"start":{"line":31,"column":4},"end":{"line":31,"column":5}},"loc":{"start":{"line":31,"column":25},"end":{"line":75,"column":5}},"line":31},"2":{"name":"(anonymous_2)","decl":{"start":{"line":80,"column":4},"end":{"line":80,"column":5}},"loc":{"start":{"line":80,"column":16},"end":{"line":89,"column":5}},"line":80},"3":{"name":"(anonymous_3)","decl":{"start":{"line":94,"column":4},"end":{"line":94,"column":5}},"loc":{"start":{"line":94,"column":13},"end":{"line":140,"column":5}},"line":94}},"branchMap":{"0":{"loc":{"start":{"line":43,"column":8},"end":{"line":70,"column":9}},"type":"if","locations":[{"start":{"line":43,"column":8},"end":{"line":70,"column":9}},{"start":{"line":43,"column":8},"end":{"line":70,"column":9}}],"line":43},"1":{"loc":{"start":{"line":58,"column":13},"end":{"line":70,"column":9}},"type":"if","locations":[{"start":{"line":58,"column":13},"end":{"line":70,"column":9}},{"start":{"line":58,"column":13},"end":{"line":70,"column":9}}],"line":58},"2":{"loc":{"start":{"line":65,"column":13},"end":{"line":70,"column":9}},"type":"if","locations":[{"start":{"line":65,"column":13},"end":{"line":70,"column":9}},{"start":{"line":65,"column":13},"end":{"line":70,"column":9}}],"line":65}},"s":{"0":12,"1":12,"2":12,"3":3,"4":3,"5":3,"6":1,"7":1,"8":1,"9":2,"10":1,"11":1,"12":1,"13":3,"14":1,"15":1,"16":22},"f":{"0":12,"1":3,"2":1,"3":22},"b":{"0":[1,2],"1":[1,1],"2":[1,0]},"_coverageSchema":"332fd63041d2c1bcb487cc26dd0d5f7d97098a6c","hash":"a9f402eceab34bfda6967d1f39de82d741886d62"}
,"/usr/src/app/src/components/map/Marker.js": {"path":"/usr/src/app/src/components/map/Marker.js","statementMap":{"0":{"start":{"line":14,"column":8},"end":{"line":14,"column":16}},"1":{"start":{"line":16,"column":8},"end":{"line":22,"column":10}},"2":{"start":{"line":25,"column":8},"end":{"line":25,"column":24}},"3":{"start":{"line":26,"column":8},"end":{"line":31,"column":11}},"4":{"start":{"line":32,"column":8},"end":{"line":37,"column":11}},"5":{"start":{"line":38,"column":8},"end":{"line":43,"column":11}},"6":{"start":{"line":45,"column":8},"end":{"line":45,"column":77}},"7":{"start":{"line":46,"column":8},"end":{"line":46,"column":67}},"8":{"start":{"line":47,"column":8},"end":{"line":47,"column":73}},"9":{"start":{"line":48,"column":8},"end":{"line":48,"column":73}},"10":{"start":{"line":52,"column":32},"end":{"line":52,"column":33}},"11":{"start":{"line":53,"column":8},"end":{"line":57,"column":10}},"12":{"start":{"line":54,"column":12},"end":{"line":56,"column":13}},"13":{"start":{"line":55,"column":16},"end":{"line":55,"column":40}},"14":{"start":{"line":59,"column":8},"end":{"line":64,"column":11}},"15":{"start":{"line":72,"column":8},"end":{"line":72,"column":41}},"16":{"start":{"line":75,"column":8},"end":{"line":90,"column":11}},"17":{"start":{"line":81,"column":12},"end":{"line":81,"column":47}},"18":{"start":{"line":84,"column":12},"end":{"line":89,"column":15}},"19":{"start":{"line":99,"column":8},"end":{"line":99,"column":40}},"20":{"start":{"line":103,"column":8},"end":{"line":118,"column":9}},"21":{"start":{"line":105,"column":12},"end":{"line":108,"column":15}},"22":{"start":{"line":110,"column":12},"end":{"line":110,"column":47}},"23":{"start":{"line":112,"column":12},"end":{"line":117,"column":15}},"24":{"start":{"line":125,"column":25},"end":{"line":125,"column":84}},"25":{"start":{"line":126,"column":8},"end":{"line":126,"column":40}},"26":{"start":{"line":127,"column":8},"end":{"line":127,"column":27}},"27":{"start":{"line":134,"column":25},"end":{"line":134,"column":84}},"28":{"start":{"line":135,"column":8},"end":{"line":135,"column":40}},"29":{"start":{"line":136,"column":8},"end":{"line":136,"column":27}},"30":{"start":{"line":146,"column":8},"end":{"line":149,"column":11}},"31":{"start":{"line":150,"column":8},"end":{"line":152,"column":11}},"32":{"start":{"line":154,"column":8},"end":{"line":164,"column":11}},"33":{"start":{"line":155,"column":12},"end":{"line":163,"column":15}},"34":{"start":{"line":156,"column":16},"end":{"line":156,"column":52}},"35":{"start":{"line":158,"column":16},"end":{"line":158,"column":50}},"36":{"start":{"line":159,"column":16},"end":{"line":162,"column":19}},"37":{"start":{"line":172,"column":8},"end":{"line":172,"column":36}},"38":{"start":{"line":173,"column":8},"end":{"line":178,"column":11}},"39":{"start":{"line":185,"column":28},"end":{"line":185,"column":72}},"40":{"start":{"line":186,"column":23},"end":{"line":186,"column":40}},"41":{"start":{"line":187,"column":32},"end":{"line":187,"column":78}},"42":{"start":{"line":188,"column":25},"end":{"line":188,"column":78}},"43":{"start":{"line":191,"column":19},"end":{"line":191,"column":40}},"44":{"start":{"line":192,"column":8},"end":{"line":197,"column":9}},"45":{"start":{"line":193,"column":12},"end":{"line":193,"column":43}},"46":{"start":{"line":195,"column":13},"end":{"line":197,"column":9}},"47":{"start":{"line":196,"column":12},"end":{"line":196,"column":40}},"48":{"start":{"line":200,"column":26},"end":{"line":200,"column":67}},"49":{"start":{"line":204,"column":12},"end":{"line":222,"column":17}},"50":{"start":{"line":225,"column":8},"end":{"line":273,"column":10}},"51":{"start":{"line":229,"column":30},"end":{"line":229,"column":72}},"52":{"start":{"line":249,"column":40},"end":{"line":251,"column":41}},"53":{"start":{"line":250,"column":44},"end":{"line":250,"column":58}},"54":{"start":{"line":252,"column":40},"end":{"line":254,"column":47}},"55":{"start":{"line":258,"column":73},"end":{"line":258,"column":120}}},"fnMap":{"0":{"name":"(anonymous_0)","decl":{"start":{"line":13,"column":4},"end":{"line":13,"column":5}},"loc":{"start":{"line":13,"column":23},"end":{"line":49,"column":5}},"line":13},"1":{"name":"(anonymous_1)","decl":{"start":{"line":51,"column":4},"end":{"line":51,"column":5}},"loc":{"start":{"line":51,"column":41},"end":{"line":65,"column":5}},"line":51},"2":{"name":"(anonymous_2)","decl":{"start":{"line":53,"column":43},"end":{"line":53,"column":44}},"loc":{"start":{"line":53,"column":62},"end":{"line":57,"column":9}},"line":53},"3":{"name":"(anonymous_3)","decl":{"start":{"line":71,"column":4},"end":{"line":71,"column":5}},"loc":{"start":{"line":71,"column":40},"end":{"line":91,"column":5}},"line":71},"4":{"name":"(anonymous_4)","decl":{"start":{"line":80,"column":16},"end":{"line":80,"column":17}},"loc":{"start":{"line":80,"column":22},"end":{"line":90,"column":9}},"line":80},"5":{"name":"(anonymous_5)","decl":{"start":{"line":97,"column":4},"end":{"line":97,"column":5}},"loc":{"start":{"line":97,"column":35},"end":{"line":119,"column":5}},"line":97},"6":{"name":"(anonymous_6)","decl":{"start":{"line":124,"column":4},"end":{"line":124,"column":5}},"loc":{"start":{"line":124,"column":28},"end":{"line":128,"column":5}},"line":124},"7":{"name":"(anonymous_7)","decl":{"start":{"line":133,"column":4},"end":{"line":133,"column":5}},"loc":{"start":{"line":133,"column":28},"end":{"line":137,"column":5}},"line":133},"8":{"name":"(anonymous_8)","decl":{"start":{"line":145,"column":4},"end":{"line":145,"column":5}},"loc":{"start":{"line":145,"column":34},"end":{"line":165,"column":5}},"line":145},"9":{"name":"(anonymous_9)","decl":{"start":{"line":154,"column":117},"end":{"line":154,"column":118}},"loc":{"start":{"line":154,"column":128},"end":{"line":164,"column":9}},"line":154},"10":{"name":"(anonymous_10)","decl":{"start":{"line":155,"column":95},"end":{"line":155,"column":96}},"loc":{"start":{"line":155,"column":108},"end":{"line":163,"column":13}},"line":155},"11":{"name":"(anonymous_11)","decl":{"start":{"line":170,"column":4},"end":{"line":170,"column":5}},"loc":{"start":{"line":170,"column":31},"end":{"line":179,"column":5}},"line":170},"12":{"name":"(anonymous_12)","decl":{"start":{"line":184,"column":4},"end":{"line":184,"column":5}},"loc":{"start":{"line":184,"column":13},"end":{"line":274,"column":5}},"line":184},"13":{"name":"(anonymous_13)","decl":{"start":{"line":229,"column":25},"end":{"line":229,"column":26}},"loc":{"start":{"line":229,"column":30},"end":{"line":229,"column":72}},"line":229},"14":{"name":"(anonymous_14)","decl":{"start":{"line":248,"column":60},"end":{"line":248,"column":61}},"loc":{"start":{"line":248,"column":75},"end":{"line":255,"column":37}},"line":248},"15":{"name":"(anonymous_15)","decl":{"start":{"line":258,"column":68},"end":{"line":258,"column":69}},"loc":{"start":{"line":258,"column":73},"end":{"line":258,"column":120}},"line":258}},"branchMap":{"0":{"loc":{"start":{"line":54,"column":12},"end":{"line":56,"column":13}},"type":"if","locations":[{"start":{"line":54,"column":12},"end":{"line":56,"column":13}},{"start":{"line":54,"column":12},"end":{"line":56,"column":13}}],"line":54},"1":{"loc":{"start":{"line":103,"column":8},"end":{"line":118,"column":9}},"type":"if","locations":[{"start":{"line":103,"column":8},"end":{"line":118,"column":9}},{"start":{"line":103,"column":8},"end":{"line":118,"column":9}}],"line":103},"2":{"loc":{"start":{"line":192,"column":8},"end":{"line":197,"column":9}},"type":"if","locations":[{"start":{"line":192,"column":8},"end":{"line":197,"column":9}},{"start":{"line":192,"column":8},"end":{"line":197,"column":9}}],"line":192},"3":{"loc":{"start":{"line":195,"column":13},"end":{"line":197,"column":9}},"type":"if","locations":[{"start":{"line":195,"column":13},"end":{"line":197,"column":9}},{"start":{"line":195,"column":13},"end":{"line":197,"column":9}}],"line":195},"4":{"loc":{"start":{"line":205,"column":17},"end":{"line":210,"column":25}},"type":"binary-expr","locations":[{"start":{"line":205,"column":17},"end":{"line":205,"column":49}},{"start":{"line":206,"column":20},"end":{"line":210,"column":25}}],"line":205},"5":{"loc":{"start":{"line":212,"column":17},"end":{"line":213,"column":104}},"type":"binary-expr","locations":[{"start":{"line":212,"column":17},"end":{"line":212,"column":44}},{"start":{"line":213,"column":20},"end":{"line":213,"column":104}}],"line":212},"6":{"loc":{"start":{"line":215,"column":17},"end":{"line":220,"column":25}},"type":"binary-expr","locations":[{"start":{"line":215,"column":17},"end":{"line":215,"column":44}},{"start":{"line":215,"column":48},"end":{"line":215,"column":106}},{"start":{"line":216,"column":20},"end":{"line":220,"column":25}}],"line":215},"7":{"loc":{"start":{"line":231,"column":17},"end":{"line":239,"column":30}},"type":"binary-expr","locations":[{"start":{"line":231,"column":17},"end":{"line":231,"column":45}},{"start":{"line":232,"column":20},"end":{"line":239,"column":30}}],"line":231},"8":{"loc":{"start":{"line":235,"column":29},"end":{"line":236,"column":50}},"type":"binary-expr","locations":[{"start":{"line":235,"column":29},"end":{"line":235,"column":56}},{"start":{"line":236,"column":32},"end":{"line":236,"column":50}}],"line":235},"9":{"loc":{"start":{"line":243,"column":25},"end":{"line":268,"column":34}},"type":"binary-expr","locations":[{"start":{"line":243,"column":25},"end":{"line":243,"column":37}},{"start":{"line":244,"column":28},"end":{"line":268,"column":34}}],"line":243},"10":{"loc":{"start":{"line":249,"column":40},"end":{"line":251,"column":41}},"type":"if","locations":[{"start":{"line":249,"column":40},"end":{"line":251,"column":41}},{"start":{"line":249,"column":40},"end":{"line":251,"column":41}}],"line":249},"11":{"loc":{"start":{"line":260,"column":37},"end":{"line":261,"column":86}},"type":"binary-expr","locations":[{"start":{"line":260,"column":37},"end":{"line":260,"column":57}},{"start":{"line":261,"column":40},"end":{"line":261,"column":86}}],"line":260},"12":{"loc":{"start":{"line":265,"column":33},"end":{"line":266,"column":92}},"type":"binary-expr","locations":[{"start":{"line":265,"column":33},"end":{"line":265,"column":60}},{"start":{"line":266,"column":36},"end":{"line":266,"column":92}}],"line":265}},"s":{"0":30,"1":30,"2":30,"3":30,"4":30,"5":30,"6":30,"7":30,"8":30,"9":30,"10":70,"11":70,"12":70,"13":0,"14":70,"15":0,"16":0,"17":0,"18":0,"19":0,"20":0,"21":0,"22":0,"23":0,"24":0,"25":0,"26":0,"27":0,"28":0,"29":0,"30":0,"31":0,"32":0,"33":0,"34":0,"35":0,"36":0,"37":0,"38":0,"39":100,"40":100,"41":100,"42":100,"43":100,"44":100,"45":0,"46":100,"47":100,"48":100,"49":100,"50":100,"51":0,"52":700,"53":330,"54":370,"55":0},"f":{"0":30,"1":70,"2":70,"3":0,"4":0,"5":0,"6":0,"7":0,"8":0,"9":0,"10":0,"11":0,"12":100,"13":0,"14":700,"15":0},"b":{"0":[0,70],"1":[0,0],"2":[0,100],"3":[100,0],"4":[100,0],"5":[100,0],"6":[100,0,0],"7":[100,100],"8":[100,0],"9":[100,100],"10":[330,370],"11":[100,0],"12":[100,0]},"_coverageSchema":"332fd63041d2c1bcb487cc26dd0d5f7d97098a6c","hash":"e3a6abe1e42188b11b1c8b93c779bdd29459b2d3"}
,"/usr/src/app/src/components/sidebar/Results.js": {"path":"/usr/src/app/src/components/sidebar/Results.js","statementMap":{"0":{"start":{"line":13,"column":8},"end":{"line":13,"column":16}},"1":{"start":{"line":15,"column":8},"end":{"line":19,"column":9}},"2":{"start":{"line":21,"column":8},"end":{"line":21,"column":69}},"3":{"start":{"line":22,"column":8},"end":{"line":22,"column":67}},"4":{"start":{"line":26,"column":8},"end":{"line":30,"column":11}},"5":{"start":{"line":34,"column":8},"end":{"line":36,"column":10}},"6":{"start":{"line":35,"column":12},"end":{"line":35,"column":28}},"7":{"start":{"line":46,"column":26},"end":{"line":46,"column":60}},"8":{"start":{"line":47,"column":8},"end":{"line":50,"column":10}},"9":{"start":{"line":58,"column":8},"end":{"line":61,"column":11}},"10":{"start":{"line":62,"column":8},"end":{"line":65,"column":11}},"11":{"start":{"line":66,"column":8},"end":{"line":66,"column":27}},"12":{"start":{"line":74,"column":8},"end":{"line":76,"column":11}},"13":{"start":{"line":78,"column":8},"end":{"line":81,"column":11}},"14":{"start":{"line":83,"column":8},"end":{"line":85,"column":11}},"15":{"start":{"line":86,"column":8},"end":{"line":86,"column":27}},"16":{"start":{"line":94,"column":8},"end":{"line":96,"column":11}},"17":{"start":{"line":98,"column":8},"end":{"line":101,"column":11}},"18":{"start":{"line":103,"column":8},"end":{"line":105,"column":11}},"19":{"start":{"line":107,"column":8},"end":{"line":112,"column":10}},"20":{"start":{"line":108,"column":12},"end":{"line":108,"column":34}},"21":{"start":{"line":109,"column":12},"end":{"line":111,"column":14}},"22":{"start":{"line":110,"column":16},"end":{"line":110,"column":32}},"23":{"start":{"line":113,"column":8},"end":{"line":113,"column":27}},"24":{"start":{"line":120,"column":26},"end":{"line":120,"column":67}},"25":{"start":{"line":121,"column":31},"end":{"line":121,"column":83}},"26":{"start":{"line":122,"column":29},"end":{"line":122,"column":74}},"27":{"start":{"line":123,"column":29},"end":{"line":123,"column":74}},"28":{"start":{"line":124,"column":57},"end":{"line":124,"column":62}},"29":{"start":{"line":125,"column":26},"end":{"line":125,"column":64}},"30":{"start":{"line":129,"column":12},"end":{"line":150,"column":17}},"31":{"start":{"line":154,"column":12},"end":{"line":156,"column":21}},"32":{"start":{"line":160,"column":29},"end":{"line":162,"column":10}},"33":{"start":{"line":161,"column":12},"end":{"line":161,"column":44}},"34":{"start":{"line":165,"column":8},"end":{"line":173,"column":11}},"35":{"start":{"line":166,"column":12},"end":{"line":169,"column":13}},"36":{"start":{"line":167,"column":34},"end":{"line":167,"column":63}},"37":{"start":{"line":168,"column":16},"end":{"line":168,"column":73}},"38":{"start":{"line":170,"column":12},"end":{"line":172,"column":13}},"39":{"start":{"line":171,"column":16},"end":{"line":171,"column":67}},"40":{"start":{"line":174,"column":27},"end":{"line":174,"column":76}},"41":{"start":{"line":176,"column":8},"end":{"line":281,"column":10}},"42":{"start":{"line":206,"column":53},"end":{"line":206,"column":104}},"43":{"start":{"line":214,"column":44},"end":{"line":216,"column":45}},"44":{"start":{"line":215,"column":48},"end":{"line":215,"column":62}},"45":{"start":{"line":217,"column":44},"end":{"line":219,"column":51}},"46":{"start":{"line":234,"column":20},"end":{"line":263,"column":21}},"47":{"start":{"line":235,"column":24},"end":{"line":235,"column":52}},"48":{"start":{"line":236,"column":24},"end":{"line":245,"column":26}},"49":{"start":{"line":247,"column":25},"end":{"line":263,"column":21}},"50":{"start":{"line":248,"column":24},"end":{"line":248,"column":52}},"51":{"start":{"line":249,"column":24},"end":{"line":258,"column":26}},"52":{"start":{"line":260,"column":24},"end":{"line":262,"column":26}}},"fnMap":{"0":{"name":"(anonymous_0)","decl":{"start":{"line":12,"column":4},"end":{"line":12,"column":5}},"loc":{"start":{"line":12,"column":23},"end":{"line":23,"column":5}},"line":12},"1":{"name":"(anonymous_1)","decl":{"start":{"line":25,"column":4},"end":{"line":25,"column":5}},"loc":{"start":{"line":25,"column":41},"end":{"line":31,"column":5}},"line":25},"2":{"name":"(anonymous_2)","decl":{"start":{"line":33,"column":4},"end":{"line":33,"column":5}},"loc":{"start":{"line":33,"column":24},"end":{"line":37,"column":5}},"line":33},"3":{"name":"(anonymous_3)","decl":{"start":{"line":34,"column":91},"end":{"line":34,"column":92}},"loc":{"start":{"line":34,"column":104},"end":{"line":36,"column":9}},"line":34},"4":{"name":"(anonymous_4)","decl":{"start":{"line":45,"column":4},"end":{"line":45,"column":5}},"loc":{"start":{"line":45,"column":30},"end":{"line":51,"column":5}},"line":45},"5":{"name":"(anonymous_5)","decl":{"start":{"line":56,"column":4},"end":{"line":56,"column":5}},"loc":{"start":{"line":56,"column":26},"end":{"line":67,"column":5}},"line":56},"6":{"name":"(anonymous_6)","decl":{"start":{"line":72,"column":4},"end":{"line":72,"column":5}},"loc":{"start":{"line":72,"column":25},"end":{"line":87,"column":5}},"line":72},"7":{"name":"(anonymous_7)","decl":{"start":{"line":92,"column":4},"end":{"line":92,"column":5}},"loc":{"start":{"line":92,"column":25},"end":{"line":114,"column":5}},"line":92},"8":{"name":"(anonymous_8)","decl":{"start":{"line":107,"column":91},"end":{"line":107,"column":92}},"loc":{"start":{"line":107,"column":104},"end":{"line":112,"column":9}},"line":107},"9":{"name":"(anonymous_9)","decl":{"start":{"line":109,"column":95},"end":{"line":109,"column":96}},"loc":{"start":{"line":109,"column":108},"end":{"line":111,"column":13}},"line":109},"10":{"name":"(anonymous_10)","decl":{"start":{"line":119,"column":4},"end":{"line":119,"column":5}},"loc":{"start":{"line":119,"column":13},"end":{"line":282,"column":5}},"line":119},"11":{"name":"(anonymous_11)","decl":{"start":{"line":160,"column":44},"end":{"line":160,"column":45}},"loc":{"start":{"line":160,"column":56},"end":{"line":162,"column":9}},"line":160},"12":{"name":"(anonymous_12)","decl":{"start":{"line":165,"column":26},"end":{"line":165,"column":27}},"loc":{"start":{"line":165,"column":36},"end":{"line":173,"column":9}},"line":165},"13":{"name":"(anonymous_13)","decl":{"start":{"line":206,"column":41},"end":{"line":206,"column":42}},"loc":{"start":{"line":206,"column":51},"end":{"line":206,"column":106}},"line":206},"14":{"name":"(anonymous_14)","decl":{"start":{"line":213,"column":64},"end":{"line":213,"column":65}},"loc":{"start":{"line":213,"column":79},"end":{"line":220,"column":41}},"line":213},"15":{"name":"(anonymous_15)","decl":{"start":{"line":233,"column":42},"end":{"line":233,"column":43}},"loc":{"start":{"line":233,"column":61},"end":{"line":264,"column":17}},"line":233}},"branchMap":{"0":{"loc":{"start":{"line":130,"column":17},"end":{"line":135,"column":25}},"type":"binary-expr","locations":[{"start":{"line":130,"column":17},"end":{"line":130,"column":33}},{"start":{"line":131,"column":20},"end":{"line":135,"column":25}}],"line":130},"1":{"loc":{"start":{"line":143,"column":17},"end":{"line":148,"column":25}},"type":"binary-expr","locations":[{"start":{"line":143,"column":17},"end":{"line":143,"column":63}},{"start":{"line":144,"column":20},"end":{"line":148,"column":25}}],"line":143},"2":{"loc":{"start":{"line":166,"column":12},"end":{"line":169,"column":13}},"type":"if","locations":[{"start":{"line":166,"column":12},"end":{"line":169,"column":13}},{"start":{"line":166,"column":12},"end":{"line":169,"column":13}}],"line":166},"3":{"loc":{"start":{"line":170,"column":12},"end":{"line":172,"column":13}},"type":"if","locations":[{"start":{"line":170,"column":12},"end":{"line":172,"column":13}},{"start":{"line":170,"column":12},"end":{"line":172,"column":13}}],"line":170},"4":{"loc":{"start":{"line":183,"column":17},"end":{"line":186,"column":26}},"type":"binary-expr","locations":[{"start":{"line":183,"column":17},"end":{"line":183,"column":35}},{"start":{"line":184,"column":20},"end":{"line":186,"column":26}}],"line":183},"5":{"loc":{"start":{"line":188,"column":17},"end":{"line":225,"column":26}},"type":"binary-expr","locations":[{"start":{"line":188,"column":17},"end":{"line":188,"column":26}},{"start":{"line":189,"column":20},"end":{"line":225,"column":26}}],"line":188},"6":{"loc":{"start":{"line":206,"column":25},"end":{"line":223,"column":34}},"type":"binary-expr","locations":[{"start":{"line":206,"column":26},"end":{"line":206,"column":107}},{"start":{"line":207,"column":28},"end":{"line":223,"column":34}}],"line":206},"7":{"loc":{"start":{"line":206,"column":60},"end":{"line":206,"column":104}},"type":"binary-expr","locations":[{"start":{"line":206,"column":60},"end":{"line":206,"column":84}},{"start":{"line":206,"column":88},"end":{"line":206,"column":104}}],"line":206},"8":{"loc":{"start":{"line":214,"column":44},"end":{"line":216,"column":45}},"type":"if","locations":[{"start":{"line":214,"column":44},"end":{"line":216,"column":45}},{"start":{"line":214,"column":44},"end":{"line":216,"column":45}}],"line":214},"9":{"loc":{"start":{"line":227,"column":17},"end":{"line":231,"column":26}},"type":"binary-expr","locations":[{"start":{"line":227,"column":18},"end":{"line":227,"column":27}},{"start":{"line":227,"column":31},"end":{"line":227,"column":63}},{"start":{"line":228,"column":20},"end":{"line":231,"column":26}}],"line":227},"10":{"loc":{"start":{"line":234,"column":20},"end":{"line":263,"column":21}},"type":"if","locations":[{"start":{"line":234,"column":20},"end":{"line":263,"column":21}},{"start":{"line":234,"column":20},"end":{"line":263,"column":21}}],"line":234},"11":{"loc":{"start":{"line":234,"column":24},"end":{"line":234,"column":73}},"type":"binary-expr","locations":[{"start":{"line":234,"column":24},"end":{"line":234,"column":45}},{"start":{"line":234,"column":49},"end":{"line":234,"column":73}}],"line":234},"12":{"loc":{"start":{"line":247,"column":25},"end":{"line":263,"column":21}},"type":"if","locations":[{"start":{"line":247,"column":25},"end":{"line":263,"column":21}},{"start":{"line":247,"column":25},"end":{"line":263,"column":21}}],"line":247},"13":{"loc":{"start":{"line":247,"column":29},"end":{"line":247,"column":78}},"type":"binary-expr","locations":[{"start":{"line":247,"column":29},"end":{"line":247,"column":50}},{"start":{"line":247,"column":54},"end":{"line":247,"column":78}}],"line":247},"14":{"loc":{"start":{"line":266,"column":17},"end":{"line":269,"column":26}},"type":"binary-expr","locations":[{"start":{"line":266,"column":17},"end":{"line":266,"column":46}},{"start":{"line":267,"column":20},"end":{"line":269,"column":26}}],"line":266},"15":{"loc":{"start":{"line":272,"column":17},"end":{"line":278,"column":26}},"type":"binary-expr","locations":[{"start":{"line":272,"column":17},"end":{"line":272,"column":48}},{"start":{"line":273,"column":20},"end":{"line":278,"column":26}}],"line":272}},"s":{"0":3,"1":3,"2":3,"3":3,"4":0,"5":3,"6":0,"7":3,"8":3,"9":0,"10":0,"11":0,"12":0,"13":0,"14":0,"15":0,"16":0,"17":0,"18":0,"19":0,"20":0,"21":0,"22":0,"23":0,"24":3,"25":3,"26":3,"27":3,"28":3,"29":3,"30":3,"31":3,"32":3,"33":3,"34":3,"35":24,"36":12,"37":12,"38":24,"39":9,"40":3,"41":3,"42":24,"43":0,"44":0,"45":0,"46":30,"47":0,"48":0,"49":30,"50":0,"51":0,"52":30},"f":{"0":3,"1":0,"2":3,"3":0,"4":3,"5":0,"6":0,"7":0,"8":0,"9":0,"10":3,"11":3,"12":24,"13":24,"14":0,"15":30},"b":{"0":[3,0],"1":[3,0],"2":[12,12],"3":[9,15],"4":[3,0],"5":[3,3],"6":[3,0],"7":[24,21],"8":[0,0],"9":[3,3,0],"10":[0,30],"11":[30,30],"12":[0,30],"13":[30,30],"14":[3,0],"15":[3,3]},"_coverageSchema":"332fd63041d2c1bcb487cc26dd0d5f7d97098a6c","hash":"9d481ba5940016834003e5687176619cab1579e0"}
[...]
mn":12},"end":{"line":48,"column":24}},"15":{"start":{"line":52,"column":8},"end":{"line":57,"column":9}},"16":{"start":{"line":53,"column":12},"end":{"line":53,"column":36}},"17":{"start":{"line":56,"column":12},"end":{"line":56,"column":24}},"18":{"start":{"line":59,"column":8},"end":{"line":65,"column":9}},"19":{"start":{"line":63,"column":12},"end":{"line":63,"column":29}},"20":{"start":{"line":64,"column":12},"end":{"line":64,"column":24}},"21":{"start":{"line":67,"column":20},"end":{"line":67,"column":30}},"22":{"start":{"line":68,"column":8},"end":{"line":73,"column":9}},"23":{"start":{"line":71,"column":12},"end":{"line":71,"column":29}},"24":{"start":{"line":72,"column":12},"end":{"line":72,"column":24}},"25":{"start":{"line":74,"column":8},"end":{"line":74,"column":24}},"26":{"start":{"line":82,"column":8},"end":{"line":82,"column":34}},"27":{"start":{"line":82,"column":27},"end":{"line":82,"column":34}},"28":{"start":{"line":84,"column":8},"end":{"line":84,"column":37}}},"fnMap":{"0":{"name":"(anonymous_0)","decl":{"start":{"line":8,"column":4},"end":{"line":8,"column":5}},"loc":{"start":{"line":8,"column":18},"end":{"line":17,"column":5}},"line":8},"1":{"name":"(anonymous_1)","decl":{"start":{"line":25,"column":4},"end":{"line":25,"column":5}},"loc":{"start":{"line":25,"column":20},"end":{"line":35,"column":5}},"line":25},"2":{"name":"(anonymous_2)","decl":{"start":{"line":43,"column":4},"end":{"line":43,"column":5}},"loc":{"start":{"line":43,"column":13},"end":{"line":75,"column":5}},"line":43},"3":{"name":"(anonymous_3)","decl":{"start":{"line":81,"column":4},"end":{"line":81,"column":5}},"loc":{"start":{"line":81,"column":16},"end":{"line":85,"column":5}},"line":81}},"branchMap":{"0":{"loc":{"start":{"line":1,"column":10},"end":{"line":1,"column":46}},"type":"binary-expr","locations":[{"start":{"line":1,"column":10},"end":{"line":1,"column":30}},{"start":{"line":1,"column":34},"end":{"line":1,"column":46}}],"line":1},"1":{"loc":{"start":{"line":26,"column":8},"end":{"line":26,"column":34}},"type":"if","locations":[{"start":{"line":26,"column":8},"end":{"line":26,"column":34}},{"start":{"line":26,"column":8},"end":{"line":26,"column":34}}],"line":26},"2":{"loc":{"start":{"line":44,"column":8},"end":{"line":44,"column":39}},"type":"if","locations":[{"start":{"line":44,"column":8},"end":{"line":44,"column":39}},{"start":{"line":44,"column":8},"end":{"line":44,"column":39}}],"line":44},"3":{"loc":{"start":{"line":47,"column":8},"end":{"line":49,"column":9}},"type":"if","locations":[{"start":{"line":47,"column":8},"end":{"line":49,"column":9}},{"start":{"line":47,"column":8},"end":{"line":49,"column":9}}],"line":47},"4":{"loc":{"start":{"line":59,"column":8},"end":{"line":65,"column":9}},"type":"if","locations":[{"start":{"line":59,"column":8},"end":{"line":65,"column":9}},{"start":{"line":59,"column":8},"end":{"line":65,"column":9}}],"line":59},"5":{"loc":{"start":{"line":59,"column":12},"end":{"line":61,"column":39}},"type":"binary-expr","locations":[{"start":{"line":59,"column":12},"end":{"line":59,"column":42}},{"start":{"line":60,"column":12},"end":{"line":60,"column":39}},{"start":{"line":61,"column":12},"end":{"line":61,"column":39}}],"line":59},"6":{"loc":{"start":{"line":68,"column":8},"end":{"line":73,"column":9}},"type":"if","locations":[{"start":{"line":68,"column":8},"end":{"line":73,"column":9}},{"start":{"line":68,"column":8},"end":{"line":73,"column":9}}],"line":68},"7":{"loc":{"start":{"line":68,"column":12},"end":{"line":69,"column":59}},"type":"binary-expr","locations":[{"start":{"line":68,"column":12},"end":{"line":68,"column":39}},{"start":{"line":69,"column":12},"end":{"line":69,"column":59}}],"line":68},"8":{"loc":{"start":{"line":82,"column":8},"end":{"line":82,"column":34}},"type":"if","locations":[{"start":{"line":82,"column":8},"end":{"line":82,"column":34}},{"start":{"line":82,"column":8},"end":{"line":82,"column":34}}],"line":82}},"s":{"0":8,"1":8,"2":24,"3":24,"4":24,"5":14,"6":14,"7":0,"8":0,"9":0,"10":14,"11":14,"12":0,"13":0,"14":0,"15":0,"16":0,"17":0,"18":0,"19":0,"20":0,"21":0,"22":0,"23":0,"24":0,"25":0,"26":0,"27":0,"28":0},"f":{"0":24,"1":14,"2":14,"3":0},"b":{"0":[8,0],"1":[14,0],"2":[14,0],"3":[0,0],"4":[0,0],"5":[0,0,0],"6":[0,0],"7":[0,0],"8":[0,0]},"_coverageSchema":"332fd63041d2c1bcb487cc26dd0d5f7d97098a6c","hash":"dc581faa7a27440eee6979873b057863874d5c88"}
,"/usr/src/app/src/utils/Logger.js": {"path":"/usr/src/app/src/utils/Logger.js","statementMap":{"0":{"start":{"line":10,"column":8},"end":{"line":10,"column":25}},"1":{"start":{"line":11,"column":8},"end":{"line":11,"column":43}},"2":{"start":{"line":12,"column":8},"end":{"line":12,"column":26}},"3":{"start":{"line":20,"column":8},"end":{"line":22,"column":9}},"4":{"start":{"line":21,"column":12},"end":{"line":21,"column":42}},"5":{"start":{"line":24,"column":8},"end":{"line":31,"column":9}},"6":{"start":{"line":28,"column":16},"end":{"line":28,"column":22}},"7":{"start":{"line":30,"column":16},"end":{"line":30,"column":71}},"8":{"start":{"line":33,"column":8},"end":{"line":33,"column":56}},"9":{"start":{"line":35,"column":8},"end":{"line":41,"column":9}},"10":{"start":{"line":36,"column":12},"end":{"line":40,"column":13}},"11":{"start":{"line":37,"column":16},"end":{"line":37,"column":68}},"12":{"start":{"line":38,"column":19},"end":{"line":40,"column":13}},"13":{"start":{"line":39,"column":16},"end":{"line":39,"column":66}},"14":{"start":{"line":48,"column":8},"end":{"line":50,"column":11}},"15":{"start":{"line":49,"column":12},"end":{"line":49,"column":42}},"16":{"start":{"line":57,"column":8},"end":{"line":59,"column":11}},"17":{"start":{"line":58,"column":12},"end":{"line":58,"column":42}}},"fnMap":{"0":{"name":"(anonymous_0)","decl":{"start":{"line":8,"column":4},"end":{"line":8,"column":5}},"loc":{"start":{"line":9,"column":4},"end":{"line":13,"column":5}},"line":9},"1":{"name":"(anonymous_1)","decl":{"start":{"line":18,"column":4},"end":{"line":18,"column":5}},"loc":{"start":{"line":19,"column":4},"end":{"line":42,"column":5}},"line":19},"2":{"name":"(anonymous_2)","decl":{"start":{"line":47,"column":4},"end":{"line":47,"column":5}},"loc":{"start":{"line":47,"column":15},"end":{"line":51,"column":5}},"line":47},"3":{"name":"(anonymous_3)","decl":{"start":{"line":48,"column":33},"end":{"line":48,"column":34}},"loc":{"start":{"line":48,"column":46},"end":{"line":50,"column":9}},"line":48},"4":{"name":"(anonymous_4)","decl":{"start":{"line":56,"column":4},"end":{"line":56,"column":5}},"loc":{"start":{"line":56,"column":16},"end":{"line":60,"column":5}},"line":56},"5":{"name":"(anonymous_5)","decl":{"start":{"line":57,"column":35},"end":{"line":57,"column":36}},"loc":{"start":{"line":57,"column":43},"end":{"line":59,"column":9}},"line":57}},"branchMap":{"0":{"loc":{"start":{"line":8,"column":16},"end":{"line":8,"column":35}},"type":"default-arg","locations":[{"start":{"line":8,"column":23},"end":{"line":8,"column":35}}],"line":8},"1":{"loc":{"start":{"line":8,"column":37},"end":{"line":8,"column":59}},"type":"default-arg","locations":[{"start":{"line":8,"column":53},"end":{"line":8,"column":59}}],"line":8},"2":{"loc":{"start":{"line":18,"column":17},"end":{"line":18,"column":29}},"type":"default-arg","locations":[{"start":{"line":18,"column":27},"end":{"line":18,"column":29}}],"line":18},"3":{"loc":{"start":{"line":18,"column":31},"end":{"line":18,"column":46}},"type":"default-arg","locations":[{"start":{"line":18,"column":42},"end":{"line":18,"column":46}}],"line":18},"4":{"loc":{"start":{"line":20,"column":8},"end":{"line":22,"column":9}},"type":"if","locations":[{"start":{"line":20,"column":8},"end":{"line":22,"column":9}},{"start":{"line":20,"column":8},"end":{"line":22,"column":9}}],"line":20},"5":{"loc":{"start":{"line":24,"column":8},"end":{"line":31,"column":9}},"type":"switch","locations":[{"start":{"line":25,"column":12},"end":{"line":25,"column":24}},{"start":{"line":26,"column":12},"end":{"line":26,"column":24}},{"start":{"line":27,"column":12},"end":{"line":28,"column":22}},{"start":{"line":29,"column":12},"end":{"line":30,"column":71}}],"line":24},"6":{"loc":{"start":{"line":35,"column":8},"end":{"line":41,"column":9}},"type":"if","locations":[{"start":{"line":35,"column":8},"end":{"line":41,"column":9}},{"start":{"line":35,"column":8},"end":{"line":41,"column":9}}],"line":35},"7":{"loc":{"start":{"line":36,"column":12},"end":{"line":40,"column":13}},"type":"if","locations":[{"start":{"line":36,"column":12},"end":{"line":40,"column":13}},{"start":{"line":36,"column":12},"end":{"line":40,"column":13}}],"line":36},"8":{"loc":{"start":{"line":38,"column":19},"end":{"line":40,"column":13}},"type":"if","locations":[{"start":{"line":38,"column":19},"end":{"line":40,"column":13}},{"start":{"line":38,"column":19},"end":{"line":40,"column":13}}],"line":38}},"s":{"0":26,"1":26,"2":26,"3":105,"4":104,"5":105,"6":105,"7":0,"8":105,"9":105,"10":105,"11":1,"12":104,"13":0,"14":21,"15":121,"16":1,"17":1},"f":{"0":26,"1":105,"2":21,"3":121,"4":1,"5":1},"b":{"0":[26],"1":[26],"2":[0],"3":[104],"4":[104,1],"5":[104,104,105,0],"6":[105,0],"7":[1,104],"8":[0,104]},"_coverageSchema":"332fd63041d2c1bcb487cc26dd0d5f7d97098a6c","hash":"e32b7c1aa91963c6af6356dd7e6dc173c0310422"}
,"/usr/src/app/src/utils/RDF.js": {"path":"/usr/src/app/src/utils/RDF.js","statementMap":{"0":{"start":{"line":5,"column":27},"end":{"line":7,"column":1}},"1":{"start":{"line":6,"column":4},"end":{"line":6,"column":52}},"2":{"start":{"line":9,"column":27},"end":{"line":23,"column":1}},"3":{"start":{"line":10,"column":21},"end":{"line":21,"column":5}},"4":{"start":{"line":22,"column":4},"end":{"line":22,"column":20}},"5":{"start":{"line":25,"column":25},"end":{"line":27,"column":1}},"6":{"start":{"line":26,"column":4},"end":{"line":26,"column":33}}},"fnMap":{"0":{"name":"(anonymous_0)","decl":{"start":{"line":5,"column":27},"end":{"line":5,"column":28}},"loc":{"start":{"line":5,"column":33},"end":{"line":7,"column":1}},"line":5},"1":{"name":"(anonymous_1)","decl":{"start":{"line":9,"column":27},"end":{"line":9,"column":28}},"loc":{"start":{"line":9,"column":33},"end":{"line":23,"column":1}},"line":9},"2":{"name":"(anonymous_2)","decl":{"start":{"line":25,"column":25},"end":{"line":25,"column":26}},"loc":{"start":{"line":25,"column":37},"end":{"line":27,"column":1}},"line":25}},"branchMap":{},"s":{"0":8,"1":14,"2":8,"3":942,"4":942,"5":8,"6":942},"f":{"0":14,"1":942,"2":942},"b":{},"_coverageSchema":"332fd63041d2c1bcb487cc26dd0d5f7d97098a6c","hash":"39341272988b5bf38ad7745aa5d506be483bbede"}
,"/usr/src/app/test/assets/10-buildungs-index.js": {"path":"/usr/src/app/test/assets/10-buildungs-index.js","statementMap":{"0":{"start":{"line":1,"column":16},"end":{"line":14,"column":7}},"1":{"start":{"line":16,"column":0},"end":{"line":16,"column":27}}},"fnMap":{},"branchMap":{},"s":{"0":8,"1":8},"f":{},"b":{},"_coverageSchema":"332fd63041d2c1bcb487cc26dd0d5f7d97098a6c","hash":"eb235764efafee4b78b46a5830b271b510f41314"}
,"/usr/src/app/test/assets/100-buildungs-index.js": {"path":"/usr/src/app/test/assets/100-buildungs-index.js","statementMap":{"0":{"start":{"line":1,"column":16},"end":{"line":102,"column":1193}},"1":{"start":{"line":104,"column":0},"end":{"line":104,"column":27}}},"fnMap":{},"branchMap":{},"s":{"0":8,"1":8},"f":{},"b":{},"_coverageSchema":"332fd63041d2c1bcb487cc26dd0d5f7d97098a6c","hash":"da319f17cfda968e25d8423a15d4500eb2c9e265"}
,"/usr/src/app/test/assets/buildingDataNew.js": {"path":"/usr/src/app/test/assets/buildingDataNew.js","statementMap":{"0":{"start":{"line":1,"column":19},"end":{"line":77,"column":309}},"1":{"start":{"line":79,"column":0},"end":{"line":79,"column":30}}},"fnMap":{},"branchMap":{},"s":{"0":1,"1":1},"f":{},"b":{},"_coverageSchema":"332fd63041d2c1bcb487cc26dd0d5f7d97098a6c","hash":"8624472f9038f40b4cbd6a9098a28e3b960cce09"}
,"/usr/src/app/test/utils/pushState.js": {"path":"/usr/src/app/test/utils/pushState.js","statementMap":{"0":{"start":{"line":2,"column":25},"end":{"line":5,"column":1}},"1":{"start":{"line":3,"column":4},"end":{"line":4,"column":13}},"2":{"start":{"line":4,"column":8},"end":{"line":4,"column":12}}},"fnMap":{"0":{"name":"(anonymous_0)","decl":{"start":{"line":2,"column":25},"end":{"line":2,"column":26}},"loc":{"start":{"line":2,"column":47},"end":{"line":5,"column":1}},"line":2},"1":{"name":"(anonymous_1)","decl":{"start":{"line":3,"column":24},"end":{"line":3,"column":25}},"loc":{"start":{"line":4,"column":8},"end":{"line":4,"column":12}},"line":4}},"branchMap":{},"s":{"0":6,"1":7,"2":7},"f":{"0":7,"1":7},"b":{},"_coverageSchema":"332fd63041d2c1bcb487cc26dd0d5f7d97098a6c","hash":"16bc02c214d04df36351940368758c9b08228809"}
,"/usr/src/app/test/utils/utils.js": {"path":"/usr/src/app/test/utils/utils.js","statementMap":{"0":{"start":{"line":8,"column":25},"end":{"line":8,"column":43}},"1":{"start":{"line":8,"column":31},"end":{"line":8,"column":43}},"2":{"start":{"line":15,"column":25},"end":{"line":26,"column":1}},"3":{"start":{"line":16,"column":4},"end":{"line":18,"column":5}},"4":{"start":{"line":17,"column":8},"end":{"line":17,"column":29}},"5":{"start":{"line":19,"column":4},"end":{"line":25,"column":6}},"6":{"start":{"line":34,"column":31},"end":{"line":42,"column":1}},"7":{"start":{"line":35,"column":4},"end":{"line":37,"column":5}},"8":{"start":{"line":36,"column":8},"end":{"line":36,"column":29}},"9":{"start":{"line":38,"column":4},"end":{"line":40,"column":5}},"10":{"start":{"line":39,"column":8},"end":{"line":39,"column":35}},"11":{"start":{"line":41,"column":4},"end":{"line":41,"column":44}}},"fnMap":{"0":{"name":"(anonymous_0)","decl":{"start":{"line":8,"column":25},"end":{"line":8,"column":26}},"loc":{"start":{"line":8,"column":31},"end":{"line":8,"column":43}},"line":8},"1":{"name":"(anonymous_1)","decl":{"start":{"line":15,"column":25},"end":{"line":15,"column":26}},"loc":{"start":{"line":15,"column":49},"end":{"line":26,"column":1}},"line":15},"2":{"name":"(anonymous_2)","decl":{"start":{"line":34,"column":31},"end":{"line":34,"column":32}},"loc":{"start":{"line":34,"column":75},"end":{"line":42,"column":1}},"line":34}},"branchMap":{"0":{"loc":{"start":{"line":15,"column":26},"end":{"line":15,"column":44}},"type":"default-arg","locations":[{"start":{"line":15,"column":35},"end":{"line":15,"column":44}}],"line":15},"1":{"loc":{"start":{"line":16,"column":4},"end":{"line":18,"column":5}},"type":"if","locations":[{"start":{"line":16,"column":4},"end":{"line":18,"column":5}},{"start":{"line":16,"column":4},"end":{"line":18,"column":5}}],"line":16},"2":{"loc":{"start":{"line":34,"column":32},"end":{"line":34,"column":50}},"type":"default-arg","locations":[{"start":{"line":34,"column":41},"end":{"line":34,"column":50}}],"line":34},"3":{"loc":{"start":{"line":34,"column":52},"end":{"line":34,"column":70}},"type":"default-arg","locations":[{"start":{"line":34,"column":61},"end":{"line":34,"column":70}}],"line":34},"4":{"loc":{"start":{"line":35,"column":4},"end":{"line":37,"column":5}},"type":"if","locations":[{"start":{"line":35,"column":4},"end":{"line":37,"column":5}},{"start":{"line":35,"column":4},"end":{"line":37,"column":5}}],"line":35},"5":{"loc":{"start":{"line":38,"column":4},"end":{"line":40,"column":5}},"type":"if","locations":[{"start":{"line":38,"column":4},"end":{"line":40,"column":5}},{"start":{"line":38,"column":4},"end":{"line":40,"column":5}}],"line":38}},"s":{"0":8,"1":26,"2":8,"3":24,"4":7,"5":24,"6":8,"7":16,"8":0,"9":16,"10":0,"11":16},"f":{"0":26,"1":24,"2":16},"b":{"0":[7],"1":[7,17],"2":[0],"3":[0],"4":[0,16],"5":[0,16]},"_coverageSchema":"332fd63041d2c1bcb487cc26dd0d5f7d97098a6c","hash":"204ac8267a8b742cd0549bcc84e4daa0d2a219cd"}
,"/usr/src/app/test/utils/wrapComponents.js": {"path":"/usr/src/app/test/utils/wrapComponents.js","statementMap":{"0":{"start":{"line":5,"column":0},"end":{"line":5,"column":38}},"1":{"start":{"line":20,"column":0},"end":{"line":20,"column":25}},"2":{"start":{"line":21,"column":0},"end":{"line":23,"column":1}},"3":{"start":{"line":22,"column":4},"end":{"line":22,"column":16}},"4":{"start":{"line":24,"column":0},"end":{"line":26,"column":1}},"5":{"start":{"line":25,"column":4},"end":{"line":25,"column":16}},"6":{"start":{"line":30,"column":18},"end":{"line":35,"column":13}},"7":{"start":{"line":31,"column":22},"end":{"line":31,"column":57}},"8":{"start":{"line":32,"column":33},"end":{"line":35,"column":7}},"9":{"start":{"line":36,"column":4},"end":{"line":36,"column":43}},"10":{"start":{"line":46,"column":37},"end":{"line":95,"column":1}},"11":{"start":{"line":55,"column":18},"end":{"line":55,"column":101}},"12":{"start":{"line":56,"column":23},"end":{"line":56,"column":28}},"13":{"start":{"line":58,"column":4},"end":{"line":58,"column":27}},"14":{"start":{"line":59,"column":4},"end":{"line":59,"column":38}},"15":{"start":{"line":60,"column":4},"end":{"line":62,"column":6}},"16":{"start":{"line":63,"column":4},"end":{"line":63,"column":30}},"17":{"start":{"line":65,"column":19},"end":{"line":65,"column":30}},"18":{"start":{"line":66,"column":19},"end":{"line":66,"column":36}},"19":{"start":{"line":67,"column":25},"end":{"line":67,"column":56}},"20":{"start":{"line":70,"column":4},"end":{"line":70,"column":16}},"21":{"start":{"line":72,"column":4},"end":{"line":75,"column":7}},"22":{"start":{"line":77,"column":4},"end":{"line":79,"column":6}},"23":{"start":{"line":78,"column":8},"end":{"line":78,"column":55}},"24":{"start":{"line":81,"column":4},"end":{"line":94,"column":5}},"25":{"start":{"line":83,"column":12},"end":{"line":83,"column":110}},"26":{"start":{"line":84,"column":12},"end":{"line":84,"column":18}},"27":{"start":{"line":86,"column":12},"end":{"line":89,"column":14}},"28":{"start":{"line":90,"column":12},"end":{"line":90,"column":18}},"29":{"start":{"line":93,"column":12},"end":{"line":93,"column":24}}},"fnMap":{"0":{"name":"(anonymous_0)","decl":{"start":{"line":21,"column":30},"end":{"line":21,"column":31}},"loc":{"start":{"line":21,"column":36},"end":{"line":23,"column":1}},"line":21},"1":{"name":"(anonymous_1)","decl":{"start":{"line":24,"column":30},"end":{"line":24,"column":31}},"loc":{"start":{"line":24,"column":36},"end":{"line":26,"column":1}},"line":24},"2":{"name":"copyProps","decl":{"start":{"line":29,"column":9},"end":{"line":29,"column":18}},"loc":{"start":{"line":29,"column":32},"end":{"line":37,"column":1}},"line":29},"3":{"name":"(anonymous_3)","decl":{"start":{"line":31,"column":14},"end":{"line":31,"column":15}},"loc":{"start":{"line":31,"column":22},"end":{"line":31,"column":57}},"line":31},"4":{"name":"(anonymous_4)","decl":{"start":{"line":32,"column":14},"end":{"line":32,"column":15}},"loc":{"start":{"line":32,"column":33},"end":{"line":35,"column":7}},"line":32},"5":{"name":"(anonymous_5)","decl":{"start":{"line":46,"column":37},"end":{"line":46,"column":38}},"loc":{"start":{"line":46,"column":59},"end":{"line":95,"column":1}},"line":46},"6":{"name":"(anonymous_6)","decl":{"start":{"line":77,"column":39},"end":{"line":77,"column":40}},"loc":{"start":{"line":77,"column":45},"end":{"line":79,"column":5}},"line":77}},"branchMap":{"0":{"loc":{"start":{"line":46,"column":38},"end":{"line":46,"column":54}},"type":"default-arg","locations":[{"start":{"line":46,"column":45},"end":{"line":46,"column":54}}],"line":46},"1":{"loc":{"start":{"line":81,"column":4},"end":{"line":94,"column":5}},"type":"switch","locations":[{"start":{"line":82,"column":8},"end":{"line":84,"column":18}},{"start":{"line":85,"column":8},"end":{"line":90,"column":18}},{"start":{"line":92,"column":8},"end":{"line":93,"column":24}}],"line":81}},"s":{"0":6,"1":6,"2":6,"3":0,"4":6,"5":0,"6":7,"7":2282,"8":3,"9":7,"10":6,"11":7,"12":7,"13":7,"14":7,"15":7,"16":7,"17":7,"18":7,"19":7,"20":7,"21":7,"22":7,"23":7,"24":7,"25":2,"26":0,"27":5,"28":0,"29":0},"f":{"0":0,"1":0,"2":7,"3":2282,"4":3,"5":7,"6":7},"b":{"0":[2],"1":[2,5,0]},"_coverageSchema":"332fd63041d2c1bcb487cc26dd0d5f7d97098a6c","hash":"c32effe4a0fe754f6885ac7bd8bee5a2bcc3e11c"}
}
