{"/usr/src/app/src/BuildingNavigator.js": {"path":"/usr/src/app/src/BuildingNavigator.js","statementMap":{"0":{"start":{"line":23,"column":8},"end":{"line":23,"column":16}},"1":{"start":{"line":26,"column":8},"end":{"line":28,"column":10}},"2":{"start":{"line":30,"column":8},"end":{"line":30,"column":35}},"3":{"start":{"line":31,"column":8},"end":{"line":31,"column":47}},"4":{"start":{"line":32,"column":8},"end":{"line":32,"column":55}},"5":{"start":{"line":33,"column":8},"end":{"line":33,"column":33}},"6":{"start":{"line":37,"column":8},"end":{"line":44,"column":10}},"7":{"start":{"line":38,"column":12},"end":{"line":43,"column":15}},"8":{"start":{"line":39,"column":16},"end":{"line":42,"column":18}},"9":{"start":{"line":40,"column":32},"end":{"line":40,"column":49}},"10":{"start":{"line":41,"column":29},"end":{"line":41,"column":42}},"11":{"start":{"line":46,"column":8},"end":{"line":46,"column":55}},"12":{"start":{"line":49,"column":8},"end":{"line":49,"column":69}},"13":{"start":{"line":50,"column":8},"end":{"line":50,"column":61}},"14":{"start":{"line":51,"column":8},"end":{"line":51,"column":63}},"15":{"start":{"line":59,"column":21},"end":{"line":59,"column":25}},"16":{"start":{"line":60,"column":8},"end":{"line":60,"column":32}},"17":{"start":{"line":63,"column":8},"end":{"line":63,"column":67}},"18":{"start":{"line":66,"column":8},"end":{"line":66,"column":72}},"19":{"start":{"line":69,"column":8},"end":{"line":74,"column":9}},"20":{"start":{"line":70,"column":12},"end":{"line":73,"column":15}},"21":{"start":{"line":77,"column":8},"end":{"line":81,"column":30}},"22":{"start":{"line":78,"column":12},"end":{"line":78,"column":35}},"23":{"start":{"line":80,"column":12},"end":{"line":80,"column":56}},"24":{"start":{"line":84,"column":8},"end":{"line":87,"column":11}},"25":{"start":{"line":91,"column":28},"end":{"line":91,"column":75}},"26":{"start":{"line":92,"column":8},"end":{"line":95,"column":11}},"27":{"start":{"line":100,"column":8},"end":{"line":100,"column":70}},"28":{"start":{"line":101,"column":8},"end":{"line":101,"column":68}},"29":{"start":{"line":111,"column":8},"end":{"line":124,"column":11}},"30":{"start":{"line":113,"column":12},"end":{"line":123,"column":14}},"31":{"start":{"line":115,"column":20},"end":{"line":115,"column":46}},"32":{"start":{"line":116,"column":20},"end":{"line":116,"column":38}},"33":{"start":{"line":119,"column":20},"end":{"line":119,"column":59}},"34":{"start":{"line":120,"column":20},"end":{"line":120,"column":46}},"35":{"start":{"line":121,"column":20},"end":{"line":121,"column":34}},"36":{"start":{"line":131,"column":28},"end":{"line":131,"column":72}},"37":{"start":{"line":134,"column":8},"end":{"line":151,"column":9}},"38":{"start":{"line":135,"column":26},"end":{"line":135,"column":104}},"39":{"start":{"line":136,"column":12},"end":{"line":150,"column":13}},"40":{"start":{"line":137,"column":16},"end":{"line":142,"column":17}},"41":{"start":{"line":138,"column":20},"end":{"line":141,"column":23}},"42":{"start":{"line":144,"column":16},"end":{"line":149,"column":17}},"43":{"start":{"line":145,"column":20},"end":{"line":148,"column":23}},"44":{"start":{"line":158,"column":26},"end":{"line":158,"column":43}},"45":{"start":{"line":159,"column":8},"end":{"line":159,"column":62}},"46":{"start":{"line":160,"column":8},"end":{"line":160,"column":54}},"47":{"start":{"line":161,"column":8},"end":{"line":161,"column":52}},"48":{"start":{"line":163,"column":8},"end":{"line":163,"column":43}},"49":{"start":{"line":164,"column":8},"end":{"line":164,"column":45}},"50":{"start":{"line":167,"column":8},"end":{"line":170,"column":11}},"51":{"start":{"line":171,"column":8},"end":{"line":171,"column":53}},"52":{"start":{"line":173,"column":8},"end":{"line":176,"column":16}},"53":{"start":{"line":174,"column":12},"end":{"line":174,"column":35}},"54":{"start":{"line":175,"column":12},"end":{"line":175,"column":56}},"55":{"start":{"line":180,"column":8},"end":{"line":180,"column":45}},"56":{"start":{"line":187,"column":24},"end":{"line":187,"column":60}},"57":{"start":{"line":188,"column":8},"end":{"line":203,"column":9}},"58":{"start":{"line":189,"column":30},"end":{"line":189,"column":99}},"59":{"start":{"line":191,"column":12},"end":{"line":202,"column":15}},"60":{"start":{"line":207,"column":8},"end":{"line":207,"column":51}},"61":{"start":{"line":211,"column":0},"end":{"line":215,"column":2}}},"fnMap":{"0":{"name":"(anonymous_0)","decl":{"start":{"line":22,"column":4},"end":{"line":22,"column":5}},"loc":{"start":{"line":22,"column":23},"end":{"line":52,"column":5}},"line":22},"1":{"name":"(anonymous_1)","decl":{"start":{"line":37,"column":48},"end":{"line":37,"column":49}},"loc":{"start":{"line":37,"column":59},"end":{"line":44,"column":9}},"line":37},"2":{"name":"(anonymous_2)","decl":{"start":{"line":38,"column":31},"end":{"line":38,"column":32}},"loc":{"start":{"line":38,"column":52},"end":{"line":43,"column":13}},"line":38},"3":{"name":"(anonymous_3)","decl":{"start":{"line":40,"column":20},"end":{"line":40,"column":21}},"loc":{"start":{"line":40,"column":32},"end":{"line":40,"column":49}},"line":40},"4":{"name":"(anonymous_4)","decl":{"start":{"line":41,"column":20},"end":{"line":41,"column":21}},"loc":{"start":{"line":41,"column":29},"end":{"line":41,"column":42}},"line":41},"5":{"name":"(anonymous_5)","decl":{"start":{"line":58,"column":4},"end":{"line":58,"column":5}},"loc":{"start":{"line":58,"column":24},"end":{"line":97,"column":5}},"line":58},"6":{"name":"(anonymous_6)","decl":{"start":{"line":77,"column":58},"end":{"line":77,"column":59}},"loc":{"start":{"line":77,"column":64},"end":{"line":81,"column":9}},"line":77},"7":{"name":"(anonymous_7)","decl":{"start":{"line":81,"column":17},"end":{"line":81,"column":18}},"loc":{"start":{"line":81,"column":26},"end":{"line":81,"column":28}},"line":81},"8":{"name":"(anonymous_8)","decl":{"start":{"line":99,"column":4},"end":{"line":99,"column":5}},"loc":{"start":{"line":99,"column":27},"end":{"line":102,"column":5}},"line":99},"9":{"name":"(anonymous_9)","decl":{"start":{"line":110,"column":4},"end":{"line":110,"column":5}},"loc":{"start":{"line":110,"column":23},"end":{"line":125,"column":5}},"line":110},"10":{"name":"(anonymous_10)","decl":{"start":{"line":111,"column":27},"end":{"line":111,"column":28}},"loc":{"start":{"line":111,"column":48},"end":{"line":124,"column":9}},"line":111},"11":{"name":"(anonymous_11)","decl":{"start":{"line":114,"column":16},"end":{"line":114,"column":17}},"loc":{"start":{"line":114,"column":28},"end":{"line":117,"column":17}},"line":114},"12":{"name":"(anonymous_12)","decl":{"start":{"line":118,"column":16},"end":{"line":118,"column":17}},"loc":{"start":{"line":118,"column":25},"end":{"line":122,"column":17}},"line":118},"13":{"name":"(anonymous_13)","decl":{"start":{"line":130,"column":4},"end":{"line":130,"column":5}},"loc":{"start":{"line":130,"column":26},"end":{"line":152,"column":5}},"line":130},"14":{"name":"(anonymous_14)","decl":{"start":{"line":157,"column":4},"end":{"line":157,"column":5}},"loc":{"start":{"line":157,"column":22},"end":{"line":181,"column":5}},"line":157},"15":{"name":"(anonymous_15)","decl":{"start":{"line":173,"column":26},"end":{"line":173,"column":27}},"loc":{"start":{"line":173,"column":32},"end":{"line":176,"column":9}},"line":173},"16":{"name":"(anonymous_16)","decl":{"start":{"line":186,"column":4},"end":{"line":186,"column":5}},"loc":{"start":{"line":186,"column":22},"end":{"line":204,"column":5}},"line":186},"17":{"name":"(anonymous_17)","decl":{"start":{"line":206,"column":4},"end":{"line":206,"column":5}},"loc":{"start":{"line":206,"column":13},"end":{"line":208,"column":5}},"line":206}},"branchMap":{"0":{"loc":{"start":{"line":69,"column":8},"end":{"line":74,"column":9}},"type":"if","locations":[{"start":{"line":69,"column":8},"end":{"line":74,"column":9}},{"start":{"line":69,"column":8},"end":{"line":74,"column":9}}],"line":69},"1":{"loc":{"start":{"line":134,"column":8},"end":{"line":151,"column":9}},"type":"if","locations":[{"start":{"line":134,"column":8},"end":{"line":151,"column":9}},{"start":{"line":134,"column":8},"end":{"line":151,"column":9}}],"line":134},"2":{"loc":{"start":{"line":136,"column":12},"end":{"line":150,"column":13}},"type":"if","locations":[{"start":{"line":136,"column":12},"end":{"line":150,"column":13}},{"start":{"line":136,"column":12},"end":{"line":150,"column":13}}],"line":136},"3":{"loc":{"start":{"line":137,"column":16},"end":{"line":142,"column":17}},"type":"if","locations":[{"start":{"line":137,"column":16},"end":{"line":142,"column":17}},{"start":{"line":137,"column":16},"end":{"line":142,"column":17}}],"line":137},"4":{"loc":{"start":{"line":144,"column":16},"end":{"line":149,"column":17}},"type":"if","locations":[{"start":{"line":144,"column":16},"end":{"line":149,"column":17}},{"start":{"line":144,"column":16},"end":{"line":149,"column":17}}],"line":144},"5":{"loc":{"start":{"line":188,"column":8},"end":{"line":203,"column":9}},"type":"if","locations":[{"start":{"line":188,"column":8},"end":{"line":203,"column":9}},{"start":{"line":188,"column":8},"end":{"line":203,"column":9}}],"line":188}},"s":{"0":7,"1":7,"2":7,"3":7,"4":7,"5":7,"6":7,"7":10,"8":10,"9":5,"10":0,"11":7,"12":7,"13":7,"14":7,"15":7,"16":7,"17":7,"18":7,"19":7,"20":0,"21":7,"22":2,"23":2,"24":7,"25":7,"26":7,"27":1,"28":1,"29":24,"30":24,"31":9,"32":9,"33":0,"34":0,"35":0,"36":0,"37":0,"38":0,"39":0,"40":0,"41":0,"42":0,"43":0,"44":0,"45":0,"46":0,"47":0,"48":0,"49":0,"50":0,"51":0,"52":0,"53":0,"54":0,"55":0,"56":2,"57":2,"58":2,"59":2,"60":16,"61":6},"f":{"0":7,"1":10,"2":10,"3":5,"4":0,"5":7,"6":2,"7":0,"8":1,"9":24,"10":24,"11":9,"12":0,"13":0,"14":0,"15":0,"16":2,"17":16},"b":{"0":[0,7],"1":[0,0],"2":[0,0],"3":[0,0],"4":[0,0],"5":[2,0]},"_coverageSchema":"332fd63041d2c1bcb487cc26dd0d5f7d97098a6c","hash":"6971a2a697471920e0a6b92e1a1bf35b076112a9"}
,"/usr/src/app/src/EventHandler.js": {"path":"/usr/src/app/src/EventHandler.js","statementMap":{"0":{"start":{"line":13,"column":8},"end":{"line":13,"column":29}},"1":{"start":{"line":14,"column":8},"end":{"line":14,"column":29}},"2":{"start":{"line":27,"column":23},"end":{"line":27,"column":35}},"3":{"start":{"line":28,"column":24},"end":{"line":28,"column":37}},"4":{"start":{"line":30,"column":8},"end":{"line":30,"column":49}},"5":{"start":{"line":32,"column":8},"end":{"line":206,"column":11}},"6":{"start":{"line":33,"column":12},"end":{"line":203,"column":13}},"7":{"start":{"line":38,"column":20},"end":{"line":41,"column":22}},"8":{"start":{"line":39,"column":36},"end":{"line":39,"column":53}},"9":{"start":{"line":40,"column":33},"end":{"line":40,"column":46}},"10":{"start":{"line":42,"column":20},"end":{"line":42,"column":26}},"11":{"start":{"line":44,"column":20},"end":{"line":47,"column":22}},"12":{"start":{"line":45,"column":36},"end":{"line":45,"column":53}},"13":{"start":{"line":46,"column":33},"end":{"line":46,"column":46}},"14":{"start":{"line":48,"column":20},"end":{"line":48,"column":26}},"15":{"start":{"line":50,"column":20},"end":{"line":55,"column":22}},"16":{"start":{"line":51,"column":24},"end":{"line":54,"column":26}},"17":{"start":{"line":52,"column":40},"end":{"line":52,"column":57}},"18":{"start":{"line":53,"column":37},"end":{"line":53,"column":50}},"19":{"start":{"line":56,"column":20},"end":{"line":56,"column":26}},"20":{"start":{"line":58,"column":20},"end":{"line":61,"column":22}},"21":{"start":{"line":59,"column":36},"end":{"line":59,"column":53}},"22":{"start":{"line":60,"column":33},"end":{"line":60,"column":46}},"23":{"start":{"line":62,"column":20},"end":{"line":62,"column":26}},"24":{"start":{"line":64,"column":20},"end":{"line":64,"column":93}},"25":{"start":{"line":65,"column":20},"end":{"line":65,"column":34}},"26":{"start":{"line":66,"column":20},"end":{"line":66,"column":26}},"27":{"start":{"line":68,"column":35},"end":{"line":68,"column":69}},"28":{"start":{"line":69,"column":20},"end":{"line":69,"column":95}},"29":{"start":{"line":70,"column":20},"end":{"line":70,"column":34}},"30":{"start":{"line":71,"column":20},"end":{"line":71,"column":26}},"31":{"start":{"line":73,"column":20},"end":{"line":73,"column":92}},"32":{"start":{"line":74,"column":20},"end":{"line":74,"column":34}},"33":{"start":{"line":75,"column":20},"end":{"line":75,"column":26}},"34":{"start":{"line":77,"column":20},"end":{"line":77,"column":86}},"35":{"start":{"line":78,"column":20},"end":{"line":78,"column":34}},"36":{"start":{"line":79,"column":20},"end":{"line":79,"column":26}},"37":{"start":{"line":81,"column":20},"end":{"line":81,"column":86}},"38":{"start":{"line":82,"column":20},"end":{"line":82,"column":34}},"39":{"start":{"line":83,"column":20},"end":{"line":83,"column":26}},"40":{"start":{"line":85,"column":20},"end":{"line":85,"column":83}},"41":{"start":{"line":86,"column":20},"end":{"line":86,"column":34}},"42":{"start":{"line":87,"column":20},"end":{"line":87,"column":26}},"43":{"start":{"line":89,"column":20},"end":{"line":89,"column":82}},"44":{"start":{"line":90,"column":20},"end":{"line":90,"column":34}},"45":{"start":{"line":91,"column":20},"end":{"line":91,"column":26}},"46":{"start":{"line":96,"column":20},"end":{"line":96,"column":84}},"47":{"start":{"line":97,"column":20},"end":{"line":97,"column":34}},"48":{"start":{"line":98,"column":20},"end":{"line":98,"column":26}},"49":{"start":{"line":100,"column":20},"end":{"line":100,"column":55}},"50":{"start":{"line":101,"column":20},"end":{"line":101,"column":34}},"51":{"start":{"line":102,"column":20},"end":{"line":102,"column":26}},"52":{"start":{"line":107,"column":20},"end":{"line":107,"column":75}},"53":{"start":{"line":108,"column":20},"end":{"line":108,"column":34}},"54":{"start":{"line":109,"column":20},"end":{"line":109,"column":26}},"55":{"start":{"line":111,"column":43},"end":{"line":111,"column":86}},"56":{"start":{"line":112,"column":20},"end":{"line":112,"column":84}},"57":{"start":{"line":113,"column":20},"end":{"line":113,"column":34}},"58":{"start":{"line":114,"column":20},"end":{"line":114,"column":26}},"59":{"start":{"line":116,"column":20},"end":{"line":116,"column":73}},"60":{"start":{"line":117,"column":20},"end":{"line":117,"column":34}},"61":{"start":{"line":118,"column":20},"end":{"line":118,"column":26}},"62":{"start":{"line":120,"column":20},"end":{"line":120,"column":74}},"63":{"start":{"line":121,"column":20},"end":{"line":121,"column":34}},"64":{"start":{"line":122,"column":20},"end":{"line":122,"column":26}},"65":{"start":{"line":124,"column":20},"end":{"line":124,"column":77}},"66":{"start":{"line":125,"column":20},"end":{"line":125,"column":34}},"67":{"start":{"line":126,"column":20},"end":{"line":126,"column":26}},"68":{"start":{"line":128,"column":20},"end":{"line":128,"column":146}},"69":{"start":{"line":129,"column":20},"end":{"line":129,"column":34}},"70":{"start":{"line":130,"column":20},"end":{"line":130,"column":26}},"71":{"start":{"line":132,"column":20},"end":{"line":132,"column":146}},"72":{"start":{"line":133,"column":20},"end":{"line":133,"column":34}},"73":{"start":{"line":134,"column":20},"end":{"line":134,"column":26}},"74":{"start":{"line":139,"column":20},"end":{"line":139,"column":103}},"75":{"start":{"line":140,"column":20},"end":{"line":140,"column":34}},"76":{"start":{"line":141,"column":20},"end":{"line":141,"column":26}},"77":{"start":{"line":143,"column":20},"end":{"line":143,"column":92}},"78":{"start":{"line":144,"column":20},"end":{"line":144,"column":34}},"79":{"start":{"line":145,"column":20},"end":{"line":145,"column":26}},"80":{"start":{"line":147,"column":20},"end":{"line":147,"column":91}},"81":{"start":{"line":148,"column":20},"end":{"line":148,"column":34}},"82":{"start":{"line":149,"column":20},"end":{"line":149,"column":26}},"83":{"start":{"line":151,"column":20},"end":{"line":151,"column":66}},"84":{"start":{"line":152,"column":20},"end":{"line":152,"column":34}},"85":{"start":{"line":153,"column":20},"end":{"line":153,"column":26}},"86":{"start":{"line":155,"column":20},"end":{"line":155,"column":54}},"87":{"start":{"line":156,"column":20},"end":{"line":156,"column":34}},"88":{"start":{"line":157,"column":20},"end":{"line":157,"column":26}},"89":{"start":{"line":159,"column":20},"end":{"line":162,"column":23}},"90":{"start":{"line":163,"column":20},"end":{"line":163,"column":26}},"91":{"start":{"line":165,"column":20},"end":{"line":169,"column":22}},"92":{"start":{"line":170,"column":20},"end":{"line":170,"column":34}},"93":{"start":{"line":171,"column":20},"end":{"line":171,"column":26}},"94":{"start":{"line":173,"column":20},"end":{"line":173,"column":78}},"95":{"start":{"line":174,"column":20},"end":{"line":174,"column":34}},"96":{"start":{"line":175,"column":20},"end":{"line":175,"column":26}},"97":{"start":{"line":177,"column":20},"end":{"line":177,"column":65}},"98":{"start":{"line":178,"column":20},"end":{"line":178,"column":34}},"99":{"start":{"line":179,"column":20},"end":{"line":179,"column":26}},"100":{"start":{"line":181,"column":20},"end":{"line":181,"column":77}},"101":{"start":{"line":182,"column":20},"end":{"line":182,"column":34}},"102":{"start":{"line":183,"column":20},"end":{"line":183,"column":26}},"103":{"start":{"line":185,"column":20},"end":{"line":185,"column":87}},"104":{"start":{"line":186,"column":20},"end":{"line":186,"column":34}},"105":{"start":{"line":187,"column":20},"end":{"line":187,"column":26}},"106":{"start":{"line":192,"column":20},"end":{"line":192,"column":87}},"107":{"start":{"line":193,"column":20},"end":{"line":193,"column":34}},"108":{"start":{"line":194,"column":20},"end":{"line":194,"column":26}},"109":{"start":{"line":196,"column":38},"end":{"line":196,"column":79}},"110":{"start":{"line":197,"column":20},"end":{"line":197,"column":39}},"111":{"start":{"line":198,"column":20},"end":{"line":198,"column":26}},"112":{"start":{"line":202,"column":20},"end":{"line":202,"column":89}},"113":{"start":{"line":205,"column":12},"end":{"line":205,"column":61}}},"fnMap":{"0":{"name":"(anonymous_0)","decl":{"start":{"line":12,"column":4},"end":{"line":12,"column":5}},"loc":{"start":{"line":12,"column":32},"end":{"line":15,"column":5}},"line":12},"1":{"name":"(anonymous_1)","decl":{"start":{"line":26,"column":4},"end":{"line":26,"column":5}},"loc":{"start":{"line":26,"column":23},"end":{"line":207,"column":5}},"line":26},"2":{"name":"(anonymous_2)","decl":{"start":{"line":32,"column":27},"end":{"line":32,"column":28}},"loc":{"start":{"line":32,"column":48},"end":{"line":206,"column":9}},"line":32},"3":{"name":"(anonymous_3)","decl":{"start":{"line":39,"column":24},"end":{"line":39,"column":25}},"loc":{"start":{"line":39,"column":36},"end":{"line":39,"column":53}},"line":39},"4":{"name":"(anonymous_4)","decl":{"start":{"line":40,"column":24},"end":{"line":40,"column":25}},"loc":{"start":{"line":40,"column":33},"end":{"line":40,"column":46}},"line":40},"5":{"name":"(anonymous_5)","decl":{"start":{"line":45,"column":24},"end":{"line":45,"column":25}},"loc":{"start":{"line":45,"column":36},"end":{"line":45,"column":53}},"line":45},"6":{"name":"(anonymous_6)","decl":{"start":{"line":46,"column":24},"end":{"line":46,"column":25}},"loc":{"start":{"line":46,"column":33},"end":{"line":46,"column":46}},"line":46},"7":{"name":"(anonymous_7)","decl":{"start":{"line":50,"column":42},"end":{"line":50,"column":43}},"loc":{"start":{"line":50,"column":54},"end":{"line":55,"column":21}},"line":50},"8":{"name":"(anonymous_8)","decl":{"start":{"line":52,"column":28},"end":{"line":52,"column":29}},"loc":{"start":{"line":52,"column":40},"end":{"line":52,"column":57}},"line":52},"9":{"name":"(anonymous_9)","decl":{"start":{"line":53,"column":28},"end":{"line":53,"column":29}},"loc":{"start":{"line":53,"column":37},"end":{"line":53,"column":50}},"line":53},"10":{"name":"(anonymous_10)","decl":{"start":{"line":59,"column":24},"end":{"line":59,"column":25}},"loc":{"start":{"line":59,"column":36},"end":{"line":59,"column":53}},"line":59},"11":{"name":"(anonymous_11)","decl":{"start":{"line":60,"column":24},"end":{"line":60,"column":25}},"loc":{"start":{"line":60,"column":33},"end":{"line":60,"column":46}},"line":60}},"branchMap":{"0":{"loc":{"start":{"line":33,"column":12},"end":{"line":203,"column":13}},"type":"switch","locations":[{"start":{"line":37,"column":16},"end":{"line":42,"column":26}},{"start":{"line":43,"column":16},"end":{"line":48,"column":26}},{"start":{"line":49,"column":16},"end":{"line":56,"column":26}},{"start":{"line":57,"column":16},"end":{"line":62,"column":26}},{"start":{"line":63,"column":16},"end":{"line":66,"column":26}},{"start":{"line":67,"column":16},"end":{"line":71,"column":26}},{"start":{"line":72,"column":16},"end":{"line":75,"column":26}},{"start":{"line":76,"column":16},"end":{"line":79,"column":26}},{"start":{"line":80,"column":16},"end":{"line":83,"column":26}},{"start":{"line":84,"column":16},"end":{"line":87,"column":26}},{"start":{"line":88,"column":16},"end":{"line":91,"column":26}},{"start":{"line":95,"column":16},"end":{"line":98,"column":26}},{"start":{"line":99,"column":16},"end":{"line":102,"column":26}},{"start":{"line":106,"column":16},"end":{"line":109,"column":26}},{"start":{"line":110,"column":16},"end":{"line":114,"column":26}},{"start":{"line":115,"column":16},"end":{"line":118,"column":26}},{"start":{"line":119,"column":16},"end":{"line":122,"column":26}},{"start":{"line":123,"column":16},"end":{"line":126,"column":26}},{"start":{"line":127,"column":16},"end":{"line":130,"column":26}},{"start":{"line":131,"column":16},"end":{"line":134,"column":26}},{"start":{"line":138,"column":16},"end":{"line":141,"column":26}},{"start":{"line":142,"column":16},"end":{"line":145,"column":26}},{"start":{"line":146,"column":16},"end":{"line":149,"column":26}},{"start":{"line":150,"column":16},"end":{"line":153,"column":26}},{"start":{"line":154,"column":16},"end":{"line":157,"column":26}},{"start":{"line":158,"column":16},"end":{"line":163,"column":26}},{"start":{"line":164,"column":16},"end":{"line":171,"column":26}},{"start":{"line":172,"column":16},"end":{"line":175,"column":26}},{"start":{"line":176,"column":16},"end":{"line":179,"column":26}},{"start":{"line":180,"column":16},"end":{"line":183,"column":26}},{"start":{"line":184,"column":16},"end":{"line":187,"column":26}},{"start":{"line":191,"column":16},"end":{"line":194,"column":26}},{"start":{"line":195,"column":16},"end":{"line":198,"column":26}},{"start":{"line":200,"column":16},"end":{"line":202,"column":89}}],"line":33},"1":{"loc":{"start":{"line":168,"column":24},"end":{"line":168,"column":58}},"type":"cond-expr","locations":[{"start":{"line":168,"column":40},"end":{"line":168,"column":53}},{"start":{"line":168,"column":56},"end":{"line":168,"column":58}}],"line":168}},"s":{"0":16,"1":16,"2":52,"3":52,"4":52,"5":52,"6":52,"7":7,"8":7,"9":0,"10":7,"11":1,"12":1,"13":0,"14":1,"15":0,"16":0,"17":0,"18":0,"19":0,"20":0,"21":0,"22":0,"23":0,"24":4,"25":4,"26":4,"27":0,"28":0,"29":0,"30":0,"31":1,"32":1,"33":1,"34":0,"35":0,"36":0,"37":0,"38":0,"39":0,"40":0,"41":0,"42":0,"43":0,"44":0,"45":0,"46":6,"47":6,"48":6,"49":3,"50":3,"51":3,"52":21,"53":21,"54":21,"55":1,"56":1,"57":1,"58":1,"59":0,"60":0,"61":0,"62":0,"63":0,"64":0,"65":0,"66":0,"67":0,"68":0,"69":0,"70":0,"71":0,"72":0,"73":0,"74":0,"75":0,"76":0,"77":0,"78":0,"79":0,"80":0,"81":0,"82":0,"83":0,"84":0,"85":0,"86":1,"87":1,"88":1,"89":0,"90":0,"91":0,"92":0,"93":0,"94":0,"95":0,"96":0,"97":0,"98":0,"99":0,"100":0,"101":0,"102":0,"103":0,"104":0,"105":0,"106":7,"107":7,"108":7,"109":0,"110":0,"111":0,"112":0,"113":52},"f":{"0":16,"1":52,"2":52,"3":7,"4":0,"5":1,"6":0,"7":0,"8":0,"9":0,"10":0,"11":0},"b":{"0":[7,1,0,0,4,0,1,0,0,0,0,6,3,21,1,0,0,0,0,0,0,0,0,0,1,0,0,0,0,0,0,7,0,0],"1":[0,0]},"_coverageSchema":"332fd63041d2c1bcb487cc26dd0d5f7d97098a6c","hash":"521145034e9fd526139bb68a1892e8bee7add74c"}
,"/usr/src/app/src/config.js": {"path":"/usr/src/app/src/config.js","statementMap":{"0":{"start":{"line":2,"column":13},"end":{"line":33,"column":1}},"1":{"start":{"line":35,"column":0},"end":{"line":35,"column":24}}},"fnMap":{},"branchMap":{},"s":{"0":8,"1":8},"f":{},"b":{},"_coverageSchema":"332fd63041d2c1bcb487cc26dd0d5f7d97098a6c","hash":"2e254bfa3df3f5ab22aeaa3bfb03d54401d4d771"}
,"/usr/src/app/src/components/A11yIcon.js": {"path":"/usr/src/app/src/components/A11yIcon.js","statementMap":{"0":{"start":{"line":18,"column":8},"end":{"line":18,"column":39}},"1":{"start":{"line":21,"column":8},"end":{"line":57,"column":10}},"2":{"start":{"line":59,"column":8},"end":{"line":59,"column":63}},"3":{"start":{"line":60,"column":8},"end":{"line":60,"column":27}},"4":{"start":{"line":70,"column":8},"end":{"line":75,"column":9}},"5":{"start":{"line":71,"column":12},"end":{"line":71,"column":36}},"6":{"start":{"line":73,"column":12},"end":{"line":73,"column":67}},"7":{"start":{"line":74,"column":12},"end":{"line":74,"column":66}},"8":{"start":{"line":84,"column":17},"end":{"line":84,"column":19}},"9":{"start":{"line":85,"column":8},"end":{"line":87,"column":11}},"10":{"start":{"line":86,"column":12},"end":{"line":86,"column":24}},"11":{"start":{"line":88,"column":8},"end":{"line":88,"column":18}},"12":{"start":{"line":98,"column":8},"end":{"line":98,"column":35}},"13":{"start":{"line":108,"column":8},"end":{"line":108,"column":36}},"14":{"start":{"line":118,"column":8},"end":{"line":118,"column":38}},"15":{"start":{"line":129,"column":8},"end":{"line":140,"column":9}},"16":{"start":{"line":139,"column":60},"end":{"line":139,"column":84}},"17":{"start":{"line":151,"column":25},"end":{"line":151,"column":38}},"18":{"start":{"line":154,"column":8},"end":{"line":173,"column":9}},"19":{"start":{"line":155,"column":12},"end":{"line":162,"column":14}},"20":{"start":{"line":164,"column":13},"end":{"line":173,"column":9}},"21":{"start":{"line":165,"column":12},"end":{"line":172,"column":14}},"22":{"start":{"line":176,"column":8},"end":{"line":192,"column":9}},"23":{"start":{"line":177,"column":12},"end":{"line":185,"column":14}},"24":{"start":{"line":187,"column":13},"end":{"line":192,"column":9}},"25":{"start":{"line":188,"column":12},"end":{"line":191,"column":14}},"26":{"start":{"line":195,"column":8},"end":{"line":222,"column":9}},"27":{"start":{"line":196,"column":12},"end":{"line":204,"column":14}},"28":{"start":{"line":206,"column":13},"end":{"line":222,"column":9}},"29":{"start":{"line":207,"column":12},"end":{"line":215,"column":14}},"30":{"start":{"line":217,"column":13},"end":{"line":222,"column":9}},"31":{"start":{"line":218,"column":12},"end":{"line":221,"column":14}},"32":{"start":{"line":225,"column":8},"end":{"line":236,"column":9}},"33":{"start":{"line":226,"column":12},"end":{"line":229,"column":14}},"34":{"start":{"line":231,"column":13},"end":{"line":236,"column":9}},"35":{"start":{"line":232,"column":12},"end":{"line":235,"column":14}},"36":{"start":{"line":239,"column":8},"end":{"line":244,"column":9}},"37":{"start":{"line":240,"column":12},"end":{"line":243,"column":14}},"38":{"start":{"line":247,"column":8},"end":{"line":252,"column":9}},"39":{"start":{"line":248,"column":12},"end":{"line":251,"column":14}},"40":{"start":{"line":255,"column":8},"end":{"line":260,"column":9}},"41":{"start":{"line":256,"column":12},"end":{"line":259,"column":14}}},"fnMap":{"0":{"name":"(anonymous_0)","decl":{"start":{"line":16,"column":4},"end":{"line":16,"column":5}},"loc":{"start":{"line":16,"column":23},"end":{"line":61,"column":5}},"line":16},"1":{"name":"(anonymous_1)","decl":{"start":{"line":69,"column":4},"end":{"line":69,"column":5}},"loc":{"start":{"line":69,"column":14},"end":{"line":76,"column":5}},"line":69},"2":{"name":"(anonymous_2)","decl":{"start":{"line":83,"column":4},"end":{"line":83,"column":5}},"loc":{"start":{"line":83,"column":13},"end":{"line":89,"column":5}},"line":83},"3":{"name":"(anonymous_3)","decl":{"start":{"line":85,"column":40},"end":{"line":85,"column":41}},"loc":{"start":{"line":85,"column":49},"end":{"line":87,"column":9}},"line":85},"4":{"name":"(anonymous_4)","decl":{"start":{"line":97,"column":4},"end":{"line":97,"column":5}},"loc":{"start":{"line":97,"column":15},"end":{"line":99,"column":5}},"line":97},"5":{"name":"(anonymous_5)","decl":{"start":{"line":107,"column":4},"end":{"line":107,"column":5}},"loc":{"start":{"line":107,"column":16},"end":{"line":109,"column":5}},"line":107},"6":{"name":"(anonymous_6)","decl":{"start":{"line":117,"column":4},"end":{"line":117,"column":5}},"loc":{"start":{"line":117,"column":18},"end":{"line":119,"column":5}},"line":117},"7":{"name":"(anonymous_7)","decl":{"start":{"line":128,"column":4},"end":{"line":128,"column":5}},"loc":{"start":{"line":128,"column":42},"end":{"line":141,"column":5}},"line":128},"8":{"name":"(anonymous_8)","decl":{"start":{"line":139,"column":50},"end":{"line":139,"column":51}},"loc":{"start":{"line":139,"column":60},"end":{"line":139,"column":84}},"line":139},"9":{"name":"(anonymous_9)","decl":{"start":{"line":143,"column":4},"end":{"line":143,"column":5}},"loc":{"start":{"line":143,"column":23},"end":{"line":145,"column":5}},"line":143},"10":{"name":"(anonymous_10)","decl":{"start":{"line":150,"column":4},"end":{"line":150,"column":5}},"loc":{"start":{"line":150,"column":18},"end":{"line":261,"column":5}},"line":150}},"branchMap":{"0":{"loc":{"start":{"line":70,"column":8},"end":{"line":75,"column":9}},"type":"if","locations":[{"start":{"line":70,"column":8},"end":{"line":75,"column":9}},{"start":{"line":70,"column":8},"end":{"line":75,"column":9}}],"line":70},"1":{"loc":{"start":{"line":128,"column":26},"end":{"line":128,"column":40}},"type":"default-arg","locations":[{"start":{"line":128,"column":36},"end":{"line":128,"column":40}}],"line":128},"2":{"loc":{"start":{"line":139,"column":21},"end":{"line":139,"column":102}},"type":"cond-expr","locations":[{"start":{"line":139,"column":32},"end":{"line":139,"column":92}},{"start":{"line":139,"column":97},"end":{"line":139,"column":101}}],"line":139},"3":{"loc":{"start":{"line":154,"column":8},"end":{"line":173,"column":9}},"type":"if","locations":[{"start":{"line":154,"column":8},"end":{"line":173,"column":9}},{"start":{"line":154,"column":8},"end":{"line":173,"column":9}}],"line":154},"4":{"loc":{"start":{"line":164,"column":13},"end":{"line":173,"column":9}},"type":"if","locations":[{"start":{"line":164,"column":13},"end":{"line":173,"column":9}},{"start":{"line":164,"column":13},"end":{"line":173,"column":9}}],"line":164},"5":{"loc":{"start":{"line":176,"column":8},"end":{"line":192,"column":9}},"type":"if","locations":[{"start":{"line":176,"column":8},"end":{"line":192,"column":9}},{"start":{"line":176,"column":8},"end":{"line":192,"column":9}}],"line":176},"6":{"loc":{"start":{"line":187,"column":13},"end":{"line":192,"column":9}},"type":"if","locations":[{"start":{"line":187,"column":13},"end":{"line":192,"column":9}},{"start":{"line":187,"column":13},"end":{"line":192,"column":9}}],"line":187},"7":{"loc":{"start":{"line":195,"column":8},"end":{"line":222,"column":9}},"type":"if","locations":[{"start":{"line":195,"column":8},"end":{"line":222,"column":9}},{"start":{"line":195,"column":8},"end":{"line":222,"column":9}}],"line":195},"8":{"loc":{"start":{"line":206,"column":13},"end":{"line":222,"column":9}},"type":"if","locations":[{"start":{"line":206,"column":13},"end":{"line":222,"column":9}},{"start":{"line":206,"column":13},"end":{"line":222,"column":9}}],"line":206},"9":{"loc":{"start":{"line":217,"column":13},"end":{"line":222,"column":9}},"type":"if","locations":[{"start":{"line":217,"column":13},"end":{"line":222,"column":9}},{"start":{"line":217,"column":13},"end":{"line":222,"column":9}}],"line":217},"10":{"loc":{"start":{"line":225,"column":8},"end":{"line":236,"column":9}},"type":"if","locations":[{"start":{"line":225,"column":8},"end":{"line":236,"column":9}},{"start":{"line":225,"column":8},"end":{"line":236,"column":9}}],"line":225},"11":{"loc":{"start":{"line":231,"column":13},"end":{"line":236,"column":9}},"type":"if","locations":[{"start":{"line":231,"column":13},"end":{"line":236,"column":9}},{"start":{"line":231,"column":13},"end":{"line":236,"column":9}}],"line":231},"12":{"loc":{"start":{"line":239,"column":8},"end":{"line":244,"column":9}},"type":"if","locations":[{"start":{"line":239,"column":8},"end":{"line":244,"column":9}},{"start":{"line":239,"column":8},"end":{"line":244,"column":9}}],"line":239},"13":{"loc":{"start":{"line":247,"column":8},"end":{"line":252,"column":9}},"type":"if","locations":[{"start":{"line":247,"column":8},"end":{"line":252,"column":9}},{"start":{"line":247,"column":8},"end":{"line":252,"column":9}}],"line":247},"14":{"loc":{"start":{"line":255,"column":8},"end":{"line":260,"column":9}},"type":"if","locations":[{"start":{"line":255,"column":8},"end":{"line":260,"column":9}},{"start":{"line":255,"column":8},"end":{"line":260,"column":9}}],"line":255}},"s":{"0":133,"1":133,"2":133,"3":133,"4":1447,"5":1447,"6":0,"7":0,"8":162,"9":162,"10":1134,"11":162,"12":1405,"13":14,"14":28,"15":481,"16":663,"17":133,"18":133,"19":78,"20":55,"21":39,"22":133,"23":65,"24":68,"25":39,"26":133,"27":39,"28":94,"29":39,"30":55,"31":0,"32":133,"33":65,"34":68,"35":0,"36":133,"37":13,"38":133,"39":0,"40":133,"41":104},"f":{"0":133,"1":1447,"2":162,"3":1134,"4":1405,"5":14,"6":28,"7":481,"8":663,"9":0,"10":133},"b":{"0":[1447,0],"1":[221],"2":[260,221],"3":[78,55],"4":[39,16],"5":[65,68],"6":[39,29],"7":[39,94],"8":[39,55],"9":[0,55],"10":[65,68],"11":[0,68],"12":[13,120],"13":[0,133],"14":[104,29]},"_coverageSchema":"332fd63041d2c1bcb487cc26dd0d5f7d97098a6c","hash":"5ed6e9748933747186d26985d4dce45296e1c127"}
,"/usr/src/app/src/components/Main.js": {"path":"/usr/src/app/src/components/Main.js","statementMap":{"0":{"start":{"line":16,"column":8},"end":{"line":16,"column":16}},"1":{"start":{"line":18,"column":8},"end":{"line":20,"column":10}},"2":{"start":{"line":24,"column":8},"end":{"line":26,"column":11}},"3":{"start":{"line":30,"column":29},"end":{"line":30,"column":76}},"4":{"start":{"line":32,"column":8},"end":{"line":71,"column":10}},"5":{"start":{"line":38,"column":28},"end":{"line":43,"column":30}}},"fnMap":{"0":{"name":"(anonymous_0)","decl":{"start":{"line":15,"column":4},"end":{"line":15,"column":5}},"loc":{"start":{"line":15,"column":23},"end":{"line":21,"column":5}},"line":15},"1":{"name":"(anonymous_1)","decl":{"start":{"line":23,"column":4},"end":{"line":23,"column":5}},"loc":{"start":{"line":23,"column":41},"end":{"line":27,"column":5}},"line":23},"2":{"name":"(anonymous_2)","decl":{"start":{"line":29,"column":4},"end":{"line":29,"column":5}},"loc":{"start":{"line":29,"column":13},"end":{"line":72,"column":5}},"line":29},"3":{"name":"(anonymous_3)","decl":{"start":{"line":37,"column":54},"end":{"line":37,"column":55}},"loc":{"start":{"line":37,"column":70},"end":{"line":44,"column":25}},"line":37}},"branchMap":{"0":{"loc":{"start":{"line":34,"column":17},"end":{"line":45,"column":28}},"type":"binary-expr","locations":[{"start":{"line":34,"column":17},"end":{"line":34,"column":40}},{"start":{"line":35,"column":20},"end":{"line":45,"column":28}}],"line":34},"1":{"loc":{"start":{"line":48,"column":17},"end":{"line":51,"column":26}},"type":"binary-expr","locations":[{"start":{"line":48,"column":17},"end":{"line":48,"column":56}},{"start":{"line":49,"column":20},"end":{"line":51,"column":26}}],"line":48},"2":{"loc":{"start":{"line":54,"column":17},"end":{"line":55,"column":31}},"type":"binary-expr","locations":[{"start":{"line":54,"column":17},"end":{"line":54,"column":61}},{"start":{"line":55,"column":20},"end":{"line":55,"column":31}}],"line":54},"3":{"loc":{"start":{"line":58,"column":17},"end":{"line":62,"column":26}},"type":"binary-expr","locations":[{"start":{"line":58,"column":18},"end":{"line":58,"column":53}},{"start":{"line":58,"column":57},"end":{"line":58,"column":93}},{"start":{"line":59,"column":20},"end":{"line":62,"column":26}}],"line":58},"4":{"loc":{"start":{"line":65,"column":17},"end":{"line":68,"column":26}},"type":"binary-expr","locations":[{"start":{"line":65,"column":17},"end":{"line":65,"column":54}},{"start":{"line":66,"column":20},"end":{"line":68,"column":26}}],"line":65}},"s":{"0":10,"1":10,"2":11,"3":21,"4":21,"5":1},"f":{"0":10,"1":11,"2":21,"3":1},"b":{"0":[21,1],"1":[21,12],"2":[21,18],"3":[21,0,21],"4":[21,0]},"_coverageSchema":"332fd63041d2c1bcb487cc26dd0d5f7d97098a6c","hash":"69b03cd597a69afd2fbf031065cae48370ddb862"}
,"/usr/src/app/src/components/Map.js": {"path":"/usr/src/app/src/components/Map.js","statementMap":{"0":{"start":{"line":20,"column":8},"end":{"line":20,"column":16}},"1":{"start":{"line":23,"column":8},"end":{"line":23,"column":28}},"2":{"start":{"line":26,"column":8},"end":{"line":31,"column":9}},"3":{"start":{"line":34,"column":8},"end":{"line":34,"column":30}},"4":{"start":{"line":35,"column":8},"end":{"line":35,"column":33}},"5":{"start":{"line":36,"column":8},"end":{"line":36,"column":30}},"6":{"start":{"line":39,"column":8},"end":{"line":39,"column":63}},"7":{"start":{"line":40,"column":8},"end":{"line":40,"column":59}},"8":{"start":{"line":41,"column":8},"end":{"line":41,"column":62}},"9":{"start":{"line":42,"column":8},"end":{"line":42,"column":59}},"10":{"start":{"line":43,"column":8},"end":{"line":43,"column":55}},"11":{"start":{"line":44,"column":8},"end":{"line":44,"column":67}},"12":{"start":{"line":45,"column":8},"end":{"line":45,"column":73}},"13":{"start":{"line":46,"column":8},"end":{"line":46,"column":71}},"14":{"start":{"line":53,"column":24},"end":{"line":53,"column":68}},"15":{"start":{"line":54,"column":8},"end":{"line":57,"column":10}},"16":{"start":{"line":63,"column":30},"end":{"line":89,"column":9}},"17":{"start":{"line":64,"column":28},"end":{"line":64,"column":30}},"18":{"start":{"line":65,"column":12},"end":{"line":87,"column":15}},"19":{"start":{"line":66,"column":36},"end":{"line":66,"column":44}},"20":{"start":{"line":67,"column":34},"end":{"line":72,"column":17}},"21":{"start":{"line":74,"column":16},"end":{"line":81,"column":19}},"22":{"start":{"line":75,"column":20},"end":{"line":80,"column":21}},"23":{"start":{"line":76,"column":24},"end":{"line":76,"column":48}},"24":{"start":{"line":77,"column":24},"end":{"line":77,"column":48}},"25":{"start":{"line":78,"column":24},"end":{"line":78,"column":56}},"26":{"start":{"line":79,"column":24},"end":{"line":79,"column":31}},"27":{"start":{"line":83,"column":16},"end":{"line":86,"column":17}},"28":{"start":{"line":84,"column":20},"end":{"line":84,"column":55}},"29":{"start":{"line":85,"column":20},"end":{"line":85,"column":44}},"30":{"start":{"line":88,"column":12},"end":{"line":88,"column":27}},"31":{"start":{"line":92,"column":8},"end":{"line":96,"column":11}},"32":{"start":{"line":99,"column":8},"end":{"line":101,"column":9}},"33":{"start":{"line":100,"column":12},"end":{"line":100,"column":76}},"34":{"start":{"line":104,"column":8},"end":{"line":110,"column":9}},"35":{"start":{"line":107,"column":12},"end":{"line":109,"column":18}},"36":{"start":{"line":108,"column":16},"end":{"line":108,"column":61}},"37":{"start":{"line":114,"column":8},"end":{"line":114,"column":41}},"38":{"start":{"line":114,"column":34},"end":{"line":114,"column":41}},"39":{"start":{"line":116,"column":8},"end":{"line":116,"column":45}},"40":{"start":{"line":120,"column":8},"end":{"line":120,"column":26}},"41":{"start":{"line":124,"column":8},"end":{"line":124,"column":31}},"42":{"start":{"line":125,"column":8},"end":{"line":125,"column":27}},"43":{"start":{"line":129,"column":8},"end":{"line":129,"column":26}},"44":{"start":{"line":133,"column":8},"end":{"line":133,"column":31}},"45":{"start":{"line":134,"column":8},"end":{"line":134,"column":27}},"46":{"start":{"line":142,"column":26},"end":{"line":186,"column":9}},"47":{"start":{"line":143,"column":12},"end":{"line":143,"column":40}},"48":{"start":{"line":143,"column":33},"end":{"line":143,"column":40}},"49":{"start":{"line":145,"column":29},"end":{"line":145,"column":74}},"50":{"start":{"line":147,"column":12},"end":{"line":154,"column":13}},"51":{"start":{"line":148,"column":16},"end":{"line":153,"column":19}},"52":{"start":{"line":156,"column":12},"end":{"line":160,"column":13}},"53":{"start":{"line":157,"column":16},"end":{"line":159,"column":19}},"54":{"start":{"line":162,"column":31},"end":{"line":162,"column":75}},"55":{"start":{"line":163,"column":12},"end":{"line":185,"column":13}},"56":{"start":{"line":164,"column":16},"end":{"line":171,"column":19}},"57":{"start":{"line":173,"column":16},"end":{"line":179,"column":19}},"58":{"start":{"line":180,"column":16},"end":{"line":184,"column":17}},"59":{"start":{"line":181,"column":20},"end":{"line":183,"column":23}},"60":{"start":{"line":189,"column":8},"end":{"line":191,"column":28}},"61":{"start":{"line":190,"column":12},"end":{"line":190,"column":24}},"62":{"start":{"line":201,"column":8},"end":{"line":201,"column":40}},"63":{"start":{"line":202,"column":8},"end":{"line":202,"column":31}},"64":{"start":{"line":204,"column":8},"end":{"line":206,"column":34}},"65":{"start":{"line":205,"column":12},"end":{"line":205,"column":34}},"66":{"start":{"line":213,"column":8},"end":{"line":213,"column":41}},"67":{"start":{"line":213,"column":34},"end":{"line":213,"column":41}},"68":{"start":{"line":214,"column":30},"end":{"line":214,"column":34}},"69":{"start":{"line":216,"column":8},"end":{"line":216,"column":79}},"70":{"start":{"line":218,"column":8},"end":{"line":230,"column":33}},"71":{"start":{"line":219,"column":12},"end":{"line":219,"column":35}},"72":{"start":{"line":220,"column":12},"end":{"line":220,"column":31}},"73":{"start":{"line":222,"column":12},"end":{"line":228,"column":15}},"74":{"start":{"line":238,"column":8},"end":{"line":238,"column":26}},"75":{"start":{"line":239,"column":8},"end":{"line":239,"column":45}},"76":{"start":{"line":246,"column":8},"end":{"line":246,"column":41}},"77":{"start":{"line":246,"column":34},"end":{"line":246,"column":41}},"78":{"start":{"line":247,"column":8},"end":{"line":247,"column":49}},"79":{"start":{"line":254,"column":8},"end":{"line":254,"column":41}},"80":{"start":{"line":254,"column":34},"end":{"line":254,"column":41}},"81":{"start":{"line":255,"column":22},"end":{"line":255,"column":49}},"82":{"start":{"line":258,"column":23},"end":{"line":258,"column":90}},"83":{"start":{"line":259,"column":8},"end":{"line":278,"column":11}},"84":{"start":{"line":282,"column":8},"end":{"line":282,"column":41}},"85":{"start":{"line":283,"column":8},"end":{"line":285,"column":17}},"86":{"start":{"line":284,"column":12},"end":{"line":284,"column":36}},"87":{"start":{"line":292,"column":8},"end":{"line":294,"column":11}},"88":{"start":{"line":301,"column":24},"end":{"line":301,"column":69}},"89":{"start":{"line":302,"column":8},"end":{"line":305,"column":10}},"90":{"start":{"line":307,"column":8},"end":{"line":312,"column":11}},"91":{"start":{"line":320,"column":25},"end":{"line":322,"column":44}},"92":{"start":{"line":325,"column":26},"end":{"line":328,"column":9}},"93":{"start":{"line":331,"column":32},"end":{"line":332,"column":64}},"94":{"start":{"line":335,"column":25},"end":{"line":337,"column":232}},"95":{"start":{"line":340,"column":21},"end":{"line":340,"column":59}},"96":{"start":{"line":343,"column":31},"end":{"line":343,"column":80}},"97":{"start":{"line":345,"column":27},"end":{"line":345,"column":71}},"98":{"start":{"line":348,"column":27},"end":{"line":348,"column":71}},"99":{"start":{"line":350,"column":8},"end":{"line":411,"column":10}},"100":{"start":{"line":366,"column":35},"end":{"line":366,"column":54}},"101":{"start":{"line":387,"column":24},"end":{"line":393,"column":26}}},"fnMap":{"0":{"name":"(anonymous_0)","decl":{"start":{"line":19,"column":4},"end":{"line":19,"column":5}},"loc":{"start":{"line":19,"column":23},"end":{"line":47,"column":5}},"line":19},"1":{"name":"(anonymous_1)","decl":{"start":{"line":52,"column":4},"end":{"line":52,"column":5}},"loc":{"start":{"line":52,"column":41},"end":{"line":111,"column":5}},"line":52},"2":{"name":"(anonymous_2)","decl":{"start":{"line":63,"column":30},"end":{"line":63,"column":31}},"loc":{"start":{"line":63,"column":36},"end":{"line":89,"column":9}},"line":63},"3":{"name":"(anonymous_3)","decl":{"start":{"line":65,"column":26},"end":{"line":65,"column":27}},"loc":{"start":{"line":65,"column":45},"end":{"line":87,"column":13}},"line":65},"4":{"name":"(anonymous_4)","decl":{"start":{"line":74,"column":28},"end":{"line":74,"column":29}},"loc":{"start":{"line":74,"column":40},"end":{"line":81,"column":17}},"line":74},"5":{"name":"(anonymous_5)","decl":{"start":{"line":107,"column":30},"end":{"line":107,"column":31}},"loc":{"start":{"line":107,"column":36},"end":{"line":109,"column":13}},"line":107},"6":{"name":"(anonymous_6)","decl":{"start":{"line":113,"column":4},"end":{"line":113,"column":5}},"loc":{"start":{"line":113,"column":24},"end":{"line":117,"column":5}},"line":113},"7":{"name":"(anonymous_7)","decl":{"start":{"line":119,"column":4},"end":{"line":119,"column":5}},"loc":{"start":{"line":119,"column":23},"end":{"line":121,"column":5}},"line":119},"8":{"name":"(anonymous_8)","decl":{"start":{"line":123,"column":4},"end":{"line":123,"column":5}},"loc":{"start":{"line":123,"column":21},"end":{"line":126,"column":5}},"line":123},"9":{"name":"(anonymous_9)","decl":{"start":{"line":128,"column":4},"end":{"line":128,"column":5}},"loc":{"start":{"line":128,"column":22},"end":{"line":130,"column":5}},"line":128},"10":{"name":"(anonymous_10)","decl":{"start":{"line":132,"column":4},"end":{"line":132,"column":5}},"loc":{"start":{"line":132,"column":21},"end":{"line":135,"column":5}},"line":132},"11":{"name":"(anonymous_11)","decl":{"start":{"line":140,"column":4},"end":{"line":140,"column":5}},"loc":{"start":{"line":140,"column":19},"end":{"line":193,"column":5}},"line":140},"12":{"name":"(anonymous_12)","decl":{"start":{"line":142,"column":26},"end":{"line":142,"column":27}},"loc":{"start":{"line":142,"column":32},"end":{"line":186,"column":9}},"line":142},"13":{"name":"(anonymous_13)","decl":{"start":{"line":189,"column":39},"end":{"line":189,"column":40}},"loc":{"start":{"line":189,"column":45},"end":{"line":191,"column":9}},"line":189},"14":{"name":"(anonymous_14)","decl":{"start":{"line":199,"column":4},"end":{"line":199,"column":5}},"loc":{"start":{"line":199,"column":25},"end":{"line":207,"column":5}},"line":199},"15":{"name":"(anonymous_15)","decl":{"start":{"line":204,"column":19},"end":{"line":204,"column":20}},"loc":{"start":{"line":204,"column":25},"end":{"line":206,"column":9}},"line":204},"16":{"name":"(anonymous_16)","decl":{"start":{"line":212,"column":4},"end":{"line":212,"column":5}},"loc":{"start":{"line":212,"column":27},"end":{"line":232,"column":5}},"line":212},"17":{"name":"(anonymous_17)","decl":{"start":{"line":218,"column":26},"end":{"line":218,"column":27}},"loc":{"start":{"line":218,"column":32},"end":{"line":230,"column":9}},"line":218},"18":{"name":"(anonymous_18)","decl":{"start":{"line":237,"column":4},"end":{"line":237,"column":5}},"loc":{"start":{"line":237,"column":28},"end":{"line":240,"column":5}},"line":237},"19":{"name":"(anonymous_19)","decl":{"start":{"line":245,"column":4},"end":{"line":245,"column":5}},"loc":{"start":{"line":245,"column":17},"end":{"line":248,"column":5}},"line":245},"20":{"name":"(anonymous_20)","decl":{"start":{"line":253,"column":4},"end":{"line":253,"column":5}},"loc":{"start":{"line":253,"column":22},"end":{"line":286,"column":5}},"line":253},"21":{"name":"(anonymous_21)","decl":{"start":{"line":283,"column":40},"end":{"line":283,"column":41}},"loc":{"start":{"line":283,"column":46},"end":{"line":285,"column":9}},"line":283},"22":{"name":"(anonymous_22)","decl":{"start":{"line":291,"column":4},"end":{"line":291,"column":5}},"loc":{"start":{"line":291,"column":18},"end":{"line":295,"column":5}},"line":291},"23":{"name":"(anonymous_23)","decl":{"start":{"line":300,"column":4},"end":{"line":300,"column":5}},"loc":{"start":{"line":300,"column":23},"end":{"line":313,"column":5}},"line":300},"24":{"name":"(anonymous_24)","decl":{"start":{"line":318,"column":4},"end":{"line":318,"column":5}},"loc":{"start":{"line":318,"column":13},"end":{"line":412,"column":5}},"line":318},"25":{"name":"(anonymous_25)","decl":{"start":{"line":366,"column":25},"end":{"line":366,"column":26}},"loc":{"start":{"line":366,"column":35},"end":{"line":366,"column":54}},"line":366},"26":{"name":"(anonymous_26)","decl":{"start":{"line":386,"column":44},"end":{"line":386,"column":45}},"loc":{"start":{"line":386,"column":61},"end":{"line":394,"column":21}},"line":386}},"branchMap":{"0":{"loc":{"start":{"line":75,"column":20},"end":{"line":80,"column":21}},"type":"if","locations":[{"start":{"line":75,"column":20},"end":{"line":80,"column":21}},{"start":{"line":75,"column":20},"end":{"line":80,"column":21}}],"line":75},"1":{"loc":{"start":{"line":75,"column":24},"end":{"line":75,"column":102}},"type":"binary-expr","locations":[{"start":{"line":75,"column":24},"end":{"line":75,"column":60}},{"start":{"line":75,"column":64},"end":{"line":75,"column":102}}],"line":75},"2":{"loc":{"start":{"line":83,"column":16},"end":{"line":86,"column":17}},"type":"if","locations":[{"start":{"line":83,"column":16},"end":{"line":86,"column":17}},{"start":{"line":83,"column":16},"end":{"line":86,"column":17}}],"line":83},"3":{"loc":{"start":{"line":99,"column":8},"end":{"line":101,"column":9}},"type":"if","locations":[{"start":{"line":99,"column":8},"end":{"line":101,"column":9}},{"start":{"line":99,"column":8},"end":{"line":101,"column":9}}],"line":99},"4":{"loc":{"start":{"line":104,"column":8},"end":{"line":110,"column":9}},"type":"if","locations":[{"start":{"line":104,"column":8},"end":{"line":110,"column":9}},{"start":{"line":104,"column":8},"end":{"line":110,"column":9}}],"line":104},"5":{"loc":{"start":{"line":104,"column":12},"end":{"line":105,"column":91}},"type":"binary-expr","locations":[{"start":{"line":104,"column":12},"end":{"line":104,"column":33}},{"start":{"line":105,"column":12},"end":{"line":105,"column":91}}],"line":104},"6":{"loc":{"start":{"line":114,"column":8},"end":{"line":114,"column":41}},"type":"if","locations":[{"start":{"line":114,"column":8},"end":{"line":114,"column":41}},{"start":{"line":114,"column":8},"end":{"line":114,"column":41}}],"line":114},"7":{"loc":{"start":{"line":143,"column":12},"end":{"line":143,"column":40}},"type":"if","locations":[{"start":{"line":143,"column":12},"end":{"line":143,"column":40}},{"start":{"line":143,"column":12},"end":{"line":143,"column":40}}],"line":143},"8":{"loc":{"start":{"line":147,"column":12},"end":{"line":154,"column":13}},"type":"if","locations":[{"start":{"line":147,"column":12},"end":{"line":154,"column":13}},{"start":{"line":147,"column":12},"end":{"line":154,"column":13}}],"line":147},"9":{"loc":{"start":{"line":156,"column":12},"end":{"line":160,"column":13}},"type":"if","locations":[{"start":{"line":156,"column":12},"end":{"line":160,"column":13}},{"start":{"line":156,"column":12},"end":{"line":160,"column":13}}],"line":156},"10":{"loc":{"start":{"line":156,"column":16},"end":{"line":156,"column":113}},"type":"binary-expr","locations":[{"start":{"line":156,"column":16},"end":{"line":156,"column":60}},{"start":{"line":156,"column":64},"end":{"line":156,"column":113}}],"line":156},"11":{"loc":{"start":{"line":163,"column":12},"end":{"line":185,"column":13}},"type":"if","locations":[{"start":{"line":163,"column":12},"end":{"line":185,"column":13}},{"start":{"line":163,"column":12},"end":{"line":185,"column":13}}],"line":163},"12":{"loc":{"start":{"line":163,"column":16},"end":{"line":163,"column":53}},"type":"binary-expr","locations":[{"start":{"line":163,"column":16},"end":{"line":163,"column":24}},{"start":{"line":163,"column":28},"end":{"line":163,"column":53}}],"line":163},"13":{"loc":{"start":{"line":180,"column":16},"end":{"line":184,"column":17}},"type":"if","locations":[{"start":{"line":180,"column":16},"end":{"line":184,"column":17}},{"start":{"line":180,"column":16},"end":{"line":184,"column":17}}],"line":180},"14":{"loc":{"start":{"line":213,"column":8},"end":{"line":213,"column":41}},"type":"if","locations":[{"start":{"line":213,"column":8},"end":{"line":213,"column":41}},{"start":{"line":213,"column":8},"end":{"line":213,"column":41}}],"line":213},"15":{"loc":{"start":{"line":246,"column":8},"end":{"line":246,"column":41}},"type":"if","locations":[{"start":{"line":246,"column":8},"end":{"line":246,"column":41}},{"start":{"line":246,"column":8},"end":{"line":246,"column":41}}],"line":246},"16":{"loc":{"start":{"line":254,"column":8},"end":{"line":254,"column":41}},"type":"if","locations":[{"start":{"line":254,"column":8},"end":{"line":254,"column":41}},{"start":{"line":254,"column":8},"end":{"line":254,"column":41}}],"line":254},"17":{"loc":{"start":{"line":320,"column":25},"end":{"line":322,"column":44}},"type":"cond-expr","locations":[{"start":{"line":321,"column":14},"end":{"line":321,"column":27}},{"start":{"line":322,"column":14},"end":{"line":322,"column":44}}],"line":320},"18":{"loc":{"start":{"line":331,"column":32},"end":{"line":332,"column":64}},"type":"binary-expr","locations":[{"start":{"line":331,"column":32},"end":{"line":331,"column":76}},{"start":{"line":332,"column":15},"end":{"line":332,"column":64}}],"line":331},"19":{"loc":{"start":{"line":335,"column":25},"end":{"line":337,"column":232}},"type":"cond-expr","locations":[{"start":{"line":336,"column":14},"end":{"line":336,"column":233}},{"start":{"line":337,"column":14},"end":{"line":337,"column":232}}],"line":335},"20":{"loc":{"start":{"line":354,"column":25},"end":{"line":361,"column":37}},"type":"binary-expr","locations":[{"start":{"line":354,"column":25},"end":{"line":354,"column":41}},{"start":{"line":355,"column":28},"end":{"line":361,"column":37}}],"line":354},"21":{"loc":{"start":{"line":380,"column":21},"end":{"line":381,"column":58}},"type":"binary-expr","locations":[{"start":{"line":380,"column":21},"end":{"line":380,"column":37}},{"start":{"line":381,"column":24},"end":{"line":381,"column":58}}],"line":380},"22":{"loc":{"start":{"line":383,"column":21},"end":{"line":384,"column":95}},"type":"binary-expr","locations":[{"start":{"line":383,"column":21},"end":{"line":383,"column":37}},{"start":{"line":384,"column":24},"end":{"line":384,"column":95}}],"line":383},"23":{"loc":{"start":{"line":395,"column":21},"end":{"line":396,"column":108}},"type":"binary-expr","locations":[{"start":{"line":395,"column":21},"end":{"line":395,"column":50}},{"start":{"line":395,"column":54},"end":{"line":395,"column":84}},{"start":{"line":396,"column":24},"end":{"line":396,"column":108}}],"line":395},"24":{"loc":{"start":{"line":398,"column":21},"end":{"line":402,"column":26}},"type":"binary-expr","locations":[{"start":{"line":398,"column":21},"end":{"line":398,"column":31}},{"start":{"line":398,"column":35},"end":{"line":398,"column":60}},{"start":{"line":399,"column":24},"end":{"line":402,"column":26}}],"line":398},"25":{"loc":{"start":{"line":404,"column":21},"end":{"line":407,"column":26}},"type":"binary-expr","locations":[{"start":{"line":404,"column":21},"end":{"line":404,"column":36}},{"start":{"line":404,"column":40},"end":{"line":404,"column":70}},{"start":{"line":405,"column":24},"end":{"line":407,"column":26}}],"line":404}},"s":{"0":8,"1":8,"2":8,"3":8,"4":8,"5":8,"6":8,"7":8,"8":8,"9":8,"10":8,"11":8,"12":8,"13":8,"14":12,"15":12,"16":12,"17":12,"18":12,"19":100,"20":100,"21":100,"22":450,"23":0,"24":0,"25":0,"26":0,"27":100,"28":100,"29":100,"30":12,"31":12,"32":12,"33":12,"34":12,"35":1,"36":0,"37":8,"38":0,"39":8,"40":0,"41":0,"42":0,"43":0,"44":0,"45":0,"46":0,"47":0,"48":0,"49":0,"50":0,"51":0,"52":0,"53":0,"54":0,"55":0,"56":0,"57":0,"58":0,"59":0,"60":0,"61":0,"62":0,"63":0,"64":0,"65":0,"66":0,"67":0,"68":0,"69":0,"70":0,"71":0,"72":0,"73":0,"74":0,"75":0,"76":0,"77":0,"78":0,"79":0,"80":0,"81":0,"82":0,"83":0,"84":0,"85":0,"86":0,"87":0,"88":0,"89":0,"90":0,"91":20,"92":20,"93":20,"94":20,"95":20,"96":20,"97":20,"98":20,"99":20,"100":33,"101":100},"f":{"0":8,"1":12,"2":12,"3":100,"4":450,"5":0,"6":8,"7":0,"8":0,"9":0,"10":0,"11":0,"12":0,"13":0,"14":0,"15":0,"16":0,"17":0,"18":0,"19":0,"20":0,"21":0,"22":0,"23":0,"24":20,"25":33,"26":100},"b":{"0":[0,450],"1":[450,0],"2":[100,0],"3":[12,0],"4":[1,11],"5":[12,12],"6":[0,8],"7":[0,0],"8":[0,0],"9":[0,0],"10":[0,0],"11":[0,0],"12":[0,0],"13":[0,0],"14":[0,0],"15":[0,0],"16":[0,0],"17":[19,1],"18":[20,0],"19":[0,20],"20":[20,20],"21":[20,20],"22":[20,20],"23":[20,0,0],"24":[20,20,0],"25":[20,0,0]},"_coverageSchema":"332fd63041d2c1bcb487cc26dd0d5f7d97098a6c","hash":"1441a08d4e5d21cba2e5b343974ce364d699152f"}
,"/usr/src/app/src/components/NotFound.js": {"path":"/usr/src/app/src/components/NotFound.js","statementMap":{"0":{"start":{"line":10,"column":8},"end":{"line":10,"column":16}},"1":{"start":{"line":14,"column":8},"end":{"line":26,"column":10}}},"fnMap":{"0":{"name":"(anonymous_0)","decl":{"start":{"line":9,"column":4},"end":{"line":9,"column":5}},"loc":{"start":{"line":9,"column":23},"end":{"line":11,"column":5}},"line":9},"1":{"name":"(anonymous_1)","decl":{"start":{"line":13,"column":4},"end":{"line":13,"column":5}},"loc":{"start":{"line":13,"column":13},"end":{"line":27,"column":5}},"line":13}},"branchMap":{},"s":{"0":0,"1":0},"f":{"0":0,"1":0},"b":{},"_coverageSchema":"332fd63041d2c1bcb487cc26dd0d5f7d97098a6c","hash":"e8f92577de85164bbc08f9e1411ff6798b68d842"}
,"/usr/src/app/src/components/Sidebar.js": {"path":"/usr/src/app/src/components/Sidebar.js","statementMap":{"0":{"start":{"line":16,"column":8},"end":{"line":16,"column":16}},"1":{"start":{"line":18,"column":8},"end":{"line":20,"column":10}},"2":{"start":{"line":22,"column":8},"end":{"line":22,"column":71}},"3":{"start":{"line":26,"column":8},"end":{"line":28,"column":11}},"4":{"start":{"line":32,"column":8},"end":{"line":34,"column":11}},"5":{"start":{"line":35,"column":8},"end":{"line":35,"column":27}},"6":{"start":{"line":43,"column":29},"end":{"line":43,"column":76}},"7":{"start":{"line":45,"column":27},"end":{"line":45,"column":71}},"8":{"start":{"line":46,"column":36},"end":{"line":46,"column":107}},"9":{"start":{"line":48,"column":28},"end":{"line":88,"column":13}},"10":{"start":{"line":90,"column":8},"end":{"line":90,"column":29}}},"fnMap":{"0":{"name":"(anonymous_0)","decl":{"start":{"line":15,"column":4},"end":{"line":15,"column":5}},"loc":{"start":{"line":15,"column":23},"end":{"line":23,"column":5}},"line":15},"1":{"name":"(anonymous_1)","decl":{"start":{"line":25,"column":4},"end":{"line":25,"column":5}},"loc":{"start":{"line":25,"column":41},"end":{"line":29,"column":5}},"line":25},"2":{"name":"(anonymous_2)","decl":{"start":{"line":31,"column":4},"end":{"line":31,"column":5}},"loc":{"start":{"line":31,"column":27},"end":{"line":36,"column":5}},"line":31},"3":{"name":"(anonymous_3)","decl":{"start":{"line":41,"column":4},"end":{"line":41,"column":5}},"loc":{"start":{"line":41,"column":13},"end":{"line":91,"column":5}},"line":41}},"branchMap":{"0":{"loc":{"start":{"line":46,"column":36},"end":{"line":46,"column":107}},"type":"binary-expr","locations":[{"start":{"line":46,"column":36},"end":{"line":46,"column":51}},{"start":{"line":46,"column":55},"end":{"line":46,"column":107}}],"line":46},"1":{"loc":{"start":{"line":48,"column":28},"end":{"line":88,"column":13}},"type":"cond-expr","locations":[{"start":{"line":49,"column":15},"end":{"line":74,"column":28}},{"start":{"line":75,"column":15},"end":{"line":87,"column":22}}],"line":48},"2":{"loc":{"start":{"line":51,"column":25},"end":{"line":52,"column":81}},"type":"binary-expr","locations":[{"start":{"line":51,"column":25},"end":{"line":51,"column":44}},{"start":{"line":52,"column":28},"end":{"line":52,"column":81}}],"line":51},"3":{"loc":{"start":{"line":54,"column":25},"end":{"line":55,"column":65}},"type":"binary-expr","locations":[{"start":{"line":54,"column":25},"end":{"line":54,"column":45}},{"start":{"line":54,"column":49},"end":{"line":54,"column":84}},{"start":{"line":55,"column":28},"end":{"line":55,"column":65}}],"line":54},"4":{"loc":{"start":{"line":57,"column":25},"end":{"line":58,"column":66}},"type":"binary-expr","locations":[{"start":{"line":57,"column":25},"end":{"line":57,"column":45}},{"start":{"line":57,"column":49},"end":{"line":57,"column":85}},{"start":{"line":58,"column":28},"end":{"line":58,"column":66}}],"line":57}},"s":{"0":9,"1":9,"2":9,"3":11,"4":1,"5":1,"6":20,"7":20,"8":20,"9":20,"10":20},"f":{"0":9,"1":11,"2":1,"3":20},"b":{"0":[20,0],"1":[19,1],"2":[19,0],"3":[19,19,18],"4":[19,19,1]},"_coverageSchema":"332fd63041d2c1bcb487cc26dd0d5f7d97098a6c","hash":"3873279b7e5f295ad226d05657324c3fcad5b346"}
,"/usr/src/app/src/components/Sponsors.js": {"path":"/usr/src/app/src/components/Sponsors.js","statementMap":{"0":{"start":{"line":9,"column":8},"end":{"line":9,"column":16}},"1":{"start":{"line":13,"column":8},"end":{"line":47,"column":10}}},"fnMap":{"0":{"name":"(anonymous_0)","decl":{"start":{"line":8,"column":4},"end":{"line":8,"column":5}},"loc":{"start":{"line":8,"column":23},"end":{"line":10,"column":5}},"line":8},"1":{"name":"(anonymous_1)","decl":{"start":{"line":12,"column":4},"end":{"line":12,"column":5}},"loc":{"start":{"line":12,"column":13},"end":{"line":48,"column":5}},"line":12}},"branchMap":{},"s":{"0":19,"1":39},"f":{"0":19,"1":39},"b":{},"_coverageSchema":"332fd63041d2c1bcb487cc26dd0d5f7d97098a6c","hash":"3ce9bd697da2fe2508724aa8a991b66cd3711f44"}
,"/usr/src/app/src/components/Welcome.js": {"path":"/usr/src/app/src/components/Welcome.js","statementMap":{"0":{"start":{"line":22,"column":8},"end":{"line":22,"column":16}},"1":{"start":{"line":24,"column":8},"end":{"line":24,"column":67}},"2":{"start":{"line":25,"column":8},"end":{"line":25,"column":49}},"3":{"start":{"line":33,"column":8},"end":{"line":39,"column":11}},"4":{"start":{"line":41,"column":8},"end":{"line":41,"column":57}},"5":{"start":{"line":43,"column":8},"end":{"line":70,"column":9}},"6":{"start":{"line":44,"column":12},"end":{"line":47,"column":15}},"7":{"start":{"line":48,"column":12},"end":{"line":51,"column":15}},"8":{"start":{"line":52,"column":12},"end":{"line":55,"column":15}},"9":{"start":{"line":58,"column":13},"end":{"line":70,"column":9}},"10":{"start":{"line":59,"column":12},"end":{"line":62,"column":15}},"11":{"start":{"line":65,"column":13},"end":{"line":70,"column":9}},"12":{"start":{"line":66,"column":12},"end":{"line":69,"column":15}},"13":{"start":{"line":72,"column":8},"end":{"line":74,"column":11}},"14":{"start":{"line":81,"column":8},"end":{"line":81,"column":58}},"15":{"start":{"line":82,"column":8},"end":{"line":88,"column":11}},"16":{"start":{"line":95,"column":8},"end":{"line":139,"column":10}}},"fnMap":{"0":{"name":"(anonymous_0)","decl":{"start":{"line":21,"column":4},"end":{"line":21,"column":5}},"loc":{"start":{"line":21,"column":23},"end":{"line":26,"column":5}},"line":21},"1":{"name":"(anonymous_1)","decl":{"start":{"line":31,"column":4},"end":{"line":31,"column":5}},"loc":{"start":{"line":31,"column":25},"end":{"line":75,"column":5}},"line":31},"2":{"name":"(anonymous_2)","decl":{"start":{"line":80,"column":4},"end":{"line":80,"column":5}},"loc":{"start":{"line":80,"column":16},"end":{"line":89,"column":5}},"line":80},"3":{"name":"(anonymous_3)","decl":{"start":{"line":94,"column":4},"end":{"line":94,"column":5}},"loc":{"start":{"line":94,"column":13},"end":{"line":140,"column":5}},"line":94}},"branchMap":{"0":{"loc":{"start":{"line":43,"column":8},"end":{"line":70,"column":9}},"type":"if","locations":[{"start":{"line":43,"column":8},"end":{"line":70,"column":9}},{"start":{"line":43,"column":8},"end":{"line":70,"column":9}}],"line":43},"1":{"loc":{"start":{"line":58,"column":13},"end":{"line":70,"column":9}},"type":"if","locations":[{"start":{"line":58,"column":13},"end":{"line":70,"column":9}},{"start":{"line":58,"column":13},"end":{"line":70,"column":9}}],"line":58},"2":{"loc":{"start":{"line":65,"column":13},"end":{"line":70,"column":9}},"type":"if","locations":[{"start":{"line":65,"column":13},"end":{"line":70,"column":9}},{"start":{"line":65,"column":13},"end":{"line":70,"column":9}}],"line":65}},"s":{"0":12,"1":12,"2":12,"3":3,"4":3,"5":3,"6":1,"7":1,"8":1,"9":2,"10":1,"11":1,"12":1,"13":3,"14":1,"15":1,"16":22},"f":{"0":12,"1":3,"2":1,"3":22},"b":{"0":[1,2],"1":[1,1],"2":[1,0]},"_coverageSchema":"332fd63041d2c1bcb487cc26dd0d5f7d97098a6c","hash":"a9f402eceab34bfda6967d1f39de82d741886d62"}
,"/usr/src/app/src/components/map/GeoLocationMarker.js": {"path":"/usr/src/app/src/components/map/GeoLocationMarker.js","statementMap":{"0":{"start":{"line":10,"column":8},"end":{"line":10,"column":16}},"1":{"start":{"line":12,"column":8},"end":{"line":14,"column":10}},"2":{"start":{"line":18,"column":8},"end":{"line":20,"column":11}},"3":{"start":{"line":27,"column":25},"end":{"line":27,"column":44}},"4":{"start":{"line":29,"column":27},"end":{"line":29,"column":43}},"5":{"start":{"line":30,"column":21},"end":{"line":32,"column":10}},"6":{"start":{"line":34,"column":8},"end":{"line":41,"column":10}}},"fnMap":{"0":{"name":"(anonymous_0)","decl":{"start":{"line":9,"column":4},"end":{"line":9,"column":5}},"loc":{"start":{"line":9,"column":23},"end":{"line":15,"column":5}},"line":9},"1":{"name":"(anonymous_1)","decl":{"start":{"line":17,"column":4},"end":{"line":17,"column":5}},"loc":{"start":{"line":17,"column":41},"end":{"line":21,"column":5}},"line":17},"2":{"name":"(anonymous_2)","decl":{"start":{"line":26,"column":4},"end":{"line":26,"column":5}},"loc":{"start":{"line":26,"column":13},"end":{"line":42,"column":5}},"line":26}},"branchMap":{},"s":{"0":0,"1":0,"2":0,"3":0,"4":0,"5":0,"6":0},"f":{"0":0,"1":0,"2":0},"b":{},"_coverageSchema":"332fd63041d2c1bcb487cc26dd0d5f7d97098a6c","hash":"c7fdf1bc3c7981ffe833858a68f4692772920f0a"}
,"/usr/src/app/src/components/map/Marker.js": {"path":"/usr/src/app/src/components/map/Marker.js","statementMap":{"0":{"start":{"line":14,"column":8},"end":{"line":14,"column":16}},"1":{"start":{"line":16,"column":8},"end":{"line":22,"column":10}},"2":{"start":{"line":24,"column":8},"end":{"line":24,"column":77}},"3":{"start":{"line":25,"column":8},"end":{"line":25,"column":67}},"4":{"start":{"line":26,"column":8},"end":{"line":26,"column":73}},"5":{"start":{"line":27,"column":8},"end":{"line":27,"column":73}},"6":{"start":{"line":28,"column":8},"end":{"line":28,"column":65}},"7":{"start":{"line":32,"column":32},"end":{"line":32,"column":33}},"8":{"start":{"line":33,"column":8},"end":{"line":40,"column":10}},"9":{"start":{"line":34,"column":12},"end":{"line":39,"column":13}},"10":{"start":{"line":35,"column":16},"end":{"line":35,"column":40}},"11":{"start":{"line":37,"column":17},"end":{"line":39,"column":13}},"12":{"start":{"line":38,"column":16},"end":{"line":38,"column":40}},"13":{"start":{"line":42,"column":8},"end":{"line":47,"column":11}},"14":{"start":{"line":55,"column":8},"end":{"line":55,"column":41}},"15":{"start":{"line":58,"column":8},"end":{"line":73,"column":11}},"16":{"start":{"line":64,"column":12},"end":{"line":64,"column":47}},"17":{"start":{"line":67,"column":12},"end":{"line":72,"column":15}},"18":{"start":{"line":82,"column":8},"end":{"line":82,"column":40}},"19":{"start":{"line":86,"column":8},"end":{"line":101,"column":9}},"20":{"start":{"line":88,"column":12},"end":{"line":91,"column":15}},"21":{"start":{"line":93,"column":12},"end":{"line":93,"column":47}},"22":{"start":{"line":95,"column":12},"end":{"line":100,"column":15}},"23":{"start":{"line":108,"column":25},"end":{"line":108,"column":84}},"24":{"start":{"line":109,"column":8},"end":{"line":109,"column":40}},"25":{"start":{"line":110,"column":8},"end":{"line":110,"column":27}},"26":{"start":{"line":117,"column":25},"end":{"line":117,"column":84}},"27":{"start":{"line":118,"column":8},"end":{"line":118,"column":40}},"28":{"start":{"line":119,"column":8},"end":{"line":119,"column":27}},"29":{"start":{"line":129,"column":8},"end":{"line":132,"column":11}},"30":{"start":{"line":133,"column":8},"end":{"line":135,"column":11}},"31":{"start":{"line":137,"column":8},"end":{"line":151,"column":11}},"32":{"start":{"line":138,"column":12},"end":{"line":148,"column":15}},"33":{"start":{"line":139,"column":16},"end":{"line":139,"column":52}},"34":{"start":{"line":141,"column":16},"end":{"line":141,"column":50}},"35":{"start":{"line":142,"column":16},"end":{"line":145,"column":19}},"36":{"start":{"line":147,"column":16},"end":{"line":147,"column":65}},"37":{"start":{"line":150,"column":12},"end":{"line":150,"column":46}},"38":{"start":{"line":159,"column":8},"end":{"line":159,"column":36}},"39":{"start":{"line":160,"column":8},"end":{"line":165,"column":11}},"40":{"start":{"line":174,"column":8},"end":{"line":183,"column":11}},"41":{"start":{"line":180,"column":12},"end":{"line":182,"column":14}},"42":{"start":{"line":190,"column":28},"end":{"line":190,"column":72}},"43":{"start":{"line":191,"column":23},"end":{"line":191,"column":40}},"44":{"start":{"line":192,"column":32},"end":{"line":192,"column":78}},"45":{"start":{"line":193,"column":25},"end":{"line":193,"column":78}},"46":{"start":{"line":195,"column":27},"end":{"line":195,"column":43}},"47":{"start":{"line":196,"column":21},"end":{"line":201,"column":10}},"48":{"start":{"line":204,"column":26},"end":{"line":204,"column":67}},"49":{"start":{"line":208,"column":12},"end":{"line":226,"column":17}},"50":{"start":{"line":229,"column":8},"end":{"line":286,"column":10}},"51":{"start":{"line":233,"column":30},"end":{"line":233,"column":72}},"52":{"start":{"line":253,"column":40},"end":{"line":255,"column":41}},"53":{"start":{"line":254,"column":44},"end":{"line":254,"column":58}},"54":{"start":{"line":256,"column":40},"end":{"line":258,"column":47}},"55":{"start":{"line":264,"column":81},"end":{"line":264,"column":128}},"56":{"start":{"line":272,"column":81},"end":{"line":272,"column":122}}},"fnMap":{"0":{"name":"(anonymous_0)","decl":{"start":{"line":13,"column":4},"end":{"line":13,"column":5}},"loc":{"start":{"line":13,"column":23},"end":{"line":29,"column":5}},"line":13},"1":{"name":"(anonymous_1)","decl":{"start":{"line":31,"column":4},"end":{"line":31,"column":5}},"loc":{"start":{"line":31,"column":41},"end":{"line":48,"column":5}},"line":31},"2":{"name":"(anonymous_2)","decl":{"start":{"line":33,"column":43},"end":{"line":33,"column":44}},"loc":{"start":{"line":33,"column":62},"end":{"line":40,"column":9}},"line":33},"3":{"name":"(anonymous_3)","decl":{"start":{"line":54,"column":4},"end":{"line":54,"column":5}},"loc":{"start":{"line":54,"column":40},"end":{"line":74,"column":5}},"line":54},"4":{"name":"(anonymous_4)","decl":{"start":{"line":63,"column":16},"end":{"line":63,"column":17}},"loc":{"start":{"line":63,"column":22},"end":{"line":73,"column":9}},"line":63},"5":{"name":"(anonymous_5)","decl":{"start":{"line":80,"column":4},"end":{"line":80,"column":5}},"loc":{"start":{"line":80,"column":35},"end":{"line":102,"column":5}},"line":80},"6":{"name":"(anonymous_6)","decl":{"start":{"line":107,"column":4},"end":{"line":107,"column":5}},"loc":{"start":{"line":107,"column":28},"end":{"line":111,"column":5}},"line":107},"7":{"name":"(anonymous_7)","decl":{"start":{"line":116,"column":4},"end":{"line":116,"column":5}},"loc":{"start":{"line":116,"column":28},"end":{"line":120,"column":5}},"line":116},"8":{"name":"(anonymous_8)","decl":{"start":{"line":128,"column":4},"end":{"line":128,"column":5}},"loc":{"start":{"line":128,"column":34},"end":{"line":152,"column":5}},"line":128},"9":{"name":"(anonymous_9)","decl":{"start":{"line":137,"column":117},"end":{"line":137,"column":118}},"loc":{"start":{"line":137,"column":128},"end":{"line":149,"column":9}},"line":137},"10":{"name":"(anonymous_10)","decl":{"start":{"line":138,"column":95},"end":{"line":138,"column":96}},"loc":{"start":{"line":138,"column":108},"end":{"line":146,"column":13}},"line":138},"11":{"name":"(anonymous_11)","decl":{"start":{"line":146,"column":21},"end":{"line":146,"column":22}},"loc":{"start":{"line":146,"column":27},"end":{"line":148,"column":13}},"line":146},"12":{"name":"(anonymous_12)","decl":{"start":{"line":149,"column":17},"end":{"line":149,"column":18}},"loc":{"start":{"line":149,"column":23},"end":{"line":151,"column":9}},"line":149},"13":{"name":"(anonymous_13)","decl":{"start":{"line":157,"column":4},"end":{"line":157,"column":5}},"loc":{"start":{"line":157,"column":31},"end":{"line":166,"column":5}},"line":157},"14":{"name":"(anonymous_14)","decl":{"start":{"line":173,"column":4},"end":{"line":173,"column":5}},"loc":{"start":{"line":173,"column":34},"end":{"line":184,"column":5}},"line":173},"15":{"name":"(anonymous_15)","decl":{"start":{"line":179,"column":16},"end":{"line":179,"column":17}},"loc":{"start":{"line":179,"column":22},"end":{"line":183,"column":9}},"line":179},"16":{"name":"(anonymous_16)","decl":{"start":{"line":189,"column":4},"end":{"line":189,"column":5}},"loc":{"start":{"line":189,"column":13},"end":{"line":287,"column":5}},"line":189},"17":{"name":"(anonymous_17)","decl":{"start":{"line":233,"column":25},"end":{"line":233,"column":26}},"loc":{"start":{"line":233,"column":30},"end":{"line":233,"column":72}},"line":233},"18":{"name":"(anonymous_18)","decl":{"start":{"line":252,"column":60},"end":{"line":252,"column":61}},"loc":{"start":{"line":252,"column":75},"end":{"line":259,"column":37}},"line":252},"19":{"name":"(anonymous_19)","decl":{"start":{"line":264,"column":76},"end":{"line":264,"column":77}},"loc":{"start":{"line":264,"column":81},"end":{"line":264,"column":128}},"line":264},"20":{"name":"(anonymous_20)","decl":{"start":{"line":272,"column":76},"end":{"line":272,"column":77}},"loc":{"start":{"line":272,"column":81},"end":{"line":272,"column":122}},"line":272}},"branchMap":{"0":{"loc":{"start":{"line":34,"column":12},"end":{"line":39,"column":13}},"type":"if","locations":[{"start":{"line":34,"column":12},"end":{"line":39,"column":13}},{"start":{"line":34,"column":12},"end":{"line":39,"column":13}}],"line":34},"1":{"loc":{"start":{"line":37,"column":17},"end":{"line":39,"column":13}},"type":"if","locations":[{"start":{"line":37,"column":17},"end":{"line":39,"column":13}},{"start":{"line":37,"column":17},"end":{"line":39,"column":13}}],"line":37},"2":{"loc":{"start":{"line":86,"column":8},"end":{"line":101,"column":9}},"type":"if","locations":[{"start":{"line":86,"column":8},"end":{"line":101,"column":9}},{"start":{"line":86,"column":8},"end":{"line":101,"column":9}}],"line":86},"3":{"loc":{"start":{"line":197,"column":18},"end":{"line":197,"column":59}},"type":"cond-expr","locations":[{"start":{"line":197,"column":41},"end":{"line":197,"column":48}},{"start":{"line":197,"column":51},"end":{"line":197,"column":59}}],"line":197},"4":{"loc":{"start":{"line":200,"column":22},"end":{"line":200,"column":81}},"type":"cond-expr","locations":[{"start":{"line":200,"column":52},"end":{"line":200,"column":54}},{"start":{"line":200,"column":57},"end":{"line":200,"column":81}}],"line":200},"5":{"loc":{"start":{"line":209,"column":17},"end":{"line":214,"column":25}},"type":"binary-expr","locations":[{"start":{"line":209,"column":17},"end":{"line":209,"column":49}},{"start":{"line":210,"column":20},"end":{"line":214,"column":25}}],"line":209},"6":{"loc":{"start":{"line":216,"column":17},"end":{"line":217,"column":104}},"type":"binary-expr","locations":[{"start":{"line":216,"column":17},"end":{"line":216,"column":44}},{"start":{"line":217,"column":20},"end":{"line":217,"column":104}}],"line":216},"7":{"loc":{"start":{"line":219,"column":17},"end":{"line":224,"column":25}},"type":"binary-expr","locations":[{"start":{"line":219,"column":17},"end":{"line":219,"column":44}},{"start":{"line":219,"column":48},"end":{"line":219,"column":106}},{"start":{"line":220,"column":20},"end":{"line":224,"column":25}}],"line":219},"8":{"loc":{"start":{"line":235,"column":17},"end":{"line":243,"column":30}},"type":"binary-expr","locations":[{"start":{"line":235,"column":17},"end":{"line":235,"column":45}},{"start":{"line":236,"column":20},"end":{"line":243,"column":30}}],"line":235},"9":{"loc":{"start":{"line":239,"column":29},"end":{"line":240,"column":50}},"type":"binary-expr","locations":[{"start":{"line":239,"column":29},"end":{"line":239,"column":56}},{"start":{"line":240,"column":32},"end":{"line":240,"column":50}}],"line":239},"10":{"loc":{"start":{"line":247,"column":25},"end":{"line":281,"column":34}},"type":"binary-expr","locations":[{"start":{"line":247,"column":25},"end":{"line":247,"column":37}},{"start":{"line":248,"column":28},"end":{"line":281,"column":34}}],"line":247},"11":{"loc":{"start":{"line":253,"column":40},"end":{"line":255,"column":41}},"type":"if","locations":[{"start":{"line":253,"column":40},"end":{"line":255,"column":41}},{"start":{"line":253,"column":40},"end":{"line":255,"column":41}}],"line":253},"12":{"loc":{"start":{"line":266,"column":45},"end":{"line":267,"column":94}},"type":"binary-expr","locations":[{"start":{"line":266,"column":45},"end":{"line":266,"column":65}},{"start":{"line":267,"column":48},"end":{"line":267,"column":94}}],"line":266},"13":{"loc":{"start":{"line":278,"column":33},"end":{"line":279,"column":92}},"type":"binary-expr","locations":[{"start":{"line":278,"column":33},"end":{"line":278,"column":60}},{"start":{"line":279,"column":36},"end":{"line":279,"column":92}}],"line":278}},"s":{"0":30,"1":30,"2":30,"3":30,"4":30,"5":30,"6":30,"7":70,"8":70,"9":70,"10":0,"11":70,"12":0,"13":70,"14":0,"15":0,"16":0,"17":0,"18":0,"19":0,"20":0,"21":0,"22":0,"23":0,"24":0,"25":0,"26":0,"27":0,"28":0,"29":0,"30":0,"31":0,"32":0,"33":0,"34":0,"35":0,"36":0,"37":0,"38":0,"39":0,"40":0,"41":0,"42":100,"43":100,"44":100,"45":100,"46":100,"47":100,"48":100,"49":100,"50":100,"51":0,"52":700,"53":330,"54":370,"55":0,"56":0},"f":{"0":30,"1":70,"2":70,"3":0,"4":0,"5":0,"6":0,"7":0,"8":0,"9":0,"10":0,"11":0,"12":0,"13":0,"14":0,"15":0,"16":100,"17":0,"18":700,"19":0,"20":0},"b":{"0":[0,70],"1":[0,70],"2":[0,0],"3":[100,0],"4":[0,100],"5":[100,0],"6":[100,0],"7":[100,0,0],"8":[100,100],"9":[100,0],"10":[100,100],"11":[330,370],"12":[100,0],"13":[100,0]},"_coverageSchema":"332fd63041d2c1bcb487cc26dd0d5f7d97098a6c","hash":"5272a8ac85d9d75b4852eda7aaefcefc36186b86"}
[...]
8":{"start":{"line":29,"column":20},"end":{"line":33,"column":9}},"9":{"start":{"line":34,"column":8},"end":{"line":34,"column":55}},"10":{"start":{"line":44,"column":8},"end":{"line":44,"column":39}},"11":{"start":{"line":44,"column":27},"end":{"line":44,"column":39}},"12":{"start":{"line":46,"column":22},"end":{"line":46,"column":47}},"13":{"start":{"line":47,"column":8},"end":{"line":49,"column":9}},"14":{"start":{"line":48,"column":12},"end":{"line":48,"column":24}},"15":{"start":{"line":52,"column":8},"end":{"line":57,"column":9}},"16":{"start":{"line":53,"column":12},"end":{"line":53,"column":36}},"17":{"start":{"line":56,"column":12},"end":{"line":56,"column":24}},"18":{"start":{"line":59,"column":8},"end":{"line":65,"column":9}},"19":{"start":{"line":63,"column":12},"end":{"line":63,"column":29}},"20":{"start":{"line":64,"column":12},"end":{"line":64,"column":24}},"21":{"start":{"line":67,"column":20},"end":{"line":67,"column":30}},"22":{"start":{"line":68,"column":8},"end":{"line":73,"column":9}},"23":{"start":{"line":71,"column":12},"end":{"line":71,"column":29}},"24":{"start":{"line":72,"column":12},"end":{"line":72,"column":24}},"25":{"start":{"line":74,"column":8},"end":{"line":74,"column":24}},"26":{"start":{"line":82,"column":8},"end":{"line":82,"column":34}},"27":{"start":{"line":82,"column":27},"end":{"line":82,"column":34}},"28":{"start":{"line":84,"column":8},"end":{"line":84,"column":37}}},"fnMap":{"0":{"name":"(anonymous_0)","decl":{"start":{"line":8,"column":4},"end":{"line":8,"column":5}},"loc":{"start":{"line":8,"column":18},"end":{"line":17,"column":5}},"line":8},"1":{"name":"(anonymous_1)","decl":{"start":{"line":25,"column":4},"end":{"line":25,"column":5}},"loc":{"start":{"line":25,"column":20},"end":{"line":35,"column":5}},"line":25},"2":{"name":"(anonymous_2)","decl":{"start":{"line":43,"column":4},"end":{"line":43,"column":5}},"loc":{"start":{"line":43,"column":13},"end":{"line":75,"column":5}},"line":43},"3":{"name":"(anonymous_3)","decl":{"start":{"line":81,"column":4},"end":{"line":81,"column":5}},"loc":{"start":{"line":81,"column":16},"end":{"line":85,"column":5}},"line":81}},"branchMap":{"0":{"loc":{"start":{"line":1,"column":10},"end":{"line":1,"column":46}},"type":"binary-expr","locations":[{"start":{"line":1,"column":10},"end":{"line":1,"column":30}},{"start":{"line":1,"column":34},"end":{"line":1,"column":46}}],"line":1},"1":{"loc":{"start":{"line":26,"column":8},"end":{"line":26,"column":34}},"type":"if","locations":[{"start":{"line":26,"column":8},"end":{"line":26,"column":34}},{"start":{"line":26,"column":8},"end":{"line":26,"column":34}}],"line":26},"2":{"loc":{"start":{"line":44,"column":8},"end":{"line":44,"column":39}},"type":"if","locations":[{"start":{"line":44,"column":8},"end":{"line":44,"column":39}},{"start":{"line":44,"column":8},"end":{"line":44,"column":39}}],"line":44},"3":{"loc":{"start":{"line":47,"column":8},"end":{"line":49,"column":9}},"type":"if","locations":[{"start":{"line":47,"column":8},"end":{"line":49,"column":9}},{"start":{"line":47,"column":8},"end":{"line":49,"column":9}}],"line":47},"4":{"loc":{"start":{"line":59,"column":8},"end":{"line":65,"column":9}},"type":"if","locations":[{"start":{"line":59,"column":8},"end":{"line":65,"column":9}},{"start":{"line":59,"column":8},"end":{"line":65,"column":9}}],"line":59},"5":{"loc":{"start":{"line":59,"column":12},"end":{"line":61,"column":39}},"type":"binary-expr","locations":[{"start":{"line":59,"column":12},"end":{"line":59,"column":42}},{"start":{"line":60,"column":12},"end":{"line":60,"column":39}},{"start":{"line":61,"column":12},"end":{"line":61,"column":39}}],"line":59},"6":{"loc":{"start":{"line":68,"column":8},"end":{"line":73,"column":9}},"type":"if","locations":[{"start":{"line":68,"column":8},"end":{"line":73,"column":9}},{"start":{"line":68,"column":8},"end":{"line":73,"column":9}}],"line":68},"7":{"loc":{"start":{"line":68,"column":12},"end":{"line":69,"column":59}},"type":"binary-expr","locations":[{"start":{"line":68,"column":12},"end":{"line":68,"column":39}},{"start":{"line":69,"column":12},"end":{"line":69,"column":59}}],"line":68},"8":{"loc":{"start":{"line":82,"column":8},"end":{"line":82,"column":34}},"type":"if","locations":[{"start":{"line":82,"column":8},"end":{"line":82,"column":34}},{"start":{"line":82,"column":8},"end":{"line":82,"column":34}}],"line":82}},"s":{"0":8,"1":8,"2":24,"3":24,"4":24,"5":14,"6":14,"7":0,"8":0,"9":0,"10":14,"11":14,"12":0,"13":0,"14":0,"15":0,"16":0,"17":0,"18":0,"19":0,"20":0,"21":0,"22":0,"23":0,"24":0,"25":0,"26":0,"27":0,"28":0},"f":{"0":24,"1":14,"2":14,"3":0},"b":{"0":[8,0],"1":[14,0],"2":[14,0],"3":[0,0],"4":[0,0],"5":[0,0,0],"6":[0,0],"7":[0,0],"8":[0,0]},"_coverageSchema":"332fd63041d2c1bcb487cc26dd0d5f7d97098a6c","hash":"dc581faa7a27440eee6979873b057863874d5c88"}
,"/usr/src/app/src/utils/Logger.js": {"path":"/usr/src/app/src/utils/Logger.js","statementMap":{"0":{"start":{"line":10,"column":8},"end":{"line":10,"column":25}},"1":{"start":{"line":11,"column":8},"end":{"line":11,"column":43}},"2":{"start":{"line":12,"column":8},"end":{"line":12,"column":26}},"3":{"start":{"line":20,"column":8},"end":{"line":22,"column":9}},"4":{"start":{"line":21,"column":12},"end":{"line":21,"column":42}},"5":{"start":{"line":24,"column":8},"end":{"line":31,"column":9}},"6":{"start":{"line":28,"column":16},"end":{"line":28,"column":22}},"7":{"start":{"line":30,"column":16},"end":{"line":30,"column":71}},"8":{"start":{"line":33,"column":8},"end":{"line":33,"column":56}},"9":{"start":{"line":35,"column":8},"end":{"line":41,"column":9}},"10":{"start":{"line":36,"column":12},"end":{"line":40,"column":13}},"11":{"start":{"line":37,"column":16},"end":{"line":37,"column":68}},"12":{"start":{"line":38,"column":19},"end":{"line":40,"column":13}},"13":{"start":{"line":39,"column":16},"end":{"line":39,"column":66}},"14":{"start":{"line":48,"column":8},"end":{"line":50,"column":11}},"15":{"start":{"line":49,"column":12},"end":{"line":49,"column":42}},"16":{"start":{"line":57,"column":8},"end":{"line":59,"column":11}},"17":{"start":{"line":58,"column":12},"end":{"line":58,"column":42}}},"fnMap":{"0":{"name":"(anonymous_0)","decl":{"start":{"line":8,"column":4},"end":{"line":8,"column":5}},"loc":{"start":{"line":9,"column":4},"end":{"line":13,"column":5}},"line":9},"1":{"name":"(anonymous_1)","decl":{"start":{"line":18,"column":4},"end":{"line":18,"column":5}},"loc":{"start":{"line":19,"column":4},"end":{"line":42,"column":5}},"line":19},"2":{"name":"(anonymous_2)","decl":{"start":{"line":47,"column":4},"end":{"line":47,"column":5}},"loc":{"start":{"line":47,"column":15},"end":{"line":51,"column":5}},"line":47},"3":{"name":"(anonymous_3)","decl":{"start":{"line":48,"column":33},"end":{"line":48,"column":34}},"loc":{"start":{"line":48,"column":46},"end":{"line":50,"column":9}},"line":48},"4":{"name":"(anonymous_4)","decl":{"start":{"line":56,"column":4},"end":{"line":56,"column":5}},"loc":{"start":{"line":56,"column":16},"end":{"line":60,"column":5}},"line":56},"5":{"name":"(anonymous_5)","decl":{"start":{"line":57,"column":35},"end":{"line":57,"column":36}},"loc":{"start":{"line":57,"column":43},"end":{"line":59,"column":9}},"line":57}},"branchMap":{"0":{"loc":{"start":{"line":8,"column":16},"end":{"line":8,"column":35}},"type":"default-arg","locations":[{"start":{"line":8,"column":23},"end":{"line":8,"column":35}}],"line":8},"1":{"loc":{"start":{"line":8,"column":37},"end":{"line":8,"column":59}},"type":"default-arg","locations":[{"start":{"line":8,"column":53},"end":{"line":8,"column":59}}],"line":8},"2":{"loc":{"start":{"line":18,"column":17},"end":{"line":18,"column":29}},"type":"default-arg","locations":[{"start":{"line":18,"column":27},"end":{"line":18,"column":29}}],"line":18},"3":{"loc":{"start":{"line":18,"column":31},"end":{"line":18,"column":46}},"type":"default-arg","locations":[{"start":{"line":18,"column":42},"end":{"line":18,"column":46}}],"line":18},"4":{"loc":{"start":{"line":20,"column":8},"end":{"line":22,"column":9}},"type":"if","locations":[{"start":{"line":20,"column":8},"end":{"line":22,"column":9}},{"start":{"line":20,"column":8},"end":{"line":22,"column":9}}],"line":20},"5":{"loc":{"start":{"line":24,"column":8},"end":{"line":31,"column":9}},"type":"switch","locations":[{"start":{"line":25,"column":12},"end":{"line":25,"column":24}},{"start":{"line":26,"column":12},"end":{"line":26,"column":24}},{"start":{"line":27,"column":12},"end":{"line":28,"column":22}},{"start":{"line":29,"column":12},"end":{"line":30,"column":71}}],"line":24},"6":{"loc":{"start":{"line":35,"column":8},"end":{"line":41,"column":9}},"type":"if","locations":[{"start":{"line":35,"column":8},"end":{"line":41,"column":9}},{"start":{"line":35,"column":8},"end":{"line":41,"column":9}}],"line":35},"7":{"loc":{"start":{"line":36,"column":12},"end":{"line":40,"column":13}},"type":"if","locations":[{"start":{"line":36,"column":12},"end":{"line":40,"column":13}},{"start":{"line":36,"column":12},"end":{"line":40,"column":13}}],"line":36},"8":{"loc":{"start":{"line":38,"column":19},"end":{"line":40,"column":13}},"type":"if","locations":[{"start":{"line":38,"column":19},"end":{"line":40,"column":13}},{"start":{"line":38,"column":19},"end":{"line":40,"column":13}}],"line":38}},"s":{"0":26,"1":26,"2":26,"3":105,"4":104,"5":105,"6":105,"7":0,"8":105,"9":105,"10":105,"11":1,"12":104,"13":0,"14":21,"15":121,"16":1,"17":1},"f":{"0":26,"1":105,"2":21,"3":121,"4":1,"5":1},"b":{"0":[26],"1":[26],"2":[0],"3":[104],"4":[104,1],"5":[104,104,105,0],"6":[105,0],"7":[1,104],"8":[0,104]},"_coverageSchema":"332fd63041d2c1bcb487cc26dd0d5f7d97098a6c","hash":"e32b7c1aa91963c6af6356dd7e6dc173c0310422"}
,"/usr/src/app/src/utils/RDF.js": {"path":"/usr/src/app/src/utils/RDF.js","statementMap":{"0":{"start":{"line":5,"column":27},"end":{"line":7,"column":1}},"1":{"start":{"line":6,"column":4},"end":{"line":6,"column":52}},"2":{"start":{"line":9,"column":27},"end":{"line":23,"column":1}},"3":{"start":{"line":10,"column":21},"end":{"line":21,"column":5}},"4":{"start":{"line":22,"column":4},"end":{"line":22,"column":20}},"5":{"start":{"line":25,"column":25},"end":{"line":27,"column":1}},"6":{"start":{"line":26,"column":4},"end":{"line":26,"column":33}}},"fnMap":{"0":{"name":"(anonymous_0)","decl":{"start":{"line":5,"column":27},"end":{"line":5,"column":28}},"loc":{"start":{"line":5,"column":33},"end":{"line":7,"column":1}},"line":5},"1":{"name":"(anonymous_1)","decl":{"start":{"line":9,"column":27},"end":{"line":9,"column":28}},"loc":{"start":{"line":9,"column":33},"end":{"line":23,"column":1}},"line":9},"2":{"name":"(anonymous_2)","decl":{"start":{"line":25,"column":25},"end":{"line":25,"column":26}},"loc":{"start":{"line":25,"column":37},"end":{"line":27,"column":1}},"line":25}},"branchMap":{},"s":{"0":8,"1":14,"2":8,"3":942,"4":942,"5":8,"6":942},"f":{"0":14,"1":942,"2":942},"b":{},"_coverageSchema":"332fd63041d2c1bcb487cc26dd0d5f7d97098a6c","hash":"39341272988b5bf38ad7745aa5d506be483bbede"}
,"/usr/src/app/test/assets/10-buildungs-index.js": {"path":"/usr/src/app/test/assets/10-buildungs-index.js","statementMap":{"0":{"start":{"line":1,"column":16},"end":{"line":14,"column":7}},"1":{"start":{"line":16,"column":0},"end":{"line":16,"column":27}}},"fnMap":{},"branchMap":{},"s":{"0":7,"1":7},"f":{},"b":{},"_coverageSchema":"332fd63041d2c1bcb487cc26dd0d5f7d97098a6c","hash":"eb235764efafee4b78b46a5830b271b510f41314"}
,"/usr/src/app/test/assets/buildingDataNew.js": {"path":"/usr/src/app/test/assets/buildingDataNew.js","statementMap":{"0":{"start":{"line":1,"column":19},"end":{"line":77,"column":309}},"1":{"start":{"line":79,"column":0},"end":{"line":79,"column":30}}},"fnMap":{},"branchMap":{},"s":{"0":1,"1":1},"f":{},"b":{},"_coverageSchema":"332fd63041d2c1bcb487cc26dd0d5f7d97098a6c","hash":"8624472f9038f40b4cbd6a9098a28e3b960cce09"}
,"/usr/src/app/test/utils/pushState.js": {"path":"/usr/src/app/test/utils/pushState.js","statementMap":{"0":{"start":{"line":2,"column":25},"end":{"line":5,"column":1}},"1":{"start":{"line":3,"column":4},"end":{"line":4,"column":13}},"2":{"start":{"line":4,"column":8},"end":{"line":4,"column":12}}},"fnMap":{"0":{"name":"(anonymous_0)","decl":{"start":{"line":2,"column":25},"end":{"line":2,"column":26}},"loc":{"start":{"line":2,"column":47},"end":{"line":5,"column":1}},"line":2},"1":{"name":"(anonymous_1)","decl":{"start":{"line":3,"column":24},"end":{"line":3,"column":25}},"loc":{"start":{"line":4,"column":8},"end":{"line":4,"column":12}},"line":4}},"branchMap":{},"s":{"0":6,"1":7,"2":7},"f":{"0":7,"1":7},"b":{},"_coverageSchema":"332fd63041d2c1bcb487cc26dd0d5f7d97098a6c","hash":"16bc02c214d04df36351940368758c9b08228809"}
,"/usr/src/app/test/utils/utils.js": {"path":"/usr/src/app/test/utils/utils.js","statementMap":{"0":{"start":{"line":8,"column":25},"end":{"line":8,"column":43}},"1":{"start":{"line":8,"column":31},"end":{"line":8,"column":43}},"2":{"start":{"line":15,"column":25},"end":{"line":26,"column":1}},"3":{"start":{"line":16,"column":4},"end":{"line":18,"column":5}},"4":{"start":{"line":17,"column":8},"end":{"line":17,"column":29}},"5":{"start":{"line":19,"column":4},"end":{"line":25,"column":6}},"6":{"start":{"line":34,"column":31},"end":{"line":42,"column":1}},"7":{"start":{"line":35,"column":4},"end":{"line":37,"column":5}},"8":{"start":{"line":36,"column":8},"end":{"line":36,"column":29}},"9":{"start":{"line":38,"column":4},"end":{"line":40,"column":5}},"10":{"start":{"line":39,"column":8},"end":{"line":39,"column":35}},"11":{"start":{"line":41,"column":4},"end":{"line":41,"column":44}}},"fnMap":{"0":{"name":"(anonymous_0)","decl":{"start":{"line":8,"column":25},"end":{"line":8,"column":26}},"loc":{"start":{"line":8,"column":31},"end":{"line":8,"column":43}},"line":8},"1":{"name":"(anonymous_1)","decl":{"start":{"line":15,"column":25},"end":{"line":15,"column":26}},"loc":{"start":{"line":15,"column":49},"end":{"line":26,"column":1}},"line":15},"2":{"name":"(anonymous_2)","decl":{"start":{"line":34,"column":31},"end":{"line":34,"column":32}},"loc":{"start":{"line":34,"column":75},"end":{"line":42,"column":1}},"line":34}},"branchMap":{"0":{"loc":{"start":{"line":15,"column":26},"end":{"line":15,"column":44}},"type":"default-arg","locations":[{"start":{"line":15,"column":35},"end":{"line":15,"column":44}}],"line":15},"1":{"loc":{"start":{"line":16,"column":4},"end":{"line":18,"column":5}},"type":"if","locations":[{"start":{"line":16,"column":4},"end":{"line":18,"column":5}},{"start":{"line":16,"column":4},"end":{"line":18,"column":5}}],"line":16},"2":{"loc":{"start":{"line":34,"column":32},"end":{"line":34,"column":50}},"type":"default-arg","locations":[{"start":{"line":34,"column":41},"end":{"line":34,"column":50}}],"line":34},"3":{"loc":{"start":{"line":34,"column":52},"end":{"line":34,"column":70}},"type":"default-arg","locations":[{"start":{"line":34,"column":61},"end":{"line":34,"column":70}}],"line":34},"4":{"loc":{"start":{"line":35,"column":4},"end":{"line":37,"column":5}},"type":"if","locations":[{"start":{"line":35,"column":4},"end":{"line":37,"column":5}},{"start":{"line":35,"column":4},"end":{"line":37,"column":5}}],"line":35},"5":{"loc":{"start":{"line":38,"column":4},"end":{"line":40,"column":5}},"type":"if","locations":[{"start":{"line":38,"column":4},"end":{"line":40,"column":5}},{"start":{"line":38,"column":4},"end":{"line":40,"column":5}}],"line":38}},"s":{"0":8,"1":26,"2":8,"3":24,"4":7,"5":24,"6":8,"7":16,"8":0,"9":16,"10":0,"11":16},"f":{"0":26,"1":24,"2":16},"b":{"0":[7],"1":[7,17],"2":[0],"3":[0],"4":[0,16],"5":[0,16]},"_coverageSchema":"332fd63041d2c1bcb487cc26dd0d5f7d97098a6c","hash":"204ac8267a8b742cd0549bcc84e4daa0d2a219cd"}
,"/usr/src/app/test/utils/wrapComponents.js": {"path":"/usr/src/app/test/utils/wrapComponents.js","statementMap":{"0":{"start":{"line":5,"column":0},"end":{"line":5,"column":38}},"1":{"start":{"line":20,"column":0},"end":{"line":20,"column":25}},"2":{"start":{"line":21,"column":0},"end":{"line":23,"column":1}},"3":{"start":{"line":22,"column":4},"end":{"line":22,"column":16}},"4":{"start":{"line":24,"column":0},"end":{"line":26,"column":1}},"5":{"start":{"line":25,"column":4},"end":{"line":25,"column":16}},"6":{"start":{"line":30,"column":18},"end":{"line":35,"column":13}},"7":{"start":{"line":31,"column":22},"end":{"line":31,"column":57}},"8":{"start":{"line":32,"column":33},"end":{"line":35,"column":7}},"9":{"start":{"line":36,"column":4},"end":{"line":36,"column":43}},"10":{"start":{"line":46,"column":37},"end":{"line":95,"column":1}},"11":{"start":{"line":55,"column":18},"end":{"line":55,"column":101}},"12":{"start":{"line":56,"column":23},"end":{"line":56,"column":28}},"13":{"start":{"line":58,"column":4},"end":{"line":58,"column":27}},"14":{"start":{"line":59,"column":4},"end":{"line":59,"column":38}},"15":{"start":{"line":60,"column":4},"end":{"line":62,"column":6}},"16":{"start":{"line":63,"column":4},"end":{"line":63,"column":30}},"17":{"start":{"line":65,"column":19},"end":{"line":65,"column":30}},"18":{"start":{"line":66,"column":19},"end":{"line":66,"column":36}},"19":{"start":{"line":67,"column":25},"end":{"line":67,"column":56}},"20":{"start":{"line":70,"column":4},"end":{"line":70,"column":16}},"21":{"start":{"line":72,"column":4},"end":{"line":75,"column":7}},"22":{"start":{"line":77,"column":4},"end":{"line":79,"column":6}},"23":{"start":{"line":78,"column":8},"end":{"line":78,"column":55}},"24":{"start":{"line":81,"column":4},"end":{"line":94,"column":5}},"25":{"start":{"line":83,"column":12},"end":{"line":83,"column":110}},"26":{"start":{"line":84,"column":12},"end":{"line":84,"column":18}},"27":{"start":{"line":86,"column":12},"end":{"line":89,"column":14}},"28":{"start":{"line":90,"column":12},"end":{"line":90,"column":18}},"29":{"start":{"line":93,"column":12},"end":{"line":93,"column":24}}},"fnMap":{"0":{"name":"(anonymous_0)","decl":{"start":{"line":21,"column":30},"end":{"line":21,"column":31}},"loc":{"start":{"line":21,"column":36},"end":{"line":23,"column":1}},"line":21},"1":{"name":"(anonymous_1)","decl":{"start":{"line":24,"column":30},"end":{"line":24,"column":31}},"loc":{"start":{"line":24,"column":36},"end":{"line":26,"column":1}},"line":24},"2":{"name":"copyProps","decl":{"start":{"line":29,"column":9},"end":{"line":29,"column":18}},"loc":{"start":{"line":29,"column":32},"end":{"line":37,"column":1}},"line":29},"3":{"name":"(anonymous_3)","decl":{"start":{"line":31,"column":14},"end":{"line":31,"column":15}},"loc":{"start":{"line":31,"column":22},"end":{"line":31,"column":57}},"line":31},"4":{"name":"(anonymous_4)","decl":{"start":{"line":32,"column":14},"end":{"line":32,"column":15}},"loc":{"start":{"line":32,"column":33},"end":{"line":35,"column":7}},"line":32},"5":{"name":"(anonymous_5)","decl":{"start":{"line":46,"column":37},"end":{"line":46,"column":38}},"loc":{"start":{"line":46,"column":59},"end":{"line":95,"column":1}},"line":46},"6":{"name":"(anonymous_6)","decl":{"start":{"line":77,"column":39},"end":{"line":77,"column":40}},"loc":{"start":{"line":77,"column":45},"end":{"line":79,"column":5}},"line":77}},"branchMap":{"0":{"loc":{"start":{"line":46,"column":38},"end":{"line":46,"column":54}},"type":"default-arg","locations":[{"start":{"line":46,"column":45},"end":{"line":46,"column":54}}],"line":46},"1":{"loc":{"start":{"line":81,"column":4},"end":{"line":94,"column":5}},"type":"switch","locations":[{"start":{"line":82,"column":8},"end":{"line":84,"column":18}},{"start":{"line":85,"column":8},"end":{"line":90,"column":18}},{"start":{"line":92,"column":8},"end":{"line":93,"column":24}}],"line":81}},"s":{"0":6,"1":6,"2":6,"3":0,"4":6,"5":0,"6":7,"7":2345,"8":3,"9":7,"10":6,"11":7,"12":7,"13":7,"14":7,"15":7,"16":7,"17":7,"18":7,"19":7,"20":7,"21":7,"22":7,"23":7,"24":7,"25":2,"26":0,"27":5,"28":0,"29":0},"f":{"0":0,"1":0,"2":7,"3":2345,"4":3,"5":7,"6":7},"b":{"0":[2],"1":[2,5,0]},"_coverageSchema":"332fd63041d2c1bcb487cc26dd0d5f7d97098a6c","hash":"c32effe4a0fe754f6885ac7bd8bee5a2bcc3e11c"}
}
