TN:
SF:/usr/src/app/src/BuildingNavigator.js
FN:22,(anonymous_0)
FN:37,(anonymous_1)
FN:38,(anonymous_2)
FN:40,(anonymous_3)
FN:41,(anonymous_4)
FN:58,(anonymous_5)
FN:77,(anonymous_6)
FN:81,(anonymous_7)
FN:99,(anonymous_8)
FN:110,(anonymous_9)
FN:111,(anonymous_10)
FN:114,(anonymous_11)
FN:118,(anonymous_12)
FN:130,(anonymous_13)
FN:157,(anonymous_14)
FN:173,(anonymous_15)
FN:186,(anonymous_16)
FN:206,(anonymous_17)
FNF:18
FNH:12
FNDA:7,(anonymous_0)
FNDA:10,(anonymous_1)
FNDA:10,(anonymous_2)
FNDA:5,(anonymous_3)
FNDA:0,(anonymous_4)
FNDA:7,(anonymous_5)
FNDA:2,(anonymous_6)
FNDA:0,(anonymous_7)
FNDA:1,(anonymous_8)
FNDA:24,(anonymous_9)
FNDA:24,(anonymous_10)
FNDA:9,(anonymous_11)
FNDA:0,(anonymous_12)
FNDA:0,(anonymous_13)
FNDA:0,(anonymous_14)
FNDA:0,(anonymous_15)
FNDA:2,(anonymous_16)
FNDA:16,(anonymous_17)
DA:23,7
DA:26,7
DA:30,7
DA:31,7
DA:32,7
DA:33,7
DA:37,7
DA:38,10
DA:39,10
DA:40,5
DA:41,0
DA:46,7
DA:49,7
DA:50,7
DA:51,7
DA:59,7
DA:60,7
DA:63,7
DA:66,7
DA:69,7
DA:70,0
DA:77,7
DA:78,2
DA:80,2
DA:84,7
DA:91,7
DA:92,7
DA:100,1
DA:101,1
DA:111,24
DA:113,24
DA:115,9
DA:116,9
DA:119,0
DA:120,0
DA:121,0
DA:131,0
DA:134,0
DA:135,0
DA:136,0
DA:137,0
DA:138,0
DA:144,0
DA:145,0
DA:158,0
DA:159,0
DA:160,0
DA:161,0
DA:163,0
DA:164,0
DA:167,0
DA:171,0
DA:173,0
DA:174,0
DA:175,0
DA:180,0
DA:187,2
DA:188,2
DA:189,2
DA:191,2
DA:207,16
DA:211,6
LF:62
LH:37
BRDA:69,0,0,0
BRDA:69,0,1,7
BRDA:134,1,0,0
BRDA:134,1,1,0
BRDA:136,2,0,0
BRDA:136,2,1,0
BRDA:137,3,0,0
BRDA:137,3,1,0
BRDA:144,4,0,0
BRDA:144,4,1,0
BRDA:188,5,0,2
BRDA:188,5,1,0
BRF:12
BRH:2
end_of_record
TN:
SF:/usr/src/app/src/EventHandler.js
FN:12,(anonymous_0)
FN:26,(anonymous_1)
FN:32,(anonymous_2)
FN:39,(anonymous_3)
FN:40,(anonymous_4)
FN:45,(anonymous_5)
FN:46,(anonymous_6)
FN:50,(anonymous_7)
FN:52,(anonymous_8)
FN:53,(anonymous_9)
FN:59,(anonymous_10)
FN:60,(anonymous_11)
FNF:12
FNH:5
FNDA:16,(anonymous_0)
FNDA:52,(anonymous_1)
FNDA:52,(anonymous_2)
FNDA:7,(anonymous_3)
FNDA:0,(anonymous_4)
FNDA:1,(anonymous_5)
FNDA:0,(anonymous_6)
FNDA:0,(anonymous_7)
FNDA:0,(anonymous_8)
FNDA:0,(anonymous_9)
FNDA:0,(anonymous_10)
FNDA:0,(anonymous_11)
DA:13,16
DA:14,16
DA:27,52
DA:28,52
DA:30,52
DA:32,52
DA:33,52
DA:38,7
DA:39,7
DA:40,0
DA:42,7
DA:44,1
DA:45,1
DA:46,0
DA:48,1
DA:50,0
DA:51,0
DA:52,0
DA:53,0
DA:56,0
DA:58,0
DA:59,0
DA:60,0
DA:62,0
DA:64,4
DA:65,4
DA:66,4
DA:68,0
DA:69,0
DA:70,0
DA:71,0
DA:73,1
DA:74,1
DA:75,1
DA:77,0
DA:78,0
DA:79,0
DA:81,0
DA:82,0
DA:83,0
DA:85,0
DA:86,0
DA:87,0
DA:89,0
DA:90,0
DA:91,0
DA:96,6
DA:97,6
DA:98,6
DA:100,3
DA:101,3
DA:102,3
DA:107,21
DA:108,21
DA:109,21
DA:111,1
DA:112,1
DA:113,1
DA:114,1
DA:116,0
DA:117,0
DA:118,0
DA:120,0
DA:121,0
DA:122,0
DA:124,0
DA:125,0
DA:126,0
DA:128,0
DA:129,0
DA:130,0
DA:132,0
DA:133,0
DA:134,0
DA:139,0
DA:140,0
DA:141,0
DA:143,0
DA:144,0
DA:145,0
DA:147,0
DA:148,0
DA:149,0
DA:151,0
DA:152,0
DA:153,0
DA:155,1
DA:156,1
DA:157,1
DA:159,0
DA:163,0
DA:165,0
DA:170,0
DA:171,0
DA:173,0
DA:174,0
DA:175,0
DA:177,0
DA:178,0
DA:179,0
DA:181,0
DA:182,0
DA:183,0
DA:185,0
DA:186,0
DA:187,0
DA:192,7
DA:193,7
DA:194,7
DA:196,0
DA:197,0
DA:198,0
DA:202,0
DA:205,52
LF:114
LH:39
BRDA:33,0,0,7
BRDA:33,0,1,1
BRDA:33,0,2,0
BRDA:33,0,3,0
BRDA:33,0,4,4
BRDA:33,0,5,0
BRDA:33,0,6,1
BRDA:33,0,7,0
BRDA:33,0,8,0
BRDA:33,0,9,0
BRDA:33,0,10,0
BRDA:33,0,11,6
BRDA:33,0,12,3
BRDA:33,0,13,21
BRDA:33,0,14,1
BRDA:33,0,15,0
BRDA:33,0,16,0
BRDA:33,0,17,0
BRDA:33,0,18,0
BRDA:33,0,19,0
BRDA:33,0,20,0
BRDA:33,0,21,0
BRDA:33,0,22,0
BRDA:33,0,23,0
BRDA:33,0,24,1
BRDA:33,0,25,0
BRDA:33,0,26,0
BRDA:33,0,27,0
BRDA:33,0,28,0
BRDA:33,0,29,0
BRDA:33,0,30,0
BRDA:33,0,31,7
BRDA:33,0,32,0
BRDA:33,0,33,0
BRDA:168,1,0,0
BRDA:168,1,1,0
BRF:36
BRH:10
end_of_record
TN:
SF:/usr/src/app/src/config.js
FNF:0
FNH:0
DA:2,8
DA:35,8
LF:2
LH:2
BRF:0
BRH:0
end_of_record
TN:
SF:/usr/src/app/src/components/A11yIcon.js
FN:16,(anonymous_0)
FN:69,(anonymous_1)
FN:83,(anonymous_2)
FN:85,(anonymous_3)
FN:97,(anonymous_4)
FN:107,(anonymous_5)
FN:117,(anonymous_6)
FN:128,(anonymous_7)
FN:139,(anonymous_8)
FN:143,(anonymous_9)
FN:150,(anonymous_10)
FNF:11
FNH:10
FNDA:133,(anonymous_0)
FNDA:1447,(anonymous_1)
FNDA:162,(anonymous_2)
FNDA:1134,(anonymous_3)
FNDA:1405,(anonymous_4)
FNDA:14,(anonymous_5)
FNDA:28,(anonymous_6)
FNDA:481,(anonymous_7)
FNDA:663,(anonymous_8)
FNDA:0,(anonymous_9)
FNDA:133,(anonymous_10)
DA:18,133
DA:21,133
DA:59,133
DA:60,133
DA:70,1447
DA:71,1447
DA:73,0
DA:74,0
DA:84,162
DA:85,162
DA:86,1134
DA:88,162
DA:98,1405
DA:108,14
DA:118,28
DA:129,481
DA:139,663
DA:151,133
DA:154,133
DA:155,78
DA:164,55
DA:165,39
DA:176,133
DA:177,65
DA:187,68
DA:188,39
DA:195,133
DA:196,39
DA:206,94
DA:207,39
DA:217,55
DA:218,0
DA:225,133
DA:226,65
DA:231,68
DA:232,0
DA:239,133
DA:240,13
DA:247,133
DA:248,0
DA:255,133
DA:256,104
LF:42
LH:37
BRDA:70,0,0,1447
BRDA:70,0,1,0
BRDA:128,1,0,221
BRDA:139,2,0,260
BRDA:139,2,1,221
BRDA:154,3,0,78
BRDA:154,3,1,55
BRDA:164,4,0,39
BRDA:164,4,1,16
BRDA:176,5,0,65
BRDA:176,5,1,68
BRDA:187,6,0,39
BRDA:187,6,1,29
BRDA:195,7,0,39
BRDA:195,7,1,94
BRDA:206,8,0,39
BRDA:206,8,1,55
BRDA:217,9,0,0
BRDA:217,9,1,55
BRDA:225,10,0,65
BRDA:225,10,1,68
BRDA:231,11,0,0
BRDA:231,11,1,68
BRDA:239,12,0,13
BRDA:239,12,1,120
BRDA:247,13,0,0
BRDA:247,13,1,133
BRDA:255,14,0,104
BRDA:255,14,1,29
BRF:29
BRH:25
end_of_record
TN:
SF:/usr/src/app/src/components/Main.js
FN:15,(anonymous_0)
FN:23,(anonymous_1)
FN:29,(anonymous_2)
FN:37,(anonymous_3)
FNF:4
FNH:4
FNDA:10,(anonymous_0)
FNDA:11,(anonymous_1)
FNDA:21,(anonymous_2)
FNDA:1,(anonymous_3)
DA:16,10
DA:18,10
DA:24,11
DA:30,21
DA:32,21
DA:38,1
LF:6
LH:6
BRDA:34,0,0,21
BRDA:34,0,1,1
BRDA:48,1,0,21
BRDA:48,1,1,12
BRDA:54,2,0,21
BRDA:54,2,1,18
BRDA:58,3,0,21
BRDA:58,3,1,0
BRDA:58,3,2,21
BRDA:65,4,0,21
BRDA:65,4,1,0
BRF:11
BRH:9
end_of_record
TN:
SF:/usr/src/app/src/components/Map.js
FN:19,(anonymous_0)
FN:52,(anonymous_1)
FN:63,(anonymous_2)
FN:65,(anonymous_3)
FN:74,(anonymous_4)
FN:107,(anonymous_5)
FN:113,(anonymous_6)
FN:119,(anonymous_7)
FN:123,(anonymous_8)
FN:128,(anonymous_9)
FN:132,(anonymous_10)
FN:140,(anonymous_11)
FN:142,(anonymous_12)
FN:189,(anonymous_13)
FN:199,(anonymous_14)
FN:204,(anonymous_15)
FN:212,(anonymous_16)
FN:218,(anonymous_17)
FN:237,(anonymous_18)
FN:245,(anonymous_19)
FN:253,(anonymous_20)
FN:283,(anonymous_21)
FN:291,(anonymous_22)
FN:300,(anonymous_23)
FN:318,(anonymous_24)
FN:366,(anonymous_25)
FN:386,(anonymous_26)
FNF:27
FNH:9
FNDA:8,(anonymous_0)
FNDA:12,(anonymous_1)
FNDA:12,(anonymous_2)
FNDA:100,(anonymous_3)
FNDA:450,(anonymous_4)
FNDA:0,(anonymous_5)
FNDA:8,(anonymous_6)
FNDA:0,(anonymous_7)
FNDA:0,(anonymous_8)
FNDA:0,(anonymous_9)
FNDA:0,(anonymous_10)
FNDA:0,(anonymous_11)
FNDA:0,(anonymous_12)
FNDA:0,(anonymous_13)
FNDA:0,(anonymous_14)
FNDA:0,(anonymous_15)
FNDA:0,(anonymous_16)
FNDA:0,(anonymous_17)
FNDA:0,(anonymous_18)
FNDA:0,(anonymous_19)
FNDA:0,(anonymous_20)
FNDA:0,(anonymous_21)
FNDA:0,(anonymous_22)
FNDA:0,(anonymous_23)
FNDA:20,(anonymous_24)
FNDA:33,(anonymous_25)
FNDA:100,(anonymous_26)
DA:20,8
DA:23,8
DA:26,8
DA:34,8
DA:35,8
DA:36,8
DA:39,8
DA:40,8
DA:41,8
DA:42,8
DA:43,8
DA:44,8
DA:45,8
DA:46,8
DA:53,12
DA:54,12
DA:63,12
DA:64,12
DA:65,12
DA:66,100
DA:67,100
DA:74,100
DA:75,450
DA:76,0
DA:77,0
DA:78,0
DA:79,0
DA:83,100
DA:84,100
DA:85,100
DA:88,12
DA:92,12
DA:99,12
DA:100,12
DA:104,12
DA:107,1
DA:108,0
DA:114,8
DA:116,8
DA:120,0
DA:124,0
DA:125,0
DA:129,0
DA:133,0
DA:134,0
DA:142,0
DA:143,0
DA:145,0
DA:147,0
DA:148,0
DA:156,0
DA:157,0
DA:162,0
DA:163,0
DA:164,0
DA:173,0
DA:180,0
DA:181,0
DA:189,0
DA:190,0
DA:201,0
DA:202,0
DA:204,0
DA:205,0
DA:213,0
DA:214,0
DA:216,0
DA:218,0
DA:219,0
DA:220,0
DA:222,0
DA:238,0
DA:239,0
DA:246,0
DA:247,0
DA:254,0
DA:255,0
DA:258,0
DA:259,0
DA:282,0
DA:283,0
DA:284,0
DA:292,0
DA:301,0
DA:302,0
DA:307,0
DA:320,20
DA:325,20
DA:331,20
DA:335,20
DA:340,20
DA:343,20
DA:345,20
DA:348,20
DA:350,20
DA:366,33
DA:387,100
LF:97
LH:45
BRDA:75,0,0,0
BRDA:75,0,1,450
BRDA:75,1,0,450
BRDA:75,1,1,0
BRDA:83,2,0,100
BRDA:83,2,1,0
BRDA:99,3,0,12
BRDA:99,3,1,0
BRDA:104,4,0,1
BRDA:104,4,1,11
BRDA:104,5,0,12
BRDA:104,5,1,12
BRDA:114,6,0,0
BRDA:114,6,1,8
BRDA:143,7,0,0
BRDA:143,7,1,0
BRDA:147,8,0,0
BRDA:147,8,1,0
BRDA:156,9,0,0
BRDA:156,9,1,0
BRDA:156,10,0,0
BRDA:156,10,1,0
BRDA:163,11,0,0
BRDA:163,11,1,0
BRDA:163,12,0,0
BRDA:163,12,1,0
BRDA:180,13,0,0
BRDA:180,13,1,0
BRDA:213,14,0,0
BRDA:213,14,1,0
BRDA:246,15,0,0
BRDA:246,15,1,0
BRDA:254,16,0,0
BRDA:254,16,1,0
BRDA:320,17,0,19
BRDA:320,17,1,1
BRDA:331,18,0,20
BRDA:331,18,1,0
BRDA:335,19,0,0
BRDA:335,19,1,20
BRDA:354,20,0,20
BRDA:354,20,1,20
BRDA:380,21,0,20
BRDA:380,21,1,20
BRDA:383,22,0,20
BRDA:383,22,1,20
BRDA:395,23,0,20
BRDA:395,23,1,0
BRDA:395,23,2,0
BRDA:398,24,0,20
BRDA:398,24,1,20
BRDA:398,24,2,0
BRDA:404,25,0,20
BRDA:404,25,1,0
BRDA:404,25,2,0
BRF:55
BRH:23
end_of_record
TN:
SF:/usr/src/app/src/components/NotFound.js
FN:9,(anonymous_0)
FN:13,(anonymous_1)
FNF:2
FNH:0
FNDA:0,(anonymous_0)
FNDA:0,(anonymous_1)
DA:10,0
DA:14,0
LF:2
LH:0
BRF:0
BRH:0
end_of_record
TN:
SF:/usr/src/app/src/components/Sidebar.js
FN:15,(anonymous_0)
FN:25,(anonymous_1)
FN:31,(anonymous_2)
FN:41,(anonymous_3)
FNF:4
FNH:4
FNDA:9,(anonymous_0)
FNDA:11,(anonymous_1)
FNDA:1,(anonymous_2)
FNDA:20,(anonymous_3)
DA:16,9
DA:18,9
DA:22,9
DA:26,11
DA:32,1
DA:35,1
DA:43,20
DA:45,20
DA:46,20
DA:48,20
DA:90,20
LF:11
LH:11
BRDA:46,0,0,20
BRDA:46,0,1,0
BRDA:48,1,0,19
BRDA:48,1,1,1
BRDA:51,2,0,19
BRDA:51,2,1,0
BRDA:54,3,0,19
BRDA:54,3,1,19
BRDA:54,3,2,18
BRDA:57,4,0,19
BRDA:57,4,1,19
BRDA:57,4,2,1
BRF:12
BRH:10
end_of_record
TN:
SF:/usr/src/app/src/components/Sponsors.js
FN:8,(anonymous_0)
FN:12,(anonymous_1)
FNF:2
FNH:2
FNDA:19,(anonymous_0)
FNDA:39,(anonymous_1)
DA:9,19
DA:13,39
LF:2
LH:2
BRF:0
BRH:0
end_of_record
TN:
SF:/usr/src/app/src/components/Welcome.js
FN:21,(anonymous_0)
FN:31,(anonymous_1)
FN:80,(anonymous_2)
FN:94,(anonymous_3)
FNF:4
FNH:4
FNDA:12,(anonymous_0)
FNDA:3,(anonymous_1)
FNDA:1,(anonymous_2)
FNDA:22,(anonymous_3)
DA:22,12
DA:24,12
DA:25,12
DA:33,3
DA:41,3
DA:43,3
DA:44,1
DA:48,1
DA:52,1
DA:58,2
DA:59,1
DA:65,1
DA:66,1
DA:72,3
DA:81,1
DA:82,1
DA:95,22
LF:17
LH:17
BRDA:43,0,0,1
BRDA:43,0,1,2
BRDA:58,1,0,1
BRDA:58,1,1,1
BRDA:65,2,0,1
BRDA:65,2,1,0
BRF:6
BRH:5
end_of_record
TN:
SF:/usr/src/app/src/components/map/GeoLocationMarker.js
FN:9,(anonymous_0)
FN:17,(anonymous_1)
FN:26,(anonymous_2)
FNF:3
FNH:0
FNDA:0,(anonymous_0)
FNDA:0,(anonymous_1)
FNDA:0,(anonymous_2)
DA:10,0
DA:12,0
DA:18,0
DA:27,0
DA:29,0
DA:30,0
DA:34,0
LF:7
LH:0
BRF:0
BRH:0
end_of_record
TN:
SF:/usr/src/app/src/components/map/Marker.js
FN:13,(anonymous_0)
FN:31,(anonymous_1)
FN:33,(anonymous_2)
FN:54,(anonymous_3)
FN:63,(anonymous_4)
FN:80,(anonymous_5)
FN:107,(anonymous_6)
FN:116,(anonymous_7)
FN:128,(anonymous_8)
FN:137,(anonymous_9)
FN:138,(anonymous_10)
FN:146,(anonymous_11)
FN:149,(anonymous_12)
FN:157,(anonymous_13)
FN:173,(anonymous_14)
FN:179,(anonymous_15)
FN:189,(anonymous_16)
FN:233,(anonymous_17)
FN:252,(anonymous_18)
FN:264,(anonymous_19)
FN:272,(anonymous_20)
FNF:21
FNH:5
FNDA:30,(anonymous_0)
FNDA:70,(anonymous_1)
FNDA:70,(anonymous_2)
FNDA:0,(anonymous_3)
FNDA:0,(anonymous_4)
FNDA:0,(anonymous_5)
FNDA:0,(anonymous_6)
FNDA:0,(anonymous_7)
FNDA:0,(anonymous_8)
FNDA:0,(anonymous_9)
FNDA:0,(anonymous_10)
FNDA:0,(anonymous_11)
FNDA:0,(anonymous_12)
FNDA:0,(anonymous_13)
FNDA:0,(anonymous_14)
FNDA:0,(anonymous_15)
FNDA:100,(anonymous_16)
FNDA:0,(anonymous_17)
FNDA:700,(anonymous_18)
FNDA:0,(anonymous_19)
FNDA:0,(anonymous_20)
DA:14,30
DA:16,30
DA:24,30
DA:25,30
DA:26,30
DA:27,30
DA:28,30
DA:32,70
DA:33,70
DA:34,70
DA:35,0
DA:37,70
DA:38,0
DA:42,70
DA:55,0
DA:58,0
DA:64,0
DA:67,0
DA:82,0
DA:86,0
DA:88,0
DA:93,0
DA:95,0
DA:108,0
DA:109,0
DA:110,0
DA:117,0
DA:118,0
DA:119,0
DA:129,0
DA:133,0
DA:137,0
DA:138,0
DA:139,0
DA:141,0
DA:142,0
DA:147,0
DA:150,0
DA:159,0
DA:160,0
DA:174,0
DA:180,0
DA:190,100
DA:191,100
DA:192,100
DA:193,100
DA:195,100
DA:196,100
DA:204,100
DA:208,100
DA:229,100
DA:233,0
DA:253,700
DA:254,330
DA:256,370
DA:264,0
DA:272,0
LF:57
LH:24
BRDA:34,0,0,0
BRDA:34,0,1,70
BRDA:37,1,0,0
BRDA:37,1,1,70
BRDA:86,2,0,0
BRDA:86,2,1,0
BRDA:197,3,0,100
BRDA:197,3,1,0
BRDA:200,4,0,0
BRDA:200,4,1,100
BRDA:209,5,0,100
BRDA:209,5,1,0
BRDA:216,6,0,100
BRDA:216,6,1,0
BRDA:219,7,0,100
BRDA:219,7,1,0
BRDA:219,7,2,0
BRDA:235,8,0,100
BRDA:235,8,1,100
BRDA:239,9,0,100
BRDA:239,9,1,0
BRDA:247,10,0,100
BRDA:247,10,1,100
BRDA:253,11,0,330
BRDA:253,11,1,370
BRDA:266,12,0,100
BRDA:266,12,1,0
BRDA:278,13,0,100
BRDA:278,13,1,0
BRF:29
BRH:16
end_of_record
TN:
SF:/usr/src/app/src/components/map/MarkerIcon.js
FN:4,(anonymous_0)
FN:7,(anonymous_1)
FNF:2
FNH:2
FNDA:100,(anonymous_0)
FNDA:100,(anonymous_1)
DA:9,100
DA:10,100
DA:11,100
DA:12,100
DA:13,100
DA:15,100
DA:16,0
DA:24,100
DA:25,0
DA:31,100
DA:33,30
DA:34,30
DA:36,0
DA:37,0
DA:39,10
DA:40,10
DA:42,60
DA:43,60
DA:45,0
DA:46,0
DA:48,0
DA:49,0
DA:51,0
DA:52,0
DA:54,0
DA:57,100
DA:58,100
DA:59,100
DA:60,100
DA:63,100
DA:64,0
DA:65,0
DA:66,0
DA:69,100
DA:70,0
DA:71,0
DA:72,0
DA:76,100
DA:84,100
LF:39
LH:22
BRDA:15,0,0,0
BRDA:15,0,1,100
BRDA:24,1,0,0
BRDA:24,1,1,100
BRDA:31,2,0,30
BRDA:31,2,1,0
BRDA:31,2,2,10
BRDA:31,2,3,60
BRDA:31,2,4,0
BRDA:31,2,5,0
BRDA:31,2,6,0
BRDA:31,2,7,0
BRDA:57,3,0,100
BRDA:57,3,1,0
BRDA:63,4,0,0
BRDA:63,4,1,100
BRDA:69,5,0,0
BRDA:69,5,1,100
BRF:18
BRH:8
end_of_record
TN:
SF:/usr/src/app/src/components/map/Navigation.js
FN:13,(anonymous_0)
FN:35,(anonymous_1)
FN:58,(anonymous_2)
FN:65,(anonymous_3)
FN:73,(anonymous_4)
FN:103,(anonymous_5)
FN:105,(anonymous_6)
FN:131,(anonymous_7)
FN:139,(anonymous_8)
FN:150,(anonymous_9)
FN:157,(anonymous_10)
FNF:11
FNH:0
FNDA:0,(anonymous_0)
FNDA:0,(anonymous_1)
FNDA:0,(anonymous_2)
FNDA:0,(anonymous_3)
FNDA:0,(anonymous_4)
FNDA:0,(anonymous_5)
FNDA:0,(anonymous_6)
FNDA:0,(anonymous_7)
FNDA:0,(anonymous_8)
FNDA:0,(anonymous_9)
FNDA:0,(anonymous_10)
DA:14,0
DA:16,0
DA:18,0
DA:27,0
DA:28,0
DA:36,0
DA:38,0
DA:42,0
DA:43,0
DA:46,0
DA:59,0
DA:66,0
DA:74,0
DA:75,0
DA:77,0
DA:78,0
DA:81,0
DA:83,0
DA:85,0
DA:86,0
DA:88,0
DA:89,0
DA:91,0
DA:92,0
DA:96,0
DA:103,0
DA:106,0
DA:107,0
DA:119,0
DA:132,0
DA:141,0
DA:144,0
DA:151,0
DA:152,0
DA:153,0
DA:158,0
LF:36
LH:0
BRDA:38,0,0,0
BRDA:38,0,1,0
BRDA:38,1,0,0
BRDA:38,1,1,0
BRDA:38,1,2,0
BRDA:77,2,0,0
BRDA:77,2,1,0
BRDA:83,3,0,0
BRDA:83,3,1,0
BRDA:83,3,2,0
BRDA:106,4,0,0
BRDA:106,4,1,0
BRDA:152,5,0,0
BRDA:152,5,1,0
BRF:14
BRH:0
end_of_record
TN:
SF:/usr/src/app/src/components/map/UserMarker.js
FN:9,(anonymous_0)
FN:26,(anonymous_1)
FN:44,(anonymous_2)
FN:50,(anonymous_3)
FN:65,(anonymous_4)
FNF:5
FNH:0
FNDA:0,(anonymous_0)
FNDA:0,(anonymous_1)
FNDA:0,(anonymous_2)
FNDA:0,(anonymous_3)
FNDA:0,(anonymous_4)
DA:10,0
DA:12,0
DA:17,0
DA:18,0
DA:19,0
DA:27,0
DA:29,0
DA:33,0
DA:51,0
DA:53,0
DA:54,0
DA:58,0
DA:65,0
LF:13
LH:0
BRF:0
BRH:0
end_of_record
TN:
SF:/usr/src/app/src/components/sidebar/NavigationInstructions.js
FN:11,(anonymous_0)
FN:26,(anonymous_1)
FN:35,(anonymous_2)
FN:45,(anonymous_3)
FN:53,(anonymous_4)
FN:66,(anonymous_5)
FN:139,(anonymous_6)
FN:147,(anonymous_7)
FN:155,(anonymous_8)
FNF:9
FNH:0
FNDA:0,(anonymous_0)
FNDA:0,(anonymous_1)
FNDA:0,(anonymous_2)
FNDA:0,(anonymous_3)
FNDA:0,(anonymous_4)
FNDA:0,(anonymous_5)
FNDA:0,(anonymous_6)
FNDA:0,(anonymous_7)
FNDA:0,(anonymous_8)
DA:12,0
DA:14,0
DA:18,0
DA:22,0
DA:23,0
DA:27,0
DA:36,0
DA:46,0
DA:54,0
DA:55,0
DA:56,0
DA:57,0
DA:58,0
DA:59,0
DA:61,0
DA:62,0
DA:65,0
DA:67,0
DA:91,0
DA:139,0
DA:147,0
DA:155,0
LF:22
LH:0
BRDA:69,0,0,0
BRDA:69,0,1,0
BRDA:79,1,0,0
BRDA:79,1,1,0
BRDA:140,2,0,0
BRDA:140,2,1,0
BRDA:148,3,0,0
BRDA:148,3,1,0
BRDA:156,4,0,0
BRDA:156,4,1,0
BRF:10
BRH:0
end_of_record
TN:
SF:/usr/src/app/src/components/sidebar/Results.js
FN:12,(anonymous_0)
FN:25,(anonymous_1)
FN:33,(anonymous_2)
FN:34,(anonymous_3)
FN:45,(anonymous_4)
FN:56,(anonymous_5)
FN:72,(anonymous_6)
FN:92,(anonymous_7)
FN:107,(anonymous_8)
FN:109,(anonymous_9)
FN:119,(anonymous_10)
FN:160,(anonymous_11)
FN:165,(anonymous_12)
FN:206,(anonymous_13)
FN:213,(anonymous_14)
FN:233,(anonymous_15)
FNF:16
FNH:8
FNDA:3,(anonymous_0)
FNDA:0,(anonymous_1)
FNDA:3,(anonymous_2)
FNDA:0,(anonymous_3)
FNDA:3,(anonymous_4)
FNDA:0,(anonymous_5)
FNDA:0,(anonymous_6)
FNDA:0,(anonymous_7)
FNDA:0,(anonymous_8)
FNDA:0,(anonymous_9)
FNDA:3,(anonymous_10)
FNDA:3,(anonymous_11)
FNDA:24,(anonymous_12)
FNDA:24,(anonymous_13)
FNDA:0,(anonymous_14)
FNDA:30,(anonymous_15)
DA:13,3
DA:15,3
DA:21,3
DA:22,3
DA:26,0
DA:34,3
DA:35,0
DA:46,3
DA:47,3
DA:58,0
DA:62,0
DA:66,0
DA:74,0
DA:78,0
DA:83,0
DA:86,0
DA:94,0
DA:98,0
DA:103,0
DA:107,0
DA:108,0
DA:109,0
DA:110,0
DA:113,0
DA:120,3
DA:121,3
DA:122,3
DA:123,3
DA:124,3
DA:125,3
DA:129,3
DA:154,3
DA:160,3
DA:161,3
DA:165,3
DA:166,24
DA:167,12
DA:168,12
DA:170,24
DA:171,9
DA:174,3
DA:176,3
DA:206,24
DA:214,0
DA:215,0
DA:217,0
DA:234,30
DA:235,0
DA:236,0
DA:247,30
DA:248,0
DA:249,0
DA:260,30
LF:53
LH:29
BRDA:130,0,0,3
BRDA:130,0,1,0
BRDA:143,1,0,3
BRDA:143,1,1,0
BRDA:166,2,0,12
BRDA:166,2,1,12
BRDA:170,3,0,9
BRDA:170,3,1,15
BRDA:183,4,0,3
BRDA:183,4,1,0
BRDA:188,5,0,3
BRDA:188,5,1,3
BRDA:206,6,0,3
BRDA:206,6,1,0
BRDA:206,7,0,24
BRDA:206,7,1,21
BRDA:214,8,0,0
BRDA:214,8,1,0
BRDA:227,9,0,3
BRDA:227,9,1,3
BRDA:227,9,2,0
BRDA:234,10,0,0
BRDA:234,10,1,30
BRDA:234,11,0,30
BRDA:234,11,1,30
BRDA:247,12,0,0
BRDA:247,12,1,30
BRDA:247,13,0,30
BRDA:247,13,1,30
BRDA:266,14,0,3
BRDA:266,14,1,0
BRDA:272,15,0,3
BRDA:272,15,1,3
BRF:33
BRH:23
end_of_record
TN:
SF:/usr/src/app/src/components/sidebar/ResultsEntry.js
FN:20,(anonymous_0)
FN:32,(anonymous_1)
FN:45,(anonymous_2)
FN:57,(anonymous_3)
FN:66,(anonymous_4)
FN:84,(anonymous_5)
FN:94,(anonymous_6)
FN:109,(anonymous_7)
FN:114,(anonymous_8)
FN:136,(anonymous_9)
FN:140,(anonymous_10)
FN:154,(anonymous_11)
FN:170,(anonymous_12)
FN:182,(anonymous_13)
FN:192,(anonymous_14)
FN:199,(anonymous_15)
FN:200,(anonymous_16)
FN:202,(anonymous_17)
FN:205,(anonymous_18)
FN:218,(anonymous_19)
FN:225,(anonymous_20)
FN:248,(anonymous_21)
FN:272,(anonymous_22)
FN:283,(anonymous_23)
FN:292,(anonymous_24)
FN:296,(anonymous_25)
FNF:26
FNH:10
FNDA:30,(anonymous_0)
FNDA:210,(anonymous_1)
FNDA:0,(anonymous_2)
FNDA:1,(anonymous_3)
FNDA:1,(anonymous_4)
FNDA:0,(anonymous_5)
FNDA:0,(anonymous_6)
FNDA:0,(anonymous_7)
FNDA:0,(anonymous_8)
FNDA:0,(anonymous_9)
FNDA:0,(anonymous_10)
FNDA:0,(anonymous_11)
FNDA:0,(anonymous_12)
FNDA:0,(anonymous_13)
FNDA:32,(anonymous_14)
FNDA:0,(anonymous_15)
FNDA:0,(anonymous_16)
FNDA:0,(anonymous_17)
FNDA:210,(anonymous_18)
FNDA:14,(anonymous_19)
FNDA:0,(anonymous_20)
FNDA:6,(anonymous_21)
FNDA:18,(anonymous_22)
FNDA:1,(anonymous_23)
FNDA:0,(anonymous_24)
FNDA:0,(anonymous_25)
DA:12,6
DA:13,6
DA:14,6
DA:21,30
DA:23,30
DA:32,30
DA:33,210
DA:36,30
DA:37,30
DA:38,30
DA:39,30
DA:40,30
DA:41,30
DA:42,30
DA:46,0
DA:58,1
DA:61,1
DA:67,1
DA:68,1
DA:75,0
DA:83,1
DA:84,1
DA:85,0
DA:88,1
DA:95,0
DA:101,0
DA:110,0
DA:112,0
DA:114,0
DA:115,0
DA:116,0
DA:120,0
DA:121,0
DA:128,0
DA:137,0
DA:138,0
DA:140,0
DA:141,0
DA:142,0
DA:148,0
DA:156,0
DA:158,0
DA:164,0
DA:171,0
DA:172,0
DA:176,0
DA:183,0
DA:184,0
DA:185,0
DA:186,0
DA:193,32
DA:194,32
DA:195,32
DA:197,32
DA:199,0
DA:200,0
DA:202,0
DA:206,210
DA:207,99
DA:209,111
DA:219,14
DA:225,0
DA:249,6
DA:273,18
DA:283,1
DA:292,0
DA:296,0
LF:67
LH:32
BRDA:57,0,0,1
BRDA:67,1,0,1
BRDA:67,1,1,0
BRDA:112,2,0,0
BRDA:112,2,1,0
BRDA:120,3,0,0
BRDA:120,3,1,0
BRDA:171,4,0,0
BRDA:171,4,1,0
BRDA:171,5,0,0
BRDA:171,5,1,0
BRDA:195,6,0,0
BRDA:195,6,1,32
BRDA:203,7,0,32
BRDA:203,7,1,30
BRDA:206,8,0,99
BRDA:206,8,1,111
BRDA:215,9,0,32
BRDA:215,9,1,2
BRDA:224,10,0,14
BRDA:224,10,1,6
BRDA:224,10,2,6
BRDA:229,11,0,14
BRDA:229,11,1,6
BRDA:231,12,0,6
BRDA:231,12,1,0
BRDA:242,13,0,2
BRDA:242,13,1,2
BRDA:266,14,0,2
BRDA:266,14,1,2
BRDA:282,15,0,32
BRDA:282,15,1,30
BRDA:285,16,0,30
BRDA:285,16,1,1
BRDA:291,17,0,32
BRDA:291,17,1,2
BRF:36
BRH:25
end_of_record
TN:
SF:/usr/src/app/src/components/sidebar/Search.js
FN:18,(anonymous_0)
FN:31,(anonymous_1)
FN:38,(anonymous_2)
FN:41,(anonymous_3)
FN:50,(anonymous_4)
FN:57,(anonymous_5)
FN:69,(anonymous_6)
FN:83,(anonymous_7)
FN:103,(anonymous_8)
FN:114,(anonymous_9)
FN:119,(anonymous_10)
FN:124,(anonymous_11)
FN:129,(anonymous_12)
FN:173,(anonymous_13)
FN:189,(anonymous_14)
FN:207,(anonymous_15)
FNF:16
FNH:14
FNDA:8,(anonymous_0)
FNDA:10,(anonymous_1)
FNDA:8,(anonymous_2)
FNDA:0,(anonymous_3)
FNDA:2,(anonymous_4)
FNDA:1,(anonymous_5)
FNDA:1,(anonymous_6)
FNDA:8,(anonymous_7)
FNDA:0,(anonymous_8)
FNDA:21,(anonymous_9)
FNDA:21,(anonymous_10)
FNDA:168,(anonymous_11)
FNDA:168,(anonymous_12)
FNDA:84,(anonymous_13)
FNDA:273,(anonymous_14)
FNDA:63,(anonymous_15)
DA:19,8
DA:21,8
DA:27,8
DA:28,8
DA:32,10
DA:40,8
DA:41,0
DA:42,0
DA:52,2
DA:55,2
DA:58,1
DA:63,2
DA:70,1
DA:71,1
DA:72,1
DA:75,1
DA:76,0
DA:78,1
DA:79,0
DA:83,1
DA:84,8
DA:85,1
DA:86,1
DA:89,1
DA:92,1
DA:97,1
DA:104,0
DA:108,1
DA:116,21
DA:119,21
DA:120,21
DA:124,21
DA:125,168
DA:129,21
DA:130,168
DA:134,21
DA:144,21
DA:174,84
DA:190,273
DA:208,63
LF:40
LH:35
BRDA:40,0,0,0
BRDA:40,0,1,8
BRDA:75,1,0,0
BRDA:75,1,1,1
BRDA:78,2,0,0
BRDA:78,2,1,1
BRDA:84,3,0,1
BRDA:84,3,1,7
BRDA:135,4,0,21
BRDA:135,4,1,6
BRDA:138,5,0,21
BRDA:138,5,1,15
BRDA:210,6,0,0
BRDA:210,6,1,63
BRF:14
BRH:10
end_of_record
TN:
SF:/usr/src/app/src/stores/BuildingStore.js
FN:14,(anonymous_0)
FN:70,(anonymous_1)
FN:119,(anonymous_2)
FN:132,(anonymous_3)
FN:133,(anonymous_4)
FN:173,(anonymous_5)
FN:178,(anonymous_6)
FN:188,(anonymous_7)
FN:200,(anonymous_8)
FN:211,(anonymous_9)
FN:217,(anonymous_10)
FN:272,(anonymous_11)
FN:277,(anonymous_12)
FN:286,(anonymous_13)
FN:297,(anonymous_14)
FN:302,(anonymous_15)
FN:312,(anonymous_16)
FN:362,(anonymous_17)
FN:372,(anonymous_18)
FN:373,(anonymous_19)
FN:383,(anonymous_20)
FN:384,(anonymous_21)
FN:392,(anonymous_22)
FN:393,(anonymous_23)
FN:406,(anonymous_24)
FN:407,(anonymous_25)
FN:437,(anonymous_26)
FN:439,(anonymous_27)
FN:442,(anonymous_28)
FN:478,(anonymous_29)
FN:492,(anonymous_30)
FN:493,(anonymous_31)
FN:511,(anonymous_32)
FN:521,(anonymous_33)
FN:531,(anonymous_34)
FN:541,(anonymous_35)
FN:542,(anonymous_36)
FN:552,(anonymous_37)
FN:553,(anonymous_38)
FN:562,(anonymous_39)
FN:563,(anonymous_40)
FNF:41
FNH:22
FNDA:24,(anonymous_0)
FNDA:12,(anonymous_1)
FNDA:912,(anonymous_2)
FNDA:12,(anonymous_3)
FNDA:120,(anonymous_4)
FNDA:0,(anonymous_5)
FNDA:12,(anonymous_6)
FNDA:0,(anonymous_7)
FNDA:2,(anonymous_8)
FNDA:2,(anonymous_9)
FNDA:150,(anonymous_10)
FNDA:0,(anonymous_11)
FNDA:2,(anonymous_12)
FNDA:0,(anonymous_13)
FNDA:1,(anonymous_14)
FNDA:0,(anonymous_15)
FNDA:120,(anonymous_16)
FNDA:32,(anonymous_17)
FNDA:5,(anonymous_18)
FNDA:5,(anonymous_19)
FNDA:20,(anonymous_20)
FNDA:170,(anonymous_21)
FNDA:0,(anonymous_22)
FNDA:0,(anonymous_23)
FNDA:0,(anonymous_24)
FNDA:0,(anonymous_25)
FNDA:4,(anonymous_26)
FNDA:0,(anonymous_27)
FNDA:0,(anonymous_28)
FNDA:0,(anonymous_29)
FNDA:0,(anonymous_30)
FNDA:0,(anonymous_31)
FNDA:1,(anonymous_32)
FNDA:1,(anonymous_33)
FNDA:0,(anonymous_34)
FNDA:0,(anonymous_35)
FNDA:0,(anonymous_36)
FNDA:0,(anonymous_37)
FNDA:0,(anonymous_38)
FNDA:16,(anonymous_39)
FNDA:252,(anonymous_40)
DA:15,24
DA:18,24
DA:21,24
DA:23,24
DA:58,24
DA:60,24
DA:71,12
DA:73,12
DA:119,12
DA:120,912
DA:121,108
DA:123,804
DA:124,288
DA:127,516
DA:132,12
DA:133,12
DA:134,120
DA:157,120
DA:158,120
DA:161,12
DA:162,12
DA:166,12
DA:167,12
DA:168,0
DA:169,0
DA:170,0
DA:172,0
DA:173,0
DA:177,12
DA:179,12
DA:180,12
DA:181,0
DA:183,12
DA:185,12
DA:186,12
DA:189,0
DA:201,2
DA:203,2
DA:211,2
DA:212,2
DA:213,2
DA:214,0
DA:216,2
DA:217,2
DA:218,150
DA:220,2
DA:221,2
DA:223,2
DA:224,2
DA:226,2
DA:227,2
DA:229,2
DA:230,2
DA:232,2
DA:233,2
DA:235,2
DA:236,2
DA:238,2
DA:239,2
DA:241,2
DA:242,2
DA:244,2
DA:245,2
DA:248,2
DA:249,2
DA:251,2
DA:252,2
DA:254,2
DA:255,2
DA:258,126
DA:259,126
DA:262,2
DA:266,2
DA:267,2
DA:268,0
DA:269,0
DA:270,0
DA:272,0
DA:276,2
DA:278,2
DA:279,2
DA:280,0
DA:283,2
DA:284,2
DA:287,0
DA:298,1
DA:299,1
DA:300,1
DA:302,0
DA:313,120
DA:315,120
DA:316,96
DA:318,120
DA:319,12
DA:321,120
DA:322,0
DA:325,120
DA:326,60
DA:327,60
DA:328,0
DA:332,120
DA:333,36
DA:334,84
DA:335,36
DA:336,48
DA:337,0
DA:341,120
DA:342,60
DA:343,60
DA:344,36
DA:348,120
DA:349,72
DA:350,48
DA:351,36
DA:354,120
DA:363,32
DA:373,5
DA:374,5
DA:384,20
DA:385,170
DA:393,0
DA:394,0
DA:407,0
DA:408,0
DA:414,0
DA:421,0
DA:422,0
DA:424,0
DA:425,0
DA:427,0
DA:429,0
DA:438,4
DA:439,4
DA:440,0
DA:441,0
DA:442,0
DA:444,0
DA:445,0
DA:446,0
DA:447,0
DA:448,0
DA:449,0
DA:450,0
DA:452,0
DA:453,0
DA:454,0
DA:458,0
DA:459,0
DA:460,0
DA:461,0
DA:462,0
DA:465,0
DA:466,0
DA:467,0
DA:468,0
DA:473,0
DA:474,0
DA:476,4
DA:478,0
DA:479,0
DA:482,4
DA:493,0
DA:494,0
DA:495,0
DA:500,0
DA:502,0
DA:512,1
DA:513,1
DA:522,1
DA:523,1
DA:532,0
DA:533,0
DA:542,0
DA:543,0
DA:553,0
DA:554,0
DA:563,16
DA:564,252
LF:178
LH:112
BRDA:120,0,0,108
BRDA:120,0,1,804
BRDA:123,1,0,288
BRDA:123,1,1,516
BRDA:123,2,0,804
BRDA:123,2,1,672
BRDA:142,3,0,96
BRDA:142,3,1,24
BRDA:142,4,0,120
BRDA:142,4,1,24
BRDA:143,5,0,72
BRDA:143,5,1,48
BRDA:143,6,0,120
BRDA:143,6,1,48
BRDA:145,7,0,60
BRDA:145,7,1,60
BRDA:145,8,0,120
BRDA:145,8,1,72
BRDA:145,8,2,60
BRDA:149,9,0,60
BRDA:149,9,1,60
BRDA:149,10,0,120
BRDA:149,10,1,108
BRDA:167,11,0,0
BRDA:167,11,1,12
BRDA:167,12,0,12
BRDA:167,12,1,0
BRDA:169,13,0,0
BRDA:169,13,1,0
BRDA:180,14,0,0
BRDA:180,14,1,12
BRDA:213,15,0,0
BRDA:213,15,1,2
BRDA:218,16,0,2
BRDA:218,16,1,2
BRDA:218,16,2,2
BRDA:218,16,3,2
BRDA:218,16,4,2
BRDA:218,16,5,2
BRDA:218,16,6,2
BRDA:218,16,7,2
BRDA:218,16,8,2
BRDA:218,16,9,2
BRDA:218,16,10,2
BRDA:218,16,11,2
BRDA:218,16,12,126
BRDA:267,17,0,0
BRDA:267,17,1,2
BRDA:269,18,0,0
BRDA:269,18,1,0
BRDA:279,19,0,0
BRDA:279,19,1,2
BRDA:299,20,0,1
BRDA:299,20,1,0
BRDA:315,21,0,96
BRDA:315,21,1,24
BRDA:318,22,0,12
BRDA:318,22,1,108
BRDA:321,23,0,0
BRDA:321,23,1,120
BRDA:325,24,0,60
BRDA:325,24,1,60
BRDA:327,25,0,0
BRDA:327,25,1,60
BRDA:332,26,0,36
BRDA:332,26,1,84
BRDA:334,27,0,36
BRDA:334,27,1,48
BRDA:336,28,0,0
BRDA:336,28,1,48
BRDA:341,29,0,60
BRDA:341,29,1,60
BRDA:343,30,0,36
BRDA:343,30,1,24
BRDA:348,31,0,72
BRDA:348,31,1,48
BRDA:350,32,0,36
BRDA:350,32,1,12
BRDA:385,33,0,170
BRDA:385,33,1,170
BRDA:421,34,0,0
BRDA:421,34,1,0
BRDA:424,35,0,0
BRDA:424,35,1,0
BRDA:444,36,0,0
BRDA:444,36,1,0
BRDA:448,37,0,0
BRDA:448,37,1,0
BRDA:452,38,0,0
BRDA:452,38,1,0
BRDA:453,39,0,0
BRDA:453,39,1,0
BRDA:458,40,0,0
BRDA:458,40,1,0
BRDA:460,41,0,0
BRDA:460,41,1,0
BRDA:465,42,0,0
BRDA:465,42,1,0
BRDA:466,43,0,0
BRDA:466,43,1,0
BRDA:476,44,0,0
BRDA:476,44,1,4
BRDA:476,45,0,4
BRDA:476,45,1,0
BRDA:479,46,0,0
BRDA:479,46,1,0
BRDA:495,47,0,0
BRDA:495,47,1,0
BRDA:495,48,0,0
BRDA:495,48,1,0
BRDA:495,48,2,0
BRDA:495,48,3,0
BRF:112
BRH:68
end_of_record
TN:
SF:/usr/src/app/src/stores/FilterStore.js
FN:7,(anonymous_0)
FN:150,(anonymous_1)
FN:160,(anonymous_2)
FN:161,(anonymous_3)
FN:171,(anonymous_4)
FN:181,(anonymous_5)
FN:182,(anonymous_6)
FN:193,(anonymous_7)
FNF:8
FNH:8
FNDA:27,(anonymous_0)
FNDA:46,(anonymous_1)
FNDA:12,(anonymous_2)
FNDA:48,(anonymous_3)
FNDA:216,(anonymous_4)
FNDA:6,(anonymous_5)
FNDA:48,(anonymous_6)
FNDA:3,(anonymous_7)
DA:8,27
DA:9,27
DA:28,27
DA:41,27
DA:58,27
DA:75,27
DA:93,27
DA:110,27
DA:122,27
DA:134,27
DA:151,46
DA:161,12
DA:162,48
DA:172,216
DA:182,6
DA:183,48
DA:184,6
DA:185,6
DA:194,3
DA:195,3
LF:20
LH:20
BRDA:183,0,0,6
BRDA:183,0,1,42
BRF:2
BRH:2
end_of_record
TN:
SF:/usr/src/app/src/stores/MapStore.js
FN:8,(anonymous_0)
FN:75,(anonymous_1)
FN:82,(anonymous_2)
FN:92,(anonymous_3)
FN:103,(anonymous_4)
FN:115,(anonymous_5)
FN:127,(anonymous_6)
FN:143,(anonymous_7)
FN:153,(anonymous_8)
FN:160,(anonymous_9)
FN:170,(anonymous_10)
FN:178,(anonymous_11)
FN:188,(anonymous_12)
FN:201,(anonymous_13)
FN:217,(anonymous_14)
FN:235,(anonymous_15)
FNF:16
FNH:5
FNDA:24,(anonymous_0)
FNDA:12,(anonymous_1)
FNDA:2,(anonymous_2)
FNDA:0,(anonymous_3)
FNDA:0,(anonymous_4)
FNDA:0,(anonymous_5)
FNDA:0,(anonymous_6)
FNDA:0,(anonymous_7)
FNDA:242,(anonymous_8)
FNDA:1,(anonymous_9)
FNDA:0,(anonymous_10)
FNDA:0,(anonymous_11)
FNDA:0,(anonymous_12)
FNDA:0,(anonymous_13)
FNDA:0,(anonymous_14)
FNDA:0,(anonymous_15)
DA:9,24
DA:11,24
DA:13,24
DA:15,24
DA:76,12
DA:83,2
DA:93,0
DA:104,0
DA:105,0
DA:106,0
DA:116,0
DA:128,0
DA:132,0
DA:144,0
DA:154,242
DA:161,1
DA:163,0
DA:172,0
DA:179,0
DA:189,0
DA:194,0
DA:203,0
DA:204,0
DA:205,0
DA:208,0
DA:209,0
DA:211,0
DA:218,0
DA:223,0
DA:228,0
DA:236,0
LF:31
LH:8
BRDA:17,0,0,0
BRDA:17,0,1,24
BRDA:161,1,0,1
BRDA:161,1,1,0
BRDA:188,2,0,0
BRDA:188,3,0,0
BRDA:188,4,0,0
BRDA:203,5,0,0
BRDA:203,5,1,0
BRDA:203,6,0,0
BRDA:203,6,1,0
BRF:11
BRH:2
end_of_record
TN:
SF:/usr/src/app/src/stores/RouterStore.js
FN:9,(anonymous_0)
FN:42,(anonymous_1)
FN:51,(anonymous_2)
FN:52,(anonymous_3)
FN:63,(anonymous_4)
FN:90,(anonymous_5)
FN:104,(anonymous_6)
FN:113,(anonymous_7)
FN:122,(anonymous_8)
FN:127,(anonymous_9)
FN:137,(anonymous_10)
FN:147,(anonymous_11)
FNF:12
FNH:9
FNDA:24,(anonymous_0)
FNDA:96,(anonymous_1)
FNDA:24,(anonymous_2)
FNDA:96,(anonymous_3)
FNDA:7,(anonymous_4)
FNDA:46,(anonymous_5)
FNDA:0,(anonymous_6)
FNDA:0,(anonymous_7)
FNDA:55,(anonymous_8)
FNDA:58,(anonymous_9)
FNDA:0,(anonymous_10)
FNDA:46,(anonymous_11)
DA:10,24
DA:11,24
DA:14,24
DA:16,24
DA:26,24
DA:43,96
DA:52,24
DA:53,96
DA:65,7
DA:67,7
DA:70,7
DA:78,7
DA:81,7
DA:91,46
DA:93,46
DA:94,0
DA:96,46
DA:105,0
DA:114,0
DA:123,55
DA:124,46
DA:127,55
DA:128,58
DA:138,0
DA:148,46
DA:149,46
DA:150,46
DA:151,0
DA:153,46
LF:29
LH:24
BRDA:42,0,0,0
BRDA:42,1,0,0
BRDA:93,2,0,0
BRDA:93,2,1,46
BRDA:122,3,0,0
BRDA:123,4,0,46
BRDA:123,4,1,9
BRDA:150,5,0,0
BRDA:150,5,1,46
BRF:9
BRH:4
end_of_record
TN:
SF:/usr/src/app/src/stores/UIStore.js
FN:7,(anonymous_0)
FN:38,(anonymous_1)
FN:48,(anonymous_2)
FNF:3
FNH:3
FNDA:24,(anonymous_0)
FNDA:22,(anonymous_1)
FNDA:298,(anonymous_2)
DA:8,24
DA:10,24
DA:39,22
DA:49,298
LF:4
LH:4
BRF:0
BRH:0
end_of_record
TN:
SF:/usr/src/app/src/stores/index.js
FNF:0
FNH:0
LF:0
LH:0
BRF:0
BRH:0
end_of_record
TN:
SF:/usr/src/app/src/utils/DetectMobile.js
FN:5,(anonymous_0)
FN:8,(anonymous_1)
FNF:2
FNH:2
FNDA:7,(anonymous_0)
FNDA:7,(anonymous_1)
DA:5,6
DA:6,7
DA:7,7
DA:9,7
DA:11,0
DA:15,7
LF:6
LH:5
BRDA:9,0,0,0
BRDA:9,0,1,7
BRDA:9,1,0,7
BRDA:9,1,1,7
BRDA:14,2,0,7
BRDA:14,2,1,0
BRDA:14,2,2,0
BRF:7
BRH:4
end_of_record
TN:
SF:/usr/src/app/src/utils/GeoUtils.js
FN:12,(anonymous_0)
FNF:1
FNH:0
FNDA:0,(anonymous_0)
DA:12,8
DA:13,0
DA:14,0
DA:15,0
DA:16,0
DA:17,0
LF:6
LH:1
BRF:0
BRH:0
end_of_record
TN:
SF:/usr/src/app/src/utils/GuiUtils.js
FN:12,(anonymous_0)
FN:17,(anonymous_1)
FN:22,(anonymous_2)
FN:41,(anonymous_3)
FN:59,(anonymous_4)
FN:66,(anonymous_5)
FN:72,(anonymous_6)
FNF:7
FNH:2
FNDA:4,(anonymous_0)
FNDA:4,(anonymous_1)
FNDA:0,(anonymous_2)
FNDA:0,(anonymous_3)
FNDA:0,(anonymous_4)
FNDA:0,(anonymous_5)
FNDA:0,(anonymous_6)
DA:12,6
DA:14,4
DA:17,4
DA:18,4
DA:19,0
DA:22,4
DA:23,0
DA:24,0
DA:25,0
DA:26,0
DA:28,0
DA:29,0
DA:41,6
DA:42,0
DA:43,0
DA:44,0
DA:45,0
DA:47,0
DA:48,0
DA:49,0
DA:52,0
DA:53,0
DA:55,0
DA:56,0
DA:59,0
DA:60,0
DA:61,0
DA:62,0
DA:63,0
DA:66,0
DA:69,0
DA:72,0
DA:73,0
DA:74,0
DA:75,0
DA:76,0
DA:80,0
DA:81,0
DA:82,0
DA:83,0
DA:86,0
DA:87,0
DA:88,0
DA:94,0
DA:96,0
DA:97,0
DA:99,0
DA:102,0
DA:106,0
LF:49
LH:6
BRDA:18,0,0,0
BRDA:18,0,1,4
BRDA:24,1,0,0
BRDA:24,1,1,0
BRDA:44,2,0,0
BRDA:44,2,1,0
BRDA:47,3,0,0
BRDA:47,3,1,0
BRDA:60,4,0,0
BRDA:60,4,1,0
BRDA:61,5,0,0
BRDA:61,5,1,0
BRDA:73,6,0,0
BRDA:73,6,1,0
BRDA:86,7,0,0
BRDA:86,7,1,0
BRDA:94,8,0,0
BRDA:94,8,1,0
BRDA:94,9,0,0
BRDA:94,9,1,0
BRF:20
BRH:1
end_of_record
TN:
SF:/usr/src/app/src/utils/HttpRequest.js
FN:12,(anonymous_0)
FN:20,(anonymous_1)
FN:31,(anonymous_2)
FNF:3
FNH:2
FNDA:24,(anonymous_0)
FNDA:14,(anonymous_1)
FNDA:0,(anonymous_2)
DA:5,8
DA:6,8
DA:21,14
DA:23,14
DA:32,0
LF:5
LH:4
BRDA:5,0,0,8
BRDA:5,0,1,0
BRF:2
BRH:1
end_of_record
TN:
SF:/usr/src/app/src/utils/LocalCache.js
FN:8,(anonymous_0)
FN:25,(anonymous_1)
FN:43,(anonymous_2)
FN:81,(anonymous_3)
FNF:4
FNH:3
FNDA:24,(anonymous_0)
FNDA:14,(anonymous_1)
FNDA:14,(anonymous_2)
FNDA:0,(anonymous_3)
DA:1,8
DA:2,8
DA:11,24
DA:13,24
DA:16,24
DA:26,14
DA:28,0
DA:29,0
DA:34,0
DA:44,14
DA:46,0
DA:47,0
DA:48,0
DA:52,0
DA:53,0
DA:56,0
DA:59,0
DA:63,0
DA:64,0
DA:67,0
DA:68,0
DA:71,0
DA:72,0
DA:74,0
DA:82,0
DA:84,0
LF:26
LH:7
BRDA:1,0,0,8
BRDA:1,0,1,0
BRDA:26,1,0,14
BRDA:26,1,1,0
BRDA:44,2,0,14
BRDA:44,2,1,0
BRDA:47,3,0,0
BRDA:47,3,1,0
BRDA:59,4,0,0
BRDA:59,4,1,0
BRDA:59,5,0,0
BRDA:59,5,1,0
BRDA:59,5,2,0
BRDA:68,6,0,0
BRDA:68,6,1,0
BRDA:68,7,0,0
BRDA:68,7,1,0
BRDA:82,8,0,0
BRDA:82,8,1,0
BRF:19
BRH:3
end_of_record
TN:
SF:/usr/src/app/src/utils/Logger.js
FN:8,(anonymous_0)
FN:18,(anonymous_1)
FN:47,(anonymous_2)
FN:48,(anonymous_3)
FN:56,(anonymous_4)
FN:57,(anonymous_5)
FNF:6
FNH:6
FNDA:26,(anonymous_0)
FNDA:105,(anonymous_1)
FNDA:21,(anonymous_2)
FNDA:121,(anonymous_3)
FNDA:1,(anonymous_4)
FNDA:1,(anonymous_5)
DA:10,26
DA:11,26
DA:12,26
DA:20,105
DA:21,104
DA:24,105
DA:28,105
DA:30,0
DA:33,105
DA:35,105
DA:36,105
DA:37,1
DA:38,104
DA:39,0
DA:48,21
DA:49,121
DA:57,1
DA:58,1
LF:18
LH:16
BRDA:8,0,0,26
BRDA:8,1,0,26
BRDA:18,2,0,0
BRDA:18,3,0,104
BRDA:20,4,0,104
BRDA:20,4,1,1
BRDA:24,5,0,104
BRDA:24,5,1,104
BRDA:24,5,2,105
BRDA:24,5,3,0
BRDA:35,6,0,105
BRDA:35,6,1,0
BRDA:36,7,0,1
BRDA:36,7,1,104
BRDA:38,8,0,0
BRDA:38,8,1,104
BRF:16
BRH:12
end_of_record
TN:
SF:/usr/src/app/src/utils/RDF.js
FN:5,(anonymous_0)
FN:9,(anonymous_1)
FN:25,(anonymous_2)
FNF:3
FNH:3
FNDA:14,(anonymous_0)
FNDA:942,(anonymous_1)
FNDA:942,(anonymous_2)
DA:5,8
DA:6,14
DA:9,8
DA:10,942
DA:22,942
DA:25,8
DA:26,942
LF:7
LH:7
BRF:0
BRH:0
end_of_record
TN:
SF:/usr/src/app/test/assets/10-buildungs-index.js
FNF:0
FNH:0
DA:1,7
DA:16,7
LF:2
LH:2
BRF:0
BRH:0
end_of_record
TN:
SF:/usr/src/app/test/assets/buildingDataNew.js
FNF:0
FNH:0
DA:1,1
DA:79,1
LF:2
LH:2
BRF:0
BRH:0
end_of_record
TN:
SF:/usr/src/app/test/utils/pushState.js
FN:2,(anonymous_0)
FN:3,(anonymous_1)
FNF:2
FNH:2
FNDA:7,(anonymous_0)
FNDA:7,(anonymous_1)
DA:2,6
DA:3,7
DA:4,7
LF:3
LH:3
BRF:0
BRH:0
end_of_record
TN:
SF:/usr/src/app/test/utils/utils.js
FN:8,(anonymous_0)
FN:15,(anonymous_1)
FN:34,(anonymous_2)
FNF:3
FNH:3
FNDA:26,(anonymous_0)
FNDA:24,(anonymous_1)
FNDA:16,(anonymous_2)
DA:8,26
DA:15,8
DA:16,24
DA:17,7
DA:19,24
DA:34,8
DA:35,16
DA:36,0
DA:38,16
DA:39,0
DA:41,16
LF:11
LH:9
BRDA:15,0,0,7
BRDA:16,1,0,7
BRDA:16,1,1,17
BRDA:34,2,0,0
BRDA:34,3,0,0
BRDA:35,4,0,0
BRDA:35,4,1,16
BRDA:38,5,0,0
BRDA:38,5,1,16
BRF:9
BRH:5
end_of_record
TN:
SF:/usr/src/app/test/utils/wrapComponents.js
FN:21,(anonymous_0)
FN:24,(anonymous_1)
FN:29,copyProps
FN:31,(anonymous_3)
FN:32,(anonymous_4)
FN:46,(anonymous_5)
FN:77,(anonymous_6)
FNF:7
FNH:5
FNDA:0,(anonymous_0)
FNDA:0,(anonymous_1)
FNDA:7,copyProps
FNDA:2345,(anonymous_3)
FNDA:3,(anonymous_4)
FNDA:7,(anonymous_5)
FNDA:7,(anonymous_6)
DA:5,6
DA:20,6
DA:21,6
DA:22,0
DA:24,6
DA:25,0
DA:30,7
DA:31,2345
DA:32,3
DA:36,7
DA:46,6
DA:55,7
DA:56,7
DA:58,7
DA:59,7
DA:60,7
DA:63,7
DA:65,7
DA:66,7
DA:67,7
DA:70,7
DA:72,7
DA:77,7
DA:78,7
DA:81,7
DA:83,2
DA:84,0
DA:86,5
DA:90,0
DA:93,0
LF:30
LH:25
BRDA:46,0,0,2
BRDA:81,1,0,2
BRDA:81,1,1,5
BRDA:81,1,2,0
BRF:4
BRH:3
end_of_record
