TN:
SF:/usr/src/app/src/BuildingNavigator.js
FN:22,(anonymous_0)
FN:37,(anonymous_1)
FN:38,(anonymous_2)
FN:40,(anonymous_3)
FN:41,(anonymous_4)
FN:58,(anonymous_5)
FN:77,(anonymous_6)
FN:99,(anonymous_7)
FN:110,(anonymous_8)
FN:111,(anonymous_9)
FN:114,(anonymous_10)
FN:118,(anonymous_11)
FN:130,(anonymous_12)
FN:157,(anonymous_13)
FN:173,(anonymous_14)
FN:186,(anonymous_15)
FN:206,(anonymous_16)
FNF:17
FNH:12
FNDA:7,(anonymous_0)
FNDA:10,(anonymous_1)
FNDA:10,(anonymous_2)
FNDA:5,(anonymous_3)
FNDA:0,(anonymous_4)
FNDA:7,(anonymous_5)
FNDA:2,(anonymous_6)
FNDA:1,(anonymous_7)
FNDA:24,(anonymous_8)
FNDA:24,(anonymous_9)
FNDA:9,(anonymous_10)
FNDA:0,(anonymous_11)
FNDA:0,(anonymous_12)
FNDA:0,(anonymous_13)
FNDA:0,(anonymous_14)
FNDA:2,(anonymous_15)
FNDA:16,(anonymous_16)
DA:23,7
DA:26,7
DA:30,7
DA:31,7
DA:32,7
DA:33,7
DA:37,7
DA:38,10
DA:39,10
DA:40,5
DA:41,0
DA:46,7
DA:49,7
DA:50,7
DA:51,7
DA:59,7
DA:60,7
DA:63,7
DA:66,7
DA:69,7
DA:70,0
DA:77,7
DA:78,2
DA:80,2
DA:84,7
DA:91,7
DA:92,7
DA:100,1
DA:101,1
DA:111,24
DA:113,24
DA:115,9
DA:116,9
DA:119,0
DA:120,0
DA:121,0
DA:131,0
DA:134,0
DA:135,0
DA:136,0
DA:137,0
DA:138,0
DA:144,0
DA:145,0
DA:158,0
DA:159,0
DA:160,0
DA:161,0
DA:163,0
DA:164,0
DA:167,0
DA:171,0
DA:173,0
DA:174,0
DA:175,0
DA:180,0
DA:187,2
DA:188,2
DA:189,2
DA:191,2
DA:207,16
DA:211,6
LF:62
LH:37
BRDA:69,0,0,0
BRDA:69,0,1,7
BRDA:134,1,0,0
BRDA:134,1,1,0
BRDA:136,2,0,0
BRDA:136,2,1,0
BRDA:137,3,0,0
BRDA:137,3,1,0
BRDA:144,4,0,0
BRDA:144,4,1,0
BRDA:188,5,0,2
BRDA:188,5,1,0
BRF:12
BRH:2
end_of_record
TN:
SF:/usr/src/app/src/EventHandler.js
FN:12,(anonymous_0)
FN:26,(anonymous_1)
FN:32,(anonymous_2)
FN:39,(anonymous_3)
FN:40,(anonymous_4)
FN:45,(anonymous_5)
FN:46,(anonymous_6)
FN:50,(anonymous_7)
FN:52,(anonymous_8)
FN:53,(anonymous_9)
FN:59,(anonymous_10)
FN:60,(anonymous_11)
FNF:12
FNH:5
FNDA:16,(anonymous_0)
FNDA:52,(anonymous_1)
FNDA:52,(anonymous_2)
FNDA:7,(anonymous_3)
FNDA:0,(anonymous_4)
FNDA:1,(anonymous_5)
FNDA:0,(anonymous_6)
FNDA:0,(anonymous_7)
FNDA:0,(anonymous_8)
FNDA:0,(anonymous_9)
FNDA:0,(anonymous_10)
FNDA:0,(anonymous_11)
DA:13,16
DA:14,16
DA:27,52
DA:28,52
DA:30,52
DA:32,52
DA:33,52
DA:38,7
DA:39,7
DA:40,0
DA:42,7
DA:44,1
DA:45,1
DA:46,0
DA:48,1
DA:50,0
DA:51,0
DA:52,0
DA:53,0
DA:56,0
DA:58,0
DA:59,0
DA:60,0
DA:62,0
DA:64,4
DA:65,4
DA:66,4
DA:68,0
DA:69,0
DA:70,0
DA:71,0
DA:73,1
DA:74,1
DA:75,1
DA:77,0
DA:78,0
DA:79,0
DA:81,0
DA:82,0
DA:83,0
DA:85,0
DA:86,0
DA:87,0
DA:89,0
DA:90,0
DA:91,0
DA:96,6
DA:97,6
DA:98,6
DA:100,3
DA:101,3
DA:102,3
DA:107,21
DA:108,21
DA:109,21
DA:111,1
DA:112,1
DA:113,1
DA:114,1
DA:116,0
DA:117,0
DA:118,0
DA:120,0
DA:121,0
DA:122,0
DA:124,0
DA:125,0
DA:126,0
DA:128,0
DA:129,0
DA:130,0
DA:132,0
DA:133,0
DA:134,0
DA:139,0
DA:140,0
DA:141,0
DA:143,0
DA:144,0
DA:145,0
DA:147,0
DA:148,0
DA:149,0
DA:151,0
DA:152,0
DA:153,0
DA:155,1
DA:156,1
DA:157,1
DA:162,7
DA:163,7
DA:164,7
DA:166,0
DA:167,0
DA:168,0
DA:172,0
DA:175,52
LF:97
LH:39
BRDA:33,0,0,7
BRDA:33,0,1,1
BRDA:33,0,2,0
BRDA:33,0,3,0
BRDA:33,0,4,4
BRDA:33,0,5,0
BRDA:33,0,6,1
BRDA:33,0,7,0
BRDA:33,0,8,0
BRDA:33,0,9,0
BRDA:33,0,10,0
BRDA:33,0,11,6
BRDA:33,0,12,3
BRDA:33,0,13,21
BRDA:33,0,14,1
BRDA:33,0,15,0
BRDA:33,0,16,0
BRDA:33,0,17,0
BRDA:33,0,18,0
BRDA:33,0,19,0
BRDA:33,0,20,0
BRDA:33,0,21,0
BRDA:33,0,22,0
BRDA:33,0,23,0
BRDA:33,0,24,1
BRDA:33,0,25,7
BRDA:33,0,26,0
BRDA:33,0,27,0
BRF:28
BRH:10
end_of_record
TN:
SF:/usr/src/app/src/config.js
FNF:0
FNH:0
DA:2,8
DA:35,8
LF:2
LH:2
BRF:0
BRH:0
end_of_record
TN:
SF:/usr/src/app/src/components/A11yIcon.js
FN:16,(anonymous_0)
FN:69,(anonymous_1)
FN:83,(anonymous_2)
FN:85,(anonymous_3)
FN:97,(anonymous_4)
FN:107,(anonymous_5)
FN:117,(anonymous_6)
FN:128,(anonymous_7)
FN:139,(anonymous_8)
FN:143,(anonymous_9)
FN:150,(anonymous_10)
FNF:11
FNH:10
FNDA:133,(anonymous_0)
FNDA:1447,(anonymous_1)
FNDA:162,(anonymous_2)
FNDA:1134,(anonymous_3)
FNDA:1405,(anonymous_4)
FNDA:14,(anonymous_5)
FNDA:28,(anonymous_6)
FNDA:481,(anonymous_7)
FNDA:663,(anonymous_8)
FNDA:0,(anonymous_9)
FNDA:133,(anonymous_10)
DA:18,133
DA:21,133
DA:59,133
DA:60,133
DA:70,1447
DA:71,1447
DA:73,0
DA:74,0
DA:84,162
DA:85,162
DA:86,1134
DA:88,162
DA:98,1405
DA:108,14
DA:118,28
DA:129,481
DA:139,663
DA:151,133
DA:154,133
DA:155,78
DA:164,55
DA:165,39
DA:176,133
DA:177,65
DA:187,68
DA:188,39
DA:195,133
DA:196,39
DA:206,94
DA:207,39
DA:217,55
DA:218,0
DA:225,133
DA:226,65
DA:231,68
DA:232,0
DA:239,133
DA:240,13
DA:247,133
DA:248,0
DA:255,133
DA:256,104
LF:42
LH:37
BRDA:70,0,0,1447
BRDA:70,0,1,0
BRDA:128,1,0,221
BRDA:139,2,0,260
BRDA:139,2,1,221
BRDA:154,3,0,78
BRDA:154,3,1,55
BRDA:164,4,0,39
BRDA:164,4,1,16
BRDA:176,5,0,65
BRDA:176,5,1,68
BRDA:187,6,0,39
BRDA:187,6,1,29
BRDA:195,7,0,39
BRDA:195,7,1,94
BRDA:206,8,0,39
BRDA:206,8,1,55
BRDA:217,9,0,0
BRDA:217,9,1,55
BRDA:225,10,0,65
BRDA:225,10,1,68
BRDA:231,11,0,0
BRDA:231,11,1,68
BRDA:239,12,0,13
BRDA:239,12,1,120
BRDA:247,13,0,0
BRDA:247,13,1,133
BRDA:255,14,0,104
BRDA:255,14,1,29
BRF:29
BRH:25
end_of_record
TN:
SF:/usr/src/app/src/components/Main.js
FN:15,(anonymous_0)
FN:23,(anonymous_1)
FN:29,(anonymous_2)
FN:37,(anonymous_3)
FNF:4
FNH:4
FNDA:10,(anonymous_0)
FNDA:11,(anonymous_1)
FNDA:21,(anonymous_2)
FNDA:1,(anonymous_3)
DA:16,10
DA:18,10
DA:24,11
DA:30,21
DA:32,21
DA:38,1
LF:6
LH:6
BRDA:34,0,0,21
BRDA:34,0,1,1
BRDA:48,1,0,21
BRDA:48,1,1,12
BRDA:54,2,0,21
BRDA:54,2,1,18
BRDA:58,3,0,21
BRDA:58,3,1,0
BRDA:58,3,2,21
BRDA:65,4,0,21
BRDA:65,4,1,0
BRF:11
BRH:9
end_of_record
TN:
SF:/usr/src/app/src/components/Map.js
FN:11,(anonymous_0)
FN:38,(anonymous_1)
FN:49,(anonymous_2)
FN:51,(anonymous_3)
FN:60,(anonymous_4)
FN:93,(anonymous_5)
FN:99,(anonymous_6)
FN:105,(anonymous_7)
FN:109,(anonymous_8)
FN:114,(anonymous_9)
FN:118,(anonymous_10)
FN:126,(anonymous_11)
FN:143,(anonymous_12)
FN:149,(anonymous_13)
FN:158,(anonymous_14)
FN:166,(anonymous_15)
FN:174,(anonymous_16)
FN:204,(anonymous_17)
FN:212,(anonymous_18)
FN:221,(anonymous_19)
FN:239,(anonymous_20)
FN:279,(anonymous_21)
FN:298,(anonymous_22)
FNF:23
FNH:9
FNDA:8,(anonymous_0)
FNDA:12,(anonymous_1)
FNDA:12,(anonymous_2)
FNDA:100,(anonymous_3)
FNDA:450,(anonymous_4)
FNDA:0,(anonymous_5)
FNDA:8,(anonymous_6)
FNDA:0,(anonymous_7)
FNDA:0,(anonymous_8)
FNDA:0,(anonymous_9)
FNDA:0,(anonymous_10)
FNDA:0,(anonymous_11)
FNDA:0,(anonymous_12)
FNDA:0,(anonymous_13)
FNDA:0,(anonymous_14)
FNDA:0,(anonymous_15)
FNDA:0,(anonymous_16)
FNDA:0,(anonymous_17)
FNDA:0,(anonymous_18)
FNDA:0,(anonymous_19)
FNDA:20,(anonymous_20)
FNDA:33,(anonymous_21)
FNDA:100,(anonymous_22)
DA:12,8
DA:15,8
DA:18,8
DA:26,8
DA:27,8
DA:28,8
DA:29,8
DA:30,8
DA:31,8
DA:32,8
DA:39,12
DA:40,12
DA:49,12
DA:50,12
DA:51,12
DA:52,100
DA:53,100
DA:60,100
DA:61,450
DA:62,0
DA:63,0
DA:64,0
DA:65,0
DA:69,100
DA:70,100
DA:71,100
DA:74,12
DA:78,12
DA:85,12
DA:86,12
DA:90,12
DA:93,1
DA:94,0
DA:100,8
DA:102,8
DA:106,0
DA:110,0
DA:111,0
DA:115,0
DA:119,0
DA:120,0
DA:127,0
DA:133,0
DA:134,0
DA:144,0
DA:145,0
DA:147,0
DA:149,0
DA:150,0
DA:151,0
DA:159,0
DA:160,0
DA:167,0
DA:168,0
DA:175,0
DA:176,0
DA:179,0
DA:180,0
DA:203,0
DA:204,0
DA:205,0
DA:213,0
DA:222,0
DA:223,0
DA:228,0
DA:241,20
DA:246,20
DA:252,20
DA:256,20
DA:261,20
DA:263,20
DA:279,33
DA:299,100
LF:73
LH:38
BRDA:61,0,0,0
BRDA:61,0,1,450
BRDA:61,1,0,450
BRDA:61,1,1,0
BRDA:69,2,0,100
BRDA:69,2,1,0
BRDA:85,3,0,12
BRDA:85,3,1,0
BRDA:90,4,0,1
BRDA:90,4,1,11
BRDA:90,5,0,12
BRDA:90,5,1,12
BRDA:100,6,0,0
BRDA:100,6,1,8
BRDA:133,7,0,0
BRDA:133,7,1,0
BRDA:133,8,0,0
BRDA:133,8,1,0
BRDA:144,9,0,0
BRDA:144,9,1,0
BRDA:167,10,0,0
BRDA:167,10,1,0
BRDA:175,11,0,0
BRDA:175,11,1,0
BRDA:241,12,0,19
BRDA:241,12,1,1
BRDA:252,13,0,20
BRDA:252,13,1,0
BRDA:256,14,0,0
BRDA:256,14,1,20
BRDA:267,15,0,20
BRDA:267,15,1,20
BRDA:292,16,0,20
BRDA:292,16,1,20
BRDA:295,17,0,20
BRDA:295,17,1,20
BRF:36
BRH:19
end_of_record
TN:
SF:/usr/src/app/src/components/NotFound.js
FN:9,(anonymous_0)
FN:13,(anonymous_1)
FNF:2
FNH:0
FNDA:0,(anonymous_0)
FNDA:0,(anonymous_1)
DA:10,0
DA:14,0
LF:2
LH:0
BRF:0
BRH:0
end_of_record
TN:
SF:/usr/src/app/src/components/Sidebar.js
FN:14,(anonymous_0)
FN:24,(anonymous_1)
FN:30,(anonymous_2)
FN:40,(anonymous_3)
FNF:4
FNH:4
FNDA:9,(anonymous_0)
FNDA:11,(anonymous_1)
FNDA:1,(anonymous_2)
FNDA:20,(anonymous_3)
DA:15,9
DA:17,9
DA:21,9
DA:25,11
DA:31,1
DA:34,1
DA:42,20
DA:44,20
DA:83,20
LF:9
LH:9
BRDA:44,0,0,19
BRDA:44,0,1,1
BRDA:47,1,0,19
BRDA:47,1,1,18
BRDA:50,2,0,19
BRDA:50,2,1,1
BRF:6
BRH:6
end_of_record
TN:
SF:/usr/src/app/src/components/Sponsors.js
FN:8,(anonymous_0)
FN:12,(anonymous_1)
FNF:2
FNH:2
FNDA:19,(anonymous_0)
FNDA:39,(anonymous_1)
DA:9,19
DA:13,39
LF:2
LH:2
BRF:0
BRH:0
end_of_record
TN:
SF:/usr/src/app/src/components/Welcome.js
FN:21,(anonymous_0)
FN:31,(anonymous_1)
FN:80,(anonymous_2)
FN:94,(anonymous_3)
FNF:4
FNH:4
FNDA:12,(anonymous_0)
FNDA:3,(anonymous_1)
FNDA:1,(anonymous_2)
FNDA:22,(anonymous_3)
DA:22,12
DA:24,12
DA:25,12
DA:33,3
DA:41,3
DA:43,3
DA:44,1
DA:48,1
DA:52,1
DA:58,2
DA:59,1
DA:65,1
DA:66,1
DA:72,3
DA:81,1
DA:82,1
DA:95,22
LF:17
LH:17
BRDA:43,0,0,1
BRDA:43,0,1,2
BRDA:58,1,0,1
BRDA:58,1,1,1
BRDA:65,2,0,1
BRDA:65,2,1,0
BRF:6
BRH:5
end_of_record
TN:
SF:/usr/src/app/src/components/map/Marker.js
FN:13,(anonymous_0)
FN:30,(anonymous_1)
FN:32,(anonymous_2)
FN:50,(anonymous_3)
FN:59,(anonymous_4)
FN:76,(anonymous_5)
FN:103,(anonymous_6)
FN:112,(anonymous_7)
FN:124,(anonymous_8)
FN:133,(anonymous_9)
FN:134,(anonymous_10)
FN:142,(anonymous_11)
FN:145,(anonymous_12)
FN:153,(anonymous_13)
FN:167,(anonymous_14)
FN:211,(anonymous_15)
FN:230,(anonymous_16)
FN:240,(anonymous_17)
FNF:18
FNH:5
FNDA:30,(anonymous_0)
FNDA:70,(anonymous_1)
FNDA:70,(anonymous_2)
FNDA:0,(anonymous_3)
FNDA:0,(anonymous_4)
FNDA:0,(anonymous_5)
FNDA:0,(anonymous_6)
FNDA:0,(anonymous_7)
FNDA:0,(anonymous_8)
FNDA:0,(anonymous_9)
FNDA:0,(anonymous_10)
FNDA:0,(anonymous_11)
FNDA:0,(anonymous_12)
FNDA:0,(anonymous_13)
FNDA:100,(anonymous_14)
FNDA:0,(anonymous_15)
FNDA:700,(anonymous_16)
FNDA:0,(anonymous_17)
DA:14,30
DA:16,30
DA:24,30
DA:25,30
DA:26,30
DA:27,30
DA:31,70
DA:32,70
DA:33,70
DA:34,0
DA:38,70
DA:51,0
DA:54,0
DA:60,0
DA:63,0
DA:78,0
DA:82,0
DA:84,0
DA:89,0
DA:91,0
DA:104,0
DA:105,0
DA:106,0
DA:113,0
DA:114,0
DA:115,0
DA:125,0
DA:129,0
DA:133,0
DA:134,0
DA:135,0
DA:137,0
DA:138,0
DA:143,0
DA:146,0
DA:155,0
DA:156,0
DA:168,100
DA:169,100
DA:170,100
DA:171,100
DA:173,100
DA:174,100
DA:182,100
DA:186,100
DA:207,100
DA:211,0
DA:231,700
DA:232,330
DA:234,370
DA:240,0
LF:51
LH:22
BRDA:33,0,0,0
BRDA:33,0,1,70
BRDA:82,1,0,0
BRDA:82,1,1,0
BRDA:175,2,0,100
BRDA:175,2,1,0
BRDA:178,3,0,0
BRDA:178,3,1,100
BRDA:187,4,0,100
BRDA:187,4,1,0
BRDA:194,5,0,100
BRDA:194,5,1,0
BRDA:197,6,0,100
BRDA:197,6,1,0
BRDA:197,6,2,0
BRDA:213,7,0,100
BRDA:213,7,1,100
BRDA:217,8,0,100
BRDA:217,8,1,0
BRDA:225,9,0,100
BRDA:225,9,1,100
BRDA:231,10,0,330
BRDA:231,10,1,370
BRDA:242,11,0,100
BRDA:242,11,1,0
BRDA:247,12,0,100
BRDA:247,12,1,0
BRF:27
BRH:15
end_of_record
TN:
SF:/usr/src/app/src/components/map/MarkerIcon.js
FN:4,(anonymous_0)
FN:7,(anonymous_1)
FNF:2
FNH:2
FNDA:100,(anonymous_0)
FNDA:100,(anonymous_1)
DA:8,100
DA:9,100
DA:10,100
DA:11,100
DA:13,100
DA:15,30
DA:16,30
DA:18,0
DA:19,0
DA:21,10
DA:22,10
DA:24,60
DA:25,60
DA:27,0
DA:28,0
DA:30,0
DA:31,0
DA:33,0
DA:34,0
DA:36,0
DA:39,100
DA:40,100
DA:41,100
DA:42,100
DA:45,100
DA:46,0
DA:47,0
DA:48,0
DA:51,100
DA:52,0
DA:53,0
DA:54,0
DA:58,100
DA:66,100
LF:34
LH:19
BRDA:13,0,0,30
BRDA:13,0,1,0
BRDA:13,0,2,10
BRDA:13,0,3,60
BRDA:13,0,4,0
BRDA:13,0,5,0
BRDA:13,0,6,0
BRDA:13,0,7,0
BRDA:39,1,0,100
BRDA:39,1,1,0
BRDA:45,2,0,0
BRDA:45,2,1,100
BRDA:51,3,0,0
BRDA:51,3,1,100
BRF:14
BRH:6
end_of_record
TN:
SF:/usr/src/app/src/components/sidebar/Results.js
FN:12,(anonymous_0)
FN:25,(anonymous_1)
FN:33,(anonymous_2)
FN:34,(anonymous_3)
FN:45,(anonymous_4)
FN:56,(anonymous_5)
FN:72,(anonymous_6)
FN:92,(anonymous_7)
FN:107,(anonymous_8)
FN:109,(anonymous_9)
FN:119,(anonymous_10)
FN:160,(anonymous_11)
FN:165,(anonymous_12)
FN:206,(anonymous_13)
FN:213,(anonymous_14)
FN:233,(anonymous_15)
FNF:16
FNH:8
FNDA:3,(anonymous_0)
FNDA:0,(anonymous_1)
FNDA:3,(anonymous_2)
FNDA:0,(anonymous_3)
FNDA:3,(anonymous_4)
FNDA:0,(anonymous_5)
FNDA:0,(anonymous_6)
FNDA:0,(anonymous_7)
FNDA:0,(anonymous_8)
FNDA:0,(anonymous_9)
FNDA:3,(anonymous_10)
FNDA:3,(anonymous_11)
FNDA:24,(anonymous_12)
FNDA:24,(anonymous_13)
FNDA:0,(anonymous_14)
FNDA:30,(anonymous_15)
DA:13,3
DA:15,3
DA:21,3
DA:22,3
DA:26,0
DA:34,3
DA:35,0
DA:46,3
DA:47,3
DA:58,0
DA:62,0
DA:66,0
DA:74,0
DA:78,0
DA:83,0
DA:86,0
DA:94,0
DA:98,0
DA:103,0
DA:107,0
DA:108,0
DA:109,0
DA:110,0
DA:113,0
DA:120,3
DA:121,3
DA:122,3
DA:123,3
DA:124,3
DA:125,3
DA:129,3
DA:154,3
DA:160,3
DA:161,3
DA:165,3
DA:166,24
DA:167,12
DA:168,12
DA:170,24
DA:171,9
DA:174,3
DA:176,3
DA:206,24
DA:214,0
DA:215,0
DA:217,0
DA:234,30
DA:235,0
DA:236,0
DA:247,30
DA:248,0
DA:249,0
DA:260,30
LF:53
LH:29
BRDA:130,0,0,3
BRDA:130,0,1,0
BRDA:143,1,0,3
BRDA:143,1,1,0
BRDA:166,2,0,12
BRDA:166,2,1,12
BRDA:170,3,0,9
BRDA:170,3,1,15
BRDA:183,4,0,3
BRDA:183,4,1,0
BRDA:188,5,0,3
BRDA:188,5,1,3
BRDA:206,6,0,3
BRDA:206,6,1,0
BRDA:206,7,0,24
BRDA:206,7,1,21
BRDA:214,8,0,0
BRDA:214,8,1,0
BRDA:227,9,0,3
BRDA:227,9,1,3
BRDA:227,9,2,0
BRDA:234,10,0,0
BRDA:234,10,1,30
BRDA:234,11,0,30
BRDA:234,11,1,30
BRDA:247,12,0,0
BRDA:247,12,1,30
BRDA:247,13,0,30
BRDA:247,13,1,30
BRDA:266,14,0,3
BRDA:266,14,1,0
BRDA:272,15,0,3
BRDA:272,15,1,3
BRF:33
BRH:23
end_of_record
TN:
SF:/usr/src/app/src/components/sidebar/ResultsEntry.js
FN:19,(anonymous_0)
FN:31,(anonymous_1)
FN:44,(anonymous_2)
FN:56,(anonymous_3)
FN:65,(anonymous_4)
FN:83,(anonymous_5)
FN:93,(anonymous_6)
FN:108,(anonymous_7)
FN:132,(anonymous_8)
FN:135,(anonymous_9)
FN:149,(anonymous_10)
FN:165,(anonymous_11)
FN:177,(anonymous_12)
FN:187,(anonymous_13)
FN:194,(anonymous_14)
FN:195,(anonymous_15)
FN:197,(anonymous_16)
FN:200,(anonymous_17)
FN:213,(anonymous_18)
FN:220,(anonymous_19)
FN:243,(anonymous_20)
FN:267,(anonymous_21)
FN:278,(anonymous_22)
FN:287,(anonymous_23)
FN:291,(anonymous_24)
FNF:25
FNH:10
FNDA:30,(anonymous_0)
FNDA:210,(anonymous_1)
FNDA:0,(anonymous_2)
FNDA:1,(anonymous_3)
FNDA:1,(anonymous_4)
FNDA:0,(anonymous_5)
FNDA:0,(anonymous_6)
FNDA:0,(anonymous_7)
FNDA:0,(anonymous_8)
FNDA:0,(anonymous_9)
FNDA:0,(anonymous_10)
FNDA:0,(anonymous_11)
FNDA:0,(anonymous_12)
FNDA:32,(anonymous_13)
FNDA:0,(anonymous_14)
FNDA:0,(anonymous_15)
FNDA:0,(anonymous_16)
FNDA:210,(anonymous_17)
FNDA:14,(anonymous_18)
FNDA:0,(anonymous_19)
FNDA:6,(anonymous_20)
FNDA:18,(anonymous_21)
FNDA:1,(anonymous_22)
FNDA:0,(anonymous_23)
FNDA:0,(anonymous_24)
DA:12,6
DA:13,6
DA:20,30
DA:22,30
DA:31,30
DA:32,210
DA:35,30
DA:36,30
DA:37,30
DA:38,30
DA:39,30
DA:40,30
DA:41,30
DA:45,0
DA:57,1
DA:60,1
DA:66,1
DA:67,1
DA:74,0
DA:82,1
DA:83,1
DA:84,0
DA:87,1
DA:94,0
DA:100,0
DA:109,0
DA:111,0
DA:113,0
DA:114,0
DA:118,0
DA:119,0
DA:124,0
DA:133,0
DA:135,0
DA:136,0
DA:137,0
DA:143,0
DA:151,0
DA:153,0
DA:159,0
DA:166,0
DA:167,0
DA:171,0
DA:178,0
DA:179,0
DA:180,0
DA:181,0
DA:188,32
DA:189,32
DA:190,32
DA:192,32
DA:194,0
DA:195,0
DA:197,0
DA:201,210
DA:202,99
DA:204,111
DA:214,14
DA:220,0
DA:244,6
DA:268,18
DA:278,1
DA:287,0
DA:291,0
LF:64
LH:31
BRDA:56,0,0,1
BRDA:66,1,0,1
BRDA:66,1,1,0
BRDA:111,2,0,0
BRDA:111,2,1,0
BRDA:118,3,0,0
BRDA:118,3,1,0
BRDA:166,4,0,0
BRDA:166,4,1,0
BRDA:166,5,0,0
BRDA:166,5,1,0
BRDA:190,6,0,0
BRDA:190,6,1,32
BRDA:198,7,0,32
BRDA:198,7,1,30
BRDA:201,8,0,99
BRDA:201,8,1,111
BRDA:210,9,0,32
BRDA:210,9,1,2
BRDA:219,10,0,14
BRDA:219,10,1,6
BRDA:219,10,2,6
BRDA:224,11,0,14
BRDA:224,11,1,6
BRDA:226,12,0,6
BRDA:226,12,1,0
BRDA:237,13,0,2
BRDA:237,13,1,2
BRDA:261,14,0,2
BRDA:261,14,1,2
BRDA:277,15,0,32
BRDA:277,15,1,30
BRDA:280,16,0,30
BRDA:280,16,1,1
BRDA:286,17,0,32
BRDA:286,17,1,2
BRF:36
BRH:25
end_of_record
TN:
SF:/usr/src/app/src/components/sidebar/Search.js
FN:18,(anonymous_0)
FN:31,(anonymous_1)
FN:38,(anonymous_2)
FN:41,(anonymous_3)
FN:50,(anonymous_4)
FN:57,(anonymous_5)
FN:69,(anonymous_6)
FN:83,(anonymous_7)
FN:103,(anonymous_8)
FN:114,(anonymous_9)
FN:119,(anonymous_10)
FN:124,(anonymous_11)
FN:129,(anonymous_12)
FN:173,(anonymous_13)
FN:189,(anonymous_14)
FN:207,(anonymous_15)
FNF:16
FNH:14
FNDA:8,(anonymous_0)
FNDA:10,(anonymous_1)
FNDA:8,(anonymous_2)
FNDA:0,(anonymous_3)
FNDA:2,(anonymous_4)
FNDA:1,(anonymous_5)
FNDA:1,(anonymous_6)
FNDA:8,(anonymous_7)
FNDA:0,(anonymous_8)
FNDA:21,(anonymous_9)
FNDA:21,(anonymous_10)
FNDA:168,(anonymous_11)
FNDA:168,(anonymous_12)
FNDA:84,(anonymous_13)
FNDA:273,(anonymous_14)
FNDA:63,(anonymous_15)
DA:19,8
DA:21,8
DA:27,8
DA:28,8
DA:32,10
DA:40,8
DA:41,0
DA:42,0
DA:52,2
DA:55,2
DA:58,1
DA:63,2
DA:70,1
DA:71,1
DA:72,1
DA:75,1
DA:76,0
DA:78,1
DA:79,0
DA:83,1
DA:84,8
DA:85,1
DA:86,1
DA:89,1
DA:92,1
DA:97,1
DA:104,0
DA:108,1
DA:116,21
DA:119,21
DA:120,21
DA:124,21
DA:125,168
DA:129,21
DA:130,168
DA:134,21
DA:144,21
DA:174,84
DA:190,273
DA:208,63
LF:40
LH:35
BRDA:40,0,0,0
BRDA:40,0,1,8
BRDA:75,1,0,0
BRDA:75,1,1,1
BRDA:78,2,0,0
BRDA:78,2,1,1
BRDA:84,3,0,1
BRDA:84,3,1,7
BRDA:135,4,0,21
BRDA:135,4,1,6
BRDA:138,5,0,21
BRDA:138,5,1,15
BRDA:210,6,0,0
BRDA:210,6,1,63
BRF:14
BRH:10
end_of_record
TN:
SF:/usr/src/app/src/stores/BuildingStore.js
FN:14,(anonymous_0)
FN:68,(anonymous_1)
FN:116,(anonymous_2)
FN:129,(anonymous_3)
FN:130,(anonymous_4)
FN:170,(anonymous_5)
FN:175,(anonymous_6)
FN:185,(anonymous_7)
FN:197,(anonymous_8)
FN:208,(anonymous_9)
FN:214,(anonymous_10)
FN:269,(anonymous_11)
FN:274,(anonymous_12)
FN:283,(anonymous_13)
FN:294,(anonymous_14)
FN:299,(anonymous_15)
FN:309,(anonymous_16)
FN:360,(anonymous_17)
FN:361,(anonymous_18)
FN:371,(anonymous_19)
FN:380,(anonymous_20)
FN:381,(anonymous_21)
FN:394,(anonymous_22)
FN:395,(anonymous_23)
FN:425,(anonymous_24)
FN:427,(anonymous_25)
FN:430,(anonymous_26)
FN:466,(anonymous_27)
FN:480,(anonymous_28)
FN:481,(anonymous_29)
FN:499,(anonymous_30)
FN:509,(anonymous_31)
FN:519,(anonymous_32)
FN:529,(anonymous_33)
FN:530,(anonymous_34)
FN:540,(anonymous_35)
FN:541,(anonymous_36)
FN:550,(anonymous_37)
FN:551,(anonymous_38)
FNF:39
FNH:22
FNDA:24,(anonymous_0)
FNDA:12,(anonymous_1)
FNDA:912,(anonymous_2)
FNDA:12,(anonymous_3)
FNDA:120,(anonymous_4)
FNDA:0,(anonymous_5)
FNDA:12,(anonymous_6)
FNDA:0,(anonymous_7)
FNDA:2,(anonymous_8)
FNDA:2,(anonymous_9)
FNDA:150,(anonymous_10)
FNDA:0,(anonymous_11)
FNDA:2,(anonymous_12)
FNDA:0,(anonymous_13)
FNDA:1,(anonymous_14)
FNDA:0,(anonymous_15)
FNDA:120,(anonymous_16)
FNDA:5,(anonymous_17)
FNDA:5,(anonymous_18)
FNDA:7,(anonymous_19)
FNDA:20,(anonymous_20)
FNDA:170,(anonymous_21)
FNDA:0,(anonymous_22)
FNDA:0,(anonymous_23)
FNDA:4,(anonymous_24)
FNDA:0,(anonymous_25)
FNDA:0,(anonymous_26)
FNDA:0,(anonymous_27)
FNDA:0,(anonymous_28)
FNDA:0,(anonymous_29)
FNDA:1,(anonymous_30)
FNDA:1,(anonymous_31)
FNDA:0,(anonymous_32)
FNDA:0,(anonymous_33)
FNDA:0,(anonymous_34)
FNDA:0,(anonymous_35)
FNDA:0,(anonymous_36)
FNDA:16,(anonymous_37)
FNDA:252,(anonymous_38)
DA:15,24
DA:18,24
DA:21,24
DA:23,24
DA:56,24
DA:58,24
DA:69,12
DA:71,12
DA:116,12
DA:117,912
DA:118,108
DA:120,804
DA:121,288
DA:124,516
DA:129,12
DA:130,12
DA:131,120
DA:154,120
DA:155,120
DA:158,12
DA:159,12
DA:163,12
DA:164,12
DA:165,0
DA:166,0
DA:167,0
DA:169,0
DA:170,0
DA:174,12
DA:176,12
DA:177,12
DA:178,0
DA:180,12
DA:182,12
DA:183,12
DA:186,0
DA:198,2
DA:200,2
DA:208,2
DA:209,2
DA:210,2
DA:211,0
DA:213,2
DA:214,2
DA:215,150
DA:217,2
DA:218,2
DA:220,2
DA:221,2
DA:223,2
DA:224,2
DA:226,2
DA:227,2
DA:229,2
DA:230,2
DA:232,2
DA:233,2
DA:235,2
DA:236,2
DA:238,2
DA:239,2
DA:241,2
DA:242,2
DA:245,2
DA:246,2
DA:248,2
DA:249,2
DA:251,2
DA:252,2
DA:255,126
DA:256,126
DA:259,2
DA:263,2
DA:264,2
DA:265,0
DA:266,0
DA:267,0
DA:269,0
DA:273,2
DA:275,2
DA:276,2
DA:277,0
DA:280,2
DA:281,2
DA:284,0
DA:295,1
DA:296,1
DA:297,1
DA:299,0
DA:310,120
DA:312,120
DA:313,96
DA:315,120
DA:316,12
DA:318,120
DA:319,0
DA:322,120
DA:323,60
DA:324,60
DA:325,0
DA:329,120
DA:330,36
DA:331,84
DA:332,36
DA:333,48
DA:334,0
DA:338,120
DA:339,60
DA:340,60
DA:341,36
DA:345,120
DA:346,72
DA:347,48
DA:348,36
DA:351,120
DA:361,5
DA:362,5
DA:372,7
DA:381,20
DA:382,170
DA:395,0
DA:396,0
DA:402,0
DA:409,0
DA:410,0
DA:412,0
DA:413,0
DA:415,0
DA:417,0
DA:426,4
DA:427,4
DA:428,0
DA:429,0
DA:430,0
DA:432,0
DA:433,0
DA:434,0
DA:435,0
DA:436,0
DA:437,0
DA:438,0
DA:440,0
DA:441,0
DA:442,0
DA:446,0
DA:447,0
DA:448,0
DA:449,0
DA:450,0
DA:453,0
DA:454,0
DA:455,0
DA:456,0
DA:461,0
DA:462,0
DA:464,4
DA:466,0
DA:467,0
DA:470,4
DA:481,0
DA:482,0
DA:483,0
DA:488,0
DA:490,0
DA:500,1
DA:501,1
DA:510,1
DA:511,1
DA:520,0
DA:521,0
DA:530,0
DA:531,0
DA:541,0
DA:542,0
DA:551,16
DA:552,252
LF:176
LH:112
BRDA:117,0,0,108
BRDA:117,0,1,804
BRDA:120,1,0,288
BRDA:120,1,1,516
BRDA:120,2,0,804
BRDA:120,2,1,672
BRDA:139,3,0,96
BRDA:139,3,1,24
BRDA:139,4,0,120
BRDA:139,4,1,24
BRDA:140,5,0,72
BRDA:140,5,1,48
BRDA:140,6,0,120
BRDA:140,6,1,48
BRDA:142,7,0,60
BRDA:142,7,1,60
BRDA:142,8,0,120
BRDA:142,8,1,72
BRDA:142,8,2,60
BRDA:146,9,0,60
BRDA:146,9,1,60
BRDA:146,10,0,120
BRDA:146,10,1,108
BRDA:164,11,0,0
BRDA:164,11,1,12
BRDA:164,12,0,12
BRDA:164,12,1,0
BRDA:166,13,0,0
BRDA:166,13,1,0
BRDA:177,14,0,0
BRDA:177,14,1,12
BRDA:210,15,0,0
BRDA:210,15,1,2
BRDA:215,16,0,2
BRDA:215,16,1,2
BRDA:215,16,2,2
BRDA:215,16,3,2
BRDA:215,16,4,2
BRDA:215,16,5,2
BRDA:215,16,6,2
BRDA:215,16,7,2
BRDA:215,16,8,2
BRDA:215,16,9,2
BRDA:215,16,10,2
BRDA:215,16,11,2
BRDA:215,16,12,126
BRDA:264,17,0,0
BRDA:264,17,1,2
BRDA:266,18,0,0
BRDA:266,18,1,0
BRDA:276,19,0,0
BRDA:276,19,1,2
BRDA:296,20,0,1
BRDA:296,20,1,0
BRDA:312,21,0,96
BRDA:312,21,1,24
BRDA:315,22,0,12
BRDA:315,22,1,108
BRDA:318,23,0,0
BRDA:318,23,1,120
BRDA:322,24,0,60
BRDA:322,24,1,60
BRDA:324,25,0,0
BRDA:324,25,1,60
BRDA:329,26,0,36
BRDA:329,26,1,84
BRDA:331,27,0,36
BRDA:331,27,1,48
BRDA:333,28,0,0
BRDA:333,28,1,48
BRDA:338,29,0,60
BRDA:338,29,1,60
BRDA:340,30,0,36
BRDA:340,30,1,24
BRDA:345,31,0,72
BRDA:345,31,1,48
BRDA:347,32,0,36
BRDA:347,32,1,12
BRDA:382,33,0,170
BRDA:382,33,1,170
BRDA:409,34,0,0
BRDA:409,34,1,0
BRDA:412,35,0,0
BRDA:412,35,1,0
BRDA:432,36,0,0
BRDA:432,36,1,0
BRDA:436,37,0,0
BRDA:436,37,1,0
BRDA:440,38,0,0
BRDA:440,38,1,0
BRDA:441,39,0,0
BRDA:441,39,1,0
BRDA:446,40,0,0
BRDA:446,40,1,0
BRDA:448,41,0,0
BRDA:448,41,1,0
BRDA:453,42,0,0
BRDA:453,42,1,0
BRDA:454,43,0,0
BRDA:454,43,1,0
BRDA:464,44,0,0
BRDA:464,44,1,4
BRDA:464,45,0,4
BRDA:464,45,1,0
BRDA:467,46,0,0
BRDA:467,46,1,0
BRDA:483,47,0,0
BRDA:483,47,1,0
BRDA:483,48,0,0
BRDA:483,48,1,0
BRDA:483,48,2,0
BRDA:483,48,3,0
BRF:112
BRH:68
end_of_record
TN:
SF:/usr/src/app/src/stores/FilterStore.js
FN:7,(anonymous_0)
FN:150,(anonymous_1)
FN:160,(anonymous_2)
FN:161,(anonymous_3)
FN:171,(anonymous_4)
FN:181,(anonymous_5)
FN:182,(anonymous_6)
FN:193,(anonymous_7)
FNF:8
FNH:8
FNDA:27,(anonymous_0)
FNDA:46,(anonymous_1)
FNDA:12,(anonymous_2)
FNDA:48,(anonymous_3)
FNDA:216,(anonymous_4)
FNDA:6,(anonymous_5)
FNDA:48,(anonymous_6)
FNDA:3,(anonymous_7)
DA:8,27
DA:9,27
DA:28,27
DA:41,27
DA:58,27
DA:75,27
DA:93,27
DA:110,27
DA:122,27
DA:134,27
DA:151,46
DA:161,12
DA:162,48
DA:172,216
DA:182,6
DA:183,48
DA:184,6
DA:185,6
DA:194,3
DA:195,3
LF:20
LH:20
BRDA:183,0,0,6
BRDA:183,0,1,42
BRF:2
BRH:2
end_of_record
TN:
SF:/usr/src/app/src/stores/MapStore.js
FN:8,(anonymous_0)
FN:41,(anonymous_1)
FN:45,(anonymous_2)
FN:56,(anonymous_3)
FN:67,(anonymous_4)
FN:79,(anonymous_5)
FN:91,(anonymous_6)
FN:107,(anonymous_7)
FN:117,(anonymous_8)
FN:124,(anonymous_9)
FNF:10
FNH:5
FNDA:24,(anonymous_0)
FNDA:12,(anonymous_1)
FNDA:2,(anonymous_2)
FNDA:0,(anonymous_3)
FNDA:0,(anonymous_4)
FNDA:0,(anonymous_5)
FNDA:0,(anonymous_6)
FNDA:0,(anonymous_7)
FNDA:162,(anonymous_8)
FNDA:1,(anonymous_9)
DA:9,24
DA:11,24
DA:13,24
DA:42,12
DA:47,2
DA:57,0
DA:68,0
DA:69,0
DA:70,0
DA:80,0
DA:92,0
DA:96,0
DA:108,0
DA:118,162
DA:125,1
DA:127,0
LF:16
LH:7
BRDA:15,0,0,0
BRDA:15,0,1,24
BRDA:125,1,0,1
BRDA:125,1,1,0
BRF:4
BRH:2
end_of_record
TN:
SF:/usr/src/app/src/stores/RouterStore.js
FN:9,(anonymous_0)
FN:42,(anonymous_1)
FN:51,(anonymous_2)
FN:52,(anonymous_3)
FN:63,(anonymous_4)
FN:90,(anonymous_5)
FN:104,(anonymous_6)
FN:113,(anonymous_7)
FN:122,(anonymous_8)
FN:127,(anonymous_9)
FN:137,(anonymous_10)
FN:147,(anonymous_11)
FNF:12
FNH:9
FNDA:24,(anonymous_0)
FNDA:96,(anonymous_1)
FNDA:24,(anonymous_2)
FNDA:96,(anonymous_3)
FNDA:7,(anonymous_4)
FNDA:46,(anonymous_5)
FNDA:0,(anonymous_6)
FNDA:0,(anonymous_7)
FNDA:55,(anonymous_8)
FNDA:58,(anonymous_9)
FNDA:0,(anonymous_10)
FNDA:46,(anonymous_11)
DA:10,24
DA:11,24
DA:14,24
DA:16,24
DA:26,24
DA:43,96
DA:52,24
DA:53,96
DA:65,7
DA:67,7
DA:70,7
DA:78,7
DA:81,7
DA:91,46
DA:93,46
DA:94,0
DA:96,46
DA:105,0
DA:114,0
DA:123,55
DA:124,46
DA:127,55
DA:128,58
DA:138,0
DA:148,46
DA:149,46
DA:150,46
DA:151,0
DA:153,46
LF:29
LH:24
BRDA:42,0,0,0
BRDA:42,1,0,0
BRDA:93,2,0,0
BRDA:93,2,1,46
BRDA:122,3,0,0
BRDA:123,4,0,46
BRDA:123,4,1,9
BRDA:150,5,0,0
BRDA:150,5,1,46
BRF:9
BRH:4
end_of_record
TN:
SF:/usr/src/app/src/stores/UIStore.js
FN:7,(anonymous_0)
FN:38,(anonymous_1)
FN:48,(anonymous_2)
FNF:3
FNH:3
FNDA:24,(anonymous_0)
FNDA:22,(anonymous_1)
FNDA:298,(anonymous_2)
DA:8,24
DA:10,24
DA:39,22
DA:49,298
LF:4
LH:4
BRF:0
BRH:0
end_of_record
TN:
SF:/usr/src/app/src/stores/index.js
FNF:0
FNH:0
LF:0
LH:0
BRF:0
BRH:0
end_of_record
TN:
SF:/usr/src/app/src/utils/DetectMobile.js
FN:5,(anonymous_0)
FN:8,(anonymous_1)
FNF:2
FNH:2
FNDA:7,(anonymous_0)
FNDA:7,(anonymous_1)
DA:5,6
DA:6,7
DA:7,7
DA:9,7
DA:11,0
DA:15,7
LF:6
LH:5
BRDA:9,0,0,0
BRDA:9,0,1,7
BRDA:9,1,0,7
BRDA:9,1,1,7
BRDA:14,2,0,7
BRDA:14,2,1,0
BRDA:14,2,2,0
BRF:7
BRH:4
end_of_record
TN:
SF:/usr/src/app/src/utils/GeoUtils.js
FN:12,(anonymous_0)
FNF:1
FNH:0
FNDA:0,(anonymous_0)
DA:12,8
DA:13,0
DA:14,0
DA:15,0
DA:16,0
DA:17,0
LF:6
LH:1
BRF:0
BRH:0
end_of_record
TN:
SF:/usr/src/app/src/utils/GuiUtils.js
FN:12,(anonymous_0)
FN:17,(anonymous_1)
FN:22,(anonymous_2)
FN:41,(anonymous_3)
FN:59,(anonymous_4)
FN:66,(anonymous_5)
FN:72,(anonymous_6)
FNF:7
FNH:2
FNDA:4,(anonymous_0)
FNDA:4,(anonymous_1)
FNDA:0,(anonymous_2)
FNDA:0,(anonymous_3)
FNDA:0,(anonymous_4)
FNDA:0,(anonymous_5)
FNDA:0,(anonymous_6)
DA:12,6
DA:14,4
DA:17,4
DA:18,4
DA:19,0
DA:22,4
DA:23,0
DA:24,0
DA:25,0
DA:26,0
DA:28,0
DA:29,0
DA:41,6
DA:42,0
DA:43,0
DA:44,0
DA:45,0
DA:47,0
DA:48,0
DA:49,0
DA:52,0
DA:53,0
DA:55,0
DA:56,0
DA:59,0
DA:60,0
DA:61,0
DA:62,0
DA:63,0
DA:66,0
DA:69,0
DA:72,0
DA:73,0
DA:74,0
DA:75,0
DA:76,0
DA:80,0
DA:81,0
DA:82,0
DA:83,0
DA:86,0
DA:87,0
DA:88,0
DA:94,0
DA:96,0
DA:97,0
DA:99,0
DA:102,0
DA:106,0
LF:49
LH:6
BRDA:18,0,0,0
BRDA:18,0,1,4
BRDA:24,1,0,0
BRDA:24,1,1,0
BRDA:44,2,0,0
BRDA:44,2,1,0
BRDA:47,3,0,0
BRDA:47,3,1,0
BRDA:60,4,0,0
BRDA:60,4,1,0
BRDA:61,5,0,0
BRDA:61,5,1,0
BRDA:73,6,0,0
BRDA:73,6,1,0
BRDA:86,7,0,0
BRDA:86,7,1,0
BRDA:94,8,0,0
BRDA:94,8,1,0
BRDA:94,9,0,0
BRDA:94,9,1,0
BRF:20
BRH:1
end_of_record
TN:
SF:/usr/src/app/src/utils/HttpRequest.js
FN:12,(anonymous_0)
FN:20,(anonymous_1)
FN:31,(anonymous_2)
FNF:3
FNH:2
FNDA:24,(anonymous_0)
FNDA:14,(anonymous_1)
FNDA:0,(anonymous_2)
DA:5,8
DA:6,8
DA:21,14
DA:23,14
DA:32,0
LF:5
LH:4
BRDA:5,0,0,8
BRDA:5,0,1,0
BRF:2
BRH:1
end_of_record
TN:
SF:/usr/src/app/src/utils/LocalCache.js
FN:8,(anonymous_0)
FN:25,(anonymous_1)
FN:43,(anonymous_2)
FN:81,(anonymous_3)
FNF:4
FNH:3
FNDA:24,(anonymous_0)
FNDA:14,(anonymous_1)
FNDA:14,(anonymous_2)
FNDA:0,(anonymous_3)
DA:1,8
DA:2,8
DA:11,24
DA:13,24
DA:16,24
DA:26,14
DA:28,0
DA:29,0
DA:34,0
DA:44,14
DA:46,0
DA:47,0
DA:48,0
DA:52,0
DA:53,0
DA:56,0
DA:59,0
DA:63,0
DA:64,0
DA:67,0
DA:68,0
DA:71,0
DA:72,0
DA:74,0
DA:82,0
DA:84,0
LF:26
LH:7
BRDA:1,0,0,8
BRDA:1,0,1,0
BRDA:26,1,0,14
BRDA:26,1,1,0
BRDA:44,2,0,14
BRDA:44,2,1,0
BRDA:47,3,0,0
BRDA:47,3,1,0
BRDA:59,4,0,0
BRDA:59,4,1,0
BRDA:59,5,0,0
BRDA:59,5,1,0
BRDA:59,5,2,0
BRDA:68,6,0,0
BRDA:68,6,1,0
BRDA:68,7,0,0
BRDA:68,7,1,0
BRDA:82,8,0,0
BRDA:82,8,1,0
BRF:19
BRH:3
end_of_record
TN:
SF:/usr/src/app/src/utils/Logger.js
FN:8,(anonymous_0)
FN:18,(anonymous_1)
FN:47,(anonymous_2)
FN:48,(anonymous_3)
FN:56,(anonymous_4)
FN:57,(anonymous_5)
FNF:6
FNH:6
FNDA:26,(anonymous_0)
FNDA:105,(anonymous_1)
FNDA:21,(anonymous_2)
FNDA:121,(anonymous_3)
FNDA:1,(anonymous_4)
FNDA:1,(anonymous_5)
DA:10,26
DA:11,26
DA:12,26
DA:20,105
DA:21,104
DA:24,105
DA:28,105
DA:30,0
DA:33,105
DA:35,105
DA:36,105
DA:37,1
DA:38,104
DA:39,0
DA:48,21
DA:49,121
DA:57,1
DA:58,1
LF:18
LH:16
BRDA:8,0,0,26
BRDA:8,1,0,26
BRDA:18,2,0,0
BRDA:18,3,0,104
BRDA:20,4,0,104
BRDA:20,4,1,1
BRDA:24,5,0,104
BRDA:24,5,1,104
BRDA:24,5,2,105
BRDA:24,5,3,0
BRDA:35,6,0,105
BRDA:35,6,1,0
BRDA:36,7,0,1
BRDA:36,7,1,104
BRDA:38,8,0,0
BRDA:38,8,1,104
BRF:16
BRH:12
end_of_record
TN:
SF:/usr/src/app/src/utils/RDF.js
FN:5,(anonymous_0)
FN:9,(anonymous_1)
FN:25,(anonymous_2)
FNF:3
FNH:3
FNDA:14,(anonymous_0)
FNDA:942,(anonymous_1)
FNDA:942,(anonymous_2)
DA:5,8
DA:6,14
DA:9,8
DA:10,942
DA:22,942
DA:25,8
DA:26,942
LF:7
LH:7
BRF:0
BRH:0
end_of_record
TN:
SF:/usr/src/app/test/assets/10-buildungs-index.js
FNF:0
FNH:0
DA:1,7
DA:16,7
LF:2
LH:2
BRF:0
BRH:0
end_of_record
TN:
SF:/usr/src/app/test/assets/buildingDataNew.js
FNF:0
FNH:0
DA:1,1
DA:79,1
LF:2
LH:2
BRF:0
BRH:0
end_of_record
TN:
SF:/usr/src/app/test/utils/pushState.js
FN:2,(anonymous_0)
FN:3,(anonymous_1)
FNF:2
FNH:2
FNDA:7,(anonymous_0)
FNDA:7,(anonymous_1)
DA:2,6
DA:3,7
DA:4,7
LF:3
LH:3
BRF:0
BRH:0
end_of_record
TN:
SF:/usr/src/app/test/utils/utils.js
FN:8,(anonymous_0)
FN:15,(anonymous_1)
FN:34,(anonymous_2)
FNF:3
FNH:3
FNDA:26,(anonymous_0)
FNDA:24,(anonymous_1)
FNDA:16,(anonymous_2)
DA:8,26
DA:15,8
DA:16,24
DA:17,7
DA:19,24
DA:34,8
DA:35,16
DA:36,0
DA:38,16
DA:39,0
DA:41,16
LF:11
LH:9
BRDA:15,0,0,7
BRDA:16,1,0,7
BRDA:16,1,1,17
BRDA:34,2,0,0
BRDA:34,3,0,0
BRDA:35,4,0,0
BRDA:35,4,1,16
BRDA:38,5,0,0
BRDA:38,5,1,16
BRF:9
BRH:5
end_of_record
TN:
SF:/usr/src/app/test/utils/wrapComponents.js
FN:21,(anonymous_0)
FN:24,(anonymous_1)
FN:29,copyProps
FN:31,(anonymous_3)
FN:32,(anonymous_4)
FN:46,(anonymous_5)
FN:77,(anonymous_6)
FNF:7
FNH:5
FNDA:0,(anonymous_0)
FNDA:0,(anonymous_1)
FNDA:7,copyProps
FNDA:2282,(anonymous_3)
FNDA:3,(anonymous_4)
FNDA:7,(anonymous_5)
FNDA:7,(anonymous_6)
DA:5,6
DA:20,6
DA:21,6
DA:22,0
DA:24,6
DA:25,0
DA:30,7
DA:31,2282
DA:32,3
DA:36,7
DA:46,6
DA:55,7
DA:56,7
DA:58,7
DA:59,7
DA:60,7
DA:63,7
DA:65,7
DA:66,7
DA:67,7
DA:70,7
DA:72,7
DA:77,7
DA:78,7
DA:81,7
DA:83,2
DA:84,0
DA:86,5
DA:90,0
DA:93,0
LF:30
LH:25
BRDA:46,0,0,2
BRDA:81,1,0,2
BRDA:81,1,1,5
BRDA:81,1,2,0
BRF:4
BRH:3
end_of_record
